      "Raw": "Group membership information.\n\nSubject:\n\tSecurity ID:\t\tS-1-0-0\n\tAccount Name:\t\t-\n\tAccount Domain:\t\t-\n\tLogon ID:\t\t0x0\n\nLogon Type:\t\t\t3\n\nNew Logon:\n\tSecurity ID:\t\tS-1-5-21-1202660629-1563985344-839522115-1711\n\tAccount Name:\t\tdwilliams\n\tAccount Domain:\t\tHALFMOONCLUB\n\tLogon ID:\t\t0x335A7FCD\n\nEvent in sequence:\t\t1 of 1\n\nGroup Membership:\t\t\t\n\t\t%{S-1-5-21-1202660629-1563985344-839522115-513}\n\t\t%{S-1-1-0}\n\t\t%{S-1-5-32-545}\n\t\t%{S-1-5-32-554}\n\t\t%{S-1-5-2}\n\t\t%{S-1-5-11}\n\t\t%{S-1-5-15}\n\t\t%{S-1-5-21-1202660629-1563985344-839522115-9133}\n\t\t%{S-1-5-21-1202660629-1563985344-839522115-8669}\n\t\t%{S-1-5-21-1202660629-1563985344-839522115-7630}\n\t\t%{S-1-5-21-1202660629-1563985344-839522115-8671}\n\t\t%{S-1-5-21-1202660629-1563985344-839522115-8650}\n\t\t%{S-1-5-21-1202660629-1563985344-839522115-6635}\n\t\t%{S-1-5-21-1202660629-1563985344-839522115-7706}\n\t\t%{S-1-5-21-1202660629-1563985344-839522115-1620}\n\t\t%{S-1-5-64-10}\n\t\t%{S-1-16-8448}\n\nThe subject fields indicate the account on the local system which requested the logon. This is most commonly a service such as the Server service, or a local process such as Winlogon.exe or Services.exe.\n\nThe logon type field indicates the kind of logon that occurred. The most common types are 2 (interactive) and 3 (network).\n\nThe New Logon fields indicate the account for whom the new logon was created, i.e. the account that was logged on.\n\nThis event is generated when the Audit Group Membership subcategory is configured.  The Logon ID field can be used to correlate this event with the corresponding user logon event as well as to any other security audit events generated during this logon session."
    },
    {
      "EventCode": "4634",
      "EventKind": "event",
      "EventProvider": "Microsoft-Windows-Security-Auditing",
      "EventId": 4634,
      "EventSeverity": "Info",
      "Type": "authentication",
      "HostName": "hm-ad-02",
      "Platform": "windows",
      "Raw": "An account was logged off.\n\nSubject:\n\tSecurity ID:\t\tS-1-5-21-1202660629-1563985344-839522115-1711\n\tAccount Name:\t\tdwilliams\n\tAccount Domain:\t\tHALFMOONCLUB\n\tLogon ID:\t\t0x335A7FCD\n\nLogon Type:\t\t\t3\n\nThis event is generated when a logon session is destroyed. It may be positively correlated with a logon event using the Logon ID value. Logon IDs are only unique between reboots on the same computer."
    },
    {
      "EventCode": "5145",
      "EventKind": "event",
      "EventProvider": "Microsoft-Windows-Security-Auditing",
      "EventId": 5145,
      "EventSeverity": "Info",
      "Type": "Detailed File Share",
      "HostName": "hm-ad-02",
      "Platform": "windows",
      "Raw": "A network share object was checked to see whether client can be granted desired access.\n\t\nSubject:\n\tSecurity ID:\t\tS-1-5-21-1202660629-1563985344-839522115-1711\n\tAccount Name:\t\tdwilliams\n\tAccount Domain:\t\tHALFMOONCLUB\n\tLogon ID:\t\t0x335A7F29\n\nNetwork Information:\t\n\tObject Type:\t\tFile\n\tSource Address:\t\t10.10.20.1\n\tSource Port:\t\t60957\n\t\nShare Information:\n\tShare Name:\t\t\\\\*\\IPC$\n\tShare Path:\t\t\n\tRelative Target Name:\tspoolss\n\nAccess Request Information:\n\tAccess Mask:\t\t0x12019F\n\tAccesses:\t\tREAD_CONTROL\n\t\t\t\tSYNCHRONIZE\n\t\t\t\tReadData (or ListDirectory)\n\t\t\t\tWriteData (or AddFile)\n\t\t\t\tAppendData (or AddSubdirectory or CreatePipeInstance)\n\t\t\t\tReadEA\n\t\t\t\tWriteEA\n\t\t\t\tReadAttributes\n\t\t\t\tWriteAttributes\n\t\t\t\t\nAccess Check Results:\n\t-"
    },
    {
      "EventCode": "4624",
      "EventKind": "event",
      "EventProvider": "Microsoft-Windows-Security-Auditing",
      "EventId": 4624,
      "EventSeverity": "Info",
      "Type": "authentication",
      "HostName": "hm-ad-02",
      "Platform": "windows",
      "Raw": "An account was successfully logged on.\n\nSubject:\n\tSecurity ID:\t\tS-1-0-0\n\tAccount Name:\t\t-\n\tAccount Domain:\t\t-\n\tLogon ID:\t\t0x0\n\nLogon Information:\n\tLogon Type:\t\t3\n\tRestricted Admin Mode:\t-\n\tVirtual Account:\t\tNo\n\tElevated Token:\t\tYes\n\nImpersonation Level:\t\tImpersonation\n\nNew Logon:\n\tSecurity ID:\t\tS-1-5-21-1202660629-1563985344-839522115-1711\n\tAccount Name:\t\tdwilliams\n\tAccount Domain:\t\tHALFMOONCLUB\n\tLogon ID:\t\t0x335A7FCD\n\tLinked Logon ID:\t\t0x0\n\tNetwork Account Name:\t-\n\tNetwork Account Domain:\t-\n\tLogon GUID:\t\t{00000000-0000-0000-0000-000000000000}\n\nProcess Information:\n\tProcess ID:\t\t0x0\n\tProcess Name:\t\t-\n\nNetwork Information:\n\tWorkstation Name:\tDT-F0766S3\n\tSource Network Address:\t-\n\tSource Port:\t\t-\n\nDetailed Authentication Information:\n\tLogon Process:\t\tNtLmSsp \n\tAuthentication Package:\tNTLM\n\tTransited Services:\t-\n\tPackage Name (NTLM only):\tNTLM V2\n\tKey Length:\t\t128\n\nThis event is generated when a logon session is created. It is generated on the computer that was accessed.\n\nThe subject fields indicate the account on the local system which requested the logon. This is most commonly a service such as the Server service, or a local process such as Winlogon.exe or Services.exe.\n\nThe logon type field indicates the kind of logon that occurred. The most common types are 2 (interactive) and 3 (network).\n\nThe New Logon fields indicate the account for whom the new logon was created, i.e. the account that was logged on.\n\nThe network fields indicate where a remote logon request originated. Workstation name is not always available and may be left blank in some cases.\n\nThe impersonation level field indicates the extent to which a process in the logon session can impersonate.\n\nThe authentication information fields provide detailed information about this specific logon request.\n\t- Logon GUID is a unique identifier that can be used to correlate this event with a KDC event.\n\t- Transited services indicate which intermediate services have participated in this logon request.\n\t- Package name indicates which sub-protocol was used among the NTLM protocols.\n\t- Key length indicates the length of the generated session key. This will be 0 if no session key was requested."
    },
    {
      "EventCode": "5145",
      "EventKind": "event",
      "EventProvider": "Microsoft-Windows-Security-Auditing",
      "EventId": 5145,
      "EventSeverity": "Info",
      "Type": "Detailed File Share",
      "HostName": "hm-ad-02",
      "Platform": "windows",
      "Raw": "A network share object was checked to see whether client can be granted desired access.\n\t\nSubject:\n\tSecurity ID:\t\tS-1-5-21-1202660629-1563985344-839522115-1711\n\tAccount Name:\t\tdwilliams\n\tAccount Domain:\t\tHALFMOONCLUB\n\tLogon ID:\t\t0x335A7F29\n\nNetwork Information:\t\n\tObject Type:\t\tFile\n\tSource Address:\t\t10.10.20.1\n\tSource Port:\t\t60957\n\t\nShare Information:\n\tShare Name:\t\t\\\\*\\IPC$\n\tShare Path:\t\t\n\tRelative Target Name:\tspoolss\n\nAccess Request Information:\n\tAccess Mask:\t\t0x12019F\n\tAccesses:\t\tREAD_CONTROL\n\t\t\t\tSYNCHRONIZE\n\t\t\t\tReadData (or ListDirectory)\n\t\t\t\tWriteData (or AddFile)\n\t\t\t\tAppendData (or AddSubdirectory or CreatePipeInstance)\n\t\t\t\tReadEA\n\t\t\t\tWriteEA\n\t\t\t\tReadAttributes\n\t\t\t\tWriteAttributes\n\t\t\t\t\nAccess Check Results:\n\t-"
    },
    {
      "EventCode": "4624",
      "EventKind": "event",
      "EventProvider": "Microsoft-Windows-Security-Auditing",
      "EventId": 4624,
      "EventSeverity": "Info",
      "Type": "authentication",
      "HostName": "hm-ad-02",
      "Platform": "windows",
      "Raw": "An account was successfully logged on.\n\nSubject:\n\tSecurity ID:\t\tS-1-0-0\n\tAccount Name:\t\t-\n\tAccount Domain:\t\t-\n\tLogon ID:\t\t0x0\n\nLogon Information:\n\tLogon Type:\t\t3\n\tRestricted Admin Mode:\t-\n\tVirtual Account:\t\tNo\n\tElevated Token:\t\tYes\n\nImpersonation Level:\t\tImpersonation\n\nNew Logon:\n\tSecurity ID:\t\tS-1-5-21-1202660629-1563985344-839522115-1711\n\tAccount Name:\t\tdwilliams\n\tAccount Domain:\t\tHALFMOONCLUB.COM\n\tLogon ID:\t\t0x335A7FAB\n\tLinked Logon ID:\t\t0x0\n\tNetwork Account Name:\t-\n\tNetwork Account Domain:\t-\n\tLogon GUID:\t\t{a573ec21-6857-99fa-7cf4-a014e74a067b}\n\nProcess Information:\n\tProcess ID:\t\t0x0\n\tProcess Name:\t\t-\n\nNetwork Information:\n\tWorkstation Name:\t-\n\tSource Network Address:\t10.10.20.1\n\tSource Port:\t\t60961\n\nDetailed Authentication Information:\n\tLogon Process:\t\tKerberos\n\tAuthentication Package:\tKerberos\n\tTransited Services:\t-\n\tPackage Name (NTLM only):\t-\n\tKey Length:\t\t0\n\nThis event is generated when a logon session is created. It is generated on the computer that was accessed.\n\nThe subject fields indicate the account on the local system which requested the logon. This is most commonly a service such as the Server service, or a local process such as Winlogon.exe or Services.exe.\n\nThe logon type field indicates the kind of logon that occurred. The most common types are 2 (interactive) and 3 (network).\n\nThe New Logon fields indicate the account for whom the new logon was created, i.e. the account that was logged on.\n\nThe network fields indicate where a remote logon request originated. Workstation name is not always available and may be left blank in some cases.\n\nThe impersonation level field indicates the extent to which a process in the logon session can impersonate.\n\nThe authentication information fields provide detailed information about this specific logon request.\n\t- Logon GUID is a unique identifier that can be used to correlate this event with a KDC event.\n\t- Transited services indicate which intermediate services have participated in this logon request.\n\t- Package name indicates which sub-protocol was used among the NTLM protocols.\n\t- Key length indicates the length of the generated session key. This will be 0 if no session key was requested."
    },
    {
      "EventCode": "4627",
      "EventKind": "event",
      "EventProvider": "Microsoft-Windows-Security-Auditing",
      "EventId": 4627,
      "EventSeverity": "Info",
      "Type": "Group Membership",
      "HostName": "hm-ad-02",
      "Platform": "windows",
      "Raw": "Group membership information.\n\nSubject:\n\tSecurity ID:\t\tS-1-0-0\n\tAccount Name:\t\t-\n\tAccount Domain:\t\t-\n\tLogon ID:\t\t0x0\n\nLogon Type:\t\t\t3\n\nNew Logon:\n\tSecurity ID:\t\tS-1-5-21-1202660629-1563985344-839522115-1711\n\tAccount Name:\t\tdwilliams\n\tAccount Domain:\t\tHALFMOONCLUB.COM\n\tLogon ID:\t\t0x335A7FAB\n\nEvent in sequence:\t\t1 of 1\n\nGroup Membership:\t\t\t\n\t\t%{S-1-5-21-1202660629-1563985344-839522115-513}\n\t\t%{S-1-1-0}\n\t\t%{S-1-5-32-545}\n\t\t%{S-1-5-32-554}\n\t\t%{S-1-5-2}\n\t\t%{S-1-5-11}\n\t\t%{S-1-5-15}\n\t\t%{S-1-5-21-1202660629-1563985344-839522115-9133}\n\t\t%{S-1-5-21-1202660629-1563985344-839522115-8669}\n\t\t%{S-1-5-21-1202660629-1563985344-839522115-7630}\n\t\t%{S-1-5-21-1202660629-1563985344-839522115-8671}\n\t\t%{S-1-5-21-1202660629-1563985344-839522115-8650}\n\t\t%{S-1-5-21-1202660629-1563985344-839522115-6635}\n\t\t%{S-1-5-21-1202660629-1563985344-839522115-7706}\n\t\t%{S-1-5-21-1202660629-1563985344-839522115-1620}\n\t\t%{S-1-18-1}\n\t\t%{S-1-16-8448}\n\nThe subject fields indicate the account on the local system which requested the logon. This is most commonly a service such as the Server service, or a local process such as Winlogon.exe or Services.exe.\n\nThe logon type field indicates the kind of logon that occurred. The most common types are 2 (interactive) and 3 (network).\n\nThe New Logon fields indicate the account for whom the new logon was created, i.e. the account that was logged on.\n\nThis event is generated when the Audit Group Membership subcategory is configured.  The Logon ID field can be used to correlate this event with the corresponding user logon event as well as to any other security audit events generated during this logon session."
    },
    {
      "EventCode": "4634",
      "EventKind": "event",
      "EventProvider": "Microsoft-Windows-Security-Auditing",
      "EventId": 4634,
      "EventSeverity": "Info",
      "Type": "authentication",
      "HostName": "hm-ad-02",
      "Platform": "windows",
      "Raw": "An account was logged off.\n\nSubject:\n\tSecurity ID:\t\tS-1-5-21-1202660629-1563985344-839522115-1711\n\tAccount Name:\t\tdwilliams\n\tAccount Domain:\t\tHALFMOONCLUB\n\tLogon ID:\t\t0x335A7F87\n\nLogon Type:\t\t\t3\n\nThis event is generated when a logon session is destroyed. It may be positively correlated with a logon event using the Logon ID value. Logon IDs are only unique between reboots on the same computer."
    },
    {
      "EventCode": "4627",
      "EventKind": "event",
      "EventProvider": "Microsoft-Windows-Security-Auditing",
      "EventId": 4627,
      "EventSeverity": "Info",
      "Type": "Group Membership",
      "HostName": "hm-ad-02",
      "Platform": "windows",
      "Raw": "Group membership information.\n\nSubject:\n\tSecurity ID:\t\tS-1-0-0\n\tAccount Name:\t\t-\n\tAccount Domain:\t\t-\n\tLogon ID:\t\t0x0\n\nLogon Type:\t\t\t3\n\nNew Logon:\n\tSecurity ID:\t\tS-1-5-21-1202660629-1563985344-839522115-1711\n\tAccount Name:\t\tdwilliams\n\tAccount Domain:\t\tHALFMOONCLUB\n\tLogon ID:\t\t0x335A7F87\n\nEvent in sequence:\t\t1 of 1\n\nGroup Membership:\t\t\t\n\t\t%{S-1-5-21-1202660629-1563985344-839522115-513}\n\t\t%{S-1-1-0}\n\t\t%{S-1-5-32-545}\n\t\t%{S-1-5-32-554}\n\t\t%{S-1-5-2}\n\t\t%{S-1-5-11}\n\t\t%{S-1-5-15}\n\t\t%{S-1-5-21-1202660629-1563985344-839522115-9133}\n\t\t%{S-1-5-21-1202660629-1563985344-839522115-8669}\n\t\t%{S-1-5-21-1202660629-1563985344-839522115-7630}\n\t\t%{S-1-5-21-1202660629-1563985344-839522115-8671}\n\t\t%{S-1-5-21-1202660629-1563985344-839522115-8650}\n\t\t%{S-1-5-21-1202660629-1563985344-839522115-6635}\n\t\t%{S-1-5-21-1202660629-1563985344-839522115-7706}\n\t\t%{S-1-5-21-1202660629-1563985344-839522115-1620}\n\t\t%{S-1-5-64-10}\n\t\t%{S-1-16-8448}\n\nThe subject fields indicate the account on the local system which requested the logon. This is most commonly a service such as the Server service, or a local process such as Winlogon.exe or Services.exe.\n\nThe logon type field indicates the kind of logon that occurred. The most common types are 2 (interactive) and 3 (network).\n\nThe New Logon fields indicate the account for whom the new logon was created, i.e. the account that was logged on.\n\nThis event is generated when the Audit Group Membership subcategory is configured.  The Logon ID field can be used to correlate this event with the corresponding user logon event as well as to any other security audit events generated during this logon session."
    },
    {
      "EventCode": "4624",
      "EventKind": "event",
      "EventProvider": "Microsoft-Windows-Security-Auditing",
      "EventId": 4624,
      "EventSeverity": "Info",
      "Type": "authentication",
      "HostName": "hm-ad-02",
      "Platform": "windows",
      "Raw": "An account was successfully logged on.\n\nSubject:\n\tSecurity ID:\t\tS-1-0-0\n\tAccount Name:\t\t-\n\tAccount Domain:\t\t-\n\tLogon ID:\t\t0x0\n\nLogon Information:\n\tLogon Type:\t\t3\n\tRestricted Admin Mode:\t-\n\tVirtual Account:\t\tNo\n\tElevated Token:\t\tYes\n\nImpersonation Level:\t\tImpersonation\n\nNew Logon:\n\tSecurity ID:\t\tS-1-5-21-1202660629-1563985344-839522115-1711\n\tAccount Name:\t\tdwilliams\n\tAccount Domain:\t\tHALFMOONCLUB\n\tLogon ID:\t\t0x335A7F87\n\tLinked Logon ID:\t\t0x0\n\tNetwork Account Name:\t-\n\tNetwork Account Domain:\t-\n\tLogon GUID:\t\t{00000000-0000-0000-0000-000000000000}\n\nProcess Information:\n\tProcess ID:\t\t0x0\n\tProcess Name:\t\t-\n\nNetwork Information:\n\tWorkstation Name:\tDT-F0766S3\n\tSource Network Address:\t-\n\tSource Port:\t\t-\n\nDetailed Authentication Information:\n\tLogon Process:\t\tNtLmSsp \n\tAuthentication Package:\tNTLM\n\tTransited Services:\t-\n\tPackage Name (NTLM only):\tNTLM V2\n\tKey Length:\t\t128\n\nThis event is generated when a logon session is created. It is generated on the computer that was accessed.\n\nThe subject fields indicate the account on the local system which requested the logon. This is most commonly a service such as the Server service, or a local process such as Winlogon.exe or Services.exe.\n\nThe logon type field indicates the kind of logon that occurred. The most common types are 2 (interactive) and 3 (network).\n\nThe New Logon fields indicate the account for whom the new logon was created, i.e. the account that was logged on.\n\nThe network fields indicate where a remote logon request originated. Workstation name is not always available and may be left blank in some cases.\n\nThe impersonation level field indicates the extent to which a process in the logon session can impersonate.\n\nThe authentication information fields provide detailed information about this specific logon request.\n\t- Logon GUID is a unique identifier that can be used to correlate this event with a KDC event.\n\t- Transited services indicate which intermediate services have participated in this logon request.\n\t- Package name indicates which sub-protocol was used among the NTLM protocols.\n\t- Key length indicates the length of the generated session key. This will be 0 if no session key was requested."
    },
    {
      "EventCode": "4634",
      "EventKind": "event",
      "EventProvider": "Microsoft-Windows-Security-Auditing",
      "EventId": 4634,
      "EventSeverity": "Info",
      "Type": "authentication",
      "HostName": "hm-ad-02",
      "Platform": "windows",
      "Raw": "An account was logged off.\n\nSubject:\n\tSecurity ID:\t\tS-1-5-21-1202660629-1563985344-839522115-1711\n\tAccount Name:\t\tdwilliams\n\tAccount Domain:\t\tHALFMOONCLUB\n\tLogon ID:\t\t0x335A7F4F\n\nLogon Type:\t\t\t3\n\nThis event is generated when a logon session is destroyed. It may be positively correlated with a logon event using the Logon ID value. Logon IDs are only unique between reboots on the same computer."
    },
    {
      "EventCode": "5145",
      "EventKind": "event",
      "EventProvider": "Microsoft-Windows-Security-Auditing",
      "EventId": 5145,
      "EventSeverity": "Info",
      "Type": "Detailed File Share",
      "HostName": "hm-ad-02",
      "Platform": "windows",
      "Raw": "A network share object was checked to see whether client can be granted desired access.\n\t\nSubject:\n\tSecurity ID:\t\tS-1-5-21-1202660629-1563985344-839522115-1711\n\tAccount Name:\t\tdwilliams\n\tAccount Domain:\t\tHALFMOONCLUB\n\tLogon ID:\t\t0x335A7F29\n\nNetwork Information:\t\n\tObject Type:\t\tFile\n\tSource Address:\t\t10.10.20.1\n\tSource Port:\t\t60957\n\t\nShare Information:\n\tShare Name:\t\t\\\\*\\IPC$\n\tShare Path:\t\t\n\tRelative Target Name:\tspoolss\n\nAccess Request Information:\n\tAccess Mask:\t\t0x12019F\n\tAccesses:\t\tREAD_CONTROL\n\t\t\t\tSYNCHRONIZE\n\t\t\t\tReadData (or ListDirectory)\n\t\t\t\tWriteData (or AddFile)\n\t\t\t\tAppendData (or AddSubdirectory or CreatePipeInstance)\n\t\t\t\tReadEA\n\t\t\t\tWriteEA\n\t\t\t\tReadAttributes\n\t\t\t\tWriteAttributes\n\t\t\t\t\nAccess Check Results:\n\t-"
    },
    {
      "EventCode": "4634",
      "EventKind": "event",
      "EventProvider": "Microsoft-Windows-Security-Auditing",
      "EventId": 4634,
      "EventSeverity": "Info",
      "Type": "authentication",
      "HostName": "hm-ad-02",
      "Platform": "windows",
      "Raw": "An account was logged off.\n\nSubject:\n\tSecurity ID:\t\tS-1-5-21-1202660629-1563985344-839522115-1711\n\tAccount Name:\t\tdwilliams\n\tAccount Domain:\t\tHALFMOONCLUB\n\tLogon ID:\t\t0x335A7F50\n\nLogon Type:\t\t\t3\n\nThis event is generated when a logon session is destroyed. It may be positively correlated with a logon event using the Logon ID value. Logon IDs are only unique between reboots on the same computer."
    },
    {
      "EventCode": "4624",
      "EventKind": "event",
      "EventProvider": "Microsoft-Windows-Security-Auditing",
      "EventId": 4624,
      "EventSeverity": "Info",
      "Type": "authentication",
      "HostName": "hm-ad-02",
      "Platform": "windows",
      "Raw": "An account was successfully logged on.\n\nSubject:\n\tSecurity ID:\t\tS-1-0-0\n\tAccount Name:\t\t-\n\tAccount Domain:\t\t-\n\tLogon ID:\t\t0x0\n\nLogon Information:\n\tLogon Type:\t\t3\n\tRestricted Admin Mode:\t-\n\tVirtual Account:\t\tNo\n\tElevated Token:\t\tYes\n\nImpersonation Level:\t\tImpersonation\n\nNew Logon:\n\tSecurity ID:\t\tS-1-5-21-1202660629-1563985344-839522115-1711\n\tAccount Name:\t\tdwilliams\n\tAccount Domain:\t\tHALFMOONCLUB\n\tLogon ID:\t\t0x335A7F4F\n\tLinked Logon ID:\t\t0x0\n\tNetwork Account Name:\t-\n\tNetwork Account Domain:\t-\n\tLogon GUID:\t\t{00000000-0000-0000-0000-000000000000}\n\nProcess Information:\n\tProcess ID:\t\t0x0\n\tProcess Name:\t\t-\n\nNetwork Information:\n\tWorkstation Name:\tDT-F0766S3\n\tSource Network Address:\t-\n\tSource Port:\t\t-\n\nDetailed Authentication Information:\n\tLogon Process:\t\tNtLmSsp \n\tAuthentication Package:\tNTLM\n\tTransited Services:\t-\n\tPackage Name (NTLM only):\tNTLM V2\n\tKey Length:\t\t128\n\nThis event is generated when a logon session is created. It is generated on the computer that was accessed.\n\nThe subject fields indicate the account on the local system which requested the logon. This is most commonly a service such as the Server service, or a local process such as Winlogon.exe or Services.exe.\n\nThe logon type field indicates the kind of logon that occurred. The most common types are 2 (interactive) and 3 (network).\n\nThe New Logon fields indicate the account for whom the new logon was created, i.e. the account that was logged on.\n\nThe network fields indicate where a remote logon request originated. Workstation name is not always available and may be left blank in some cases.\n\nThe impersonation level field indicates the extent to which a process in the logon session can impersonate.\n\nThe authentication information fields provide detailed information about this specific logon request.\n\t- Logon GUID is a unique identifier that can be used to correlate this event with a KDC event.\n\t- Transited services indicate which intermediate services have participated in this logon request.\n\t- Package name indicates which sub-protocol was used among the NTLM protocols.\n\t- Key length indicates the length of the generated session key. This will be 0 if no session key was requested."
    },
    {
      "EventCode": "4627",
      "EventKind": "event",
      "EventProvider": "Microsoft-Windows-Security-Auditing",
      "EventId": 4627,
      "EventSeverity": "Info",
      "Type": "Group Membership",
      "HostName": "hm-ad-02",
      "Platform": "windows",
      "Raw": "Group membership information.\n\nSubject:\n\tSecurity ID:\t\tS-1-0-0\n\tAccount Name:\t\t-\n\tAccount Domain:\t\t-\n\tLogon ID:\t\t0x0\n\nLogon Type:\t\t\t3\n\nNew Logon:\n\tSecurity ID:\t\tS-1-5-21-1202660629-1563985344-839522115-1711\n\tAccount Name:\t\tdwilliams\n\tAccount Domain:\t\tHALFMOONCLUB\n\tLogon ID:\t\t0x335A7F4F\n\nEvent in sequence:\t\t1 of 1\n\nGroup Membership:\t\t\t\n\t\t%{S-1-5-21-1202660629-1563985344-839522115-513}\n\t\t%{S-1-1-0}\n\t\t%{S-1-5-32-545}\n\t\t%{S-1-5-32-554}\n\t\t%{S-1-5-2}\n\t\t%{S-1-5-11}\n\t\t%{S-1-5-15}\n\t\t%{S-1-5-21-1202660629-1563985344-839522115-9133}\n\t\t%{S-1-5-21-1202660629-1563985344-839522115-8669}\n\t\t%{S-1-5-21-1202660629-1563985344-839522115-7630}\n\t\t%{S-1-5-21-1202660629-1563985344-839522115-8671}\n\t\t%{S-1-5-21-1202660629-1563985344-839522115-8650}\n\t\t%{S-1-5-21-1202660629-1563985344-839522115-6635}\n\t\t%{S-1-5-21-1202660629-1563985344-839522115-7706}\n\t\t%{S-1-5-21-1202660629-1563985344-839522115-1620}\n\t\t%{S-1-5-64-10}\n\t\t%{S-1-16-8448}\n\nThe subject fields indicate the account on the local system which requested the logon. This is most commonly a service such as the Server service, or a local process such as Winlogon.exe or Services.exe.\n\nThe logon type field indicates the kind of logon that occurred. The most common types are 2 (interactive) and 3 (network).\n\nThe New Logon fields indicate the account for whom the new logon was created, i.e. the account that was logged on.\n\nThis event is generated when the Audit Group Membership subcategory is configured.  The Logon ID field can be used to correlate this event with the corresponding user logon event as well as to any other security audit events generated during this logon session."
    },
    {
      "EventCode": "4624",
      "EventKind": "event",
      "EventProvider": "Microsoft-Windows-Security-Auditing",
      "EventId": 4624,
      "EventSeverity": "Info",
      "Type": "authentication",
      "HostName": "hm-ad-02",
      "Platform": "windows",
      "Raw": "An account was successfully logged on.\n\nSubject:\n\tSecurity ID:\t\tS-1-0-0\n\tAccount Name:\t\t-\n\tAccount Domain:\t\t-\n\tLogon ID:\t\t0x0\n\nLogon Information:\n\tLogon Type:\t\t3\n\tRestricted Admin Mode:\t-\n\tVirtual Account:\t\tNo\n\tElevated Token:\t\tYes\n\nImpersonation Level:\t\tImpersonation\n\nNew Logon:\n\tSecurity ID:\t\tS-1-5-21-1202660629-1563985344-839522115-1711\n\tAccount Name:\t\tdwilliams\n\tAccount Domain:\t\tHALFMOONCLUB\n\tLogon ID:\t\t0x335A7F50\n\tLinked Logon ID:\t\t0x0\n\tNetwork Account Name:\t-\n\tNetwork Account Domain:\t-\n\tLogon GUID:\t\t{00000000-0000-0000-0000-000000000000}\n\nProcess Information:\n\tProcess ID:\t\t0x0\n\tProcess Name:\t\t-\n\nNetwork Information:\n\tWorkstation Name:\tDT-F0766S3\n\tSource Network Address:\t-\n\tSource Port:\t\t-\n\nDetailed Authentication Information:\n\tLogon Process:\t\tNtLmSsp \n\tAuthentication Package:\tNTLM\n\tTransited Services:\t-\n\tPackage Name (NTLM only):\tNTLM V2\n\tKey Length:\t\t128\n\nThis event is generated when a logon session is created. It is generated on the computer that was accessed.\n\nThe subject fields indicate the account on the local system which requested the logon. This is most commonly a service such as the Server service, or a local process such as Winlogon.exe or Services.exe.\n\nThe logon type field indicates the kind of logon that occurred. The most common types are 2 (interactive) and 3 (network).\n\nThe New Logon fields indicate the account for whom the new logon was created, i.e. the account that was logged on.\n\nThe network fields indicate where a remote logon request originated. Workstation name is not always available and may be left blank in some cases.\n\nThe impersonation level field indicates the extent to which a process in the logon session can impersonate.\n\nThe authentication information fields provide detailed information about this specific logon request.\n\t- Logon GUID is a unique identifier that can be used to correlate this event with a KDC event.\n\t- Transited services indicate which intermediate services have participated in this logon request.\n\t- Package name indicates which sub-protocol was used among the NTLM protocols.\n\t- Key length indicates the length of the generated session key. This will be 0 if no session key was requested."
    },
    {
      "EventCode": "4627",
      "EventKind": "event",
      "EventProvider": "Microsoft-Windows-Security-Auditing",
      "EventId": 4627,
      "EventSeverity": "Info",
      "Type": "Group Membership",
      "HostName": "hm-ad-02",
      "Platform": "windows",
      "Raw": "Group membership information.\n\nSubject:\n\tSecurity ID:\t\tS-1-0-0\n\tAccount Name:\t\t-\n\tAccount Domain:\t\t-\n\tLogon ID:\t\t0x0\n\nLogon Type:\t\t\t3\n\nNew Logon:\n\tSecurity ID:\t\tS-1-5-21-1202660629-1563985344-839522115-1711\n\tAccount Name:\t\tdwilliams\n\tAccount Domain:\t\tHALFMOONCLUB\n\tLogon ID:\t\t0x335A7F50\n\nEvent in sequence:\t\t1 of 1\n\nGroup Membership:\t\t\t\n\t\t%{S-1-5-21-1202660629-1563985344-839522115-513}\n\t\t%{S-1-1-0}\n\t\t%{S-1-5-32-545}\n\t\t%{S-1-5-32-554}\n\t\t%{S-1-5-2}\n\t\t%{S-1-5-11}\n\t\t%{S-1-5-15}\n\t\t%{S-1-5-21-1202660629-1563985344-839522115-9133}\n\t\t%{S-1-5-21-1202660629-1563985344-839522115-8669}\n\t\t%{S-1-5-21-1202660629-1563985344-839522115-7630}\n\t\t%{S-1-5-21-1202660629-1563985344-839522115-8671}\n\t\t%{S-1-5-21-1202660629-1563985344-839522115-8650}\n\t\t%{S-1-5-21-1202660629-1563985344-839522115-6635}\n\t\t%{S-1-5-21-1202660629-1563985344-839522115-7706}\n\t\t%{S-1-5-21-1202660629-1563985344-839522115-1620}\n\t\t%{S-1-5-64-10}\n\t\t%{S-1-16-8448}\n\nThe subject fields indicate the account on the local system which requested the logon. This is most commonly a service such as the Server service, or a local process such as Winlogon.exe or Services.exe.\n\nThe logon type field indicates the kind of logon that occurred. The most common types are 2 (interactive) and 3 (network).\n\nThe New Logon fields indicate the account for whom the new logon was created, i.e. the account that was logged on.\n\nThis event is generated when the Audit Group Membership subcategory is configured.  The Logon ID field can be used to correlate this event with the corresponding user logon event as well as to any other security audit events generated during this logon session."
    },
    {
      "EventCode": "5140",
      "EventKind": "event",
      "EventProvider": "Microsoft-Windows-Security-Auditing",
      "EventId": 5140,
      "EventSeverity": "Info",
      "Type": "File Share",
      "HostName": "hm-ad-02",
      "Platform": "windows",
      "Raw": "A network share object was accessed.\n\t\nSubject:\n\tSecurity ID:\t\tS-1-5-21-1202660629-1563985344-839522115-1711\n\tAccount Name:\t\tdwilliams\n\tAccount Domain:\t\tHALFMOONCLUB\n\tLogon ID:\t\t0x335A7F29\n\nNetwork Information:\t\n\tObject Type:\t\tFile\n\tSource Address:\t\t10.10.20.1\n\tSource Port:\t\t60957\n\t\nShare Information:\n\tShare Name:\t\t\\\\*\\IPC$\n\tShare Path:\t\t\n\nAccess Request Information:\n\tAccess Mask:\t\t0x1\n\tAccesses:\t\tReadData (or ListDirectory)\n\t\t\t\t"
    },
    {
      "EventCode": "5145",
      "EventKind": "event",
      "EventProvider": "Microsoft-Windows-Security-Auditing",
      "EventId": 5145,
      "EventSeverity": "Info",
      "Type": "Detailed File Share",
      "HostName": "hm-ad-02",
      "Platform": "windows",
      "Raw": "A network share object was checked to see whether client can be granted desired access.\n\t\nSubject:\n\tSecurity ID:\t\tS-1-5-21-1202660629-1563985344-839522115-1711\n\tAccount Name:\t\tdwilliams\n\tAccount Domain:\t\tHALFMOONCLUB\n\tLogon ID:\t\t0x335A7F29\n\nNetwork Information:\t\n\tObject Type:\t\tFile\n\tSource Address:\t\t10.10.20.1\n\tSource Port:\t\t60957\n\t\nShare Information:\n\tShare Name:\t\t\\\\*\\IPC$\n\tShare Path:\t\t\n\tRelative Target Name:\tspoolss\n\nAccess Request Information:\n\tAccess Mask:\t\t0x12019F\n\tAccesses:\t\tREAD_CONTROL\n\t\t\t\tSYNCHRONIZE\n\t\t\t\tReadData (or ListDirectory)\n\t\t\t\tWriteData (or AddFile)\n\t\t\t\tAppendData (or AddSubdirectory or CreatePipeInstance)\n\t\t\t\tReadEA\n\t\t\t\tWriteEA\n\t\t\t\tReadAttributes\n\t\t\t\tWriteAttributes\n\t\t\t\t\nAccess Check Results:\n\t-"
    },
    {
      "EventCode": "5145",
      "EventKind": "event",
      "EventProvider": "Microsoft-Windows-Security-Auditing",
      "EventId": 5145,
      "EventSeverity": "Info",
      "Type": "Detailed File Share",
      "HostName": "hm-ad-02",
      "Platform": "windows",
      "Raw": "A network share object was checked to see whether client can be granted desired access.\n\t\nSubject:\n\tSecurity ID:\t\tS-1-5-21-1202660629-1563985344-839522115-1711\n\tAccount Name:\t\tdwilliams\n\tAccount Domain:\t\tHALFMOONCLUB\n\tLogon ID:\t\t0x335A7F29\n\nNetwork Information:\t\n\tObject Type:\t\tFile\n\tSource Address:\t\t10.10.20.1\n\tSource Port:\t\t60957\n\t\nShare Information:\n\tShare Name:\t\t\\\\*\\IPC$\n\tShare Path:\t\t\n\tRelative Target Name:\tspoolss\n\nAccess Request Information:\n\tAccess Mask:\t\t0x12019F\n\tAccesses:\t\tREAD_CONTROL\n\t\t\t\tSYNCHRONIZE\n\t\t\t\tReadData (or ListDirectory)\n\t\t\t\tWriteData (or AddFile)\n\t\t\t\tAppendData (or AddSubdirectory or CreatePipeInstance)\n\t\t\t\tReadEA\n\t\t\t\tWriteEA\n\t\t\t\tReadAttributes\n\t\t\t\tWriteAttributes\n\t\t\t\t\nAccess Check Results:\n\t-"
    },
    {
      "EventCode": "4624",
      "EventKind": "event",
      "EventProvider": "Microsoft-Windows-Security-Auditing",
      "EventId": 4624,
      "EventSeverity": "Info",
      "Type": "authentication",
      "HostName": "hm-ad-02",
      "Platform": "windows",
      "Raw": "An account was successfully logged on.\n\nSubject:\n\tSecurity ID:\t\tS-1-0-0\n\tAccount Name:\t\t-\n\tAccount Domain:\t\t-\n\tLogon ID:\t\t0x0\n\nLogon Information:\n\tLogon Type:\t\t3\n\tRestricted Admin Mode:\t-\n\tVirtual Account:\t\tNo\n\tElevated Token:\t\tYes\n\nImpersonation Level:\t\tDelegation\n\nNew Logon:\n\tSecurity ID:\t\tS-1-5-21-1202660629-1563985344-839522115-1711\n\tAccount Name:\t\tdwilliams\n\tAccount Domain:\t\tHALFMOONCLUB.COM\n\tLogon ID:\t\t0x335A7F29\n\tLinked Logon ID:\t\t0x0\n\tNetwork Account Name:\t-\n\tNetwork Account Domain:\t-\n\tLogon GUID:\t\t{a573ec21-6857-99fa-7cf4-a014e74a067b}\n\nProcess Information:\n\tProcess ID:\t\t0x0\n\tProcess Name:\t\t-\n\nNetwork Information:\n\tWorkstation Name:\t-\n\tSource Network Address:\t10.10.20.1\n\tSource Port:\t\t60957\n\nDetailed Authentication Information:\n\tLogon Process:\t\tKerberos\n\tAuthentication Package:\tKerberos\n\tTransited Services:\t-\n\tPackage Name (NTLM only):\t-\n\tKey Length:\t\t0\n\nThis event is generated when a logon session is created. It is generated on the computer that was accessed.\n\nThe subject fields indicate the account on the local system which requested the logon. This is most commonly a service such as the Server service, or a local process such as Winlogon.exe or Services.exe.\n\nThe logon type field indicates the kind of logon that occurred. The most common types are 2 (interactive) and 3 (network).\n\nThe New Logon fields indicate the account for whom the new logon was created, i.e. the account that was logged on.\n\nThe network fields indicate where a remote logon request originated. Workstation name is not always available and may be left blank in some cases.\n\nThe impersonation level field indicates the extent to which a process in the logon session can impersonate.\n\nThe authentication information fields provide detailed information about this specific logon request.\n\t- Logon GUID is a unique identifier that can be used to correlate this event with a KDC event.\n\t- Transited services indicate which intermediate services have participated in this logon request.\n\t- Package name indicates which sub-protocol was used among the NTLM protocols.\n\t- Key length indicates the length of the generated session key. This will be 0 if no session key was requested."
    },
    {
      "EventCode": "4627",
      "EventKind": "event",
      "EventProvider": "Microsoft-Windows-Security-Auditing",
      "EventId": 4627,
      "EventSeverity": "Info",
      "Type": "Group Membership",
      "HostName": "hm-ad-02",
      "Platform": "windows",
      "Raw": "Group membership information.\n\nSubject:\n\tSecurity ID:\t\tS-1-0-0\n\tAccount Name:\t\t-\n\tAccount Domain:\t\t-\n\tLogon ID:\t\t0x0\n\nLogon Type:\t\t\t3\n\nNew Logon:\n\tSecurity ID:\t\tS-1-5-21-1202660629-1563985344-839522115-1711\n\tAccount Name:\t\tdwilliams\n\tAccount Domain:\t\tHALFMOONCLUB.COM\n\tLogon ID:\t\t0x335A7F29\n\nEvent in sequence:\t\t1 of 1\n\nGroup Membership:\t\t\t\n\t\t%{S-1-5-21-1202660629-1563985344-839522115-513}\n\t\t%{S-1-1-0}\n\t\t%{S-1-5-32-545}\n\t\t%{S-1-5-32-554}\n\t\t%{S-1-5-2}\n\t\t%{S-1-5-11}\n\t\t%{S-1-5-15}\n\t\t%{S-1-5-21-1202660629-1563985344-839522115-9133}\n\t\t%{S-1-5-21-1202660629-1563985344-839522115-8669}\n\t\t%{S-1-5-21-1202660629-1563985344-839522115-7630}\n\t\t%{S-1-5-21-1202660629-1563985344-839522115-8671}\n\t\t%{S-1-5-21-1202660629-1563985344-839522115-8650}\n\t\t%{S-1-5-21-1202660629-1563985344-839522115-6635}\n\t\t%{S-1-5-21-1202660629-1563985344-839522115-7706}\n\t\t%{S-1-5-21-1202660629-1563985344-839522115-1620}\n\t\t%{S-1-18-1}\n\t\t%{S-1-16-8448}\n\nThe subject fields indicate the account on the local system which requested the logon. This is most commonly a service such as the Server service, or a local process such as Winlogon.exe or Services.exe.\n\nThe logon type field indicates the kind of logon that occurred. The most common types are 2 (interactive) and 3 (network).\n\nThe New Logon fields indicate the account for whom the new logon was created, i.e. the account that was logged on.\n\nThis event is generated when the Audit Group Membership subcategory is configured.  The Logon ID field can be used to correlate this event with the corresponding user logon event as well as to any other security audit events generated during this logon session."
    },
    {
      "EventCode": "4688",
      "EventKind": "event",
      "EventProvider": "Microsoft-Windows-Security-Auditing",
      "EventId": 4688,
      "EventSeverity": "Info",
      "Type": "process",
      "HostName": "dt-d3c4gt3",
      "Platform": "windows",
      "Raw": "A new process has been created.\n\nCreator Subject:\n\tSecurity ID:\t\tS-1-5-18\n\tAccount Name:\t\tDT-D3C4GT3$\n\tAccount Domain:\t\tHALFMOONCLUB\n\tLogon ID:\t\t0x3E7\n\nTarget Subject:\n\tSecurity ID:\t\tS-1-0-0\n\tAccount Name:\t\t-\n\tAccount Domain:\t\t-\n\tLogon ID:\t\t0x0\n\nProcess Information:\n\tNew Process ID:\t\t0x1a18\n\tNew Process Name:\tC:\\Windows\\System32\\SearchProtocolHost.exe\n\tToken Elevation Type:\t%%1936\n\tMandatory Label:\t\tS-1-16-16384\n\tCreator Process ID:\t0x6094\n\tCreator Process Name:\tC:\\Windows\\System32\\SearchIndexer.exe\n\tProcess Command Line:\t\n\nToken Elevation Type indicates the type of token that was assigned to the new process in accordance with User Account Control policy.\n\nType 1 is a full token with no privileges removed or groups disabled.  A full token is only used if User Account Control is disabled or if the user is the built-in Administrator account or a service account.\n\nType 2 is an elevated token with no privileges removed or groups disabled.  An elevated token is used when User Account Control is enabled and the user chooses to start the program using Run as administrator.  An elevated token is also used when an application is configured to always require administrative privilege or to always require maximum privilege, and the user is a member of the Administrators group.\n\nType 3 is a limited token with administrative privileges removed and administrative groups disabled.  The limited token is used when User Account Control is enabled, the application does not require administrative privilege, and the user does not choose to start the program using Run as administrator."
    },
    {
      "EventCode": "1",
      "EventKind": "event",
      "EventProvider": "Microsoft-Windows-Sysmon",
      "EventId": 1,
      "EventSeverity": "Info",
      "Type": "process",
      "HostName": "hm-ips-db",
      "Platform": "windows",
      "Raw": "Process Create:\nRuleName: -\nUtcTime: 2024-04-16 15:04:39.551\nProcessGuid: {56429cce-9387-661e-99c7-0d0000000d00}\nProcessId: 5240\nImage: C:\\Windows\\System32\\sc.exe\nFileVersion: 10.0.17763.1 (WinBuild.160101.0800)\nDescription: Service Control Manager Configuration Tool\nProduct: Microsoft速 Windows速 Operating System\nCompany: Microsoft Corporation\nOriginalFileName: sc.exe\nCommandLine: sc  queryex type= service \nCurrentDirectory: C:\\Windows\\system32\\\nUser: NT AUTHORITY\\SYSTEM\nLogonGuid: {56429cce-7989-65cc-e703-000000000000}\nLogonId: 0x3E7\nTerminalSessionId: 0\nIntegrityLevel: System\nHashes: MD5=ABB56882148DE65D53ABFC55544A49A8,SHA256=78097C7CD0E57902536C60B7FA17528C313DB20869E5F944223A0BA4C801D39B,IMPHASH=35A7FFDE18D444A92D32C8B2879450FF\nParentProcessGuid: {56429cce-9387-661e-97c7-0d0000000d00}\nParentProcessId: 5880\nParentImage: C:\\Windows\\System32\\cmd.exe\nParentCommandLine: \"cmd.exe\" /C \"sc queryex type= service | find \"SERVICE_NAME: DNS\"\"\nParentUser: NT AUTHORITY\\SYSTEM"
    },
    {
      "EventCode": "1",
      "EventKind": "event",
      "EventProvider": "Microsoft-Windows-Sysmon",
      "EventId": 1,
      "EventSeverity": "Info",
      "Type": "process",
      "HostName": "hm-ips-db",
      "Platform": "windows",
      "Raw": "Process Create:\nRuleName: -\nUtcTime: 2024-04-16 15:04:38.872\nProcessGuid: {56429cce-9386-661e-95c7-0d0000000d00}\nProcessId: 10136\nImage: C:\\Windows\\System32\\sc.exe\nFileVersion: 10.0.17763.1 (WinBuild.160101.0800)\nDescription: Service Control Manager Configuration Tool\nProduct: Microsoft速 Windows速 Operating System\nCompany: Microsoft Corporation\nOriginalFileName: sc.exe\nCommandLine: sc  queryex type= service \nCurrentDirectory: C:\\Windows\\system32\\\nUser: NT AUTHORITY\\SYSTEM\nLogonGuid: {56429cce-7989-65cc-e703-000000000000}\nLogonId: 0x3E7\nTerminalSessionId: 0\nIntegrityLevel: System\nHashes: MD5=ABB56882148DE65D53ABFC55544A49A8,SHA256=78097C7CD0E57902536C60B7FA17528C313DB20869E5F944223A0BA4C801D39B,IMPHASH=35A7FFDE18D444A92D32C8B2879450FF\nParentProcessGuid: {56429cce-9386-661e-93c7-0d0000000d00}\nParentProcessId: 328\nParentImage: C:\\Windows\\System32\\cmd.exe\nParentCommandLine: \"cmd.exe\" /C \"sc queryex type= service | find /i \"vmms\"\"\nParentUser: NT AUTHORITY\\SYSTEM"
    },
    {
      "EventCode": "4702",
      "EventKind": "event",
      "EventProvider": "Microsoft-Windows-Security-Auditing",
      "EventId": 4702,
      "EventSeverity": "Info",
      "Type": "iam",
      "HostName": "dt-6ntdvd3",
      "Platform": "windows",
      "Raw": "A scheduled task was updated.\n\nSubject:\n\tSecurity ID:\t\tS-1-5-18\n\tAccount Name:\t\tDT-6NTDVD3$\n\tAccount Domain:\t\tHALFMOONCLUB\n\tLogon ID:\t\t0x3E7\n\nTask Information:\n\tTask Name: \t\t\\Microsoft\\Windows\\UpdateOrchestrator\\Schedule Maintenance Work\n\tTask New Content: \t\t<?xml version=\"1.0\" encoding=\"UTF-16\"?>\n<Task version=\"1.2\" xmlns=\"http://schemas.microsoft.com/windows/2004/02/mit/task\">\n  <RegistrationInfo>\n    <URI>\\Microsoft\\Windows\\UpdateOrchestrator\\Schedule Maintenance Work</URI>\n  </RegistrationInfo>\n  <Triggers />\n  <Principals>\n    <Principal id=\"Author\">\n      <UserId>S-1-5-18</UserId>\n      <RunLevel>LeastPrivilege</RunLevel>\n    </Principal>\n  </Principals>\n  <Settings>\n    <MultipleInstancesPolicy>IgnoreNew</MultipleInstancesPolicy>\n    <DisallowStartIfOnBatteries>true</DisallowStartIfOnBatteries>\n    <StopIfGoingOnBatteries>true</StopIfGoingOnBatteries>\n    <AllowHardTerminate>true</AllowHardTerminate>\n    <StartWhenAvailable>false</StartWhenAvailable>\n    <RunOnlyIfNetworkAvailable>false</RunOnlyIfNetworkAvailable>\n    <IdleSettings>\n      <Duration>PT10M</Duration>\n      <WaitTimeout>PT1H</WaitTimeout>\n      <StopOnIdleEnd>true</StopOnIdleEnd>\n      <RestartOnIdle>false</RestartOnIdle>\n    </IdleSettings>\n    <AllowStartOnDemand>true</AllowStartOnDemand>\n    <Enabled>false</Enabled>\n    <Hidden>false</Hidden>\n    <RunOnlyIfIdle>false</RunOnlyIfIdle>\n    <WakeToRun>false</WakeToRun>\n    <ExecutionTimeLimit>PT72H</ExecutionTimeLimit>\n    <Priority>7</Priority>\n  </Settings>\n  <Actions Context=\"Author\">\n    <Exec>\n      <Command>%systemroot%\\system32\\usoclient.exe</Command>\n      <Arguments>StartMaintenanceWork</Arguments>\n    </Exec>\n  </Actions>\n</Task>\n\nOther Information:\n\tProcessCreationTime: \t\t70931694131088125\n\tClientProcessId: \t\t\t3232\n\tParentProcessId: \t\t\t944\n\tFQDN: \t\t0\n\t"
    },
    {
      "EventCode": "4702",
      "EventKind": "event",
      "EventProvider": "Microsoft-Windows-Security-Auditing",
      "EventId": 4702,
      "EventSeverity": "Info",
      "Type": "iam",
      "HostName": "dt-6ntdvd3",
      "Platform": "windows",
      "Raw": "A scheduled task was updated.\n\nSubject:\n\tSecurity ID:\t\tS-1-5-18\n\tAccount Name:\t\tDT-6NTDVD3$\n\tAccount Domain:\t\tHALFMOONCLUB\n\tLogon ID:\t\t0x3E7\n\nTask Information:\n\tTask Name: \t\t\\Microsoft\\Windows\\UpdateOrchestrator\\Schedule Maintenance Work\n\tTask New Content: \t\t<?xml version=\"1.0\" encoding=\"UTF-16\"?>\n<Task version=\"1.2\" xmlns=\"http://schemas.microsoft.com/windows/2004/02/mit/task\">\n  <RegistrationInfo>\n    <URI>\\Microsoft\\Windows\\UpdateOrchestrator\\Schedule Maintenance Work</URI>\n    <SecurityDescriptor>D:P(A;;FA;;;SY)(A;;FRFX;;;LS)(A;;FRFX;;;BA)</SecurityDescriptor>\n  </RegistrationInfo>\n  <Triggers />\n  <Principals>\n    <Principal id=\"Author\">\n      <RunLevel>LeastPrivilege</RunLevel>\n      <UserId>S-1-5-18</UserId>\n    </Principal>\n  </Principals>\n  <Settings>\n    <MultipleInstancesPolicy>IgnoreNew</MultipleInstancesPolicy>\n    <DisallowStartIfOnBatteries>true</DisallowStartIfOnBatteries>\n    <StopIfGoingOnBatteries>true</StopIfGoingOnBatteries>\n    <AllowHardTerminate>true</AllowHardTerminate>\n    <StartWhenAvailable>false</StartWhenAvailable>\n    <RunOnlyIfNetworkAvailable>false</RunOnlyIfNetworkAvailable>\n    <IdleSettings>\n      <Duration>PT10M</Duration>\n      <WaitTimeout>PT1H</WaitTimeout>\n      <StopOnIdleEnd>true</StopOnIdleEnd>\n      <RestartOnIdle>false</RestartOnIdle>\n    </IdleSettings>\n    <AllowStartOnDemand>true</AllowStartOnDemand>\n    <Enabled>false</Enabled>\n    <Hidden>false</Hidden>\n    <RunOnlyIfIdle>false</RunOnlyIfIdle>\n    <WakeToRun>false</WakeToRun>\n    <ExecutionTimeLimit>PT72H</ExecutionTimeLimit>\n    <Priority>7</Priority>\n  </Settings>\n  <Actions Context=\"Author\">\n    <Exec>\n      <Command>%systemroot%\\system32\\usoclient.exe</Command>\n      <Arguments>StartMaintenanceWork</Arguments>\n    </Exec>\n  </Actions>\n</Task>\n\nOther Information:\n\tProcessCreationTime: \t\t70931694131092687\n\tClientProcessId: \t\t\t2472\n\tParentProcessId: \t\t\t1216\n\tFQDN: \t\t0\n\t"
    },
    {
      "EventCode": "4702",
      "EventKind": "event",
      "EventProvider": "Microsoft-Windows-Security-Auditing",
      "EventId": 4702,
      "EventSeverity": "Info",
      "Type": "iam",
      "HostName": "dt-6ntdvd3",
      "Platform": "windows",
      "Raw": "A scheduled task was updated.\n\nSubject:\n\tSecurity ID:\t\tS-1-5-18\n\tAccount Name:\t\tDT-6NTDVD3$\n\tAccount Domain:\t\tHALFMOONCLUB\n\tLogon ID:\t\t0x3E7\n\nTask Information:\n\tTask Name: \t\t\\Microsoft\\Windows\\UpdateOrchestrator\\Schedule Wake To Work\n\tTask New Content: \t\t<?xml version=\"1.0\" encoding=\"UTF-16\"?>\n<Task version=\"1.2\" xmlns=\"http://schemas.microsoft.com/windows/2004/02/mit/task\">\n  <RegistrationInfo>\n    <URI>\\Microsoft\\Windows\\UpdateOrchestrator\\Schedule Wake To Work</URI>\n    <SecurityDescriptor>D:P(A;;FA;;;SY)(A;;FRFX;;;LS)(A;;FRFX;;;BA)</SecurityDescriptor>\n  </RegistrationInfo>\n  <Triggers />\n  <Principals>\n    <Principal id=\"Author\">\n      <RunLevel>LeastPrivilege</RunLevel>\n      <UserId>S-1-5-18</UserId>\n    </Principal>\n  </Principals>\n  <Settings>\n    <MultipleInstancesPolicy>IgnoreNew</MultipleInstancesPolicy>\n    <DisallowStartIfOnBatteries>true</DisallowStartIfOnBatteries>\n    <StopIfGoingOnBatteries>true</StopIfGoingOnBatteries>\n    <AllowHardTerminate>true</AllowHardTerminate>\n    <StartWhenAvailable>false</StartWhenAvailable>\n    <RunOnlyIfNetworkAvailable>false</RunOnlyIfNetworkAvailable>\n    <IdleSettings>\n      <Duration>PT10M</Duration>\n      <WaitTimeout>PT1H</WaitTimeout>\n      <StopOnIdleEnd>true</StopOnIdleEnd>\n      <RestartOnIdle>false</RestartOnIdle>\n    </IdleSettings>\n    <AllowStartOnDemand>true</AllowStartOnDemand>\n    <Enabled>false</Enabled>\n    <Hidden>false</Hidden>\n    <RunOnlyIfIdle>false</RunOnlyIfIdle>\n    <WakeToRun>false</WakeToRun>\n    <ExecutionTimeLimit>PT72H</ExecutionTimeLimit>\n    <Priority>7</Priority>\n  </Settings>\n  <Actions Context=\"Author\">\n    <Exec>\n      <Command>%systemroot%\\system32\\usoclient.exe</Command>\n      <Arguments>StartWork</Arguments>\n    </Exec>\n  </Actions>\n</Task>\n\nOther Information:\n\tProcessCreationTime: \t\t70931694131092687\n\tClientProcessId: \t\t\t2472\n\tParentProcessId: \t\t\t1216\n\tFQDN: \t\t0\n\t"
    },
    {
      "EventCode": "4702",
      "EventKind": "event",
      "EventProvider": "Microsoft-Windows-Security-Auditing",
      "EventId": 4702,
      "EventSeverity": "Info",
      "Type": "iam",
      "HostName": "dt-6ntdvd3",
      "Platform": "windows",
