      "Raw": "A new process has been created.\n\nCreator Subject:\n\tSecurity ID:\t\tS-1-5-18\n\tAccount Name:\t\tDT-MXL4180P51$\n\tAccount Domain:\t\tHALFMOONCLUB\n\tLogon ID:\t\t0x3E7\n\nTarget Subject:\n\tSecurity ID:\t\tS-1-0-0\n\tAccount Name:\t\t-\n\tAccount Domain:\t\t-\n\tLogon ID:\t\t0x0\n\nProcess Information:\n\tNew Process ID:\t\t0x200c\n\tNew Process Name:\tC:\\Windows\\System32\\WindowsPowerShell\\v1.0\\powershell.exe\n\tToken Elevation Type:\t%%1936\n\tMandatory Label:\t\tS-1-16-16384\n\tCreator Process ID:\t0x2978\n\tCreator Process Name:\tC:\\Windows\\System32\\cmd.exe\n\tProcess Command Line:\t\n\nToken Elevation Type indicates the type of token that was assigned to the new process in accordance with User Account Control policy.\n\nType 1 is a full token with no privileges removed or groups disabled.  A full token is only used if User Account Control is disabled or if the user is the built-in Administrator account or a service account.\n\nType 2 is an elevated token with no privileges removed or groups disabled.  An elevated token is used when User Account Control is enabled and the user chooses to start the program using Run as administrator.  An elevated token is also used when an application is configured to always require administrative privilege or to always require maximum privilege, and the user is a member of the Administrators group.\n\nType 3 is a limited token with administrative privileges removed and administrative groups disabled.  The limited token is used when User Account Control is enabled, the application does not require administrative privilege, and the user does not choose to start the program using Run as administrator."
    },
    {
      "EventCode": "1",
      "EventKind": "event",
      "EventProvider": "Microsoft-Windows-Sysmon",
      "EventId": 1,
      "EventSeverity": "Info",
      "Type": "process",
      "HostName": "dt-mxl4180p51",
      "Platform": "windows",
      "Raw": "Process Create:\nRuleName: -\nUtcTime: 2024-04-16 15:04:34.717\nProcessGuid: {b12883fc-9382-661e-e805-000000006900}\nProcessId: 8204\nImage: C:\\Windows\\System32\\WindowsPowerShell\\v1.0\\powershell.exe\nFileVersion: 10.0.19041.3996 (WinBuild.160101.0800)\nDescription: Windows PowerShell\nProduct: Microsoft速 Windows速 Operating System\nCompany: Microsoft Corporation\nOriginalFileName: PowerShell.EXE\nCommandLine: powershell.exe  \"(Get-WmiObject -Query 'SELECT Caption FROM Win32_OperatingSystem').Caption\"\nCurrentDirectory: C:\\WINDOWS\\system32\\\nUser: NT AUTHORITY\\SYSTEM\nLogonGuid: {b12883fc-9093-661e-e703-000000000000}\nLogonId: 0x3E7\nTerminalSessionId: 0\nIntegrityLevel: System\nHashes: MD5=2E5A8590CF6848968FC23DE3FA1E25F1,SHA256=9785001B0DCF755EDDB8AF294A373C0B87B2498660F724E76C4D53F9C217C7A3,IMPHASH=3D08F4848535206D772DE145804FF4B6\nParentProcessGuid: {b12883fc-9382-661e-e605-000000006900}\nParentProcessId: 10616\nParentImage: C:\\Windows\\System32\\cmd.exe\nParentCommandLine: \"cmd.exe\" /C \"powershell.exe \"(Get-WmiObject -Query 'SELECT Caption FROM Win32_OperatingSystem').Caption\"\"\nParentUser: NT AUTHORITY\\SYSTEM"
    },
    {
      "EventCode": "4688",
      "EventKind": "event",
      "EventProvider": "Microsoft-Windows-Security-Auditing",
      "EventId": 4688,
      "EventSeverity": "Info",
      "Type": "process",
      "HostName": "dt-mxl4180p51",
      "Platform": "windows",
      "Raw": "A new process has been created.\n\nCreator Subject:\n\tSecurity ID:\t\tS-1-5-18\n\tAccount Name:\t\tDT-MXL4180P51$\n\tAccount Domain:\t\tHALFMOONCLUB\n\tLogon ID:\t\t0x3E7\n\nTarget Subject:\n\tSecurity ID:\t\tS-1-0-0\n\tAccount Name:\t\t-\n\tAccount Domain:\t\t-\n\tLogon ID:\t\t0x0\n\nProcess Information:\n\tNew Process ID:\t\t0x2100\n\tNew Process Name:\tC:\\Windows\\System32\\sc.exe\n\tToken Elevation Type:\t%%1936\n\tMandatory Label:\t\tS-1-16-16384\n\tCreator Process ID:\t0x2a08\n\tCreator Process Name:\tC:\\Windows\\System32\\cmd.exe\n\tProcess Command Line:\t\n\nToken Elevation Type indicates the type of token that was assigned to the new process in accordance with User Account Control policy.\n\nType 1 is a full token with no privileges removed or groups disabled.  A full token is only used if User Account Control is disabled or if the user is the built-in Administrator account or a service account.\n\nType 2 is an elevated token with no privileges removed or groups disabled.  An elevated token is used when User Account Control is enabled and the user chooses to start the program using Run as administrator.  An elevated token is also used when an application is configured to always require administrative privilege or to always require maximum privilege, and the user is a member of the Administrators group.\n\nType 3 is a limited token with administrative privileges removed and administrative groups disabled.  The limited token is used when User Account Control is enabled, the application does not require administrative privilege, and the user does not choose to start the program using Run as administrator."
    },
    {
      "EventCode": "15",
      "EventKind": "event",
      "EventProvider": "SecurityCenter",
      "EventId": 15,
      "EventSeverity": "Info",
      "Type": "application",
      "HostName": "dt-2ua4032hky",
      "Platform": "windows",
      "Raw": "Updated Windows Defender status successfully to SECURITY_PRODUCT_STATE_ON."
    },
    {
      "EventCode": "1",
      "EventKind": "event",
      "EventProvider": "Microsoft-Windows-Sysmon",
      "EventId": 1,
      "EventSeverity": "Info",
      "Type": "process",
      "HostName": "lt-6jskfb3",
      "Platform": "windows",
      "Raw": "Process Create:\nRuleName: -\nUtcTime: 2024-04-16 15:04:34.529\nProcessGuid: {d496faff-9382-661e-f60a-00000000c600}\nProcessId: 14812\nImage: C:\\Windows\\System32\\SearchFilterHost.exe\nFileVersion: 7.0.19041.3758 (WinBuild.160101.0800)\nDescription: Microsoft Windows Search Filter Host\nProduct: Windows速 Search\nCompany: Microsoft Corporation\nOriginalFileName: SearchFilterHost.exe\nCommandLine: \"C:\\Windows\\system32\\SearchFilterHost.exe\" 0 836 840 848 8192 844 816 \nCurrentDirectory: C:\\Windows\\system32\\\nUser: NT AUTHORITY\\SYSTEM\nLogonGuid: {d496faff-7d39-661e-e703-000000000000}\nLogonId: 0x3E7\nTerminalSessionId: 0\nIntegrityLevel: Medium\nHashes: MD5=F1E7D898A0D71ED7628AD67015B2C2B1,SHA256=08500481DC54125715DE3A0997052F781BF7674DC108520C8DFD38B731BC59DF,IMPHASH=25975932FE65B44EA2DD939DC008D453\nParentProcessGuid: {00000000-0000-0000-0000-000000000000}\nParentProcessId: 10968\nParentImage: -\nParentCommandLine: -\nParentUser: -"
    },
    {
      "EventCode": "1",
      "EventKind": "event",
      "EventProvider": "Microsoft-Windows-Sysmon",
      "EventId": 1,
      "EventSeverity": "Info",
      "Type": "process",
      "HostName": "lt-6jskfb3",
      "Platform": "windows",
      "Raw": "Process Create:\nRuleName: -\nUtcTime: 2024-04-16 15:04:34.510\nProcessGuid: {d496faff-9382-661e-f50a-00000000c600}\nProcessId: 20796\nImage: C:\\Windows\\System32\\SearchProtocolHost.exe\nFileVersion: 7.0.19041.3758 (WinBuild.160101.0800)\nDescription: Microsoft Windows Search Protocol Host\nProduct: Windows速 Search\nCompany: Microsoft Corporation\nOriginalFileName: SearchProtocolHost.exe\nCommandLine: \"C:\\Windows\\system32\\SearchProtocolHost.exe\" Global\\UsGthrFltPipeMssGthrPipe_S-1-5-21-1202660629-1563985344-839522115-865427_ Global\\UsGthrCtrlFltPipeMssGthrPipe_S-1-5-21-1202660629-1563985344-839522115-865427 1 -2147483646 \"Software\\Microsoft\\Windows Search\" \"Mozilla/4.0 (compatible; MSIE 6.0; Windows NT; MS Search 4.0 Robot)\" \"C:\\ProgramData\\Microsoft\\Search\\Data\\Temp\\usgthrsvc\" \"DownLevelDaemon\"  \"1\"\nCurrentDirectory: C:\\Windows\\system32\\\nUser: HALFMOONCLUB\\ithelwell\nLogonGuid: {d496faff-7d97-661e-9706-290000000000}\nLogonId: 0x290697\nTerminalSessionId: 1\nIntegrityLevel: Medium\nHashes: MD5=EFC09FA3DCABD59C17C69F8358C88276,SHA256=DE9CB5458CA8144610F2B7532A2659752A4D0F7D20865B0A00F767EA91753237,IMPHASH=8B2A73CF81704F7AED84C67134EC39AC\nParentProcessGuid: {00000000-0000-0000-0000-000000000000}\nParentProcessId: 10968\nParentImage: -\nParentCommandLine: -\nParentUser: -"
    },
    {
      "EventCode": "4688",
      "EventKind": "event",
      "EventProvider": "Microsoft-Windows-Security-Auditing",
      "EventId": 4688,
      "EventSeverity": "Info",
      "Type": "process",
      "HostName": "lt-6jskfb3",
      "Platform": "windows",
      "Raw": "A new process has been created.\n\nCreator Subject:\n\tSecurity ID:\t\tS-1-5-18\n\tAccount Name:\t\tLT-6JSKFB3$\n\tAccount Domain:\t\tHALFMOONCLUB\n\tLogon ID:\t\t0x3E7\n\nTarget Subject:\n\tSecurity ID:\t\tS-1-5-21-1202660629-1563985344-839522115-8654\n\tAccount Name:\t\tithelwell\n\tAccount Domain:\t\tHALFMOONCLUB\n\tLogon ID:\t\t0x290697\n\nProcess Information:\n\tNew Process ID:\t\t0x513c\n\tNew Process Name:\tC:\\Windows\\System32\\SearchProtocolHost.exe\n\tToken Elevation Type:\t%%1936\n\tMandatory Label:\t\tS-1-16-8192\n\tCreator Process ID:\t0x2ad8\n\tCreator Process Name:\tC:\\Windows\\System32\\SearchIndexer.exe\n\tProcess Command Line:\t\n\nToken Elevation Type indicates the type of token that was assigned to the new process in accordance with User Account Control policy.\n\nType 1 is a full token with no privileges removed or groups disabled.  A full token is only used if User Account Control is disabled or if the user is the built-in Administrator account or a service account.\n\nType 2 is an elevated token with no privileges removed or groups disabled.  An elevated token is used when User Account Control is enabled and the user chooses to start the program using Run as administrator.  An elevated token is also used when an application is configured to always require administrative privilege or to always require maximum privilege, and the user is a member of the Administrators group.\n\nType 3 is a limited token with administrative privileges removed and administrative groups disabled.  The limited token is used when User Account Control is enabled, the application does not require administrative privilege, and the user does not choose to start the program using Run as administrator."
    },
    {
      "EventCode": "4688",
      "EventKind": "event",
      "EventProvider": "Microsoft-Windows-Security-Auditing",
      "EventId": 4688,
      "EventSeverity": "Info",
      "Type": "process",
      "HostName": "dt-mxl41708hd",
      "Platform": "windows",
      "Raw": "A new process has been created.\n\nCreator Subject:\n\tSecurity ID:\t\tS-1-5-21-1202660629-1563985344-839522115-2185\n\tAccount Name:\t\tmaintenance\n\tAccount Domain:\t\tHALFMOONCLUB\n\tLogon ID:\t\t0x1B4ECB\n\nTarget Subject:\n\tSecurity ID:\t\tS-1-0-0\n\tAccount Name:\t\t-\n\tAccount Domain:\t\t-\n\tLogon ID:\t\t0x0\n\nProcess Information:\n\tNew Process ID:\t\t0x1590\n\tNew Process Name:\tC:\\Program Files (x86)\\Internet Explorer\\iexplore.exe\n\tToken Elevation Type:\t%%1936\n\tMandatory Label:\t\tS-1-16-8192\n\tCreator Process ID:\t0x32b8\n\tCreator Process Name:\tC:\\Program Files\\Internet Explorer\\iexplore.exe\n\tProcess Command Line:\t\n\nToken Elevation Type indicates the type of token that was assigned to the new process in accordance with User Account Control policy.\n\nType 1 is a full token with no privileges removed or groups disabled.  A full token is only used if User Account Control is disabled or if the user is the built-in Administrator account or a service account.\n\nType 2 is an elevated token with no privileges removed or groups disabled.  An elevated token is used when User Account Control is enabled and the user chooses to start the program using Run as administrator.  An elevated token is also used when an application is configured to always require administrative privilege or to always require maximum privilege, and the user is a member of the Administrators group.\n\nType 3 is a limited token with administrative privileges removed and administrative groups disabled.  The limited token is used when User Account Control is enabled, the application does not require administrative privilege, and the user does not choose to start the program using Run as administrator."
    },
    {
      "EventCode": "1",
      "EventKind": "event",
      "EventProvider": "Microsoft-Windows-Sysmon",
      "EventId": 1,
      "EventSeverity": "Info",
      "Type": "process",
      "HostName": "dt-mxl41708hd",
      "Platform": "windows",
      "Raw": "Process Create:\nRuleName: -\nUtcTime: 2024-04-16 15:04:34.369\nProcessGuid: {b12883fc-9382-661e-fabb-00000000a800}\nProcessId: 5520\nImage: C:\\Program Files (x86)\\Internet Explorer\\iexplore.exe\nFileVersion: 11.00.19041.3636 (WinBuild.160101.0800)\nDescription: Internet Explorer\nProduct: Internet Explorer\nCompany: Microsoft Corporation\nOriginalFileName: IEXPLORE.EXE\nCommandLine: \"C:\\Program Files (x86)\\Internet Explorer\\IEXPLORE.EXE\" SCODEF:12984 CREDAT:83000 APPID:MSEdge.UserData.Profile1 /prefetch:2\nCurrentDirectory: C:\\Users\\maintenance\\Desktop\\\nUser: HALFMOONCLUB\\maintenance\nLogonGuid: {b12883fc-8c3d-6619-cb4e-1b0000000000}\nLogonId: 0x1B4ECB\nTerminalSessionId: 1\nIntegrityLevel: Medium\nHashes: MD5=4D52DFE6452FF34F3577D3E622FCBECD,SHA256=8BE630D01EF5A7ADDFBA5D3B375708C911924687092451E7E32A73AAB3902D08,IMPHASH=42648D091AF4DC000981DB1828BE9EA8\nParentProcessGuid: {b12883fc-fd1f-661b-ed58-00000000a800}\nParentProcessId: 12984\nParentImage: C:\\Program Files\\Internet Explorer\\iexplore.exe\nParentCommandLine: \"C:\\Program Files\\Internet Explorer\\iexplore.exe\" -dualengineadapter=\"C:\\Program Files (x86)\\Microsoft\\Edge\\Application\\123.0.2420.81\\dual_engine_adapter_x64.dll\" -dualenginepipe=5036 APPID:MSEdge.UserData.Profile1\nParentUser: HALFMOONCLUB\\maintenance"
    },
    {
      "EventCode": "1",
      "EventKind": "event",
      "EventProvider": "Microsoft-Windows-Sysmon",
      "EventId": 1,
      "EventSeverity": "Info",
      "Type": "process",
      "HostName": "dt-mxl41708hd",
      "Platform": "windows",
      "Raw": "Process Create:\nRuleName: -\nUtcTime: 2024-04-16 15:04:33.623\nProcessGuid: {b12883fc-9381-661e-f9bb-00000000a800}\nProcessId: 6844\nImage: C:\\Program Files (x86)\\Internet Explorer\\iexplore.exe\nFileVersion: 11.00.19041.3636 (WinBuild.160101.0800)\nDescription: Internet Explorer\nProduct: Internet Explorer\nCompany: Microsoft Corporation\nOriginalFileName: IEXPLORE.EXE\nCommandLine: \"C:\\Program Files (x86)\\Internet Explorer\\IEXPLORE.EXE\" SCODEF:12984 CREDAT:82998 APPID:MSEdge.UserData.Profile1 /prefetch:2\nCurrentDirectory: C:\\Users\\maintenance\\Desktop\\\nUser: HALFMOONCLUB\\maintenance\nLogonGuid: {b12883fc-8c3d-6619-cb4e-1b0000000000}\nLogonId: 0x1B4ECB\nTerminalSessionId: 1\nIntegrityLevel: Medium\nHashes: MD5=4D52DFE6452FF34F3577D3E622FCBECD,SHA256=8BE630D01EF5A7ADDFBA5D3B375708C911924687092451E7E32A73AAB3902D08,IMPHASH=42648D091AF4DC000981DB1828BE9EA8\nParentProcessGuid: {b12883fc-fd1f-661b-ed58-00000000a800}\nParentProcessId: 12984\nParentImage: C:\\Program Files\\Internet Explorer\\iexplore.exe\nParentCommandLine: \"C:\\Program Files\\Internet Explorer\\iexplore.exe\" -dualengineadapter=\"C:\\Program Files (x86)\\Microsoft\\Edge\\Application\\123.0.2420.81\\dual_engine_adapter_x64.dll\" -dualenginepipe=5036 APPID:MSEdge.UserData.Profile1\nParentUser: HALFMOONCLUB\\maintenance"
    },
    {
      "EventCode": "4634",
      "EventKind": "event",
      "EventProvider": "Microsoft-Windows-Security-Auditing",
      "EventId": 4634,
      "EventSeverity": "Info",
      "Type": "authentication",
      "HostName": "hm-ad-02",
      "Platform": "windows",
      "Raw": "An account was logged off.\n\nSubject:\n\tSecurity ID:\t\tS-1-5-21-1202660629-1563985344-839522115-1713\n\tAccount Name:\t\tndennis\n\tAccount Domain:\t\tHALFMOONCLUB\n\tLogon ID:\t\t0x335758B2\n\nLogon Type:\t\t\t3\n\nThis event is generated when a logon session is destroyed. It may be positively correlated with a logon event using the Logon ID value. Logon IDs are only unique between reboots on the same computer."
    },
    {
      "EventCode": "4634",
      "EventKind": "event",
      "EventProvider": "Microsoft-Windows-Security-Auditing",
      "EventId": 4634,
      "EventSeverity": "Info",
      "Type": "authentication",
      "HostName": "hm-ad-02",
      "Platform": "windows",
      "Raw": "An account was logged off.\n\nSubject:\n\tSecurity ID:\t\tS-1-5-21-1202660629-1563985344-839522115-9248\n\tAccount Name:\t\tmevans\n\tAccount Domain:\t\tHALFMOONCLUB\n\tLogon ID:\t\t0x335A5ECB\n\nLogon Type:\t\t\t3\n\nThis event is generated when a logon session is destroyed. It may be positively correlated with a logon event using the Logon ID value. Logon IDs are only unique between reboots on the same computer."
    },
    {
      "EventCode": "4627",
      "EventKind": "event",
      "EventProvider": "Microsoft-Windows-Security-Auditing",
      "EventId": 4627,
      "EventSeverity": "Info",
      "Type": "Group Membership",
      "HostName": "hm-ad-02",
      "Platform": "windows",
      "Raw": "Group membership information.\n\nSubject:\n\tSecurity ID:\t\tS-1-0-0\n\tAccount Name:\t\t-\n\tAccount Domain:\t\t-\n\tLogon ID:\t\t0x0\n\nLogon Type:\t\t\t3\n\nNew Logon:\n\tSecurity ID:\t\tS-1-5-21-1202660629-1563985344-839522115-9248\n\tAccount Name:\t\tmevans\n\tAccount Domain:\t\tHALFMOONCLUB\n\tLogon ID:\t\t0x335A5ECB\n\nEvent in sequence:\t\t1 of 1\n\nGroup Membership:\t\t\t\n\t\t%{S-1-5-21-1202660629-1563985344-839522115-513}\n\t\t%{S-1-1-0}\n\t\t%{S-1-5-32-545}\n\t\t%{S-1-5-32-554}\n\t\t%{S-1-5-2}\n\t\t%{S-1-5-11}\n\t\t%{S-1-5-15}\n\t\t%{S-1-5-21-1202660629-1563985344-839522115-9133}\n\t\t%{S-1-5-21-1202660629-1563985344-839522115-8680}\n\t\t%{S-1-5-21-1202660629-1563985344-839522115-7650}\n\t\t%{S-1-5-21-1202660629-1563985344-839522115-6664}\n\t\t%{S-1-5-21-1202660629-1563985344-839522115-9150}\n\t\t%{S-1-5-21-1202660629-1563985344-839522115-9140}\n\t\t%{S-1-5-21-1202660629-1563985344-839522115-1672}\n\t\t%{S-1-5-21-1202660629-1563985344-839522115-6669}\n\t\t%{S-1-5-21-1202660629-1563985344-839522115-7706}\n\t\t%{S-1-5-21-1202660629-1563985344-839522115-6657}\n\t\t%{S-1-5-21-1202660629-1563985344-839522115-8668}\n\t\t%{S-1-5-21-1202660629-1563985344-839522115-1620}\n\t\t%{S-1-5-21-1202660629-1563985344-839522115-8675}\n\t\t%{S-1-5-64-10}\n\t\t%{S-1-16-8448}\n\nThe subject fields indicate the account on the local system which requested the logon. This is most commonly a service such as the Server service, or a local process such as Winlogon.exe or Services.exe.\n\nThe logon type field indicates the kind of logon that occurred. The most common types are 2 (interactive) and 3 (network).\n\nThe New Logon fields indicate the account for whom the new logon was created, i.e. the account that was logged on.\n\nThis event is generated when the Audit Group Membership subcategory is configured.  The Logon ID field can be used to correlate this event with the corresponding user logon event as well as to any other security audit events generated during this logon session."
    },
    {
      "EventCode": "5145",
      "EventKind": "event",
      "EventProvider": "Microsoft-Windows-Security-Auditing",
      "EventId": 5145,
      "EventSeverity": "Info",
      "Type": "Detailed File Share",
      "HostName": "hm-ad-02",
      "Platform": "windows",
      "Raw": "A network share object was checked to see whether client can be granted desired access.\n\t\nSubject:\n\tSecurity ID:\t\tS-1-5-21-1202660629-1563985344-839522115-9248\n\tAccount Name:\t\tmevans\n\tAccount Domain:\t\tHALFMOONCLUB\n\tLogon ID:\t\t0x335A5D6A\n\nNetwork Information:\t\n\tObject Type:\t\tFile\n\tSource Address:\t\t10.10.20.1\n\tSource Port:\t\t58856\n\t\nShare Information:\n\tShare Name:\t\t\\\\*\\IPC$\n\tShare Path:\t\t\n\tRelative Target Name:\tspoolss\n\nAccess Request Information:\n\tAccess Mask:\t\t0x12019F\n\tAccesses:\t\tREAD_CONTROL\n\t\t\t\tSYNCHRONIZE\n\t\t\t\tReadData (or ListDirectory)\n\t\t\t\tWriteData (or AddFile)\n\t\t\t\tAppendData (or AddSubdirectory or CreatePipeInstance)\n\t\t\t\tReadEA\n\t\t\t\tWriteEA\n\t\t\t\tReadAttributes\n\t\t\t\tWriteAttributes\n\t\t\t\t\nAccess Check Results:\n\t-"
    },
    {
      "EventCode": "4624",
      "EventKind": "event",
      "EventProvider": "Microsoft-Windows-Security-Auditing",
      "EventId": 4624,
      "EventSeverity": "Info",
      "Type": "authentication",
      "HostName": "hm-ad-02",
      "Platform": "windows",
      "Raw": "An account was successfully logged on.\n\nSubject:\n\tSecurity ID:\t\tS-1-0-0\n\tAccount Name:\t\t-\n\tAccount Domain:\t\t-\n\tLogon ID:\t\t0x0\n\nLogon Information:\n\tLogon Type:\t\t3\n\tRestricted Admin Mode:\t-\n\tVirtual Account:\t\tNo\n\tElevated Token:\t\tYes\n\nImpersonation Level:\t\tImpersonation\n\nNew Logon:\n\tSecurity ID:\t\tS-1-5-21-1202660629-1563985344-839522115-9248\n\tAccount Name:\t\tmevans\n\tAccount Domain:\t\tHALFMOONCLUB\n\tLogon ID:\t\t0x335A5ECB\n\tLinked Logon ID:\t\t0x0\n\tNetwork Account Name:\t-\n\tNetwork Account Domain:\t-\n\tLogon GUID:\t\t{00000000-0000-0000-0000-000000000000}\n\nProcess Information:\n\tProcess ID:\t\t0x0\n\tProcess Name:\t\t-\n\nNetwork Information:\n\tWorkstation Name:\tDT-23C4GT3\n\tSource Network Address:\t-\n\tSource Port:\t\t-\n\nDetailed Authentication Information:\n\tLogon Process:\t\tNtLmSsp \n\tAuthentication Package:\tNTLM\n\tTransited Services:\t-\n\tPackage Name (NTLM only):\tNTLM V2\n\tKey Length:\t\t128\n\nThis event is generated when a logon session is created. It is generated on the computer that was accessed.\n\nThe subject fields indicate the account on the local system which requested the logon. This is most commonly a service such as the Server service, or a local process such as Winlogon.exe or Services.exe.\n\nThe logon type field indicates the kind of logon that occurred. The most common types are 2 (interactive) and 3 (network).\n\nThe New Logon fields indicate the account for whom the new logon was created, i.e. the account that was logged on.\n\nThe network fields indicate where a remote logon request originated. Workstation name is not always available and may be left blank in some cases.\n\nThe impersonation level field indicates the extent to which a process in the logon session can impersonate.\n\nThe authentication information fields provide detailed information about this specific logon request.\n\t- Logon GUID is a unique identifier that can be used to correlate this event with a KDC event.\n\t- Transited services indicate which intermediate services have participated in this logon request.\n\t- Package name indicates which sub-protocol was used among the NTLM protocols.\n\t- Key length indicates the length of the generated session key. This will be 0 if no session key was requested."
    },
    {
      "EventCode": "4634",
      "EventKind": "event",
      "EventProvider": "Microsoft-Windows-Security-Auditing",
      "EventId": 4634,
      "EventSeverity": "Info",
      "Type": "authentication",
      "HostName": "hm-ad-02",
      "Platform": "windows",
      "Raw": "An account was logged off.\n\nSubject:\n\tSecurity ID:\t\tS-1-5-21-1202660629-1563985344-839522115-9248\n\tAccount Name:\t\tmevans\n\tAccount Domain:\t\tHALFMOONCLUB\n\tLogon ID:\t\t0x335A5EA6\n\nLogon Type:\t\t\t3\n\nThis event is generated when a logon session is destroyed. It may be positively correlated with a logon event using the Logon ID value. Logon IDs are only unique between reboots on the same computer."
    },
    {
      "EventCode": "4624",
      "EventKind": "event",
      "EventProvider": "Microsoft-Windows-Security-Auditing",
      "EventId": 4624,
      "EventSeverity": "Info",
      "Type": "authentication",
      "HostName": "hm-ad-02",
      "Platform": "windows",
      "Raw": "An account was successfully logged on.\n\nSubject:\n\tSecurity ID:\t\tS-1-0-0\n\tAccount Name:\t\t-\n\tAccount Domain:\t\t-\n\tLogon ID:\t\t0x0\n\nLogon Information:\n\tLogon Type:\t\t3\n\tRestricted Admin Mode:\t-\n\tVirtual Account:\t\tNo\n\tElevated Token:\t\tYes\n\nImpersonation Level:\t\tImpersonation\n\nNew Logon:\n\tSecurity ID:\t\tS-1-5-21-1202660629-1563985344-839522115-9248\n\tAccount Name:\t\tmevans\n\tAccount Domain:\t\tHALFMOONCLUB\n\tLogon ID:\t\t0x335A5EA6\n\tLinked Logon ID:\t\t0x0\n\tNetwork Account Name:\t-\n\tNetwork Account Domain:\t-\n\tLogon GUID:\t\t{00000000-0000-0000-0000-000000000000}\n\nProcess Information:\n\tProcess ID:\t\t0x0\n\tProcess Name:\t\t-\n\nNetwork Information:\n\tWorkstation Name:\tDT-23C4GT3\n\tSource Network Address:\t-\n\tSource Port:\t\t-\n\nDetailed Authentication Information:\n\tLogon Process:\t\tNtLmSsp \n\tAuthentication Package:\tNTLM\n\tTransited Services:\t-\n\tPackage Name (NTLM only):\tNTLM V2\n\tKey Length:\t\t128\n\nThis event is generated when a logon session is created. It is generated on the computer that was accessed.\n\nThe subject fields indicate the account on the local system which requested the logon. This is most commonly a service such as the Server service, or a local process such as Winlogon.exe or Services.exe.\n\nThe logon type field indicates the kind of logon that occurred. The most common types are 2 (interactive) and 3 (network).\n\nThe New Logon fields indicate the account for whom the new logon was created, i.e. the account that was logged on.\n\nThe network fields indicate where a remote logon request originated. Workstation name is not always available and may be left blank in some cases.\n\nThe impersonation level field indicates the extent to which a process in the logon session can impersonate.\n\nThe authentication information fields provide detailed information about this specific logon request.\n\t- Logon GUID is a unique identifier that can be used to correlate this event with a KDC event.\n\t- Transited services indicate which intermediate services have participated in this logon request.\n\t- Package name indicates which sub-protocol was used among the NTLM protocols.\n\t- Key length indicates the length of the generated session key. This will be 0 if no session key was requested."
    },
    {
      "EventCode": "4627",
      "EventKind": "event",
      "EventProvider": "Microsoft-Windows-Security-Auditing",
      "EventId": 4627,
      "EventSeverity": "Info",
      "Type": "Group Membership",
      "HostName": "hm-ad-02",
      "Platform": "windows",
      "Raw": "Group membership information.\n\nSubject:\n\tSecurity ID:\t\tS-1-0-0\n\tAccount Name:\t\t-\n\tAccount Domain:\t\t-\n\tLogon ID:\t\t0x0\n\nLogon Type:\t\t\t3\n\nNew Logon:\n\tSecurity ID:\t\tS-1-5-21-1202660629-1563985344-839522115-9248\n\tAccount Name:\t\tmevans\n\tAccount Domain:\t\tHALFMOONCLUB\n\tLogon ID:\t\t0x335A5EA6\n\nEvent in sequence:\t\t1 of 1\n\nGroup Membership:\t\t\t\n\t\t%{S-1-5-21-1202660629-1563985344-839522115-513}\n\t\t%{S-1-1-0}\n\t\t%{S-1-5-32-545}\n\t\t%{S-1-5-32-554}\n\t\t%{S-1-5-2}\n\t\t%{S-1-5-11}\n\t\t%{S-1-5-15}\n\t\t%{S-1-5-21-1202660629-1563985344-839522115-9133}\n\t\t%{S-1-5-21-1202660629-1563985344-839522115-8680}\n\t\t%{S-1-5-21-1202660629-1563985344-839522115-7650}\n\t\t%{S-1-5-21-1202660629-1563985344-839522115-6664}\n\t\t%{S-1-5-21-1202660629-1563985344-839522115-9150}\n\t\t%{S-1-5-21-1202660629-1563985344-839522115-9140}\n\t\t%{S-1-5-21-1202660629-1563985344-839522115-1672}\n\t\t%{S-1-5-21-1202660629-1563985344-839522115-6669}\n\t\t%{S-1-5-21-1202660629-1563985344-839522115-7706}\n\t\t%{S-1-5-21-1202660629-1563985344-839522115-6657}\n\t\t%{S-1-5-21-1202660629-1563985344-839522115-8668}\n\t\t%{S-1-5-21-1202660629-1563985344-839522115-1620}\n\t\t%{S-1-5-21-1202660629-1563985344-839522115-8675}\n\t\t%{S-1-5-64-10}\n\t\t%{S-1-16-8448}\n\nThe subject fields indicate the account on the local system which requested the logon. This is most commonly a service such as the Server service, or a local process such as Winlogon.exe or Services.exe.\n\nThe logon type field indicates the kind of logon that occurred. The most common types are 2 (interactive) and 3 (network).\n\nThe New Logon fields indicate the account for whom the new logon was created, i.e. the account that was logged on.\n\nThis event is generated when the Audit Group Membership subcategory is configured.  The Logon ID field can be used to correlate this event with the corresponding user logon event as well as to any other security audit events generated during this logon session."
    },
    {
      "EventCode": "5145",
      "EventKind": "event",
      "EventProvider": "Microsoft-Windows-Security-Auditing",
      "EventId": 5145,
      "EventSeverity": "Info",
      "Type": "Detailed File Share",
      "HostName": "hm-ad-02",
      "Platform": "windows",
      "Raw": "A network share object was checked to see whether client can be granted desired access.\n\t\nSubject:\n\tSecurity ID:\t\tS-1-5-21-1202660629-1563985344-839522115-9248\n\tAccount Name:\t\tmevans\n\tAccount Domain:\t\tHALFMOONCLUB\n\tLogon ID:\t\t0x335A5D6A\n\nNetwork Information:\t\n\tObject Type:\t\tFile\n\tSource Address:\t\t10.10.20.1\n\tSource Port:\t\t58856\n\t\nShare Information:\n\tShare Name:\t\t\\\\*\\IPC$\n\tShare Path:\t\t\n\tRelative Target Name:\tspoolss\n\nAccess Request Information:\n\tAccess Mask:\t\t0x12019F\n\tAccesses:\t\tREAD_CONTROL\n\t\t\t\tSYNCHRONIZE\n\t\t\t\tReadData (or ListDirectory)\n\t\t\t\tWriteData (or AddFile)\n\t\t\t\tAppendData (or AddSubdirectory or CreatePipeInstance)\n\t\t\t\tReadEA\n\t\t\t\tWriteEA\n\t\t\t\tReadAttributes\n\t\t\t\tWriteAttributes\n\t\t\t\t\nAccess Check Results:\n\t-"
    },
    {
      "EventCode": "4634",
      "EventKind": "event",
      "EventProvider": "Microsoft-Windows-Security-Auditing",
      "EventId": 4634,
      "EventSeverity": "Info",
      "Type": "authentication",
      "HostName": "hm-ad-02",
      "Platform": "windows",
      "Raw": "An account was logged off.\n\nSubject:\n\tSecurity ID:\t\tS-1-5-21-1202660629-1563985344-839522115-9248\n\tAccount Name:\t\tmevans\n\tAccount Domain:\t\tHALFMOONCLUB\n\tLogon ID:\t\t0x335A5E85\n\nLogon Type:\t\t\t3\n\nThis event is generated when a logon session is destroyed. It may be positively correlated with a logon event using the Logon ID value. Logon IDs are only unique between reboots on the same computer."
    },
    {
      "EventCode": "4624",
      "EventKind": "event",
      "EventProvider": "Microsoft-Windows-Security-Auditing",
      "EventId": 4624,
      "EventSeverity": "Info",
      "Type": "authentication",
      "HostName": "hm-ad-02",
      "Platform": "windows",
      "Raw": "An account was successfully logged on.\n\nSubject:\n\tSecurity ID:\t\tS-1-0-0\n\tAccount Name:\t\t-\n\tAccount Domain:\t\t-\n\tLogon ID:\t\t0x0\n\nLogon Information:\n\tLogon Type:\t\t3\n\tRestricted Admin Mode:\t-\n\tVirtual Account:\t\tNo\n\tElevated Token:\t\tYes\n\nImpersonation Level:\t\tImpersonation\n\nNew Logon:\n\tSecurity ID:\t\tS-1-5-21-1202660629-1563985344-839522115-9248\n\tAccount Name:\t\tmevans\n\tAccount Domain:\t\tHALFMOONCLUB\n\tLogon ID:\t\t0x335A5E85\n\tLinked Logon ID:\t\t0x0\n\tNetwork Account Name:\t-\n\tNetwork Account Domain:\t-\n\tLogon GUID:\t\t{00000000-0000-0000-0000-000000000000}\n\nProcess Information:\n\tProcess ID:\t\t0x0\n\tProcess Name:\t\t-\n\nNetwork Information:\n\tWorkstation Name:\tDT-23C4GT3\n\tSource Network Address:\t-\n\tSource Port:\t\t-\n\nDetailed Authentication Information:\n\tLogon Process:\t\tNtLmSsp \n\tAuthentication Package:\tNTLM\n\tTransited Services:\t-\n\tPackage Name (NTLM only):\tNTLM V2\n\tKey Length:\t\t128\n\nThis event is generated when a logon session is created. It is generated on the computer that was accessed.\n\nThe subject fields indicate the account on the local system which requested the logon. This is most commonly a service such as the Server service, or a local process such as Winlogon.exe or Services.exe.\n\nThe logon type field indicates the kind of logon that occurred. The most common types are 2 (interactive) and 3 (network).\n\nThe New Logon fields indicate the account for whom the new logon was created, i.e. the account that was logged on.\n\nThe network fields indicate where a remote logon request originated. Workstation name is not always available and may be left blank in some cases.\n\nThe impersonation level field indicates the extent to which a process in the logon session can impersonate.\n\nThe authentication information fields provide detailed information about this specific logon request.\n\t- Logon GUID is a unique identifier that can be used to correlate this event with a KDC event.\n\t- Transited services indicate which intermediate services have participated in this logon request.\n\t- Package name indicates which sub-protocol was used among the NTLM protocols.\n\t- Key length indicates the length of the generated session key. This will be 0 if no session key was requested."
    },
    {
      "EventCode": "1",
      "EventKind": "event",
      "EventProvider": "Microsoft-Windows-Sysmon",
      "EventId": 1,
      "EventSeverity": "Info",
      "Type": "process",
      "HostName": "dt-2ua4032hcm",
      "Platform": "windows",
      "Raw": "Process Create:\nRuleName: -\nUtcTime: 2024-04-16 15:04:33.639\nProcessGuid: {b12883fc-9381-661e-1035-000000009100}\nProcessId: 12172\nImage: C:\\Windows\\System32\\SearchFilterHost.exe\nFileVersion: 7.0.19041.3758 (WinBuild.160101.0800)\nDescription: Microsoft Windows Search Filter Host\nProduct: Windows速 Search\nCompany: Microsoft Corporation\nOriginalFileName: SearchFilterHost.exe\nCommandLine: \"C:\\WINDOWS\\system32\\SearchFilterHost.exe\" 0 840 844 852 8192 848 824 \nCurrentDirectory: C:\\WINDOWS\\system32\\\nUser: NT AUTHORITY\\SYSTEM\nLogonGuid: {b12883fc-89e2-6619-e703-000000000000}\nLogonId: 0x3E7\nTerminalSessionId: 0\nIntegrityLevel: Medium\nHashes: MD5=F1E7D898A0D71ED7628AD67015B2C2B1,SHA256=08500481DC54125715DE3A0997052F781BF7674DC108520C8DFD38B731BC59DF,IMPHASH=25975932FE65B44EA2DD939DC008D453\nParentProcessGuid: {b12883fc-72e9-661e-102d-000000009100}\nParentProcessId: 6120\nParentImage: C:\\Windows\\System32\\SearchIndexer.exe\nParentCommandLine: C:\\WINDOWS\\system32\\SearchIndexer.exe /Embedding\nParentUser: NT AUTHORITY\\SYSTEM"
    },
    {
      "EventCode": "4627",
      "EventKind": "event",
      "EventProvider": "Microsoft-Windows-Security-Auditing",
      "EventId": 4627,
      "EventSeverity": "Info",
      "Type": "Group Membership",
      "HostName": "hm-ad-02",
      "Platform": "windows",
      "Raw": "Group membership information.\n\nSubject:\n\tSecurity ID:\t\tS-1-0-0\n\tAccount Name:\t\t-\n\tAccount Domain:\t\t-\n\tLogon ID:\t\t0x0\n\nLogon Type:\t\t\t3\n\nNew Logon:\n\tSecurity ID:\t\tS-1-5-21-1202660629-1563985344-839522115-9248\n\tAccount Name:\t\tmevans\n\tAccount Domain:\t\tHALFMOONCLUB\n\tLogon ID:\t\t0x335A5E85\n\nEvent in sequence:\t\t1 of 1\n\nGroup Membership:\t\t\t\n\t\t%{S-1-5-21-1202660629-1563985344-839522115-513}\n\t\t%{S-1-1-0}\n\t\t%{S-1-5-32-545}\n\t\t%{S-1-5-32-554}\n\t\t%{S-1-5-2}\n\t\t%{S-1-5-11}\n\t\t%{S-1-5-15}\n\t\t%{S-1-5-21-1202660629-1563985344-839522115-9133}\n\t\t%{S-1-5-21-1202660629-1563985344-839522115-8680}\n\t\t%{S-1-5-21-1202660629-1563985344-839522115-7650}\n\t\t%{S-1-5-21-1202660629-1563985344-839522115-6664}\n\t\t%{S-1-5-21-1202660629-1563985344-839522115-9150}\n\t\t%{S-1-5-21-1202660629-1563985344-839522115-9140}\n\t\t%{S-1-5-21-1202660629-1563985344-839522115-1672}\n\t\t%{S-1-5-21-1202660629-1563985344-839522115-6669}\n\t\t%{S-1-5-21-1202660629-1563985344-839522115-7706}\n\t\t%{S-1-5-21-1202660629-1563985344-839522115-6657}\n\t\t%{S-1-5-21-1202660629-1563985344-839522115-8668}\n\t\t%{S-1-5-21-1202660629-1563985344-839522115-1620}\n\t\t%{S-1-5-21-1202660629-1563985344-839522115-8675}\n\t\t%{S-1-5-64-10}\n\t\t%{S-1-16-8448}\n\nThe subject fields indicate the account on the local system which requested the logon. This is most commonly a service such as the Server service, or a local process such as Winlogon.exe or Services.exe.\n\nThe logon type field indicates the kind of logon that occurred. The most common types are 2 (interactive) and 3 (network).\n\nThe New Logon fields indicate the account for whom the new logon was created, i.e. the account that was logged on.\n\nThis event is generated when the Audit Group Membership subcategory is configured.  The Logon ID field can be used to correlate this event with the corresponding user logon event as well as to any other security audit events generated during this logon session."
    },
    {
      "EventCode": "5145",
      "EventKind": "event",
      "EventProvider": "Microsoft-Windows-Security-Auditing",
      "EventId": 5145,
      "EventSeverity": "Info",
      "Type": "Detailed File Share",
      "HostName": "hm-ad-02",
      "Platform": "windows",
      "Raw": "A network share object was checked to see whether client can be granted desired access.\n\t\nSubject:\n\tSecurity ID:\t\tS-1-5-21-1202660629-1563985344-839522115-9248\n\tAccount Name:\t\tmevans\n\tAccount Domain:\t\tHALFMOONCLUB\n\tLogon ID:\t\t0x335A5D6A\n\nNetwork Information:\t\n\tObject Type:\t\tFile\n\tSource Address:\t\t10.10.20.1\n\tSource Port:\t\t58856\n\t\nShare Information:\n\tShare Name:\t\t\\\\*\\IPC$\n\tShare Path:\t\t\n\tRelative Target Name:\tspoolss\n\nAccess Request Information:\n\tAccess Mask:\t\t0x12019F\n\tAccesses:\t\tREAD_CONTROL\n\t\t\t\tSYNCHRONIZE\n\t\t\t\tReadData (or ListDirectory)\n\t\t\t\tWriteData (or AddFile)\n\t\t\t\tAppendData (or AddSubdirectory or CreatePipeInstance)\n\t\t\t\tReadEA\n\t\t\t\tWriteEA\n\t\t\t\tReadAttributes\n\t\t\t\tWriteAttributes\n\t\t\t\t\nAccess Check Results:\n\t-"
    },
    {
      "EventCode": "4624",
      "EventKind": "event",
      "EventProvider": "Microsoft-Windows-Security-Auditing",
      "EventId": 4624,
      "EventSeverity": "Info",
      "Type": "authentication",
      "HostName": "hm-ad-02",
      "Platform": "windows",
      "Raw": "An account was successfully logged on.\n\nSubject:\n\tSecurity ID:\t\tS-1-0-0\n\tAccount Name:\t\t-\n\tAccount Domain:\t\t-\n\tLogon ID:\t\t0x0\n\nLogon Information:\n\tLogon Type:\t\t3\n\tRestricted Admin Mode:\t-\n\tVirtual Account:\t\tNo\n\tElevated Token:\t\tYes\n\nImpersonation Level:\t\tImpersonation\n\nNew Logon:\n\tSecurity ID:\t\tS-1-5-21-1202660629-1563985344-839522115-9248\n\tAccount Name:\t\tmevans\n\tAccount Domain:\t\tHALFMOONCLUB\n\tLogon ID:\t\t0x335A5E62\n\tLinked Logon ID:\t\t0x0\n\tNetwork Account Name:\t-\n\tNetwork Account Domain:\t-\n\tLogon GUID:\t\t{00000000-0000-0000-0000-000000000000}\n\nProcess Information:\n\tProcess ID:\t\t0x0\n\tProcess Name:\t\t-\n\nNetwork Information:\n\tWorkstation Name:\tDT-23C4GT3\n\tSource Network Address:\t-\n\tSource Port:\t\t-\n\nDetailed Authentication Information:\n\tLogon Process:\t\tNtLmSsp \n\tAuthentication Package:\tNTLM\n\tTransited Services:\t-\n\tPackage Name (NTLM only):\tNTLM V2\n\tKey Length:\t\t128\n\nThis event is generated when a logon session is created. It is generated on the computer that was accessed.\n\nThe subject fields indicate the account on the local system which requested the logon. This is most commonly a service such as the Server service, or a local process such as Winlogon.exe or Services.exe.\n\nThe logon type field indicates the kind of logon that occurred. The most common types are 2 (interactive) and 3 (network).\n\nThe New Logon fields indicate the account for whom the new logon was created, i.e. the account that was logged on.\n\nThe network fields indicate where a remote logon request originated. Workstation name is not always available and may be left blank in some cases.\n\nThe impersonation level field indicates the extent to which a process in the logon session can impersonate.\n\nThe authentication information fields provide detailed information about this specific logon request.\n\t- Logon GUID is a unique identifier that can be used to correlate this event with a KDC event.\n\t- Transited services indicate which intermediate services have participated in this logon request.\n\t- Package name indicates which sub-protocol was used among the NTLM protocols.\n\t- Key length indicates the length of the generated session key. This will be 0 if no session key was requested."
    },
    {
      "EventCode": "4627",
      "EventKind": "event",
      "EventProvider": "Microsoft-Windows-Security-Auditing",
      "EventId": 4627,
      "EventSeverity": "Info",
      "Type": "Group Membership",
      "HostName": "hm-ad-02",
      "Platform": "windows",
      "Raw": "Group membership information.\n\nSubject:\n\tSecurity ID:\t\tS-1-0-0\n\tAccount Name:\t\t-\n\tAccount Domain:\t\t-\n\tLogon ID:\t\t0x0\n\nLogon Type:\t\t\t3\n\nNew Logon:\n\tSecurity ID:\t\tS-1-5-21-1202660629-1563985344-839522115-9248\n\tAccount Name:\t\tmevans\n\tAccount Domain:\t\tHALFMOONCLUB\n\tLogon ID:\t\t0x335A5E62\n\nEvent in sequence:\t\t1 of 1\n\nGroup Membership:\t\t\t\n\t\t%{S-1-5-21-1202660629-1563985344-839522115-513}\n\t\t%{S-1-1-0}\n\t\t%{S-1-5-32-545}\n\t\t%{S-1-5-32-554}\n\t\t%{S-1-5-2}\n\t\t%{S-1-5-11}\n\t\t%{S-1-5-15}\n\t\t%{S-1-5-21-1202660629-1563985344-839522115-9133}\n\t\t%{S-1-5-21-1202660629-1563985344-839522115-8680}\n\t\t%{S-1-5-21-1202660629-1563985344-839522115-7650}\n\t\t%{S-1-5-21-1202660629-1563985344-839522115-6664}\n\t\t%{S-1-5-21-1202660629-1563985344-839522115-9150}\n\t\t%{S-1-5-21-1202660629-1563985344-839522115-9140}\n\t\t%{S-1-5-21-1202660629-1563985344-839522115-1672}\n\t\t%{S-1-5-21-1202660629-1563985344-839522115-6669}\n\t\t%{S-1-5-21-1202660629-1563985344-839522115-7706}\n\t\t%{S-1-5-21-1202660629-1563985344-839522115-6657}\n\t\t%{S-1-5-21-1202660629-1563985344-839522115-8668}\n\t\t%{S-1-5-21-1202660629-1563985344-839522115-1620}\n\t\t%{S-1-5-21-1202660629-1563985344-839522115-8675}\n\t\t%{S-1-5-64-10}\n\t\t%{S-1-16-8448}\n\nThe subject fields indicate the account on the local system which requested the logon. This is most commonly a service such as the Server service, or a local process such as Winlogon.exe or Services.exe.\n\nThe logon type field indicates the kind of logon that occurred. The most common types are 2 (interactive) and 3 (network).\n\nThe New Logon fields indicate the account for whom the new logon was created, i.e. the account that was logged on.\n\nThis event is generated when the Audit Group Membership subcategory is configured.  The Logon ID field can be used to correlate this event with the corresponding user logon event as well as to any other security audit events generated during this logon session."
    },
    {
      "EventCode": "4634",
      "EventKind": "event",
      "EventProvider": "Microsoft-Windows-Security-Auditing",
      "EventId": 4634,
      "EventSeverity": "Info",
      "Type": "authentication",
      "HostName": "hm-ad-02",
      "Platform": "windows",
      "Raw": "An account was logged off.\n\nSubject:\n\tSecurity ID:\t\tS-1-5-21-1202660629-1563985344-839522115-9248\n\tAccount Name:\t\tmevans\n\tAccount Domain:\t\tHALFMOONCLUB\n\tLogon ID:\t\t0x335A5E62\n\nLogon Type:\t\t\t3\n\nThis event is generated when a logon session is destroyed. It may be positively correlated with a logon event using the Logon ID value. Logon IDs are only unique between reboots on the same computer."
    },
    {
      "EventCode": "1",
      "EventKind": "event",
      "EventProvider": "Microsoft-Windows-Sysmon",
      "EventId": 1,
      "EventSeverity": "Info",
      "Type": "process",
      "HostName": "dt-2ua4032hcm",
      "Platform": "windows",
      "Raw": "Process Create:\nRuleName: -\nUtcTime: 2024-04-16 15:04:33.581\nProcessGuid: {b12883fc-9381-661e-0f35-000000009100}\nProcessId: 14644\nImage: C:\\Windows\\System32\\SearchProtocolHost.exe\nFileVersion: 7.0.19041.3758 (WinBuild.160101.0800)\nDescription: Microsoft Windows Search Protocol Host\nProduct: Windows速 Search\nCompany: Microsoft Corporation\nOriginalFileName: SearchProtocolHost.exe\nCommandLine: \"C:\\WINDOWS\\system32\\SearchProtocolHost.exe\" Global\\UsGthrFltPipeMssGthrPipe_S-1-5-21-1202660629-1563985344-839522115-606210_ Global\\UsGthrCtrlFltPipeMssGthrPipe_S-1-5-21-1202660629-1563985344-839522115-606210 1 -2147483646 \"Software\\Microsoft\\Windows Search\" \"Mozilla/4.0 (compatible; MSIE 6.0; Windows NT; MS Search 4.0 Robot)\" \"C:\\ProgramData\\Microsoft\\Search\\Data\\Temp\\usgthrsvc\" \"DownLevelDaemon\"  \"1\"\nCurrentDirectory: C:\\WINDOWS\\system32\\\nUser: HALFMOONCLUB\\jfox\nLogonGuid: {b12883fc-6261-661e-b366-c20400000000}\nLogonId: 0x4C266B3\nTerminalSessionId: 3\nIntegrityLevel: Medium\nHashes: MD5=EFC09FA3DCABD59C17C69F8358C88276,SHA256=DE9CB5458CA8144610F2B7532A2659752A4D0F7D20865B0A00F767EA91753237,IMPHASH=8B2A73CF81704F7AED84C67134EC39AC\nParentProcessGuid: {b12883fc-72e9-661e-102d-000000009100}\nParentProcessId: 6120\nParentImage: C:\\Windows\\System32\\SearchIndexer.exe\nParentCommandLine: C:\\WINDOWS\\system32\\SearchIndexer.exe /Embedding\nParentUser: NT AUTHORITY\\SYSTEM"
    },
    {
      "EventCode": "4634",
      "EventKind": "event",
      "EventProvider": "Microsoft-Windows-Security-Auditing",
      "EventId": 4634,
      "EventSeverity": "Info",
      "Type": "authentication",
      "HostName": "hm-ad-02",
      "Platform": "windows",
      "Raw": "An account was logged off.\n\nSubject:\n\tSecurity ID:\t\tS-1-5-21-1202660629-1563985344-839522115-9248\n\tAccount Name:\t\tmevans\n\tAccount Domain:\t\tHALFMOONCLUB\n\tLogon ID:\t\t0x335A5E29\n\nLogon Type:\t\t\t3\n\nThis event is generated when a logon session is destroyed. It may be positively correlated with a logon event using the Logon ID value. Logon IDs are only unique between reboots on the same computer."
    },
    {
      "EventCode": "5145",
      "EventKind": "event",
      "EventProvider": "Microsoft-Windows-Security-Auditing",
      "EventId": 5145,
      "EventSeverity": "Info",
      "Type": "Detailed File Share",
      "HostName": "hm-ad-02",
      "Platform": "windows",
      "Raw": "A network share object was checked to see whether client can be granted desired access.\n\t\nSubject:\n\tSecurity ID:\t\tS-1-5-21-1202660629-1563985344-839522115-9248\n\tAccount Name:\t\tmevans\n\tAccount Domain:\t\tHALFMOONCLUB\n\tLogon ID:\t\t0x335A5D6A\n\nNetwork Information:\t\n\tObject Type:\t\tFile\n\tSource Address:\t\t10.10.20.1\n\tSource Port:\t\t58856\n\t\nShare Information:\n\tShare Name:\t\t\\\\*\\IPC$\n\tShare Path:\t\t\n\tRelative Target Name:\tspoolss\n\nAccess Request Information:\n\tAccess Mask:\t\t0x12019F\n\tAccesses:\t\tREAD_CONTROL\n\t\t\t\tSYNCHRONIZE\n\t\t\t\tReadData (or ListDirectory)\n\t\t\t\tWriteData (or AddFile)\n\t\t\t\tAppendData (or AddSubdirectory or CreatePipeInstance)\n\t\t\t\tReadEA\n\t\t\t\tWriteEA\n\t\t\t\tReadAttributes\n\t\t\t\tWriteAttributes\n\t\t\t\t\nAccess Check Results:\n\t-"
    },
    {
      "EventCode": "4624",
      "EventKind": "event",
      "EventProvider": "Microsoft-Windows-Security-Auditing",
      "EventId": 4624,
      "EventSeverity": "Info",
      "Type": "authentication",
      "HostName": "hm-ad-02",
      "Platform": "windows",
      "Raw": "An account was successfully logged on.\n\nSubject:\n\tSecurity ID:\t\tS-1-0-0\n\tAccount Name:\t\t-\n\tAccount Domain:\t\t-\n\tLogon ID:\t\t0x0\n\nLogon Information:\n\tLogon Type:\t\t3\n\tRestricted Admin Mode:\t-\n\tVirtual Account:\t\tNo\n\tElevated Token:\t\tYes\n\nImpersonation Level:\t\tImpersonation\n\nNew Logon:\n\tSecurity ID:\t\tS-1-5-21-1202660629-1563985344-839522115-9248\n\tAccount Name:\t\tmevans\n\tAccount Domain:\t\tHALFMOONCLUB\n\tLogon ID:\t\t0x335A5E29\n\tLinked Logon ID:\t\t0x0\n\tNetwork Account Name:\t-\n\tNetwork Account Domain:\t-\n\tLogon GUID:\t\t{00000000-0000-0000-0000-000000000000}\n\nProcess Information:\n\tProcess ID:\t\t0x0\n\tProcess Name:\t\t-\n\nNetwork Information:\n\tWorkstation Name:\tDT-23C4GT3\n\tSource Network Address:\t-\n\tSource Port:\t\t-\n\nDetailed Authentication Information:\n\tLogon Process:\t\tNtLmSsp \n\tAuthentication Package:\tNTLM\n\tTransited Services:\t-\n\tPackage Name (NTLM only):\tNTLM V2\n\tKey Length:\t\t128\n\nThis event is generated when a logon session is created. It is generated on the computer that was accessed.\n\nThe subject fields indicate the account on the local system which requested the logon. This is most commonly a service such as the Server service, or a local process such as Winlogon.exe or Services.exe.\n\nThe logon type field indicates the kind of logon that occurred. The most common types are 2 (interactive) and 3 (network).\n\nThe New Logon fields indicate the account for whom the new logon was created, i.e. the account that was logged on.\n\nThe network fields indicate where a remote logon request originated. Workstation name is not always available and may be left blank in some cases.\n\nThe impersonation level field indicates the extent to which a process in the logon session can impersonate.\n\nThe authentication information fields provide detailed information about this specific logon request.\n\t- Logon GUID is a unique identifier that can be used to correlate this event with a KDC event.\n\t- Transited services indicate which intermediate services have participated in this logon request.\n\t- Package name indicates which sub-protocol was used among the NTLM protocols.\n\t- Key length indicates the length of the generated session key. This will be 0 if no session key was requested."
    },
    {
      "EventCode": "4627",
      "EventKind": "event",
      "EventProvider": "Microsoft-Windows-Security-Auditing",
      "EventId": 4627,
      "EventSeverity": "Info",
      "Type": "Group Membership",
      "HostName": "hm-ad-02",
      "Platform": "windows",
