      "Raw": "A scheduled task was updated.\n\nSubject:\n\tSecurity ID:\t\tS-1-5-18\n\tAccount Name:\t\tDT-6NTDVD3$\n\tAccount Domain:\t\tHALFMOONCLUB\n\tLogon ID:\t\t0x3E7\n\nTask Information:\n\tTask Name: \t\t\\Microsoft\\Windows\\UpdateOrchestrator\\Schedule Wake To Work\n\tTask New Content: \t\t<?xml version=\"1.0\" encoding=\"UTF-16\"?>\n<Task version=\"1.2\" xmlns=\"http://schemas.microsoft.com/windows/2004/02/mit/task\">\n  <RegistrationInfo>\n    <URI>\\Microsoft\\Windows\\UpdateOrchestrator\\Schedule Wake To Work</URI>\n    <SecurityDescriptor>D:P(A;;FA;;;SY)(A;;FRFX;;;LS)(A;;FRFX;;;BA)</SecurityDescriptor>\n  </RegistrationInfo>\n  <Triggers />\n  <Principals>\n    <Principal id=\"Author\">\n      <UserId>S-1-5-18</UserId>\n      <RunLevel>LeastPrivilege</RunLevel>\n    </Principal>\n  </Principals>\n  <Settings>\n    <MultipleInstancesPolicy>IgnoreNew</MultipleInstancesPolicy>\n    <DisallowStartIfOnBatteries>true</DisallowStartIfOnBatteries>\n    <StopIfGoingOnBatteries>true</StopIfGoingOnBatteries>\n    <AllowHardTerminate>true</AllowHardTerminate>\n    <StartWhenAvailable>false</StartWhenAvailable>\n    <RunOnlyIfNetworkAvailable>false</RunOnlyIfNetworkAvailable>\n    <IdleSettings>\n      <Duration>PT10M</Duration>\n      <WaitTimeout>PT1H</WaitTimeout>\n      <StopOnIdleEnd>true</StopOnIdleEnd>\n      <RestartOnIdle>false</RestartOnIdle>\n    </IdleSettings>\n    <AllowStartOnDemand>true</AllowStartOnDemand>\n    <Enabled>false</Enabled>\n    <Hidden>false</Hidden>\n    <RunOnlyIfIdle>false</RunOnlyIfIdle>\n    <WakeToRun>false</WakeToRun>\n    <ExecutionTimeLimit>PT72H</ExecutionTimeLimit>\n    <Priority>7</Priority>\n  </Settings>\n  <Actions Context=\"Author\">\n    <Exec>\n      <Command>%systemroot%\\system32\\usoclient.exe</Command>\n      <Arguments>StartWork</Arguments>\n    </Exec>\n  </Actions>\n</Task>\n\nOther Information:\n\tProcessCreationTime: \t\t70931694131088125\n\tClientProcessId: \t\t\t3232\n\tParentProcessId: \t\t\t944\n\tFQDN: \t\t0\n\t"
    },
    {
      "EventCode": "4702",
      "EventKind": "event",
      "EventProvider": "Microsoft-Windows-Security-Auditing",
      "EventId": 4702,
      "EventSeverity": "Info",
      "Type": "iam",
      "HostName": "dt-6ntdvd3",
      "Platform": "windows",
      "Raw": "A scheduled task was updated.\n\nSubject:\n\tSecurity ID:\t\tS-1-5-18\n\tAccount Name:\t\tDT-6NTDVD3$\n\tAccount Domain:\t\tHALFMOONCLUB\n\tLogon ID:\t\t0x3E7\n\nTask Information:\n\tTask Name: \t\t\\Microsoft\\Windows\\UpdateOrchestrator\\Schedule Work\n\tTask New Content: \t\t<?xml version=\"1.0\" encoding=\"UTF-16\"?>\n<Task version=\"1.2\" xmlns=\"http://schemas.microsoft.com/windows/2004/02/mit/task\">\n  <RegistrationInfo>\n    <URI>\\Microsoft\\Windows\\UpdateOrchestrator\\Schedule Work</URI>\n    <SecurityDescriptor>D:P(A;;FA;;;SY)(A;;FRFX;;;LS)(A;;FRFX;;;BA)</SecurityDescriptor>\n  </RegistrationInfo>\n  <Triggers>\n    <TimeTrigger>\n      <StartBoundary>2024-04-13T17:14:00-05:00</StartBoundary>\n      <Enabled>true</Enabled>\n    </TimeTrigger>\n  </Triggers>\n  <Principals>\n    <Principal id=\"Author\">\n      <RunLevel>LeastPrivilege</RunLevel>\n      <UserId>S-1-5-18</UserId>\n    </Principal>\n  </Principals>\n  <Settings>\n    <MultipleInstancesPolicy>IgnoreNew</MultipleInstancesPolicy>\n    <DisallowStartIfOnBatteries>true</DisallowStartIfOnBatteries>\n    <StopIfGoingOnBatteries>true</StopIfGoingOnBatteries>\n    <AllowHardTerminate>true</AllowHardTerminate>\n    <StartWhenAvailable>true</StartWhenAvailable>\n    <RunOnlyIfNetworkAvailable>false</RunOnlyIfNetworkAvailable>\n    <IdleSettings>\n      <Duration>PT10M</Duration>\n      <WaitTimeout>PT1H</WaitTimeout>\n      <StopOnIdleEnd>true</StopOnIdleEnd>\n      <RestartOnIdle>false</RestartOnIdle>\n    </IdleSettings>\n    <AllowStartOnDemand>true</AllowStartOnDemand>\n    <Enabled>false</Enabled>\n    <Hidden>false</Hidden>\n    <RunOnlyIfIdle>false</RunOnlyIfIdle>\n    <WakeToRun>false</WakeToRun>\n    <ExecutionTimeLimit>PT72H</ExecutionTimeLimit>\n    <Priority>7</Priority>\n  </Settings>\n  <Actions Context=\"Author\">\n    <Exec>\n      <Command>%systemroot%\\system32\\usoclient.exe</Command>\n      <Arguments>StartWork</Arguments>\n    </Exec>\n  </Actions>\n</Task>\n\nOther Information:\n\tProcessCreationTime: \t\t70931694131092687\n\tClientProcessId: \t\t\t2472\n\tParentProcessId: \t\t\t1216\n\tFQDN: \t\t0\n\t"
    },
    {
      "EventCode": "4702",
      "EventKind": "event",
      "EventProvider": "Microsoft-Windows-Security-Auditing",
      "EventId": 4702,
      "EventSeverity": "Info",
      "Type": "iam",
      "HostName": "dt-6ntdvd3",
      "Platform": "windows",
      "Raw": "A scheduled task was updated.\n\nSubject:\n\tSecurity ID:\t\tS-1-5-18\n\tAccount Name:\t\tDT-6NTDVD3$\n\tAccount Domain:\t\tHALFMOONCLUB\n\tLogon ID:\t\t0x3E7\n\nTask Information:\n\tTask Name: \t\t\\Microsoft\\Windows\\UpdateOrchestrator\\Schedule Work\n\tTask New Content: \t\t<?xml version=\"1.0\" encoding=\"UTF-16\"?>\n<Task version=\"1.2\" xmlns=\"http://schemas.microsoft.com/windows/2004/02/mit/task\">\n  <RegistrationInfo>\n    <URI>\\Microsoft\\Windows\\UpdateOrchestrator\\Schedule Work</URI>\n  </RegistrationInfo>\n  <Triggers>\n    <TimeTrigger>\n      <StartBoundary>2024-04-13T17:14:00-05:00</StartBoundary>\n      <Enabled>true</Enabled>\n    </TimeTrigger>\n  </Triggers>\n  <Principals>\n    <Principal id=\"Author\">\n      <UserId>S-1-5-18</UserId>\n      <RunLevel>LeastPrivilege</RunLevel>\n    </Principal>\n  </Principals>\n  <Settings>\n    <MultipleInstancesPolicy>IgnoreNew</MultipleInstancesPolicy>\n    <DisallowStartIfOnBatteries>true</DisallowStartIfOnBatteries>\n    <StopIfGoingOnBatteries>true</StopIfGoingOnBatteries>\n    <AllowHardTerminate>true</AllowHardTerminate>\n    <StartWhenAvailable>true</StartWhenAvailable>\n    <RunOnlyIfNetworkAvailable>false</RunOnlyIfNetworkAvailable>\n    <IdleSettings>\n      <Duration>PT10M</Duration>\n      <WaitTimeout>PT1H</WaitTimeout>\n      <StopOnIdleEnd>true</StopOnIdleEnd>\n      <RestartOnIdle>false</RestartOnIdle>\n    </IdleSettings>\n    <AllowStartOnDemand>true</AllowStartOnDemand>\n    <Enabled>false</Enabled>\n    <Hidden>false</Hidden>\n    <RunOnlyIfIdle>false</RunOnlyIfIdle>\n    <WakeToRun>false</WakeToRun>\n    <ExecutionTimeLimit>PT72H</ExecutionTimeLimit>\n    <Priority>7</Priority>\n  </Settings>\n  <Actions Context=\"Author\">\n    <Exec>\n      <Command>%systemroot%\\system32\\usoclient.exe</Command>\n      <Arguments>StartWork</Arguments>\n    </Exec>\n  </Actions>\n</Task>\n\nOther Information:\n\tProcessCreationTime: \t\t70931694131088125\n\tClientProcessId: \t\t\t3232\n\tParentProcessId: \t\t\t944\n\tFQDN: \t\t0\n\t"
    },
    {
      "EventCode": "4702",
      "EventKind": "event",
      "EventProvider": "Microsoft-Windows-Security-Auditing",
      "EventId": 4702,
      "EventSeverity": "Info",
      "Type": "iam",
      "HostName": "dt-6ntdvd3",
      "Platform": "windows",
      "Raw": "A scheduled task was updated.\n\nSubject:\n\tSecurity ID:\t\tS-1-5-18\n\tAccount Name:\t\tDT-6NTDVD3$\n\tAccount Domain:\t\tHALFMOONCLUB\n\tLogon ID:\t\t0x3E7\n\nTask Information:\n\tTask Name: \t\t\\Microsoft\\Windows\\UpdateOrchestrator\\Schedule Wake To Work\n\tTask New Content: \t\t<?xml version=\"1.0\" encoding=\"UTF-16\"?>\n<Task version=\"1.2\" xmlns=\"http://schemas.microsoft.com/windows/2004/02/mit/task\">\n  <RegistrationInfo>\n    <URI>\\Microsoft\\Windows\\UpdateOrchestrator\\Schedule Wake To Work</URI>\n    <SecurityDescriptor>D:P(A;;FA;;;SY)(A;;FRFX;;;LS)(A;;FRFX;;;BA)</SecurityDescriptor>\n  </RegistrationInfo>\n  <Triggers />\n  <Principals>\n    <Principal id=\"Author\">\n      <UserId>S-1-5-18</UserId>\n      <RunLevel>LeastPrivilege</RunLevel>\n    </Principal>\n  </Principals>\n  <Settings>\n    <MultipleInstancesPolicy>IgnoreNew</MultipleInstancesPolicy>\n    <DisallowStartIfOnBatteries>true</DisallowStartIfOnBatteries>\n    <StopIfGoingOnBatteries>true</StopIfGoingOnBatteries>\n    <AllowHardTerminate>true</AllowHardTerminate>\n    <StartWhenAvailable>false</StartWhenAvailable>\n    <RunOnlyIfNetworkAvailable>false</RunOnlyIfNetworkAvailable>\n    <IdleSettings>\n      <Duration>PT10M</Duration>\n      <WaitTimeout>PT1H</WaitTimeout>\n      <StopOnIdleEnd>true</StopOnIdleEnd>\n      <RestartOnIdle>false</RestartOnIdle>\n    </IdleSettings>\n    <AllowStartOnDemand>true</AllowStartOnDemand>\n    <Enabled>false</Enabled>\n    <Hidden>false</Hidden>\n    <RunOnlyIfIdle>false</RunOnlyIfIdle>\n    <WakeToRun>false</WakeToRun>\n    <ExecutionTimeLimit>PT72H</ExecutionTimeLimit>\n    <Priority>7</Priority>\n  </Settings>\n  <Actions Context=\"Author\">\n    <Exec>\n      <Command>%systemroot%\\system32\\usoclient.exe</Command>\n      <Arguments>StartWork</Arguments>\n    </Exec>\n  </Actions>\n</Task>\n\nOther Information:\n\tProcessCreationTime: \t\t70931694131088125\n\tClientProcessId: \t\t\t3232\n\tParentProcessId: \t\t\t944\n\tFQDN: \t\t0\n\t"
    },
    {
      "EventCode": "4702",
      "EventKind": "event",
      "EventProvider": "Microsoft-Windows-Security-Auditing",
      "EventId": 4702,
      "EventSeverity": "Info",
      "Type": "iam",
      "HostName": "dt-6ntdvd3",
      "Platform": "windows",
      "Raw": "A scheduled task was updated.\n\nSubject:\n\tSecurity ID:\t\tS-1-5-18\n\tAccount Name:\t\tDT-6NTDVD3$\n\tAccount Domain:\t\tHALFMOONCLUB\n\tLogon ID:\t\t0x3E7\n\nTask Information:\n\tTask Name: \t\t\\Microsoft\\Windows\\UpdateOrchestrator\\Schedule Maintenance Work\n\tTask New Content: \t\t<?xml version=\"1.0\" encoding=\"UTF-16\"?>\n<Task version=\"1.2\" xmlns=\"http://schemas.microsoft.com/windows/2004/02/mit/task\">\n  <RegistrationInfo>\n    <URI>\\Microsoft\\Windows\\UpdateOrchestrator\\Schedule Maintenance Work</URI>\n    <SecurityDescriptor>D:P(A;;FA;;;SY)(A;;FRFX;;;LS)(A;;FRFX;;;BA)</SecurityDescriptor>\n  </RegistrationInfo>\n  <Triggers />\n  <Principals>\n    <Principal id=\"Author\">\n      <RunLevel>LeastPrivilege</RunLevel>\n      <UserId>S-1-5-18</UserId>\n    </Principal>\n  </Principals>\n  <Settings>\n    <MultipleInstancesPolicy>IgnoreNew</MultipleInstancesPolicy>\n    <DisallowStartIfOnBatteries>true</DisallowStartIfOnBatteries>\n    <StopIfGoingOnBatteries>true</StopIfGoingOnBatteries>\n    <AllowHardTerminate>true</AllowHardTerminate>\n    <StartWhenAvailable>false</StartWhenAvailable>\n    <RunOnlyIfNetworkAvailable>false</RunOnlyIfNetworkAvailable>\n    <IdleSettings>\n      <Duration>PT10M</Duration>\n      <WaitTimeout>PT1H</WaitTimeout>\n      <StopOnIdleEnd>true</StopOnIdleEnd>\n      <RestartOnIdle>false</RestartOnIdle>\n    </IdleSettings>\n    <AllowStartOnDemand>true</AllowStartOnDemand>\n    <Enabled>false</Enabled>\n    <Hidden>false</Hidden>\n    <RunOnlyIfIdle>false</RunOnlyIfIdle>\n    <WakeToRun>false</WakeToRun>\n    <ExecutionTimeLimit>PT72H</ExecutionTimeLimit>\n    <Priority>7</Priority>\n  </Settings>\n  <Actions Context=\"Author\">\n    <Exec>\n      <Command>%systemroot%\\system32\\usoclient.exe</Command>\n      <Arguments>StartMaintenanceWork</Arguments>\n    </Exec>\n  </Actions>\n</Task>\n\nOther Information:\n\tProcessCreationTime: \t\t70931694131092687\n\tClientProcessId: \t\t\t2472\n\tParentProcessId: \t\t\t1216\n\tFQDN: \t\t0\n\t"
    },
    {
      "EventCode": "4702",
      "EventKind": "event",
      "EventProvider": "Microsoft-Windows-Security-Auditing",
      "EventId": 4702,
      "EventSeverity": "Info",
      "Type": "iam",
      "HostName": "dt-6ntdvd3",
      "Platform": "windows",
      "Raw": "A scheduled task was updated.\n\nSubject:\n\tSecurity ID:\t\tS-1-5-18\n\tAccount Name:\t\tDT-6NTDVD3$\n\tAccount Domain:\t\tHALFMOONCLUB\n\tLogon ID:\t\t0x3E7\n\nTask Information:\n\tTask Name: \t\t\\Microsoft\\Windows\\UpdateOrchestrator\\Schedule Maintenance Work\n\tTask New Content: \t\t<?xml version=\"1.0\" encoding=\"UTF-16\"?>\n<Task version=\"1.2\" xmlns=\"http://schemas.microsoft.com/windows/2004/02/mit/task\">\n  <RegistrationInfo>\n    <URI>\\Microsoft\\Windows\\UpdateOrchestrator\\Schedule Maintenance Work</URI>\n  </RegistrationInfo>\n  <Triggers />\n  <Principals>\n    <Principal id=\"Author\">\n      <UserId>S-1-5-18</UserId>\n      <RunLevel>LeastPrivilege</RunLevel>\n    </Principal>\n  </Principals>\n  <Settings>\n    <MultipleInstancesPolicy>IgnoreNew</MultipleInstancesPolicy>\n    <DisallowStartIfOnBatteries>true</DisallowStartIfOnBatteries>\n    <StopIfGoingOnBatteries>true</StopIfGoingOnBatteries>\n    <AllowHardTerminate>true</AllowHardTerminate>\n    <StartWhenAvailable>false</StartWhenAvailable>\n    <RunOnlyIfNetworkAvailable>false</RunOnlyIfNetworkAvailable>\n    <IdleSettings>\n      <Duration>PT10M</Duration>\n      <WaitTimeout>PT1H</WaitTimeout>\n      <StopOnIdleEnd>true</StopOnIdleEnd>\n      <RestartOnIdle>false</RestartOnIdle>\n    </IdleSettings>\n    <AllowStartOnDemand>true</AllowStartOnDemand>\n    <Enabled>false</Enabled>\n    <Hidden>false</Hidden>\n    <RunOnlyIfIdle>false</RunOnlyIfIdle>\n    <WakeToRun>false</WakeToRun>\n    <ExecutionTimeLimit>PT72H</ExecutionTimeLimit>\n    <Priority>7</Priority>\n  </Settings>\n  <Actions Context=\"Author\">\n    <Exec>\n      <Command>%systemroot%\\system32\\usoclient.exe</Command>\n      <Arguments>StartMaintenanceWork</Arguments>\n    </Exec>\n  </Actions>\n</Task>\n\nOther Information:\n\tProcessCreationTime: \t\t70931694131088125\n\tClientProcessId: \t\t\t3232\n\tParentProcessId: \t\t\t944\n\tFQDN: \t\t0\n\t"
    },
    {
      "EventCode": "4688",
      "EventKind": "event",
      "EventProvider": "Microsoft-Windows-Security-Auditing",
      "EventId": 4688,
      "EventSeverity": "Info",
      "Type": "process",
      "HostName": "hm-ips-db",
      "Platform": "windows",
      "Raw": "A new process has been created.\n\nCreator Subject:\n\tSecurity ID:\t\tS-1-5-18\n\tAccount Name:\t\tHM-IPS-DB$\n\tAccount Domain:\t\tHALFMOONCLUB\n\tLogon ID:\t\t0x3E7\n\nTarget Subject:\n\tSecurity ID:\t\tS-1-0-0\n\tAccount Name:\t\t-\n\tAccount Domain:\t\t-\n\tLogon ID:\t\t0x0\n\nProcess Information:\n\tNew Process ID:\t\t0x2798\n\tNew Process Name:\tC:\\Windows\\System32\\sc.exe\n\tToken Elevation Type:\t%%1936\n\tMandatory Label:\t\tS-1-16-16384\n\tCreator Process ID:\t0x148\n\tCreator Process Name:\tC:\\Windows\\System32\\cmd.exe\n\tProcess Command Line:\t\n\nToken Elevation Type indicates the type of token that was assigned to the new process in accordance with User Account Control policy.\n\nType 1 is a full token with no privileges removed or groups disabled.  A full token is only used if User Account Control is disabled or if the user is the built-in Administrator account or a service account.\n\nType 2 is an elevated token with no privileges removed or groups disabled.  An elevated token is used when User Account Control is enabled and the user chooses to start the program using Run as administrator.  An elevated token is also used when an application is configured to always require administrative privilege or to always require maximum privilege, and the user is a member of the Administrators group.\n\nType 3 is a limited token with administrative privileges removed and administrative groups disabled.  The limited token is used when User Account Control is enabled, the application does not require administrative privilege, and the user does not choose to start the program using Run as administrator."
    },
    {
      "EventCode": "4688",
      "EventKind": "event",
      "EventProvider": "Microsoft-Windows-Security-Auditing",
      "EventId": 4688,
      "EventSeverity": "Info",
      "Type": "process",
      "HostName": "dt-6ntdvd3",
      "Platform": "windows",
      "Raw": "A new process has been created.\n\nCreator Subject:\n\tSecurity ID:\t\tS-1-5-18\n\tAccount Name:\t\tDT-6NTDVD3$\n\tAccount Domain:\t\tHALFMOONCLUB\n\tLogon ID:\t\t0x3E7\n\nTarget Subject:\n\tSecurity ID:\t\tS-1-0-0\n\tAccount Name:\t\t-\n\tAccount Domain:\t\t-\n\tLogon ID:\t\t0x0\n\nProcess Information:\n\tNew Process ID:\t\t0x9a8\n\tNew Process Name:\tC:\\Windows\\System32\\MoUsoCoreWorker.exe\n\tToken Elevation Type:\t%%1936\n\tMandatory Label:\t\tS-1-16-16384\n\tCreator Process ID:\t0x4c0\n\tCreator Process Name:\tC:\\Windows\\System32\\svchost.exe\n\tProcess Command Line:\t\n\nToken Elevation Type indicates the type of token that was assigned to the new process in accordance with User Account Control policy.\n\nType 1 is a full token with no privileges removed or groups disabled.  A full token is only used if User Account Control is disabled or if the user is the built-in Administrator account or a service account.\n\nType 2 is an elevated token with no privileges removed or groups disabled.  An elevated token is used when User Account Control is enabled and the user chooses to start the program using Run as administrator.  An elevated token is also used when an application is configured to always require administrative privilege or to always require maximum privilege, and the user is a member of the Administrators group.\n\nType 3 is a limited token with administrative privileges removed and administrative groups disabled.  The limited token is used when User Account Control is enabled, the application does not require administrative privilege, and the user does not choose to start the program using Run as administrator."
    },
    {
      "EventCode": "4688",
      "EventKind": "event",
      "EventProvider": "Microsoft-Windows-Security-Auditing",
      "EventId": 4688,
      "EventSeverity": "Info",
      "Type": "process",
      "HostName": "dt-6ntdvd3",
      "Platform": "windows",
      "Raw": "A new process has been created.\n\nCreator Subject:\n\tSecurity ID:\t\tS-1-5-18\n\tAccount Name:\t\tDT-6NTDVD3$\n\tAccount Domain:\t\tHALFMOONCLUB\n\tLogon ID:\t\t0x3E7\n\nTarget Subject:\n\tSecurity ID:\t\tS-1-0-0\n\tAccount Name:\t\tDT-6NTDVD3$\n\tAccount Domain:\t\tHALFMOONCLUB\n\tLogon ID:\t\t0x3E4\n\nProcess Information:\n\tNew Process ID:\t\t0x1874\n\tNew Process Name:\tC:\\Windows\\System32\\sppsvc.exe\n\tToken Elevation Type:\t%%1936\n\tMandatory Label:\t\tS-1-16-16384\n\tCreator Process ID:\t0x3b0\n\tCreator Process Name:\tC:\\Windows\\System32\\services.exe\n\tProcess Command Line:\t\n\nToken Elevation Type indicates the type of token that was assigned to the new process in accordance with User Account Control policy.\n\nType 1 is a full token with no privileges removed or groups disabled.  A full token is only used if User Account Control is disabled or if the user is the built-in Administrator account or a service account.\n\nType 2 is an elevated token with no privileges removed or groups disabled.  An elevated token is used when User Account Control is enabled and the user chooses to start the program using Run as administrator.  An elevated token is also used when an application is configured to always require administrative privilege or to always require maximum privilege, and the user is a member of the Administrators group.\n\nType 3 is a limited token with administrative privileges removed and administrative groups disabled.  The limited token is used when User Account Control is enabled, the application does not require administrative privilege, and the user does not choose to start the program using Run as administrator."
    },
    {
      "EventCode": "4702",
      "EventKind": "event",
      "EventProvider": "Microsoft-Windows-Security-Auditing",
      "EventId": 4702,
      "EventSeverity": "Info",
      "Type": "iam",
      "HostName": "dt-6ntdvd3",
      "Platform": "windows",
      "Raw": "A scheduled task was updated.\n\nSubject:\n\tSecurity ID:\t\tS-1-5-18\n\tAccount Name:\t\tDT-6NTDVD3$\n\tAccount Domain:\t\tHALFMOONCLUB\n\tLogon ID:\t\t0x3E7\n\nTask Information:\n\tTask Name: \t\t\\Microsoft\\Windows\\UpdateOrchestrator\\Schedule Work\n\tTask New Content: \t\t<?xml version=\"1.0\" encoding=\"UTF-16\"?>\n<Task version=\"1.2\" xmlns=\"http://schemas.microsoft.com/windows/2004/02/mit/task\">\n  <RegistrationInfo>\n    <URI>\\Microsoft\\Windows\\UpdateOrchestrator\\Schedule Work</URI>\n    <SecurityDescriptor>D:P(A;;FA;;;SY)(A;;FRFX;;;LS)(A;;FRFX;;;BA)</SecurityDescriptor>\n  </RegistrationInfo>\n  <Triggers>\n    <TimeTrigger>\n      <StartBoundary>2024-04-13T17:14:00-05:00</StartBoundary>\n      <Enabled>true</Enabled>\n    </TimeTrigger>\n  </Triggers>\n  <Principals>\n    <Principal id=\"Author\">\n      <RunLevel>LeastPrivilege</RunLevel>\n      <UserId>S-1-5-18</UserId>\n    </Principal>\n  </Principals>\n  <Settings>\n    <MultipleInstancesPolicy>IgnoreNew</MultipleInstancesPolicy>\n    <DisallowStartIfOnBatteries>true</DisallowStartIfOnBatteries>\n    <StopIfGoingOnBatteries>true</StopIfGoingOnBatteries>\n    <AllowHardTerminate>true</AllowHardTerminate>\n    <StartWhenAvailable>true</StartWhenAvailable>\n    <RunOnlyIfNetworkAvailable>false</RunOnlyIfNetworkAvailable>\n    <IdleSettings>\n      <Duration>PT10M</Duration>\n      <WaitTimeout>PT1H</WaitTimeout>\n      <StopOnIdleEnd>true</StopOnIdleEnd>\n      <RestartOnIdle>false</RestartOnIdle>\n    </IdleSettings>\n    <AllowStartOnDemand>true</AllowStartOnDemand>\n    <Enabled>false</Enabled>\n    <Hidden>false</Hidden>\n    <RunOnlyIfIdle>false</RunOnlyIfIdle>\n    <WakeToRun>false</WakeToRun>\n    <ExecutionTimeLimit>PT72H</ExecutionTimeLimit>\n    <Priority>7</Priority>\n  </Settings>\n  <Actions Context=\"Author\">\n    <Exec>\n      <Command>%systemroot%\\system32\\usoclient.exe</Command>\n      <Arguments>StartWork</Arguments>\n    </Exec>\n  </Actions>\n</Task>\n\nOther Information:\n\tProcessCreationTime: \t\t70931694131092687\n\tClientProcessId: \t\t\t2472\n\tParentProcessId: \t\t\t1216\n\tFQDN: \t\t0\n\t"
    },
    {
      "EventCode": "4702",
      "EventKind": "event",
      "EventProvider": "Microsoft-Windows-Security-Auditing",
      "EventId": 4702,
      "EventSeverity": "Info",
      "Type": "iam",
      "HostName": "dt-6ntdvd3",
      "Platform": "windows",
      "Raw": "A scheduled task was updated.\n\nSubject:\n\tSecurity ID:\t\tS-1-5-18\n\tAccount Name:\t\tDT-6NTDVD3$\n\tAccount Domain:\t\tHALFMOONCLUB\n\tLogon ID:\t\t0x3E7\n\nTask Information:\n\tTask Name: \t\t\\Microsoft\\Windows\\UpdateOrchestrator\\Schedule Work\n\tTask New Content: \t\t<?xml version=\"1.0\" encoding=\"UTF-16\"?>\n<Task version=\"1.2\" xmlns=\"http://schemas.microsoft.com/windows/2004/02/mit/task\">\n  <RegistrationInfo>\n    <URI>\\Microsoft\\Windows\\UpdateOrchestrator\\Schedule Work</URI>\n  </RegistrationInfo>\n  <Triggers>\n    <TimeTrigger>\n      <StartBoundary>2024-04-13T17:14:00-05:00</StartBoundary>\n      <Enabled>true</Enabled>\n    </TimeTrigger>\n  </Triggers>\n  <Principals>\n    <Principal id=\"Author\">\n      <UserId>S-1-5-18</UserId>\n      <RunLevel>LeastPrivilege</RunLevel>\n    </Principal>\n  </Principals>\n  <Settings>\n    <MultipleInstancesPolicy>IgnoreNew</MultipleInstancesPolicy>\n    <DisallowStartIfOnBatteries>true</DisallowStartIfOnBatteries>\n    <StopIfGoingOnBatteries>true</StopIfGoingOnBatteries>\n    <AllowHardTerminate>true</AllowHardTerminate>\n    <StartWhenAvailable>true</StartWhenAvailable>\n    <RunOnlyIfNetworkAvailable>false</RunOnlyIfNetworkAvailable>\n    <IdleSettings>\n      <Duration>PT10M</Duration>\n      <WaitTimeout>PT1H</WaitTimeout>\n      <StopOnIdleEnd>true</StopOnIdleEnd>\n      <RestartOnIdle>false</RestartOnIdle>\n    </IdleSettings>\n    <AllowStartOnDemand>true</AllowStartOnDemand>\n    <Enabled>false</Enabled>\n    <Hidden>false</Hidden>\n    <RunOnlyIfIdle>false</RunOnlyIfIdle>\n    <WakeToRun>false</WakeToRun>\n    <ExecutionTimeLimit>PT72H</ExecutionTimeLimit>\n    <Priority>7</Priority>\n  </Settings>\n  <Actions Context=\"Author\">\n    <Exec>\n      <Command>%systemroot%\\system32\\usoclient.exe</Command>\n      <Arguments>StartWork</Arguments>\n    </Exec>\n  </Actions>\n</Task>\n\nOther Information:\n\tProcessCreationTime: \t\t70931694131088125\n\tClientProcessId: \t\t\t3232\n\tParentProcessId: \t\t\t944\n\tFQDN: \t\t0\n\t"
    },
    {
      "EventCode": "1",
      "EventKind": "event",
      "EventProvider": "Microsoft-Windows-Sysmon",
      "EventId": 1,
      "EventSeverity": "Info",
      "Type": "process",
      "HostName": "dt-6ntdvd3",
      "Platform": "windows",
      "Raw": "Process Create:\nRuleName: -\nUtcTime: 2024-04-16 15:04:39.629\nProcessGuid: {646dc9fa-9387-661e-d01c-00000000fc00}\nProcessId: 6260\nImage: C:\\Windows\\System32\\sppsvc.exe\nFileVersion: 10.0.19041.4291 (WinBuild.160101.0800)\nDescription: Microsoft Software Protection Platform Service\nProduct: Microsoft速 Windows速 Operating System\nCompany: Microsoft Corporation\nOriginalFileName: sppsvc.exe\nCommandLine: C:\\Windows\\system32\\sppsvc.exe\nCurrentDirectory: C:\\Windows\nUser: NT AUTHORITY\\NETWORK SERVICE\nLogonGuid: {646dc9fa-b194-661d-e403-000000000000}\nLogonId: 0x3E4\nTerminalSessionId: 0\nIntegrityLevel: System\nHashes: MD5=857D1B1DC912709AC4F8C04F4110FDF9,SHA256=D5099F013D0673E42916C831085B3CC41B904580A00ADA175BD3900A22FE5D36,IMPHASH=865C812E4E3E6E8C398A0757574C8DA3\nParentProcessGuid: {646dc9fa-b194-661d-0a00-00000000fc00}\nParentProcessId: 944\nParentImage: C:\\Windows\\System32\\services.exe\nParentCommandLine: C:\\Windows\\system32\\services.exe\nParentUser: NT AUTHORITY\\SYSTEM"
    },
    {
      "EventCode": "4702",
      "EventKind": "event",
      "EventProvider": "Microsoft-Windows-Security-Auditing",
      "EventId": 4702,
      "EventSeverity": "Info",
      "Type": "iam",
      "HostName": "dt-6ntdvd3",
      "Platform": "windows",
      "Raw": "A scheduled task was updated.\n\nSubject:\n\tSecurity ID:\t\tS-1-5-18\n\tAccount Name:\t\tDT-6NTDVD3$\n\tAccount Domain:\t\tHALFMOONCLUB\n\tLogon ID:\t\t0x3E7\n\nTask Information:\n\tTask Name: \t\t\\Microsoft\\Windows\\UpdateOrchestrator\\Schedule Wake To Work\n\tTask New Content: \t\t<?xml version=\"1.0\" encoding=\"UTF-16\"?>\n<Task version=\"1.2\" xmlns=\"http://schemas.microsoft.com/windows/2004/02/mit/task\">\n  <RegistrationInfo>\n    <URI>\\Microsoft\\Windows\\UpdateOrchestrator\\Schedule Wake To Work</URI>\n    <SecurityDescriptor>D:P(A;;FA;;;SY)(A;;FRFX;;;LS)(A;;FRFX;;;BA)</SecurityDescriptor>\n  </RegistrationInfo>\n  <Triggers />\n  <Principals>\n    <Principal id=\"Author\">\n      <RunLevel>LeastPrivilege</RunLevel>\n      <UserId>S-1-5-18</UserId>\n    </Principal>\n  </Principals>\n  <Settings>\n    <MultipleInstancesPolicy>IgnoreNew</MultipleInstancesPolicy>\n    <DisallowStartIfOnBatteries>true</DisallowStartIfOnBatteries>\n    <StopIfGoingOnBatteries>true</StopIfGoingOnBatteries>\n    <AllowHardTerminate>true</AllowHardTerminate>\n    <StartWhenAvailable>false</StartWhenAvailable>\n    <RunOnlyIfNetworkAvailable>false</RunOnlyIfNetworkAvailable>\n    <IdleSettings>\n      <Duration>PT10M</Duration>\n      <WaitTimeout>PT1H</WaitTimeout>\n      <StopOnIdleEnd>true</StopOnIdleEnd>\n      <RestartOnIdle>false</RestartOnIdle>\n    </IdleSettings>\n    <AllowStartOnDemand>true</AllowStartOnDemand>\n    <Enabled>false</Enabled>\n    <Hidden>false</Hidden>\n    <RunOnlyIfIdle>false</RunOnlyIfIdle>\n    <WakeToRun>false</WakeToRun>\n    <ExecutionTimeLimit>PT72H</ExecutionTimeLimit>\n    <Priority>7</Priority>\n  </Settings>\n  <Actions Context=\"Author\">\n    <Exec>\n      <Command>%systemroot%\\system32\\usoclient.exe</Command>\n      <Arguments>StartWork</Arguments>\n    </Exec>\n  </Actions>\n</Task>\n\nOther Information:\n\tProcessCreationTime: \t\t70931694131092687\n\tClientProcessId: \t\t\t2472\n\tParentProcessId: \t\t\t1216\n\tFQDN: \t\t0\n\t"
    },
    {
      "EventCode": "4688",
      "EventKind": "event",
      "EventProvider": "Microsoft-Windows-Security-Auditing",
      "EventId": 4688,
      "EventSeverity": "Info",
      "Type": "process",
      "HostName": "hm-ips-db",
      "Platform": "windows",
      "Raw": "A new process has been created.\n\nCreator Subject:\n\tSecurity ID:\t\tS-1-5-18\n\tAccount Name:\t\tHM-IPS-DB$\n\tAccount Domain:\t\tHALFMOONCLUB\n\tLogon ID:\t\t0x3E7\n\nTarget Subject:\n\tSecurity ID:\t\tS-1-0-0\n\tAccount Name:\t\t-\n\tAccount Domain:\t\t-\n\tLogon ID:\t\t0x0\n\nProcess Information:\n\tNew Process ID:\t\t0x7f4\n\tNew Process Name:\tC:\\Windows\\System32\\wbem\\WMIC.exe\n\tToken Elevation Type:\t%%1936\n\tMandatory Label:\t\tS-1-16-16384\n\tCreator Process ID:\t0x1174\n\tCreator Process Name:\tC:\\Windows\\System32\\cmd.exe\n\tProcess Command Line:\t\n\nToken Elevation Type indicates the type of token that was assigned to the new process in accordance with User Account Control policy.\n\nType 1 is a full token with no privileges removed or groups disabled.  A full token is only used if User Account Control is disabled or if the user is the built-in Administrator account or a service account.\n\nType 2 is an elevated token with no privileges removed or groups disabled.  An elevated token is used when User Account Control is enabled and the user chooses to start the program using Run as administrator.  An elevated token is also used when an application is configured to always require administrative privilege or to always require maximum privilege, and the user is a member of the Administrators group.\n\nType 3 is a limited token with administrative privileges removed and administrative groups disabled.  The limited token is used when User Account Control is enabled, the application does not require administrative privilege, and the user does not choose to start the program using Run as administrator."
    },
    {
      "EventCode": "16394",
      "EventKind": "event",
      "EventProvider": "Microsoft-Windows-Security-SPP",
      "EventId": 16394,
      "EventSeverity": null,
      "Type": "application",
      "HostName": "dt-6ntdvd3",
      "Platform": "windows",
      "Raw": "Offline downlevel migration succeeded."
    },
    {
      "EventCode": "1",
      "EventKind": "event",
      "EventProvider": "Microsoft-Windows-Sysmon",
      "EventId": 1,
      "EventSeverity": "Info",
      "Type": "process",
      "HostName": "dt-6ntdvd3",
      "Platform": "windows",
      "Raw": "Process Create:\nRuleName: -\nUtcTime: 2024-04-16 15:04:39.499\nProcessGuid: {646dc9fa-9387-661e-cf1c-00000000fc00}\nProcessId: 2472\nImage: C:\\Windows\\System32\\MoUsoCoreWorker.exe\nFileVersion: 10.0.19041.4291 (WinBuild.160101.0800)\nDescription: MoUSO Core Worker Process\nProduct: Microsoft速 Windows速 Operating System\nCompany: Microsoft Corporation\nOriginalFileName: MoUSOCoreWorker.exe\nCommandLine: C:\\Windows\\System32\\mousocoreworker.exe -Embedding\nCurrentDirectory: C:\\Windows\\system32\\\nUser: NT AUTHORITY\\SYSTEM\nLogonGuid: {646dc9fa-b194-661d-e703-000000000000}\nLogonId: 0x3E7\nTerminalSessionId: 0\nIntegrityLevel: System\nHashes: MD5=23AB33F0E896F590F279DC077C02134F,SHA256=960F140AE37685E497DA92A3634722B3B78778FFAC72F5C0D8E5206B5EB224B2,IMPHASH=517D061733F6C6DD355EF860B4AF63BE\nParentProcessGuid: {646dc9fa-b194-661d-0d00-00000000fc00}\nParentProcessId: 1216\nParentImage: C:\\Windows\\System32\\svchost.exe\nParentCommandLine: C:\\Windows\\system32\\svchost.exe -k DcomLaunch -p\nParentUser: NT AUTHORITY\\SYSTEM"
    },
    {
      "EventCode": "5857",
      "EventKind": "event",
      "EventProvider": "Microsoft-Windows-WMI-Activity",
      "EventId": 5857,
      "EventSeverity": "Info",
      "Type": "wmi-activity",
      "HostName": "dt-8ybmn02",
      "Platform": "windows",
      "Raw": "ProtectionManagement provider started with result code 0x0. HostProcess = wmiprvse.exe; ProcessID = 2012; ProviderPath = \"%ProgramData%\\Microsoft\\Windows Defender\\Platform\\4.18.2211.5-0\\ProtectionManagement.dll\""
    },
    {
      "EventCode": "3",
      "EventKind": "event",
      "EventProvider": "Microsoft-Windows-Sysmon",
      "EventId": 3,
      "EventSeverity": "Info",
      "Type": "network",
      "HostName": "dt-mxl4180ppd",
      "Platform": "windows",
      "Raw": "Network connection detected:\nRuleName: -\nUtcTime: 2024-04-16 15:04:37.605\nProcessGuid: {b12883fc-7dd2-661e-7e2f-000000007500}\nProcessId: 536\nImage: C:\\Program Files (x86)\\Java\\jre-1.8\\bin\\jp2launcher.exe\nUser: HALFMOONCLUB\\tmatthew\nProtocol: tcp\nInitiated: true\nSourceIsIpv6: false\nSourceIp: 172.16.25.31\nSourceHostname: DT-MXL4180PPD.halfmoonclub.com\nSourcePort: 62719\nSourcePortName: -\nDestinationIsIpv6: false\nDestinationIp: 147.154.39.77\nDestinationHostname: -\nDestinationPort: 443\nDestinationPortName: https"
    },
    {
      "EventCode": "3",
      "EventKind": "event",
      "EventProvider": "Microsoft-Windows-Sysmon",
      "EventId": 3,
      "EventSeverity": "Info",
      "Type": "network",
      "HostName": "dt-50766s3",
      "Platform": "windows",
      "Raw": "Network connection detected:\nRuleName: -\nUtcTime: 2024-04-16 15:04:37.278\nProcessGuid: {3f8ed041-7a24-661e-0716-000000009a00}\nProcessId: 10476\nImage: C:\\Program Files (x86)\\Java\\jre-1.8\\bin\\jp2launcher.exe\nUser: HALFMOONCLUB\\frontdeskec\nProtocol: tcp\nInitiated: true\nSourceIsIpv6: false\nSourceIp: 172.16.36.226\nSourceHostname: DT-50766S3.halfmoonclub.com\nSourcePort: 56258\nSourcePortName: -\nDestinationIsIpv6: false\nDestinationIp: 147.154.39.77\nDestinationHostname: -\nDestinationPort: 443\nDestinationPortName: https"
    },
    {
      "EventCode": "4688",
      "EventKind": "event",
      "EventProvider": "Microsoft-Windows-Security-Auditing",
      "EventId": 4688,
      "EventSeverity": "Info",
      "Type": "process",
      "HostName": "dt-mxl4180p51",
      "Platform": "windows",
      "Raw": "A new process has been created.\n\nCreator Subject:\n\tSecurity ID:\t\tS-1-5-18\n\tAccount Name:\t\tDT-MXL4180P51$\n\tAccount Domain:\t\tHALFMOONCLUB\n\tLogon ID:\t\t0x3E7\n\nTarget Subject:\n\tSecurity ID:\t\tS-1-0-0\n\tAccount Name:\t\t-\n\tAccount Domain:\t\t-\n\tLogon ID:\t\t0x0\n\nProcess Information:\n\tNew Process ID:\t\t0x332c\n\tNew Process Name:\tC:\\Windows\\System32\\WindowsPowerShell\\v1.0\\powershell.exe\n\tToken Elevation Type:\t%%1936\n\tMandatory Label:\t\tS-1-16-16384\n\tCreator Process ID:\t0x2cb0\n\tCreator Process Name:\tC:\\Windows\\System32\\cmd.exe\n\tProcess Command Line:\t\n\nToken Elevation Type indicates the type of token that was assigned to the new process in accordance with User Account Control policy.\n\nType 1 is a full token with no privileges removed or groups disabled.  A full token is only used if User Account Control is disabled or if the user is the built-in Administrator account or a service account.\n\nType 2 is an elevated token with no privileges removed or groups disabled.  An elevated token is used when User Account Control is enabled and the user chooses to start the program using Run as administrator.  An elevated token is also used when an application is configured to always require administrative privilege or to always require maximum privilege, and the user is a member of the Administrators group.\n\nType 3 is a limited token with administrative privileges removed and administrative groups disabled.  The limited token is used when User Account Control is enabled, the application does not require administrative privilege, and the user does not choose to start the program using Run as administrator."
    },
    {
      "EventCode": "1",
      "EventKind": "event",
      "EventProvider": "Microsoft-Windows-Sysmon",
      "EventId": 1,
      "EventSeverity": "Info",
      "Type": "process",
      "HostName": "dt-mxl4180p51",
      "Platform": "windows",
      "Raw": "Process Create:\nRuleName: -\nUtcTime: 2024-04-16 15:04:38.771\nProcessGuid: {b12883fc-9386-661e-ef05-000000006900}\nProcessId: 13100\nImage: C:\\Windows\\System32\\WindowsPowerShell\\v1.0\\powershell.exe\nFileVersion: 10.0.19041.3996 (WinBuild.160101.0800)\nDescription: Windows PowerShell\nProduct: Microsoft速 Windows速 Operating System\nCompany: Microsoft Corporation\nOriginalFileName: PowerShell.EXE\nCommandLine: powershell.exe  \"Get-ItemProperty HKLM:\\software\\wow6432node\\microsoft\\windows\\currentversion\\uninstall\\* | select-object displayname | format-table -autosize\" \nCurrentDirectory: C:\\WINDOWS\\system32\\\nUser: NT AUTHORITY\\SYSTEM\nLogonGuid: {b12883fc-9093-661e-e703-000000000000}\nLogonId: 0x3E7\nTerminalSessionId: 0\nIntegrityLevel: System\nHashes: MD5=2E5A8590CF6848968FC23DE3FA1E25F1,SHA256=9785001B0DCF755EDDB8AF294A373C0B87B2498660F724E76C4D53F9C217C7A3,IMPHASH=3D08F4848535206D772DE145804FF4B6\nParentProcessGuid: {b12883fc-9386-661e-ed05-000000006900}\nParentProcessId: 11440\nParentImage: C:\\Windows\\System32\\cmd.exe\nParentCommandLine: \"cmd.exe\" /C \"powershell.exe \"Get-ItemProperty HKLM:\\software\\wow6432node\\microsoft\\windows\\currentversion\\uninstall\\* | select-object displayname | format-table -autosize\" | find /i \"mysql server\"\"\nParentUser: NT AUTHORITY\\SYSTEM"
    },
    {
      "EventCode": "22",
      "EventKind": "event",
      "EventProvider": "Microsoft-Windows-Sysmon",
      "EventId": 22,
      "EventSeverity": "Info",
      "Type": "dns",
      "HostName": "dt-mxl4180p51",
      "Platform": "windows",
      "Raw": "Dns query:\nRuleName: -\nUtcTime: 2024-04-16 15:04:35.997\nProcessGuid: {b12883fc-9382-661e-e805-000000006900}\nProcessId: 8204\nQueryName: localhost\nQueryStatus: 0\nQueryResults: 127.0.0.1;\nImage: C:\\Windows\\System32\\WindowsPowerShell\\v1.0\\powershell.exe\nUser: NT AUTHORITY\\SYSTEM"
    },
    {
      "EventCode": "3",
      "EventKind": "event",
      "EventProvider": "Microsoft-Windows-Sysmon",
      "EventId": 3,
      "EventSeverity": "Info",
      "Type": "network",
      "HostName": "nas1w2k",
      "Platform": "windows",
      "Raw": "Network connection detected:\nRuleName: -\nUtcTime: 2024-04-16 15:04:37.521\nProcessGuid: {12a10cd4-2e04-65f3-110e-05000000d700}\nProcessId: 7664\nImage: C:\\Program Files\\Microsoft Azure AD Connect Health Agent\\Microsoft.Identity.Health.AgentV15.Service.exe\nUser: NT AUTHORITY\\SYSTEM\nProtocol: tcp\nInitiated: true\nSourceIsIpv6: false\nSourceIp: 10.10.20.61\nSourceHostname: NAS1W2K.halfmoonclub.com\nSourcePort: 62560\nSourcePortName: -\nDestinationIsIpv6: false\nDestinationIp: 20.190.152.144\nDestinationHostname: -\nDestinationPort: 443\nDestinationPortName: https"
    },
    {
      "EventCode": "4702",
      "EventKind": "event",
      "EventProvider": "Microsoft-Windows-Security-Auditing",
      "EventId": 4702,
      "EventSeverity": "Info",
      "Type": "iam",
      "HostName": "dt-csxrl52",
      "Platform": "windows",
      "Raw": "A scheduled task was updated.\n\nSubject:\n\tSecurity ID:\t\tS-1-5-18\n\tAccount Name:\t\tDT-CSXRL52$\n\tAccount Domain:\t\tHALFMOONCLUB\n\tLogon ID:\t\t0x3E7\n\nTask Information:\n\tTask Name: \t\t\\Microsoft\\Windows\\WindowsUpdate\\Scheduled Start\n\tTask New Content: \t\t<?xml version=\"1.0\" encoding=\"UTF-16\"?>\n<Task version=\"1.4\" xmlns=\"http://schemas.microsoft.com/windows/2004/02/mit/task\">\n  <RegistrationInfo>\n    <Source>Microsoft Corporation.</Source>\n    <Author>Microsoft Corporation.</Author>\n    <Description>This task is used to start the Windows Update service when needed to perform scheduled operations such as scans.</Description>\n    <URI>\\Microsoft\\Windows\\WindowsUpdate\\Scheduled Start</URI>\n    <SecurityDescriptor>D:(A;;FA;;;SY)(A;;FRFX;;;LS)(A;;FA;;;BA)</SecurityDescriptor>\n  </RegistrationInfo>\n  <Triggers>\n    <TimeTrigger>\n      <StartBoundary>2024-04-16T16:10:55Z</StartBoundary>\n      <Enabled>true</Enabled>\n      <RandomDelay>PT1M</RandomDelay>\n    </TimeTrigger>\n    <SessionStateChangeTrigger>\n      <Enabled>false</Enabled>\n      <StateChange>ConsoleDisconnect</StateChange>\n    </SessionStateChangeTrigger>\n    <SessionStateChangeTrigger>\n      <Enabled>false</Enabled>\n      <StateChange>RemoteDisconnect</StateChange>\n    </SessionStateChangeTrigger>\n    <WnfStateChangeTrigger>\n      <Enabled>false</Enabled>\n      <StateName>7508BCA3380C960C</StateName>\n      <Data>01</Data>\n      <DataOffset>0</DataOffset>\n    </WnfStateChangeTrigger>\n  </Triggers>\n  <Principals>\n    <Principal id=\"LocalSystem\">\n      <RunLevel>LeastPrivilege</RunLevel>\n      <UserId>NT AUTHORITY\\SYSTEM</UserId>\n    </Principal>\n  </Principals>\n  <Settings>\n    <MultipleInstancesPolicy>IgnoreNew</MultipleInstancesPolicy>\n    <DisallowStartIfOnBatteries>false</DisallowStartIfOnBatteries>\n    <StopIfGoingOnBatteries>false</StopIfGoingOnBatteries>\n    <AllowHardTerminate>true</AllowHardTerminate>\n    <StartWhenAvailable>true</StartWhenAvailable>\n    <RunOnlyIfNetworkAvailable>false</RunOnlyIfNetworkAvailable>\n    <IdleSettings>\n      <Duration>PT10M</Duration>\n      <WaitTimeout>PT1H</WaitTimeout>\n      <StopOnIdleEnd>true</StopOnIdleEnd>\n      <RestartOnIdle>false</RestartOnIdle>\n    </IdleSettings>\n    <AllowStartOnDemand>false</AllowStartOnDemand>\n    <Enabled>true</Enabled>\n    <Hidden>false</Hidden>\n    <RunOnlyIfIdle>false</RunOnlyIfIdle>\n    <DisallowStartOnRemoteAppSession>false</DisallowStartOnRemoteAppSession>\n    <UseUnifiedSchedulingEngine>true</UseUnifiedSchedulingEngine>\n    <WakeToRun>false</WakeToRun>\n    <ExecutionTimeLimit>PT72H</ExecutionTimeLimit>\n    <Priority>7</Priority>\n  </Settings>\n  <Actions Context=\"LocalSystem\">\n    <Exec>\n      <Command>C:\\WINDOWS\\system32\\sc.exe</Command>\n      <Arguments>start wuauserv</Arguments>\n    </Exec>\n  </Actions>\n</Task>\n\nOther Information:\n\tProcessCreationTime: \t\t35184372088834508\n\tClientProcessId: \t\t\t5488\n\tParentProcessId: \t\t\t900\n\tFQDN: \t\t0\n\t"
    },
    {
      "EventCode": "3",
      "EventKind": "event",
      "EventProvider": "Microsoft-Windows-Sysmon",
      "EventId": 3,
      "EventSeverity": "Info",
      "Type": "network",
      "HostName": "dt-mxl41708hd",
      "Platform": "windows",
      "Raw": "Network connection detected:\nRuleName: -\nUtcTime: 2024-04-16 15:04:42.418\nProcessGuid: {00000000-0000-0000-0000-000000000000}\nProcessId: 5396\nImage: <unknown process>\nUser: -\nProtocol: tcp\nInitiated: true\nSourceIsIpv6: false\nSourceIp: 172.16.9.70\nSourceHostname: DT-MXL41708HD.halfmoonclub.com\nSourcePort: 53388\nSourcePortName: -\nDestinationIsIpv6: false\nDestinationIp: 147.154.39.77\nDestinationHostname: -\nDestinationPort: 443\nDestinationPortName: https"
    },
    {
      "EventCode": "3",
      "EventKind": "event",
      "EventProvider": "Microsoft-Windows-Sysmon",
      "EventId": 3,
      "EventSeverity": "Info",
      "Type": "network",
      "HostName": "dt-mxl41708hd",
      "Platform": "windows",
      "Raw": "Network connection detected:\nRuleName: -\nUtcTime: 2024-04-16 15:04:42.420\nProcessGuid: {00000000-0000-0000-0000-000000000000}\nProcessId: 5396\nImage: <unknown process>\nUser: -\nProtocol: tcp\nInitiated: true\nSourceIsIpv6: false\nSourceIp: 172.16.9.70\nSourceHostname: DT-MXL41708HD.halfmoonclub.com\nSourcePort: 53389\nSourcePortName: -\nDestinationIsIpv6: false\nDestinationIp: 147.154.39.77\nDestinationHostname: -\nDestinationPort: 443\nDestinationPortName: https"
    },
    {
      "EventCode": "22",
      "EventKind": "event",
      "EventProvider": "Microsoft-Windows-Sysmon",
      "EventId": 22,
      "EventSeverity": "Info",
      "Type": "dns",
      "HostName": "dt-mxl41708hd",
      "Platform": "windows",
      "Raw": "Dns query:\nRuleName: -\nUtcTime: 2024-04-16 15:04:43.296\nProcessGuid: {b12883fc-9383-661e-fcbb-00000000a800}\nProcessId: 8144\nQueryName: hu09-oc-sc.oracleindustry.com\nQueryStatus: 0\nQueryResults: type:  5 hgbu01-prod-iad.oracleindustry.com;type:  5 hgbu01-prod-iad-cl01.oracleindustry.com;::ffff:147.154.39.77;\nImage: C:\\Program Files (x86)\\Internet Explorer\\iexplore.exe\nUser: HALFMOONCLUB\\maintenance"
    },
    {
      "EventCode": "22",
      "EventKind": "event",
      "EventProvider": "Microsoft-Windows-Sysmon",
      "EventId": 22,
      "EventSeverity": "Info",
      "Type": "dns",
      "HostName": "dt-h3c4gt3",
      "Platform": "windows",
      "Raw": "Dns query:\nRuleName: -\nUtcTime: 2024-04-16 15:04:35.238\nProcessGuid: {3dbb3b77-80aa-661e-8600-000000003d00}\nProcessId: 7584\nQueryName: tunnel.rmm.datto.com\nQueryStatus: 0\nQueryResults: type:  5 tunnel-us-east-1.rmm.datto.com;type:  5 tunnel-us-east-1-2.rmm.datto.com;::ffff:35.170.148.86;\nImage: C:\\ProgramData\\CentraStage\\AEMAgent\\AEMAgent.exe\nUser: NT AUTHORITY\\SYSTEM"
    },
    {
      "EventCode": "5140",
      "EventKind": "event",
      "EventProvider": "Microsoft-Windows-Security-Auditing",
      "EventId": 5140,
      "EventSeverity": "Info",
      "Type": "File Share",
      "HostName": "hm-ad-02",
      "Platform": "windows",
      "Raw": "A network share object was accessed.\n\t\nSubject:\n\tSecurity ID:\t\tS-1-5-21-1202660629-1563985344-839522115-5922\n\tAccount Name:\t\tDT-1J58MR2$\n\tAccount Domain:\t\tHALFMOONCLUB\n\tLogon ID:\t\t0x335A7D71\n\nNetwork Information:\t\n\tObject Type:\t\tFile\n\tSource Address:\t\t10.10.20.1\n\tSource Port:\t\t51836\n\t\nShare Information:\n\tShare Name:\t\t\\\\*\\IPC$\n\tShare Path:\t\t\n\nAccess Request Information:\n\tAccess Mask:\t\t0x1\n\tAccesses:\t\tReadData (or ListDirectory)\n\t\t\t\t"
    },
    {
      "EventCode": "4627",
      "EventKind": "event",
      "EventProvider": "Microsoft-Windows-Security-Auditing",
      "EventId": 4627,
      "EventSeverity": "Info",
      "Type": "Group Membership",
      "HostName": "hm-ad-02",
      "Platform": "windows",
      "Raw": "Group membership information.\n\nSubject:\n\tSecurity ID:\t\tS-1-0-0\n\tAccount Name:\t\t-\n\tAccount Domain:\t\t-\n\tLogon ID:\t\t0x0\n\nLogon Type:\t\t\t3\n\nNew Logon:\n\tSecurity ID:\t\tS-1-5-21-1202660629-1563985344-839522115-5922\n\tAccount Name:\t\tDT-1J58MR2$\n\tAccount Domain:\t\tHALFMOONCLUB.COM\n\tLogon ID:\t\t0x335A7D71\n\nEvent in sequence:\t\t1 of 1\n\nGroup Membership:\t\t\t\n\t\t%{S-1-5-21-1202660629-1563985344-839522115-515}\n\t\t%{S-1-1-0}\n\t\t%{S-1-5-32-545}\n\t\t%{S-1-5-32-554}\n\t\t%{S-1-5-2}\n\t\t%{S-1-5-11}\n\t\t%{S-1-5-15}\n\t\t%{S-1-18-1}\n\t\t%{S-1-16-8448}\n\nThe subject fields indicate the account on the local system which requested the logon. This is most commonly a service such as the Server service, or a local process such as Winlogon.exe or Services.exe.\n\nThe logon type field indicates the kind of logon that occurred. The most common types are 2 (interactive) and 3 (network).\n\nThe New Logon fields indicate the account for whom the new logon was created, i.e. the account that was logged on.\n\nThis event is generated when the Audit Group Membership subcategory is configured.  The Logon ID field can be used to correlate this event with the corresponding user logon event as well as to any other security audit events generated during this logon session."
    },
    {
      "EventCode": "4627",
      "EventKind": "event",
      "EventProvider": "Microsoft-Windows-Security-Auditing",
      "EventId": 4627,
      "EventSeverity": "Info",
      "Type": "Group Membership",
      "HostName": "hm-ad-02",
      "Platform": "windows",
      "Raw": "Group membership information.\n\nSubject:\n\tSecurity ID:\t\tS-1-0-0\n\tAccount Name:\t\t-\n\tAccount Domain:\t\t-\n\tLogon ID:\t\t0x0\n\nLogon Type:\t\t\t3\n\nNew Logon:\n\tSecurity ID:\t\tS-1-5-21-1202660629-1563985344-839522115-8664\n\tAccount Name:\t\tdferguson\n\tAccount Domain:\t\tHALFMOONCLUB\n\tLogon ID:\t\t0x335A7944\n\nEvent in sequence:\t\t1 of 1\n\nGroup Membership:\t\t\t\n\t\t%{S-1-5-21-1202660629-1563985344-839522115-513}\n\t\t%{S-1-1-0}\n\t\t%{S-1-5-32-545}\n\t\t%{S-1-5-32-554}\n\t\t%{S-1-5-2}\n\t\t%{S-1-5-11}\n\t\t%{S-1-5-15}\n\t\t%{S-1-5-21-1202660629-1563985344-839522115-6664}\n\t\t%{S-1-5-21-1202660629-1563985344-839522115-8665}\n\t\t%{S-1-5-21-1202660629-1563985344-839522115-2765}\n\t\t%{S-1-5-64-10}\n\t\t%{S-1-16-8448}\n\nThe subject fields indicate the account on the local system which requested the logon. This is most commonly a service such as the Server service, or a local process such as Winlogon.exe or Services.exe.\n\nThe logon type field indicates the kind of logon that occurred. The most common types are 2 (interactive) and 3 (network).\n\nThe New Logon fields indicate the account for whom the new logon was created, i.e. the account that was logged on.\n\nThis event is generated when the Audit Group Membership subcategory is configured.  The Logon ID field can be used to correlate this event with the corresponding user logon event as well as to any other security audit events generated during this logon session."
    },
    {
      "EventCode": "4634",
      "EventKind": "event",
      "EventProvider": "Microsoft-Windows-Security-Auditing",
      "EventId": 4634,
      "EventSeverity": "Info",
      "Type": "authentication",
      "HostName": "hm-ad-02",
      "Platform": "windows",
      "Raw": "An account was logged off.\n\nSubject:\n\tSecurity ID:\t\tS-1-5-21-1202660629-1563985344-839522115-8664\n\tAccount Name:\t\tdferguson\n\tAccount Domain:\t\tHALFMOONCLUB\n\tLogon ID:\t\t0x335A7944\n\nLogon Type:\t\t\t3\n\nThis event is generated when a logon session is destroyed. It may be positively correlated with a logon event using the Logon ID value. Logon IDs are only unique between reboots on the same computer."
    },
    {
      "EventCode": "4624",
      "EventKind": "event",
      "EventProvider": "Microsoft-Windows-Security-Auditing",
      "EventId": 4624,
      "EventSeverity": "Info",
      "Type": "authentication",
      "HostName": "hm-ad-02",
      "Platform": "windows",
