      "Raw": "A new process has been created.\n\nCreator Subject:\n\tSecurity ID:\t\tS-1-5-18\n\tAccount Name:\t\tDT-MXL4180P51$\n\tAccount Domain:\t\tHALFMOONCLUB\n\tLogon ID:\t\t0x3E7\n\nTarget Subject:\n\tSecurity ID:\t\tS-1-0-0\n\tAccount Name:\t\t-\n\tAccount Domain:\t\t-\n\tLogon ID:\t\t0x0\n\nProcess Information:\n\tNew Process ID:\t\t0x164c\n\tNew Process Name:\tC:\\Windows\\System32\\sc.exe\n\tToken Elevation Type:\t%%1936\n\tMandatory Label:\t\tS-1-16-16384\n\tCreator Process ID:\t0x2cbc\n\tCreator Process Name:\tC:\\Windows\\System32\\cmd.exe\n\tProcess Command Line:\t\n\nToken Elevation Type indicates the type of token that was assigned to the new process in accordance with User Account Control policy.\n\nType 1 is a full token with no privileges removed or groups disabled.  A full token is only used if User Account Control is disabled or if the user is the built-in Administrator account or a service account.\n\nType 2 is an elevated token with no privileges removed or groups disabled.  An elevated token is used when User Account Control is enabled and the user chooses to start the program using Run as administrator.  An elevated token is also used when an application is configured to always require administrative privilege or to always require maximum privilege, and the user is a member of the Administrators group.\n\nType 3 is a limited token with administrative privileges removed and administrative groups disabled.  The limited token is used when User Account Control is enabled, the application does not require administrative privilege, and the user does not choose to start the program using Run as administrator."
    },
    {
      "EventCode": "1",
      "EventKind": "event",
      "EventProvider": "Microsoft-Windows-Sysmon",
      "EventId": 1,
      "EventSeverity": "Info",
      "Type": "process",
      "HostName": "dt-mxll4170tlg",
      "Platform": "windows",
      "Raw": "Process Create:\nRuleName: -\nUtcTime: 2024-04-16 15:04:31.023\nProcessGuid: {b12883fc-937f-661e-ac62-000000008b00}\nProcessId: 16492\nImage: C:\\Windows\\System32\\SearchFilterHost.exe\nFileVersion: 7.0.19041.3758 (WinBuild.160101.0800)\nDescription: Microsoft Windows Search Filter Host\nProduct: Windows速 Search\nCompany: Microsoft Corporation\nOriginalFileName: SearchFilterHost.exe\nCommandLine: \"C:\\WINDOWS\\system32\\SearchFilterHost.exe\" 0 840 844 852 8192 848 824 \nCurrentDirectory: C:\\WINDOWS\\system32\\\nUser: NT AUTHORITY\\SYSTEM\nLogonGuid: {b12883fc-07f5-661c-e703-000000000000}\nLogonId: 0x3E7\nTerminalSessionId: 0\nIntegrityLevel: Medium\nHashes: MD5=F1E7D898A0D71ED7628AD67015B2C2B1,SHA256=08500481DC54125715DE3A0997052F781BF7674DC108520C8DFD38B731BC59DF,IMPHASH=25975932FE65B44EA2DD939DC008D453\nParentProcessGuid: {b12883fc-d129-661d-6f47-000000008b00}\nParentProcessId: 15712\nParentImage: C:\\Windows\\System32\\SearchIndexer.exe\nParentCommandLine: C:\\WINDOWS\\system32\\SearchIndexer.exe /Embedding\nParentUser: NT AUTHORITY\\SYSTEM"
    },
    {
      "EventCode": "1",
      "EventKind": "event",
      "EventProvider": "Microsoft-Windows-Sysmon",
      "EventId": 1,
      "EventSeverity": "Info",
      "Type": "process",
      "HostName": "dt-mxll4170tlg",
      "Platform": "windows",
      "Raw": "Process Create:\nRuleName: -\nUtcTime: 2024-04-16 15:04:30.965\nProcessGuid: {b12883fc-937e-661e-ab62-000000008b00}\nProcessId: 14640\nImage: C:\\Windows\\System32\\SearchProtocolHost.exe\nFileVersion: 7.0.19041.3758 (WinBuild.160101.0800)\nDescription: Microsoft Windows Search Protocol Host\nProduct: Windows速 Search\nCompany: Microsoft Corporation\nOriginalFileName: SearchProtocolHost.exe\nCommandLine: \"C:\\WINDOWS\\system32\\SearchProtocolHost.exe\" Global\\UsGthrFltPipeMssGthrPipe66_ Global\\UsGthrCtrlFltPipeMssGthrPipe66 1 -2147483646 \"Software\\Microsoft\\Windows Search\" \"Mozilla/4.0 (compatible; MSIE 6.0; Windows NT; MS Search 4.0 Robot)\" \"C:\\ProgramData\\Microsoft\\Search\\Data\\Temp\\usgthrsvc\" \"DownLevelDaemon\" \nCurrentDirectory: C:\\WINDOWS\\system32\\\nUser: NT AUTHORITY\\SYSTEM\nLogonGuid: {b12883fc-07f5-661c-e703-000000000000}\nLogonId: 0x3E7\nTerminalSessionId: 0\nIntegrityLevel: System\nHashes: MD5=EFC09FA3DCABD59C17C69F8358C88276,SHA256=DE9CB5458CA8144610F2B7532A2659752A4D0F7D20865B0A00F767EA91753237,IMPHASH=8B2A73CF81704F7AED84C67134EC39AC\nParentProcessGuid: {b12883fc-d129-661d-6f47-000000008b00}\nParentProcessId: 15712\nParentImage: C:\\Windows\\System32\\SearchIndexer.exe\nParentCommandLine: C:\\WINDOWS\\system32\\SearchIndexer.exe /Embedding\nParentUser: NT AUTHORITY\\SYSTEM"
    },
    {
      "EventCode": "4688",
      "EventKind": "event",
      "EventProvider": "Microsoft-Windows-Security-Auditing",
      "EventId": 4688,
      "EventSeverity": "Info",
      "Type": "process",
      "HostName": "dt-mxll4170tlg",
      "Platform": "windows",
      "Raw": "A new process has been created.\n\nCreator Subject:\n\tSecurity ID:\t\tS-1-5-18\n\tAccount Name:\t\tDT-MXLL4170TLG$\n\tAccount Domain:\t\tHALFMOONCLUB\n\tLogon ID:\t\t0x3E7\n\nTarget Subject:\n\tSecurity ID:\t\tS-1-0-0\n\tAccount Name:\t\t-\n\tAccount Domain:\t\t-\n\tLogon ID:\t\t0x0\n\nProcess Information:\n\tNew Process ID:\t\t0x3930\n\tNew Process Name:\tC:\\Windows\\System32\\SearchProtocolHost.exe\n\tToken Elevation Type:\t%%1936\n\tMandatory Label:\t\tS-1-16-16384\n\tCreator Process ID:\t0x3d60\n\tCreator Process Name:\tC:\\Windows\\System32\\SearchIndexer.exe\n\tProcess Command Line:\t\n\nToken Elevation Type indicates the type of token that was assigned to the new process in accordance with User Account Control policy.\n\nType 1 is a full token with no privileges removed or groups disabled.  A full token is only used if User Account Control is disabled or if the user is the built-in Administrator account or a service account.\n\nType 2 is an elevated token with no privileges removed or groups disabled.  An elevated token is used when User Account Control is enabled and the user chooses to start the program using Run as administrator.  An elevated token is also used when an application is configured to always require administrative privilege or to always require maximum privilege, and the user is a member of the Administrators group.\n\nType 3 is a limited token with administrative privileges removed and administrative groups disabled.  The limited token is used when User Account Control is enabled, the application does not require administrative privilege, and the user does not choose to start the program using Run as administrator."
    },
    {
      "EventCode": "7023",
      "EventKind": "event",
      "EventProvider": "Service Control Manager",
      "EventId": 7023,
      "EventSeverity": null,
      "Type": "system",
      "HostName": "dt-bocmn02",
      "Platform": "windows",
      "Raw": "The Datto RMM service terminated with the following error: \nAn exception occurred in the service when handling the control request."
    },
    {
      "EventCode": "7031",
      "EventKind": "event",
      "EventProvider": "Service Control Manager",
      "EventId": 7031,
      "EventSeverity": null,
      "Type": "system",
      "HostName": "dt-bocmn02",
      "Platform": "windows",
      "Raw": "The Datto RMM service terminated unexpectedly.  It has done this 1 time(s).  The following corrective action will be taken in 5000 milliseconds: Restart the service."
    },
    {
      "EventCode": "1",
      "EventKind": "event",
      "EventProvider": "Microsoft-Windows-Sysmon",
      "EventId": 1,
      "EventSeverity": "Info",
      "Type": "process",
      "HostName": "dt-bocmn02",
      "Platform": "windows",
      "Raw": "Process Create:\nRuleName: -\nUtcTime: 2024-04-16 15:04:30.338\nProcessGuid: {d7acfb15-937e-661e-9527-000000006700}\nProcessId: 8088\nImage: C:\\Program Files (x86)\\CentraStage\\CagService.exe\nFileVersion: 4.4.2215.2215\nDescription: CentraStage Service\nProduct: Service\nCompany: CentraStage\nOriginalFileName: CagService.exe\nCommandLine: \"C:\\Program Files (x86)\\CentraStage\\CagService.exe\"\nCurrentDirectory: C:\\WINDOWS\\system32\\\nUser: NT AUTHORITY\\SYSTEM\nLogonGuid: {d7acfb15-59a8-661e-e703-000000000000}\nLogonId: 0x3E7\nTerminalSessionId: 0\nIntegrityLevel: System\nHashes: MD5=6A50FE72C91F1568987A7438141DC2D4,SHA256=1864F85312371957BBC34E7C4968C57C5B07A7764FAD83336CDBF27405FEE6E2,IMPHASH=F34D5F2D4577ED6D9CEEC516C1F5A744\nParentProcessGuid: {d7acfb15-59a8-661e-0a00-000000006700}\nParentProcessId: 728\nParentImage: C:\\Windows\\System32\\services.exe\nParentCommandLine: C:\\WINDOWS\\system32\\services.exe\nParentUser: NT AUTHORITY\\SYSTEM"
    },
    {
      "EventCode": "3",
      "EventKind": "event",
      "EventProvider": "Microsoft-Windows-Sysmon",
      "EventId": 3,
      "EventSeverity": "Info",
      "Type": "network",
      "HostName": "dt-mxl41708hd",
      "Platform": "windows",
      "Raw": "Network connection detected:\nRuleName: -\nUtcTime: 2024-04-16 15:04:35.933\nProcessGuid: {00000000-0000-0000-0000-000000000000}\nProcessId: 4576\nImage: <unknown process>\nUser: -\nProtocol: tcp\nInitiated: true\nSourceIsIpv6: false\nSourceIp: 172.16.9.70\nSourceHostname: DT-MXL41708HD.halfmoonclub.com\nSourcePort: 53373\nSourcePortName: -\nDestinationIsIpv6: false\nDestinationIp: 147.154.39.77\nDestinationHostname: -\nDestinationPort: 443\nDestinationPortName: https"
    },
    {
      "EventCode": "3",
      "EventKind": "event",
      "EventProvider": "Microsoft-Windows-Sysmon",
      "EventId": 3,
      "EventSeverity": "Info",
      "Type": "network",
      "HostName": "dt-mxl41708hd",
      "Platform": "windows",
      "Raw": "Network connection detected:\nRuleName: -\nUtcTime: 2024-04-16 15:04:35.934\nProcessGuid: {00000000-0000-0000-0000-000000000000}\nProcessId: 4576\nImage: <unknown process>\nUser: -\nProtocol: tcp\nInitiated: true\nSourceIsIpv6: false\nSourceIp: 172.16.9.70\nSourceHostname: DT-MXL41708HD.halfmoonclub.com\nSourcePort: 53372\nSourcePortName: -\nDestinationIsIpv6: false\nDestinationIp: 147.154.39.77\nDestinationHostname: -\nDestinationPort: 443\nDestinationPortName: https"
    },
    {
      "EventCode": "1",
      "EventKind": "event",
      "EventProvider": "Microsoft-Windows-Sysmon",
      "EventId": 1,
      "EventSeverity": "Info",
      "Type": "process",
      "HostName": "dt-mxl41708hd",
      "Platform": "windows",
      "Raw": "Process Create:\nRuleName: -\nUtcTime: 2024-04-16 15:04:30.882\nProcessGuid: {b12883fc-937e-661e-f7bb-00000000a800}\nProcessId: 9904\nImage: C:\\Program Files (x86)\\Internet Explorer\\iexplore.exe\nFileVersion: 11.00.19041.3636 (WinBuild.160101.0800)\nDescription: Internet Explorer\nProduct: Internet Explorer\nCompany: Microsoft Corporation\nOriginalFileName: IEXPLORE.EXE\nCommandLine: \"C:\\Program Files (x86)\\Internet Explorer\\IEXPLORE.EXE\" SCODEF:12984 CREDAT:82994 APPID:MSEdge.UserData.Profile1 /prefetch:2\nCurrentDirectory: C:\\Users\\maintenance\\Desktop\\\nUser: HALFMOONCLUB\\maintenance\nLogonGuid: {b12883fc-8c3d-6619-cb4e-1b0000000000}\nLogonId: 0x1B4ECB\nTerminalSessionId: 1\nIntegrityLevel: Medium\nHashes: MD5=4D52DFE6452FF34F3577D3E622FCBECD,SHA256=8BE630D01EF5A7ADDFBA5D3B375708C911924687092451E7E32A73AAB3902D08,IMPHASH=42648D091AF4DC000981DB1828BE9EA8\nParentProcessGuid: {b12883fc-fd1f-661b-ed58-00000000a800}\nParentProcessId: 12984\nParentImage: C:\\Program Files\\Internet Explorer\\iexplore.exe\nParentCommandLine: \"C:\\Program Files\\Internet Explorer\\iexplore.exe\" -dualengineadapter=\"C:\\Program Files (x86)\\Microsoft\\Edge\\Application\\123.0.2420.81\\dual_engine_adapter_x64.dll\" -dualenginepipe=5036 APPID:MSEdge.UserData.Profile1\nParentUser: HALFMOONCLUB\\maintenance"
    },
    {
      "EventCode": "1",
      "EventKind": "event",
      "EventProvider": "Microsoft-Windows-Sysmon",
      "EventId": 1,
      "EventSeverity": "Info",
      "Type": "process",
      "HostName": "hm-ips-db",
      "Platform": "windows",
      "Raw": "Process Create:\nRuleName: -\nUtcTime: 2024-04-16 15:04:31.557\nProcessGuid: {56429cce-937f-661e-6ec7-0d0000000d00}\nProcessId: 6336\nImage: C:\\Windows\\System32\\sc.exe\nFileVersion: 10.0.17763.1 (WinBuild.160101.0800)\nDescription: Service Control Manager Configuration Tool\nProduct: Microsoft速 Windows速 Operating System\nCompany: Microsoft Corporation\nOriginalFileName: sc.exe\nCommandLine: sc  queryex type= service \nCurrentDirectory: C:\\Windows\\system32\\\nUser: NT AUTHORITY\\SYSTEM\nLogonGuid: {56429cce-7989-65cc-e703-000000000000}\nLogonId: 0x3E7\nTerminalSessionId: 0\nIntegrityLevel: System\nHashes: MD5=ABB56882148DE65D53ABFC55544A49A8,SHA256=78097C7CD0E57902536C60B7FA17528C313DB20869E5F944223A0BA4C801D39B,IMPHASH=35A7FFDE18D444A92D32C8B2879450FF\nParentProcessGuid: {56429cce-937f-661e-6cc7-0d0000000d00}\nParentProcessId: 7452\nParentImage: C:\\Windows\\System32\\cmd.exe\nParentCommandLine: \"cmd.exe\" /C \"sc queryex type= service | find /i \"MsDtsServer140\"\"\nParentUser: NT AUTHORITY\\SYSTEM"
    },
    {
      "EventCode": "53504",
      "EventKind": "event",
      "EventProvider": "Microsoft-Windows-PowerShell",
      "EventId": 0,
      "EventSeverity": "Open (async)",
      "Type": "powershell",
      "HostName": "hm-ips-db",
      "Platform": "windows",
      "Raw": null
    },
    {
      "EventCode": "4688",
      "EventKind": "event",
      "EventProvider": "Microsoft-Windows-Security-Auditing",
      "EventId": 4688,
      "EventSeverity": "Info",
      "Type": "process",
      "HostName": "hm-ips-db",
      "Platform": "windows",
      "Raw": "A new process has been created.\n\nCreator Subject:\n\tSecurity ID:\t\tS-1-5-18\n\tAccount Name:\t\tHM-IPS-DB$\n\tAccount Domain:\t\tHALFMOONCLUB\n\tLogon ID:\t\t0x3E7\n\nTarget Subject:\n\tSecurity ID:\t\tS-1-0-0\n\tAccount Name:\t\t-\n\tAccount Domain:\t\t-\n\tLogon ID:\t\t0x0\n\nProcess Information:\n\tNew Process ID:\t\t0x2d4\n\tNew Process Name:\tC:\\Windows\\System32\\WindowsPowerShell\\v1.0\\powershell.exe\n\tToken Elevation Type:\t%%1936\n\tMandatory Label:\t\tS-1-16-16384\n\tCreator Process ID:\t0x210c\n\tCreator Process Name:\tC:\\Windows\\System32\\cmd.exe\n\tProcess Command Line:\t\n\nToken Elevation Type indicates the type of token that was assigned to the new process in accordance with User Account Control policy.\n\nType 1 is a full token with no privileges removed or groups disabled.  A full token is only used if User Account Control is disabled or if the user is the built-in Administrator account or a service account.\n\nType 2 is an elevated token with no privileges removed or groups disabled.  An elevated token is used when User Account Control is enabled and the user chooses to start the program using Run as administrator.  An elevated token is also used when an application is configured to always require administrative privilege or to always require maximum privilege, and the user is a member of the Administrators group.\n\nType 3 is a limited token with administrative privileges removed and administrative groups disabled.  The limited token is used when User Account Control is enabled, the application does not require administrative privilege, and the user does not choose to start the program using Run as administrator."
    },
    {
      "EventCode": "4688",
      "EventKind": "event",
      "EventProvider": "Microsoft-Windows-Security-Auditing",
      "EventId": 4688,
      "EventSeverity": "Info",
      "Type": "process",
      "HostName": "dt-2ua4032hmf",
      "Platform": "windows",
      "Raw": "A new process has been created.\n\nCreator Subject:\n\tSecurity ID:\t\tS-1-5-18\n\tAccount Name:\t\tDT-2UA4032HMF$\n\tAccount Domain:\t\tHALFMOONCLUB\n\tLogon ID:\t\t0x3E7\n\nTarget Subject:\n\tSecurity ID:\t\tS-1-0-0\n\tAccount Name:\t\t-\n\tAccount Domain:\t\t-\n\tLogon ID:\t\t0x0\n\nProcess Information:\n\tNew Process ID:\t\t0x15e0\n\tNew Process Name:\tC:\\Windows\\WinSxS\\amd64_microsoft-windows-servicingstack_31bf3856ad364e35_10.0.19041.4289_none_7e26f6bc7c7a4793\\TiWorker.exe\n\tToken Elevation Type:\t%%1936\n\tMandatory Label:\t\tS-1-16-16384\n\tCreator Process ID:\t0x3d4\n\tCreator Process Name:\tC:\\Windows\\System32\\svchost.exe\n\tProcess Command Line:\t\n\nToken Elevation Type indicates the type of token that was assigned to the new process in accordance with User Account Control policy.\n\nType 1 is a full token with no privileges removed or groups disabled.  A full token is only used if User Account Control is disabled or if the user is the built-in Administrator account or a service account.\n\nType 2 is an elevated token with no privileges removed or groups disabled.  An elevated token is used when User Account Control is enabled and the user chooses to start the program using Run as administrator.  An elevated token is also used when an application is configured to always require administrative privilege or to always require maximum privilege, and the user is a member of the Administrators group.\n\nType 3 is a limited token with administrative privileges removed and administrative groups disabled.  The limited token is used when User Account Control is enabled, the application does not require administrative privilege, and the user does not choose to start the program using Run as administrator."
    },
    {
      "EventCode": "4672",
      "EventKind": "event",
      "EventProvider": "Microsoft-Windows-Security-Auditing",
      "EventId": 4672,
      "EventSeverity": "Info",
      "Type": "iam",
      "HostName": "dt-2ua4032hmf",
      "Platform": "windows",
      "Raw": "Special privileges assigned to new logon.\n\nSubject:\n\tSecurity ID:\t\tS-1-5-18\n\tAccount Name:\t\tSYSTEM\n\tAccount Domain:\t\tNT AUTHORITY\n\tLogon ID:\t\t0x3E7\n\nPrivileges:\t\tSeAssignPrimaryTokenPrivilege\n\t\t\tSeTcbPrivilege\n\t\t\tSeSecurityPrivilege\n\t\t\tSeTakeOwnershipPrivilege\n\t\t\tSeLoadDriverPrivilege\n\t\t\tSeBackupPrivilege\n\t\t\tSeRestorePrivilege\n\t\t\tSeDebugPrivilege\n\t\t\tSeAuditPrivilege\n\t\t\tSeSystemEnvironmentPrivilege\n\t\t\tSeImpersonatePrivilege\n\t\t\tSeDelegateSessionUserImpersonatePrivilege"
    },
    {
      "EventCode": "4688",
      "EventKind": "event",
      "EventProvider": "Microsoft-Windows-Security-Auditing",
      "EventId": 4688,
      "EventSeverity": "Info",
      "Type": "process",
      "HostName": "dt-2ua4032hmf",
      "Platform": "windows",
      "Raw": "A new process has been created.\n\nCreator Subject:\n\tSecurity ID:\t\tS-1-5-18\n\tAccount Name:\t\tDT-2UA4032HMF$\n\tAccount Domain:\t\tHALFMOONCLUB\n\tLogon ID:\t\t0x3E7\n\nTarget Subject:\n\tSecurity ID:\t\tS-1-0-0\n\tAccount Name:\t\t-\n\tAccount Domain:\t\t-\n\tLogon ID:\t\t0x0\n\nProcess Information:\n\tNew Process ID:\t\t0x1d24\n\tNew Process Name:\tC:\\Windows\\servicing\\TrustedInstaller.exe\n\tToken Elevation Type:\t%%1936\n\tMandatory Label:\t\tS-1-16-16384\n\tCreator Process ID:\t0x378\n\tCreator Process Name:\tC:\\Windows\\System32\\services.exe\n\tProcess Command Line:\t\n\nToken Elevation Type indicates the type of token that was assigned to the new process in accordance with User Account Control policy.\n\nType 1 is a full token with no privileges removed or groups disabled.  A full token is only used if User Account Control is disabled or if the user is the built-in Administrator account or a service account.\n\nType 2 is an elevated token with no privileges removed or groups disabled.  An elevated token is used when User Account Control is enabled and the user chooses to start the program using Run as administrator.  An elevated token is also used when an application is configured to always require administrative privilege or to always require maximum privilege, and the user is a member of the Administrators group.\n\nType 3 is a limited token with administrative privileges removed and administrative groups disabled.  The limited token is used when User Account Control is enabled, the application does not require administrative privilege, and the user does not choose to start the program using Run as administrator."
    },
    {
      "EventCode": "4627",
      "EventKind": "event",
      "EventProvider": "Microsoft-Windows-Security-Auditing",
      "EventId": 4627,
      "EventSeverity": "Info",
      "Type": "Group Membership",
      "HostName": "dt-2ua4032hmf",
      "Platform": "windows",
      "Raw": "Group membership information.\n\nSubject:\n\tSecurity ID:\t\tS-1-5-18\n\tAccount Name:\t\tDT-2UA4032HMF$\n\tAccount Domain:\t\tHALFMOONCLUB\n\tLogon ID:\t\t0x3E7\n\nLogon Type:\t\t\t5\n\nNew Logon:\n\tSecurity ID:\t\tS-1-5-18\n\tAccount Name:\t\tSYSTEM\n\tAccount Domain:\t\tNT AUTHORITY\n\tLogon ID:\t\t0x3E7\n\nEvent in sequence:\t\t1 of 1\n\nGroup Membership:\t\t\t\n\t\t%{S-1-5-32-544}\n\t\t%{S-1-1-0}\n\t\t%{S-1-5-11}\n\t\t%{S-1-16-16384}\n\nThe subject fields indicate the account on the local system which requested the logon. This is most commonly a service such as the Server service, or a local process such as Winlogon.exe or Services.exe.\n\nThe logon type field indicates the kind of logon that occurred. The most common types are 2 (interactive) and 3 (network).\n\nThe New Logon fields indicate the account for whom the new logon was created, i.e. the account that was logged on.\n\nThis event is generated when the Audit Group Membership subcategory is configured.  The Logon ID field can be used to correlate this event with the corresponding user logon event as well as to any other security audit events generated during this logon session."
    },
    {
      "EventCode": "4624",
      "EventKind": "event",
      "EventProvider": "Microsoft-Windows-Security-Auditing",
      "EventId": 4624,
      "EventSeverity": "Info",
      "Type": "authentication",
      "HostName": "dt-2ua4032hmf",
      "Platform": "windows",
      "Raw": "An account was successfully logged on.\n\nSubject:\n\tSecurity ID:\t\tS-1-5-18\n\tAccount Name:\t\tDT-2UA4032HMF$\n\tAccount Domain:\t\tHALFMOONCLUB\n\tLogon ID:\t\t0x3E7\n\nLogon Information:\n\tLogon Type:\t\t5\n\tRestricted Admin Mode:\t-\n\tVirtual Account:\t\tNo\n\tElevated Token:\t\tYes\n\nImpersonation Level:\t\tImpersonation\n\nNew Logon:\n\tSecurity ID:\t\tS-1-5-18\n\tAccount Name:\t\tSYSTEM\n\tAccount Domain:\t\tNT AUTHORITY\n\tLogon ID:\t\t0x3E7\n\tLinked Logon ID:\t\t0x0\n\tNetwork Account Name:\t-\n\tNetwork Account Domain:\t-\n\tLogon GUID:\t\t{00000000-0000-0000-0000-000000000000}\n\nProcess Information:\n\tProcess ID:\t\t0x378\n\tProcess Name:\t\tC:\\Windows\\System32\\services.exe\n\nNetwork Information:\n\tWorkstation Name:\t-\n\tSource Network Address:\t-\n\tSource Port:\t\t-\n\nDetailed Authentication Information:\n\tLogon Process:\t\tAdvapi  \n\tAuthentication Package:\tNegotiate\n\tTransited Services:\t-\n\tPackage Name (NTLM only):\t-\n\tKey Length:\t\t0\n\nThis event is generated when a logon session is created. It is generated on the computer that was accessed.\n\nThe subject fields indicate the account on the local system which requested the logon. This is most commonly a service such as the Server service, or a local process such as Winlogon.exe or Services.exe.\n\nThe logon type field indicates the kind of logon that occurred. The most common types are 2 (interactive) and 3 (network).\n\nThe New Logon fields indicate the account for whom the new logon was created, i.e. the account that was logged on.\n\nThe network fields indicate where a remote logon request originated. Workstation name is not always available and may be left blank in some cases.\n\nThe impersonation level field indicates the extent to which a process in the logon session can impersonate.\n\nThe authentication information fields provide detailed information about this specific logon request.\n\t- Logon GUID is a unique identifier that can be used to correlate this event with a KDC event.\n\t- Transited services indicate which intermediate services have participated in this logon request.\n\t- Package name indicates which sub-protocol was used among the NTLM protocols.\n\t- Key length indicates the length of the generated session key. This will be 0 if no session key was requested."
    },
    {
      "EventCode": "4634",
      "EventKind": "event",
      "EventProvider": "Microsoft-Windows-Security-Auditing",
      "EventId": 4634,
      "EventSeverity": "Info",
      "Type": "authentication",
      "HostName": "hm-ad-02",
      "Platform": "windows",
      "Raw": "An account was logged off.\n\nSubject:\n\tSecurity ID:\t\tS-1-5-21-1202660629-1563985344-839522115-5890\n\tAccount Name:\t\tjlawrence\n\tAccount Domain:\t\tHALFMOONCLUB\n\tLogon ID:\t\t0x3358A458\n\nLogon Type:\t\t\t3\n\nThis event is generated when a logon session is destroyed. It may be positively correlated with a logon event using the Logon ID value. Logon IDs are only unique between reboots on the same computer."
    },
    {
      "EventCode": "4634",
      "EventKind": "event",
      "EventProvider": "Microsoft-Windows-Security-Auditing",
      "EventId": 4634,
      "EventSeverity": "Info",
      "Type": "authentication",
      "HostName": "hm-ad-02",
      "Platform": "windows",
      "Raw": "An account was logged off.\n\nSubject:\n\tSecurity ID:\t\tS-1-5-21-1202660629-1563985344-839522115-8664\n\tAccount Name:\t\tdferguson\n\tAccount Domain:\t\tHALFMOONCLUB\n\tLogon ID:\t\t0x3359BD83\n\nLogon Type:\t\t\t3\n\nThis event is generated when a logon session is destroyed. It may be positively correlated with a logon event using the Logon ID value. Logon IDs are only unique between reboots on the same computer."
    },
    {
      "EventCode": "4634",
      "EventKind": "event",
      "EventProvider": "Microsoft-Windows-Security-Auditing",
      "EventId": 4634,
      "EventSeverity": "Info",
      "Type": "authentication",
      "HostName": "hm-ad-02",
      "Platform": "windows",
