      "Raw": "Group membership information.\n\nSubject:\n\tSecurity ID:\t\tS-1-0-0\n\tAccount Name:\t\t-\n\tAccount Domain:\t\t-\n\tLogon ID:\t\t0x0\n\nLogon Type:\t\t\t3\n\nNew Logon:\n\tSecurity ID:\t\tS-1-5-21-1202660629-1563985344-839522115-9248\n\tAccount Name:\t\tmevans\n\tAccount Domain:\t\tHALFMOONCLUB\n\tLogon ID:\t\t0x335A5E29\n\nEvent in sequence:\t\t1 of 1\n\nGroup Membership:\t\t\t\n\t\t%{S-1-5-21-1202660629-1563985344-839522115-513}\n\t\t%{S-1-1-0}\n\t\t%{S-1-5-32-545}\n\t\t%{S-1-5-32-554}\n\t\t%{S-1-5-2}\n\t\t%{S-1-5-11}\n\t\t%{S-1-5-15}\n\t\t%{S-1-5-21-1202660629-1563985344-839522115-9133}\n\t\t%{S-1-5-21-1202660629-1563985344-839522115-8680}\n\t\t%{S-1-5-21-1202660629-1563985344-839522115-7650}\n\t\t%{S-1-5-21-1202660629-1563985344-839522115-6664}\n\t\t%{S-1-5-21-1202660629-1563985344-839522115-9150}\n\t\t%{S-1-5-21-1202660629-1563985344-839522115-9140}\n\t\t%{S-1-5-21-1202660629-1563985344-839522115-1672}\n\t\t%{S-1-5-21-1202660629-1563985344-839522115-6669}\n\t\t%{S-1-5-21-1202660629-1563985344-839522115-7706}\n\t\t%{S-1-5-21-1202660629-1563985344-839522115-6657}\n\t\t%{S-1-5-21-1202660629-1563985344-839522115-8668}\n\t\t%{S-1-5-21-1202660629-1563985344-839522115-1620}\n\t\t%{S-1-5-21-1202660629-1563985344-839522115-8675}\n\t\t%{S-1-5-64-10}\n\t\t%{S-1-16-8448}\n\nThe subject fields indicate the account on the local system which requested the logon. This is most commonly a service such as the Server service, or a local process such as Winlogon.exe or Services.exe.\n\nThe logon type field indicates the kind of logon that occurred. The most common types are 2 (interactive) and 3 (network).\n\nThe New Logon fields indicate the account for whom the new logon was created, i.e. the account that was logged on.\n\nThis event is generated when the Audit Group Membership subcategory is configured.  The Logon ID field can be used to correlate this event with the corresponding user logon event as well as to any other security audit events generated during this logon session."
    },
    {
      "EventCode": "5145",
      "EventKind": "event",
      "EventProvider": "Microsoft-Windows-Security-Auditing",
      "EventId": 5145,
      "EventSeverity": "Info",
      "Type": "Detailed File Share",
      "HostName": "hm-ad-02",
      "Platform": "windows",
      "Raw": "A network share object was checked to see whether client can be granted desired access.\n\t\nSubject:\n\tSecurity ID:\t\tS-1-5-21-1202660629-1563985344-839522115-9248\n\tAccount Name:\t\tmevans\n\tAccount Domain:\t\tHALFMOONCLUB\n\tLogon ID:\t\t0x335A5D6A\n\nNetwork Information:\t\n\tObject Type:\t\tFile\n\tSource Address:\t\t10.10.20.1\n\tSource Port:\t\t58856\n\t\nShare Information:\n\tShare Name:\t\t\\\\*\\IPC$\n\tShare Path:\t\t\n\tRelative Target Name:\tspoolss\n\nAccess Request Information:\n\tAccess Mask:\t\t0x12019F\n\tAccesses:\t\tREAD_CONTROL\n\t\t\t\tSYNCHRONIZE\n\t\t\t\tReadData (or ListDirectory)\n\t\t\t\tWriteData (or AddFile)\n\t\t\t\tAppendData (or AddSubdirectory or CreatePipeInstance)\n\t\t\t\tReadEA\n\t\t\t\tWriteEA\n\t\t\t\tReadAttributes\n\t\t\t\tWriteAttributes\n\t\t\t\t\nAccess Check Results:\n\t-"
    },
    {
      "EventCode": "4627",
      "EventKind": "event",
      "EventProvider": "Microsoft-Windows-Security-Auditing",
      "EventId": 4627,
      "EventSeverity": "Info",
      "Type": "Group Membership",
      "HostName": "hm-ad-02",
      "Platform": "windows",
      "Raw": "Group membership information.\n\nSubject:\n\tSecurity ID:\t\tS-1-0-0\n\tAccount Name:\t\t-\n\tAccount Domain:\t\t-\n\tLogon ID:\t\t0x0\n\nLogon Type:\t\t\t3\n\nNew Logon:\n\tSecurity ID:\t\tS-1-5-21-1202660629-1563985344-839522115-9248\n\tAccount Name:\t\tmevans\n\tAccount Domain:\t\tHALFMOONCLUB\n\tLogon ID:\t\t0x335A5E07\n\nEvent in sequence:\t\t1 of 1\n\nGroup Membership:\t\t\t\n\t\t%{S-1-5-21-1202660629-1563985344-839522115-513}\n\t\t%{S-1-1-0}\n\t\t%{S-1-5-32-545}\n\t\t%{S-1-5-32-554}\n\t\t%{S-1-5-2}\n\t\t%{S-1-5-11}\n\t\t%{S-1-5-15}\n\t\t%{S-1-5-21-1202660629-1563985344-839522115-9133}\n\t\t%{S-1-5-21-1202660629-1563985344-839522115-8680}\n\t\t%{S-1-5-21-1202660629-1563985344-839522115-7650}\n\t\t%{S-1-5-21-1202660629-1563985344-839522115-6664}\n\t\t%{S-1-5-21-1202660629-1563985344-839522115-9150}\n\t\t%{S-1-5-21-1202660629-1563985344-839522115-9140}\n\t\t%{S-1-5-21-1202660629-1563985344-839522115-1672}\n\t\t%{S-1-5-21-1202660629-1563985344-839522115-6669}\n\t\t%{S-1-5-21-1202660629-1563985344-839522115-7706}\n\t\t%{S-1-5-21-1202660629-1563985344-839522115-6657}\n\t\t%{S-1-5-21-1202660629-1563985344-839522115-8668}\n\t\t%{S-1-5-21-1202660629-1563985344-839522115-1620}\n\t\t%{S-1-5-21-1202660629-1563985344-839522115-8675}\n\t\t%{S-1-5-64-10}\n\t\t%{S-1-16-8448}\n\nThe subject fields indicate the account on the local system which requested the logon. This is most commonly a service such as the Server service, or a local process such as Winlogon.exe or Services.exe.\n\nThe logon type field indicates the kind of logon that occurred. The most common types are 2 (interactive) and 3 (network).\n\nThe New Logon fields indicate the account for whom the new logon was created, i.e. the account that was logged on.\n\nThis event is generated when the Audit Group Membership subcategory is configured.  The Logon ID field can be used to correlate this event with the corresponding user logon event as well as to any other security audit events generated during this logon session."
    },
    {
      "EventCode": "4634",
      "EventKind": "event",
      "EventProvider": "Microsoft-Windows-Security-Auditing",
      "EventId": 4634,
      "EventSeverity": "Info",
      "Type": "authentication",
      "HostName": "hm-ad-02",
      "Platform": "windows",
      "Raw": "An account was logged off.\n\nSubject:\n\tSecurity ID:\t\tS-1-5-21-1202660629-1563985344-839522115-9248\n\tAccount Name:\t\tmevans\n\tAccount Domain:\t\tHALFMOONCLUB\n\tLogon ID:\t\t0x335A5E07\n\nLogon Type:\t\t\t3\n\nThis event is generated when a logon session is destroyed. It may be positively correlated with a logon event using the Logon ID value. Logon IDs are only unique between reboots on the same computer."
    },
    {
      "EventCode": "4624",
      "EventKind": "event",
      "EventProvider": "Microsoft-Windows-Security-Auditing",
      "EventId": 4624,
      "EventSeverity": "Info",
      "Type": "authentication",
      "HostName": "hm-ad-02",
      "Platform": "windows",
      "Raw": "An account was successfully logged on.\n\nSubject:\n\tSecurity ID:\t\tS-1-0-0\n\tAccount Name:\t\t-\n\tAccount Domain:\t\t-\n\tLogon ID:\t\t0x0\n\nLogon Information:\n\tLogon Type:\t\t3\n\tRestricted Admin Mode:\t-\n\tVirtual Account:\t\tNo\n\tElevated Token:\t\tYes\n\nImpersonation Level:\t\tImpersonation\n\nNew Logon:\n\tSecurity ID:\t\tS-1-5-21-1202660629-1563985344-839522115-9248\n\tAccount Name:\t\tmevans\n\tAccount Domain:\t\tHALFMOONCLUB\n\tLogon ID:\t\t0x335A5E07\n\tLinked Logon ID:\t\t0x0\n\tNetwork Account Name:\t-\n\tNetwork Account Domain:\t-\n\tLogon GUID:\t\t{00000000-0000-0000-0000-000000000000}\n\nProcess Information:\n\tProcess ID:\t\t0x0\n\tProcess Name:\t\t-\n\nNetwork Information:\n\tWorkstation Name:\tDT-23C4GT3\n\tSource Network Address:\t-\n\tSource Port:\t\t-\n\nDetailed Authentication Information:\n\tLogon Process:\t\tNtLmSsp \n\tAuthentication Package:\tNTLM\n\tTransited Services:\t-\n\tPackage Name (NTLM only):\tNTLM V2\n\tKey Length:\t\t128\n\nThis event is generated when a logon session is created. It is generated on the computer that was accessed.\n\nThe subject fields indicate the account on the local system which requested the logon. This is most commonly a service such as the Server service, or a local process such as Winlogon.exe or Services.exe.\n\nThe logon type field indicates the kind of logon that occurred. The most common types are 2 (interactive) and 3 (network).\n\nThe New Logon fields indicate the account for whom the new logon was created, i.e. the account that was logged on.\n\nThe network fields indicate where a remote logon request originated. Workstation name is not always available and may be left blank in some cases.\n\nThe impersonation level field indicates the extent to which a process in the logon session can impersonate.\n\nThe authentication information fields provide detailed information about this specific logon request.\n\t- Logon GUID is a unique identifier that can be used to correlate this event with a KDC event.\n\t- Transited services indicate which intermediate services have participated in this logon request.\n\t- Package name indicates which sub-protocol was used among the NTLM protocols.\n\t- Key length indicates the length of the generated session key. This will be 0 if no session key was requested."
    },
    {
      "EventCode": "5145",
      "EventKind": "event",
      "EventProvider": "Microsoft-Windows-Security-Auditing",
      "EventId": 5145,
      "EventSeverity": "Info",
      "Type": "Detailed File Share",
      "HostName": "hm-ad-02",
      "Platform": "windows",
      "Raw": "A network share object was checked to see whether client can be granted desired access.\n\t\nSubject:\n\tSecurity ID:\t\tS-1-5-21-1202660629-1563985344-839522115-9248\n\tAccount Name:\t\tmevans\n\tAccount Domain:\t\tHALFMOONCLUB\n\tLogon ID:\t\t0x335A5D6A\n\nNetwork Information:\t\n\tObject Type:\t\tFile\n\tSource Address:\t\t10.10.20.1\n\tSource Port:\t\t58856\n\t\nShare Information:\n\tShare Name:\t\t\\\\*\\IPC$\n\tShare Path:\t\t\n\tRelative Target Name:\tspoolss\n\nAccess Request Information:\n\tAccess Mask:\t\t0x12019F\n\tAccesses:\t\tREAD_CONTROL\n\t\t\t\tSYNCHRONIZE\n\t\t\t\tReadData (or ListDirectory)\n\t\t\t\tWriteData (or AddFile)\n\t\t\t\tAppendData (or AddSubdirectory or CreatePipeInstance)\n\t\t\t\tReadEA\n\t\t\t\tWriteEA\n\t\t\t\tReadAttributes\n\t\t\t\tWriteAttributes\n\t\t\t\t\nAccess Check Results:\n\t-"
    },
    {
      "EventCode": "4627",
      "EventKind": "event",
      "EventProvider": "Microsoft-Windows-Security-Auditing",
      "EventId": 4627,
      "EventSeverity": "Info",
      "Type": "Group Membership",
      "HostName": "hm-ad-02",
      "Platform": "windows",
      "Raw": "Group membership information.\n\nSubject:\n\tSecurity ID:\t\tS-1-0-0\n\tAccount Name:\t\t-\n\tAccount Domain:\t\t-\n\tLogon ID:\t\t0x0\n\nLogon Type:\t\t\t3\n\nNew Logon:\n\tSecurity ID:\t\tS-1-5-21-1202660629-1563985344-839522115-9248\n\tAccount Name:\t\tmevans\n\tAccount Domain:\t\tHALFMOONCLUB.COM\n\tLogon ID:\t\t0x335A5DE2\n\nEvent in sequence:\t\t1 of 1\n\nGroup Membership:\t\t\t\n\t\t%{S-1-5-21-1202660629-1563985344-839522115-513}\n\t\t%{S-1-1-0}\n\t\t%{S-1-5-32-545}\n\t\t%{S-1-5-32-554}\n\t\t%{S-1-5-2}\n\t\t%{S-1-5-11}\n\t\t%{S-1-5-15}\n\t\t%{S-1-5-21-1202660629-1563985344-839522115-9133}\n\t\t%{S-1-5-21-1202660629-1563985344-839522115-8680}\n\t\t%{S-1-5-21-1202660629-1563985344-839522115-7650}\n\t\t%{S-1-5-21-1202660629-1563985344-839522115-6664}\n\t\t%{S-1-5-21-1202660629-1563985344-839522115-9150}\n\t\t%{S-1-5-21-1202660629-1563985344-839522115-9140}\n\t\t%{S-1-5-21-1202660629-1563985344-839522115-1672}\n\t\t%{S-1-5-21-1202660629-1563985344-839522115-6669}\n\t\t%{S-1-5-21-1202660629-1563985344-839522115-7706}\n\t\t%{S-1-5-21-1202660629-1563985344-839522115-6657}\n\t\t%{S-1-5-21-1202660629-1563985344-839522115-8668}\n\t\t%{S-1-5-21-1202660629-1563985344-839522115-1620}\n\t\t%{S-1-5-21-1202660629-1563985344-839522115-8675}\n\t\t%{S-1-18-1}\n\t\t%{S-1-16-8448}\n\nThe subject fields indicate the account on the local system which requested the logon. This is most commonly a service such as the Server service, or a local process such as Winlogon.exe or Services.exe.\n\nThe logon type field indicates the kind of logon that occurred. The most common types are 2 (interactive) and 3 (network).\n\nThe New Logon fields indicate the account for whom the new logon was created, i.e. the account that was logged on.\n\nThis event is generated when the Audit Group Membership subcategory is configured.  The Logon ID field can be used to correlate this event with the corresponding user logon event as well as to any other security audit events generated during this logon session."
    },
    {
      "EventCode": "4624",
      "EventKind": "event",
      "EventProvider": "Microsoft-Windows-Security-Auditing",
      "EventId": 4624,
      "EventSeverity": "Info",
      "Type": "authentication",
      "HostName": "hm-ad-02",
      "Platform": "windows",
      "Raw": "An account was successfully logged on.\n\nSubject:\n\tSecurity ID:\t\tS-1-0-0\n\tAccount Name:\t\t-\n\tAccount Domain:\t\t-\n\tLogon ID:\t\t0x0\n\nLogon Information:\n\tLogon Type:\t\t3\n\tRestricted Admin Mode:\t-\n\tVirtual Account:\t\tNo\n\tElevated Token:\t\tYes\n\nImpersonation Level:\t\tImpersonation\n\nNew Logon:\n\tSecurity ID:\t\tS-1-5-21-1202660629-1563985344-839522115-9248\n\tAccount Name:\t\tmevans\n\tAccount Domain:\t\tHALFMOONCLUB.COM\n\tLogon ID:\t\t0x335A5DE2\n\tLinked Logon ID:\t\t0x0\n\tNetwork Account Name:\t-\n\tNetwork Account Domain:\t-\n\tLogon GUID:\t\t{529ebe55-2277-b16e-a2a3-62fdee61706f}\n\nProcess Information:\n\tProcess ID:\t\t0x0\n\tProcess Name:\t\t-\n\nNetwork Information:\n\tWorkstation Name:\t-\n\tSource Network Address:\t10.10.20.1\n\tSource Port:\t\t58859\n\nDetailed Authentication Information:\n\tLogon Process:\t\tKerberos\n\tAuthentication Package:\tKerberos\n\tTransited Services:\t-\n\tPackage Name (NTLM only):\t-\n\tKey Length:\t\t0\n\nThis event is generated when a logon session is created. It is generated on the computer that was accessed.\n\nThe subject fields indicate the account on the local system which requested the logon. This is most commonly a service such as the Server service, or a local process such as Winlogon.exe or Services.exe.\n\nThe logon type field indicates the kind of logon that occurred. The most common types are 2 (interactive) and 3 (network).\n\nThe New Logon fields indicate the account for whom the new logon was created, i.e. the account that was logged on.\n\nThe network fields indicate where a remote logon request originated. Workstation name is not always available and may be left blank in some cases.\n\nThe impersonation level field indicates the extent to which a process in the logon session can impersonate.\n\nThe authentication information fields provide detailed information about this specific logon request.\n\t- Logon GUID is a unique identifier that can be used to correlate this event with a KDC event.\n\t- Transited services indicate which intermediate services have participated in this logon request.\n\t- Package name indicates which sub-protocol was used among the NTLM protocols.\n\t- Key length indicates the length of the generated session key. This will be 0 if no session key was requested."
    },
    {
      "EventCode": "4627",
      "EventKind": "event",
      "EventProvider": "Microsoft-Windows-Security-Auditing",
      "EventId": 4627,
      "EventSeverity": "Info",
      "Type": "Group Membership",
      "HostName": "hm-ad-02",
      "Platform": "windows",
      "Raw": "Group membership information.\n\nSubject:\n\tSecurity ID:\t\tS-1-0-0\n\tAccount Name:\t\t-\n\tAccount Domain:\t\t-\n\tLogon ID:\t\t0x0\n\nLogon Type:\t\t\t3\n\nNew Logon:\n\tSecurity ID:\t\tS-1-5-21-1202660629-1563985344-839522115-9248\n\tAccount Name:\t\tmevans\n\tAccount Domain:\t\tHALFMOONCLUB.COM\n\tLogon ID:\t\t0x335A5DCB\n\nEvent in sequence:\t\t1 of 1\n\nGroup Membership:\t\t\t\n\t\t%{S-1-5-21-1202660629-1563985344-839522115-513}\n\t\t%{S-1-1-0}\n\t\t%{S-1-5-32-545}\n\t\t%{S-1-5-32-554}\n\t\t%{S-1-5-2}\n\t\t%{S-1-5-11}\n\t\t%{S-1-5-15}\n\t\t%{S-1-5-21-1202660629-1563985344-839522115-9133}\n\t\t%{S-1-5-21-1202660629-1563985344-839522115-8680}\n\t\t%{S-1-5-21-1202660629-1563985344-839522115-7650}\n\t\t%{S-1-5-21-1202660629-1563985344-839522115-6664}\n\t\t%{S-1-5-21-1202660629-1563985344-839522115-9150}\n\t\t%{S-1-5-21-1202660629-1563985344-839522115-9140}\n\t\t%{S-1-5-21-1202660629-1563985344-839522115-1672}\n\t\t%{S-1-5-21-1202660629-1563985344-839522115-6669}\n\t\t%{S-1-5-21-1202660629-1563985344-839522115-7706}\n\t\t%{S-1-5-21-1202660629-1563985344-839522115-6657}\n\t\t%{S-1-5-21-1202660629-1563985344-839522115-8668}\n\t\t%{S-1-5-21-1202660629-1563985344-839522115-1620}\n\t\t%{S-1-5-21-1202660629-1563985344-839522115-8675}\n\t\t%{S-1-18-1}\n\t\t%{S-1-16-8448}\n\nThe subject fields indicate the account on the local system which requested the logon. This is most commonly a service such as the Server service, or a local process such as Winlogon.exe or Services.exe.\n\nThe logon type field indicates the kind of logon that occurred. The most common types are 2 (interactive) and 3 (network).\n\nThe New Logon fields indicate the account for whom the new logon was created, i.e. the account that was logged on.\n\nThis event is generated when the Audit Group Membership subcategory is configured.  The Logon ID field can be used to correlate this event with the corresponding user logon event as well as to any other security audit events generated during this logon session."
    },
    {
      "EventCode": "4634",
      "EventKind": "event",
      "EventProvider": "Microsoft-Windows-Security-Auditing",
      "EventId": 4634,
      "EventSeverity": "Info",
      "Type": "authentication",
      "HostName": "hm-ad-02",
      "Platform": "windows",
      "Raw": "An account was logged off.\n\nSubject:\n\tSecurity ID:\t\tS-1-5-21-1202660629-1563985344-839522115-9248\n\tAccount Name:\t\tmevans\n\tAccount Domain:\t\tHALFMOONCLUB\n\tLogon ID:\t\t0x335A5D91\n\nLogon Type:\t\t\t3\n\nThis event is generated when a logon session is destroyed. It may be positively correlated with a logon event using the Logon ID value. Logon IDs are only unique between reboots on the same computer."
    },
    {
      "EventCode": "4624",
      "EventKind": "event",
      "EventProvider": "Microsoft-Windows-Security-Auditing",
      "EventId": 4624,
      "EventSeverity": "Info",
      "Type": "authentication",
      "HostName": "hm-ad-02",
      "Platform": "windows",
      "Raw": "An account was successfully logged on.\n\nSubject:\n\tSecurity ID:\t\tS-1-0-0\n\tAccount Name:\t\t-\n\tAccount Domain:\t\t-\n\tLogon ID:\t\t0x0\n\nLogon Information:\n\tLogon Type:\t\t3\n\tRestricted Admin Mode:\t-\n\tVirtual Account:\t\tNo\n\tElevated Token:\t\tYes\n\nImpersonation Level:\t\tImpersonation\n\nNew Logon:\n\tSecurity ID:\t\tS-1-5-21-1202660629-1563985344-839522115-9248\n\tAccount Name:\t\tmevans\n\tAccount Domain:\t\tHALFMOONCLUB.COM\n\tLogon ID:\t\t0x335A5DCB\n\tLinked Logon ID:\t\t0x0\n\tNetwork Account Name:\t-\n\tNetwork Account Domain:\t-\n\tLogon GUID:\t\t{529ebe55-2277-b16e-a2a3-62fdee61706f}\n\nProcess Information:\n\tProcess ID:\t\t0x0\n\tProcess Name:\t\t-\n\nNetwork Information:\n\tWorkstation Name:\t-\n\tSource Network Address:\t10.10.20.1\n\tSource Port:\t\t58278\n\nDetailed Authentication Information:\n\tLogon Process:\t\tKerberos\n\tAuthentication Package:\tKerberos\n\tTransited Services:\t-\n\tPackage Name (NTLM only):\t-\n\tKey Length:\t\t0\n\nThis event is generated when a logon session is created. It is generated on the computer that was accessed.\n\nThe subject fields indicate the account on the local system which requested the logon. This is most commonly a service such as the Server service, or a local process such as Winlogon.exe or Services.exe.\n\nThe logon type field indicates the kind of logon that occurred. The most common types are 2 (interactive) and 3 (network).\n\nThe New Logon fields indicate the account for whom the new logon was created, i.e. the account that was logged on.\n\nThe network fields indicate where a remote logon request originated. Workstation name is not always available and may be left blank in some cases.\n\nThe impersonation level field indicates the extent to which a process in the logon session can impersonate.\n\nThe authentication information fields provide detailed information about this specific logon request.\n\t- Logon GUID is a unique identifier that can be used to correlate this event with a KDC event.\n\t- Transited services indicate which intermediate services have participated in this logon request.\n\t- Package name indicates which sub-protocol was used among the NTLM protocols.\n\t- Key length indicates the length of the generated session key. This will be 0 if no session key was requested."
    },
    {
      "EventCode": "4634",
      "EventKind": "event",
      "EventProvider": "Microsoft-Windows-Security-Auditing",
      "EventId": 4634,
      "EventSeverity": "Info",
      "Type": "authentication",
      "HostName": "hm-ad-02",
      "Platform": "windows",
      "Raw": "An account was logged off.\n\nSubject:\n\tSecurity ID:\t\tS-1-5-21-1202660629-1563985344-839522115-9248\n\tAccount Name:\t\tmevans\n\tAccount Domain:\t\tHALFMOONCLUB\n\tLogon ID:\t\t0x335A5D95\n\nLogon Type:\t\t\t3\n\nThis event is generated when a logon session is destroyed. It may be positively correlated with a logon event using the Logon ID value. Logon IDs are only unique between reboots on the same computer."
    },
    {
      "EventCode": "4627",
      "EventKind": "event",
      "EventProvider": "Microsoft-Windows-Security-Auditing",
      "EventId": 4627,
      "EventSeverity": "Info",
      "Type": "Group Membership",
      "HostName": "hm-ad-02",
      "Platform": "windows",
      "Raw": "Group membership information.\n\nSubject:\n\tSecurity ID:\t\tS-1-0-0\n\tAccount Name:\t\t-\n\tAccount Domain:\t\t-\n\tLogon ID:\t\t0x0\n\nLogon Type:\t\t\t3\n\nNew Logon:\n\tSecurity ID:\t\tS-1-5-21-1202660629-1563985344-839522115-9248\n\tAccount Name:\t\tmevans\n\tAccount Domain:\t\tHALFMOONCLUB\n\tLogon ID:\t\t0x335A5D95\n\nEvent in sequence:\t\t1 of 1\n\nGroup Membership:\t\t\t\n\t\t%{S-1-5-21-1202660629-1563985344-839522115-513}\n\t\t%{S-1-1-0}\n\t\t%{S-1-5-32-545}\n\t\t%{S-1-5-32-554}\n\t\t%{S-1-5-2}\n\t\t%{S-1-5-11}\n\t\t%{S-1-5-15}\n\t\t%{S-1-5-21-1202660629-1563985344-839522115-9133}\n\t\t%{S-1-5-21-1202660629-1563985344-839522115-8680}\n\t\t%{S-1-5-21-1202660629-1563985344-839522115-7650}\n\t\t%{S-1-5-21-1202660629-1563985344-839522115-6664}\n\t\t%{S-1-5-21-1202660629-1563985344-839522115-9150}\n\t\t%{S-1-5-21-1202660629-1563985344-839522115-9140}\n\t\t%{S-1-5-21-1202660629-1563985344-839522115-1672}\n\t\t%{S-1-5-21-1202660629-1563985344-839522115-6669}\n\t\t%{S-1-5-21-1202660629-1563985344-839522115-7706}\n\t\t%{S-1-5-21-1202660629-1563985344-839522115-6657}\n\t\t%{S-1-5-21-1202660629-1563985344-839522115-8668}\n\t\t%{S-1-5-21-1202660629-1563985344-839522115-1620}\n\t\t%{S-1-5-21-1202660629-1563985344-839522115-8675}\n\t\t%{S-1-5-64-10}\n\t\t%{S-1-16-8448}\n\nThe subject fields indicate the account on the local system which requested the logon. This is most commonly a service such as the Server service, or a local process such as Winlogon.exe or Services.exe.\n\nThe logon type field indicates the kind of logon that occurred. The most common types are 2 (interactive) and 3 (network).\n\nThe New Logon fields indicate the account for whom the new logon was created, i.e. the account that was logged on.\n\nThis event is generated when the Audit Group Membership subcategory is configured.  The Logon ID field can be used to correlate this event with the corresponding user logon event as well as to any other security audit events generated during this logon session."
    },
    {
      "EventCode": "4624",
      "EventKind": "event",
      "EventProvider": "Microsoft-Windows-Security-Auditing",
      "EventId": 4624,
      "EventSeverity": "Info",
      "Type": "authentication",
      "HostName": "hm-ad-02",
      "Platform": "windows",
      "Raw": "An account was successfully logged on.\n\nSubject:\n\tSecurity ID:\t\tS-1-0-0\n\tAccount Name:\t\t-\n\tAccount Domain:\t\t-\n\tLogon ID:\t\t0x0\n\nLogon Information:\n\tLogon Type:\t\t3\n\tRestricted Admin Mode:\t-\n\tVirtual Account:\t\tNo\n\tElevated Token:\t\tYes\n\nImpersonation Level:\t\tImpersonation\n\nNew Logon:\n\tSecurity ID:\t\tS-1-5-21-1202660629-1563985344-839522115-9248\n\tAccount Name:\t\tmevans\n\tAccount Domain:\t\tHALFMOONCLUB\n\tLogon ID:\t\t0x335A5D91\n\tLinked Logon ID:\t\t0x0\n\tNetwork Account Name:\t-\n\tNetwork Account Domain:\t-\n\tLogon GUID:\t\t{00000000-0000-0000-0000-000000000000}\n\nProcess Information:\n\tProcess ID:\t\t0x0\n\tProcess Name:\t\t-\n\nNetwork Information:\n\tWorkstation Name:\tDT-23C4GT3\n\tSource Network Address:\t-\n\tSource Port:\t\t-\n\nDetailed Authentication Information:\n\tLogon Process:\t\tNtLmSsp \n\tAuthentication Package:\tNTLM\n\tTransited Services:\t-\n\tPackage Name (NTLM only):\tNTLM V2\n\tKey Length:\t\t128\n\nThis event is generated when a logon session is created. It is generated on the computer that was accessed.\n\nThe subject fields indicate the account on the local system which requested the logon. This is most commonly a service such as the Server service, or a local process such as Winlogon.exe or Services.exe.\n\nThe logon type field indicates the kind of logon that occurred. The most common types are 2 (interactive) and 3 (network).\n\nThe New Logon fields indicate the account for whom the new logon was created, i.e. the account that was logged on.\n\nThe network fields indicate where a remote logon request originated. Workstation name is not always available and may be left blank in some cases.\n\nThe impersonation level field indicates the extent to which a process in the logon session can impersonate.\n\nThe authentication information fields provide detailed information about this specific logon request.\n\t- Logon GUID is a unique identifier that can be used to correlate this event with a KDC event.\n\t- Transited services indicate which intermediate services have participated in this logon request.\n\t- Package name indicates which sub-protocol was used among the NTLM protocols.\n\t- Key length indicates the length of the generated session key. This will be 0 if no session key was requested."
    },
    {
      "EventCode": "4627",
      "EventKind": "event",
      "EventProvider": "Microsoft-Windows-Security-Auditing",
      "EventId": 4627,
      "EventSeverity": "Info",
      "Type": "Group Membership",
      "HostName": "hm-ad-02",
      "Platform": "windows",
      "Raw": "Group membership information.\n\nSubject:\n\tSecurity ID:\t\tS-1-0-0\n\tAccount Name:\t\t-\n\tAccount Domain:\t\t-\n\tLogon ID:\t\t0x0\n\nLogon Type:\t\t\t3\n\nNew Logon:\n\tSecurity ID:\t\tS-1-5-21-1202660629-1563985344-839522115-9248\n\tAccount Name:\t\tmevans\n\tAccount Domain:\t\tHALFMOONCLUB\n\tLogon ID:\t\t0x335A5D91\n\nEvent in sequence:\t\t1 of 1\n\nGroup Membership:\t\t\t\n\t\t%{S-1-5-21-1202660629-1563985344-839522115-513}\n\t\t%{S-1-1-0}\n\t\t%{S-1-5-32-545}\n\t\t%{S-1-5-32-554}\n\t\t%{S-1-5-2}\n\t\t%{S-1-5-11}\n\t\t%{S-1-5-15}\n\t\t%{S-1-5-21-1202660629-1563985344-839522115-9133}\n\t\t%{S-1-5-21-1202660629-1563985344-839522115-8680}\n\t\t%{S-1-5-21-1202660629-1563985344-839522115-7650}\n\t\t%{S-1-5-21-1202660629-1563985344-839522115-6664}\n\t\t%{S-1-5-21-1202660629-1563985344-839522115-9150}\n\t\t%{S-1-5-21-1202660629-1563985344-839522115-9140}\n\t\t%{S-1-5-21-1202660629-1563985344-839522115-1672}\n\t\t%{S-1-5-21-1202660629-1563985344-839522115-6669}\n\t\t%{S-1-5-21-1202660629-1563985344-839522115-7706}\n\t\t%{S-1-5-21-1202660629-1563985344-839522115-6657}\n\t\t%{S-1-5-21-1202660629-1563985344-839522115-8668}\n\t\t%{S-1-5-21-1202660629-1563985344-839522115-1620}\n\t\t%{S-1-5-21-1202660629-1563985344-839522115-8675}\n\t\t%{S-1-5-64-10}\n\t\t%{S-1-16-8448}\n\nThe subject fields indicate the account on the local system which requested the logon. This is most commonly a service such as the Server service, or a local process such as Winlogon.exe or Services.exe.\n\nThe logon type field indicates the kind of logon that occurred. The most common types are 2 (interactive) and 3 (network).\n\nThe New Logon fields indicate the account for whom the new logon was created, i.e. the account that was logged on.\n\nThis event is generated when the Audit Group Membership subcategory is configured.  The Logon ID field can be used to correlate this event with the corresponding user logon event as well as to any other security audit events generated during this logon session."
    },
    {
      "EventCode": "4624",
      "EventKind": "event",
      "EventProvider": "Microsoft-Windows-Security-Auditing",
      "EventId": 4624,
      "EventSeverity": "Info",
      "Type": "authentication",
      "HostName": "hm-ad-02",
      "Platform": "windows",
      "Raw": "An account was successfully logged on.\n\nSubject:\n\tSecurity ID:\t\tS-1-0-0\n\tAccount Name:\t\t-\n\tAccount Domain:\t\t-\n\tLogon ID:\t\t0x0\n\nLogon Information:\n\tLogon Type:\t\t3\n\tRestricted Admin Mode:\t-\n\tVirtual Account:\t\tNo\n\tElevated Token:\t\tYes\n\nImpersonation Level:\t\tImpersonation\n\nNew Logon:\n\tSecurity ID:\t\tS-1-5-21-1202660629-1563985344-839522115-9248\n\tAccount Name:\t\tmevans\n\tAccount Domain:\t\tHALFMOONCLUB\n\tLogon ID:\t\t0x335A5D95\n\tLinked Logon ID:\t\t0x0\n\tNetwork Account Name:\t-\n\tNetwork Account Domain:\t-\n\tLogon GUID:\t\t{00000000-0000-0000-0000-000000000000}\n\nProcess Information:\n\tProcess ID:\t\t0x0\n\tProcess Name:\t\t-\n\nNetwork Information:\n\tWorkstation Name:\tDT-23C4GT3\n\tSource Network Address:\t-\n\tSource Port:\t\t-\n\nDetailed Authentication Information:\n\tLogon Process:\t\tNtLmSsp \n\tAuthentication Package:\tNTLM\n\tTransited Services:\t-\n\tPackage Name (NTLM only):\tNTLM V2\n\tKey Length:\t\t128\n\nThis event is generated when a logon session is created. It is generated on the computer that was accessed.\n\nThe subject fields indicate the account on the local system which requested the logon. This is most commonly a service such as the Server service, or a local process such as Winlogon.exe or Services.exe.\n\nThe logon type field indicates the kind of logon that occurred. The most common types are 2 (interactive) and 3 (network).\n\nThe New Logon fields indicate the account for whom the new logon was created, i.e. the account that was logged on.\n\nThe network fields indicate where a remote logon request originated. Workstation name is not always available and may be left blank in some cases.\n\nThe impersonation level field indicates the extent to which a process in the logon session can impersonate.\n\nThe authentication information fields provide detailed information about this specific logon request.\n\t- Logon GUID is a unique identifier that can be used to correlate this event with a KDC event.\n\t- Transited services indicate which intermediate services have participated in this logon request.\n\t- Package name indicates which sub-protocol was used among the NTLM protocols.\n\t- Key length indicates the length of the generated session key. This will be 0 if no session key was requested."
    },
    {
      "EventCode": "5140",
      "EventKind": "event",
      "EventProvider": "Microsoft-Windows-Security-Auditing",
      "EventId": 5140,
      "EventSeverity": "Info",
      "Type": "File Share",
      "HostName": "hm-ad-02",
      "Platform": "windows",
      "Raw": "A network share object was accessed.\n\t\nSubject:\n\tSecurity ID:\t\tS-1-5-21-1202660629-1563985344-839522115-9248\n\tAccount Name:\t\tmevans\n\tAccount Domain:\t\tHALFMOONCLUB\n\tLogon ID:\t\t0x335A5D6A\n\nNetwork Information:\t\n\tObject Type:\t\tFile\n\tSource Address:\t\t10.10.20.1\n\tSource Port:\t\t58856\n\t\nShare Information:\n\tShare Name:\t\t\\\\*\\IPC$\n\tShare Path:\t\t\n\nAccess Request Information:\n\tAccess Mask:\t\t0x1\n\tAccesses:\t\tReadData (or ListDirectory)\n\t\t\t\t"
    },
    {
      "EventCode": "5145",
      "EventKind": "event",
      "EventProvider": "Microsoft-Windows-Security-Auditing",
      "EventId": 5145,
      "EventSeverity": "Info",
      "Type": "Detailed File Share",
      "HostName": "hm-ad-02",
      "Platform": "windows",
      "Raw": "A network share object was checked to see whether client can be granted desired access.\n\t\nSubject:\n\tSecurity ID:\t\tS-1-5-21-1202660629-1563985344-839522115-9248\n\tAccount Name:\t\tmevans\n\tAccount Domain:\t\tHALFMOONCLUB\n\tLogon ID:\t\t0x335A5D6A\n\nNetwork Information:\t\n\tObject Type:\t\tFile\n\tSource Address:\t\t10.10.20.1\n\tSource Port:\t\t58856\n\t\nShare Information:\n\tShare Name:\t\t\\\\*\\IPC$\n\tShare Path:\t\t\n\tRelative Target Name:\tspoolss\n\nAccess Request Information:\n\tAccess Mask:\t\t0x12019F\n\tAccesses:\t\tREAD_CONTROL\n\t\t\t\tSYNCHRONIZE\n\t\t\t\tReadData (or ListDirectory)\n\t\t\t\tWriteData (or AddFile)\n\t\t\t\tAppendData (or AddSubdirectory or CreatePipeInstance)\n\t\t\t\tReadEA\n\t\t\t\tWriteEA\n\t\t\t\tReadAttributes\n\t\t\t\tWriteAttributes\n\t\t\t\t\nAccess Check Results:\n\t-"
    },
    {
      "EventCode": "5145",
      "EventKind": "event",
      "EventProvider": "Microsoft-Windows-Security-Auditing",
      "EventId": 5145,
      "EventSeverity": "Info",
      "Type": "Detailed File Share",
      "HostName": "hm-ad-02",
      "Platform": "windows",
      "Raw": "A network share object was checked to see whether client can be granted desired access.\n\t\nSubject:\n\tSecurity ID:\t\tS-1-5-21-1202660629-1563985344-839522115-9248\n\tAccount Name:\t\tmevans\n\tAccount Domain:\t\tHALFMOONCLUB\n\tLogon ID:\t\t0x335A5D6A\n\nNetwork Information:\t\n\tObject Type:\t\tFile\n\tSource Address:\t\t10.10.20.1\n\tSource Port:\t\t58856\n\t\nShare Information:\n\tShare Name:\t\t\\\\*\\IPC$\n\tShare Path:\t\t\n\tRelative Target Name:\tspoolss\n\nAccess Request Information:\n\tAccess Mask:\t\t0x12019F\n\tAccesses:\t\tREAD_CONTROL\n\t\t\t\tSYNCHRONIZE\n\t\t\t\tReadData (or ListDirectory)\n\t\t\t\tWriteData (or AddFile)\n\t\t\t\tAppendData (or AddSubdirectory or CreatePipeInstance)\n\t\t\t\tReadEA\n\t\t\t\tWriteEA\n\t\t\t\tReadAttributes\n\t\t\t\tWriteAttributes\n\t\t\t\t\nAccess Check Results:\n\t-"
    },
    {
      "EventCode": "4627",
      "EventKind": "event",
      "EventProvider": "Microsoft-Windows-Security-Auditing",
      "EventId": 4627,
      "EventSeverity": "Info",
      "Type": "Group Membership",
      "HostName": "hm-ad-02",
      "Platform": "windows",
      "Raw": "Group membership information.\n\nSubject:\n\tSecurity ID:\t\tS-1-0-0\n\tAccount Name:\t\t-\n\tAccount Domain:\t\t-\n\tLogon ID:\t\t0x0\n\nLogon Type:\t\t\t3\n\nNew Logon:\n\tSecurity ID:\t\tS-1-5-21-1202660629-1563985344-839522115-9248\n\tAccount Name:\t\tmevans\n\tAccount Domain:\t\tHALFMOONCLUB.COM\n\tLogon ID:\t\t0x335A5D6A\n\nEvent in sequence:\t\t1 of 1\n\nGroup Membership:\t\t\t\n\t\t%{S-1-5-21-1202660629-1563985344-839522115-513}\n\t\t%{S-1-1-0}\n\t\t%{S-1-5-32-545}\n\t\t%{S-1-5-32-554}\n\t\t%{S-1-5-2}\n\t\t%{S-1-5-11}\n\t\t%{S-1-5-15}\n\t\t%{S-1-5-21-1202660629-1563985344-839522115-9133}\n\t\t%{S-1-5-21-1202660629-1563985344-839522115-8680}\n\t\t%{S-1-5-21-1202660629-1563985344-839522115-7650}\n\t\t%{S-1-5-21-1202660629-1563985344-839522115-6664}\n\t\t%{S-1-5-21-1202660629-1563985344-839522115-9150}\n\t\t%{S-1-5-21-1202660629-1563985344-839522115-9140}\n\t\t%{S-1-5-21-1202660629-1563985344-839522115-1672}\n\t\t%{S-1-5-21-1202660629-1563985344-839522115-6669}\n\t\t%{S-1-5-21-1202660629-1563985344-839522115-7706}\n\t\t%{S-1-5-21-1202660629-1563985344-839522115-6657}\n\t\t%{S-1-5-21-1202660629-1563985344-839522115-8668}\n\t\t%{S-1-5-21-1202660629-1563985344-839522115-1620}\n\t\t%{S-1-5-21-1202660629-1563985344-839522115-8675}\n\t\t%{S-1-18-1}\n\t\t%{S-1-16-8448}\n\nThe subject fields indicate the account on the local system which requested the logon. This is most commonly a service such as the Server service, or a local process such as Winlogon.exe or Services.exe.\n\nThe logon type field indicates the kind of logon that occurred. The most common types are 2 (interactive) and 3 (network).\n\nThe New Logon fields indicate the account for whom the new logon was created, i.e. the account that was logged on.\n\nThis event is generated when the Audit Group Membership subcategory is configured.  The Logon ID field can be used to correlate this event with the corresponding user logon event as well as to any other security audit events generated during this logon session."
    },
    {
      "EventCode": "4624",
      "EventKind": "event",
      "EventProvider": "Microsoft-Windows-Security-Auditing",
      "EventId": 4624,
      "EventSeverity": "Info",
      "Type": "authentication",
      "HostName": "hm-ad-02",
      "Platform": "windows",
      "Raw": "An account was successfully logged on.\n\nSubject:\n\tSecurity ID:\t\tS-1-0-0\n\tAccount Name:\t\t-\n\tAccount Domain:\t\t-\n\tLogon ID:\t\t0x0\n\nLogon Information:\n\tLogon Type:\t\t3\n\tRestricted Admin Mode:\t-\n\tVirtual Account:\t\tNo\n\tElevated Token:\t\tYes\n\nImpersonation Level:\t\tDelegation\n\nNew Logon:\n\tSecurity ID:\t\tS-1-5-21-1202660629-1563985344-839522115-9248\n\tAccount Name:\t\tmevans\n\tAccount Domain:\t\tHALFMOONCLUB.COM\n\tLogon ID:\t\t0x335A5D6A\n\tLinked Logon ID:\t\t0x0\n\tNetwork Account Name:\t-\n\tNetwork Account Domain:\t-\n\tLogon GUID:\t\t{f6106a38-ae42-2e75-2ec5-19793b2b8a87}\n\nProcess Information:\n\tProcess ID:\t\t0x0\n\tProcess Name:\t\t-\n\nNetwork Information:\n\tWorkstation Name:\t-\n\tSource Network Address:\t10.10.20.1\n\tSource Port:\t\t58856\n\nDetailed Authentication Information:\n\tLogon Process:\t\tKerberos\n\tAuthentication Package:\tKerberos\n\tTransited Services:\t-\n\tPackage Name (NTLM only):\t-\n\tKey Length:\t\t0\n\nThis event is generated when a logon session is created. It is generated on the computer that was accessed.\n\nThe subject fields indicate the account on the local system which requested the logon. This is most commonly a service such as the Server service, or a local process such as Winlogon.exe or Services.exe.\n\nThe logon type field indicates the kind of logon that occurred. The most common types are 2 (interactive) and 3 (network).\n\nThe New Logon fields indicate the account for whom the new logon was created, i.e. the account that was logged on.\n\nThe network fields indicate where a remote logon request originated. Workstation name is not always available and may be left blank in some cases.\n\nThe impersonation level field indicates the extent to which a process in the logon session can impersonate.\n\nThe authentication information fields provide detailed information about this specific logon request.\n\t- Logon GUID is a unique identifier that can be used to correlate this event with a KDC event.\n\t- Transited services indicate which intermediate services have participated in this logon request.\n\t- Package name indicates which sub-protocol was used among the NTLM protocols.\n\t- Key length indicates the length of the generated session key. This will be 0 if no session key was requested."
    },
    {
      "EventCode": "5857",
      "EventKind": "event",
      "EventProvider": "Microsoft-Windows-WMI-Activity",
      "EventId": 5857,
      "EventSeverity": "Info",
      "Type": "wmi-activity",
      "HostName": "dt-b3c4gt3",
      "Platform": "windows",
      "Raw": "ProtectionManagement provider started with result code 0x0. HostProcess = wmiprvse.exe; ProcessID = 9900; ProviderPath = \"%ProgramData%\\Microsoft\\Windows Defender\\platform\\4.18.23050.9-0\\ProtectionManagement.dll\""
    },
    {
      "EventCode": "5145",
      "EventKind": "event",
      "EventProvider": "Microsoft-Windows-Security-Auditing",
      "EventId": 5145,
      "EventSeverity": "Info",
      "Type": "Detailed File Share",
      "HostName": "nas1w2k",
      "Platform": "windows",
      "Raw": "A network share object was checked to see whether client can be granted desired access.\n\t\nSubject:\n\tSecurity ID:\t\tS-1-5-21-1202660629-1563985344-839522115-7714\n\tAccount Name:\t\taevangelist\n\tAccount Domain:\t\tHALFMOONCLUB\n\tLogon ID:\t\t0xD18EC932\n\nNetwork Information:\t\n\tObject Type:\t\tFile\n\tSource Address:\t\t10.10.20.1\n\tSource Port:\t\t49884\n\t\nShare Information:\n\tShare Name:\t\t\\\\*\\Reservations_Information\n\tShare Path:\t\t\\??\\D:\\Shares\\Public1\\Reservations_Information\n\tRelative Target Name:\tIndividuals\\8. AUGUST 2024\\August 11, 2024\\James Paul\n\nAccess Request Information:\n\tAccess Mask:\t\t0x100081\n\tAccesses:\t\tSYNCHRONIZE\n\t\t\t\tReadData (or ListDirectory)\n\t\t\t\tReadAttributes\n\t\t\t\t\nAccess Check Results:\n\tSYNCHRONIZE:\tGranted by\tD:(A;OICI;FA;;;WD)\n\t\t\t\tReadData (or ListDirectory):\tGranted by\tD:(A;OICI;FA;;;WD)\n\t\t\t\tReadAttributes:\tGranted by\tD:(A;OICI;FA;;;WD)\n\t\t\t\t"
    },
    {
      "EventCode": "5145",
      "EventKind": "event",
      "EventProvider": "Microsoft-Windows-Security-Auditing",
      "EventId": 5145,
      "EventSeverity": "Info",
      "Type": "Detailed File Share",
      "HostName": "nas1w2k",
      "Platform": "windows",
      "Raw": "A network share object was checked to see whether client can be granted desired access.\n\t\nSubject:\n\tSecurity ID:\t\tS-1-5-21-1202660629-1563985344-839522115-7714\n\tAccount Name:\t\taevangelist\n\tAccount Domain:\t\tHALFMOONCLUB\n\tLogon ID:\t\t0xD18EC932\n\nNetwork Information:\t\n\tObject Type:\t\tFile\n\tSource Address:\t\t10.10.20.1\n\tSource Port:\t\t49884\n\t\nShare Information:\n\tShare Name:\t\t\\\\*\\Reservations_Information\n\tShare Path:\t\t\\??\\D:\\Shares\\Public1\\Reservations_Information\n\tRelative Target Name:\tIndividuals\\8. AUGUST 2024\\August 11, 2024\\Schwartz Mindy\n\nAccess Request Information:\n\tAccess Mask:\t\t0x100081\n\tAccesses:\t\tSYNCHRONIZE\n\t\t\t\tReadData (or ListDirectory)\n\t\t\t\tReadAttributes\n\t\t\t\t\nAccess Check Results:\n\tSYNCHRONIZE:\tGranted by\tD:(A;OICI;FA;;;WD)\n\t\t\t\tReadData (or ListDirectory):\tGranted by\tD:(A;OICI;FA;;;WD)\n\t\t\t\tReadAttributes:\tGranted by\tD:(A;OICI;FA;;;WD)\n\t\t\t\t"
    },
    {
      "EventCode": "5145",
      "EventKind": "event",
      "EventProvider": "Microsoft-Windows-Security-Auditing",
      "EventId": 5145,
      "EventSeverity": "Info",
      "Type": "Detailed File Share",
      "HostName": "nas1w2k",
      "Platform": "windows",
      "Raw": "A network share object was checked to see whether client can be granted desired access.\n\t\nSubject:\n\tSecurity ID:\t\tS-1-5-21-1202660629-1563985344-839522115-7714\n\tAccount Name:\t\taevangelist\n\tAccount Domain:\t\tHALFMOONCLUB\n\tLogon ID:\t\t0xD18EC932\n\nNetwork Information:\t\n\tObject Type:\t\tFile\n\tSource Address:\t\t10.10.20.1\n\tSource Port:\t\t49884\n\t\nShare Information:\n\tShare Name:\t\t\\\\*\\Reservations_Information\n\tShare Path:\t\t\\??\\D:\\Shares\\Public1\\Reservations_Information\n\tRelative Target Name:\tIndividuals\\8. AUGUST 2024\\August 11, 2024\n\nAccess Request Information:\n\tAccess Mask:\t\t0x100081\n\tAccesses:\t\tSYNCHRONIZE\n\t\t\t\tReadData (or ListDirectory)\n\t\t\t\tReadAttributes\n\t\t\t\t\nAccess Check Results:\n\tSYNCHRONIZE:\tGranted by\tD:(A;OICI;FA;;;WD)\n\t\t\t\tReadData (or ListDirectory):\tGranted by\tD:(A;OICI;FA;;;WD)\n\t\t\t\tReadAttributes:\tGranted by\tD:(A;OICI;FA;;;WD)\n\t\t\t\t"
    },
    {
      "EventCode": "5145",
      "EventKind": "event",
      "EventProvider": "Microsoft-Windows-Security-Auditing",
      "EventId": 5145,
      "EventSeverity": "Info",
      "Type": "Detailed File Share",
      "HostName": "nas1w2k",
      "Platform": "windows",
      "Raw": "A network share object was checked to see whether client can be granted desired access.\n\t\nSubject:\n\tSecurity ID:\t\tS-1-5-21-1202660629-1563985344-839522115-7714\n\tAccount Name:\t\taevangelist\n\tAccount Domain:\t\tHALFMOONCLUB\n\tLogon ID:\t\t0xD18EC932\n\nNetwork Information:\t\n\tObject Type:\t\tFile\n\tSource Address:\t\t10.10.20.1\n\tSource Port:\t\t49884\n\t\nShare Information:\n\tShare Name:\t\t\\\\*\\Reservations_Information\n\tShare Path:\t\t\\??\\D:\\Shares\\Public1\\Reservations_Information\n\tRelative Target Name:\tIndividuals\\8. AUGUST 2024\\August 11, 2024\\Hicks Regina\n\nAccess Request Information:\n\tAccess Mask:\t\t0x100081\n\tAccesses:\t\tSYNCHRONIZE\n\t\t\t\tReadData (or ListDirectory)\n\t\t\t\tReadAttributes\n\t\t\t\t\nAccess Check Results:\n\tSYNCHRONIZE:\tGranted by\tD:(A;OICI;FA;;;WD)\n\t\t\t\tReadData (or ListDirectory):\tGranted by\tD:(A;OICI;FA;;;WD)\n\t\t\t\tReadAttributes:\tGranted by\tD:(A;OICI;FA;;;WD)\n\t\t\t\t"
    },
    {
      "EventCode": "5145",
      "EventKind": "event",
      "EventProvider": "Microsoft-Windows-Security-Auditing",
      "EventId": 5145,
      "EventSeverity": "Info",
      "Type": "Detailed File Share",
      "HostName": "nas1w2k",
      "Platform": "windows",
      "Raw": "A network share object was checked to see whether client can be granted desired access.\n\t\nSubject:\n\tSecurity ID:\t\tS-1-5-21-1202660629-1563985344-839522115-7714\n\tAccount Name:\t\taevangelist\n\tAccount Domain:\t\tHALFMOONCLUB\n\tLogon ID:\t\t0xD18EC932\n\nNetwork Information:\t\n\tObject Type:\t\tFile\n\tSource Address:\t\t10.10.20.1\n\tSource Port:\t\t49884\n\t\nShare Information:\n\tShare Name:\t\t\\\\*\\Reservations_Information\n\tShare Path:\t\t\\??\\D:\\Shares\\Public1\\Reservations_Information\n\tRelative Target Name:\tIndividuals\\8. AUGUST 2024\\August 9, 2024\\Masek Nicolas\n\nAccess Request Information:\n\tAccess Mask:\t\t0x100081\n\tAccesses:\t\tSYNCHRONIZE\n\t\t\t\tReadData (or ListDirectory)\n\t\t\t\tReadAttributes\n\t\t\t\t\nAccess Check Results:\n\tSYNCHRONIZE:\tGranted by\tD:(A;OICI;FA;;;WD)\n\t\t\t\tReadData (or ListDirectory):\tGranted by\tD:(A;OICI;FA;;;WD)\n\t\t\t\tReadAttributes:\tGranted by\tD:(A;OICI;FA;;;WD)\n\t\t\t\t"
    },
    {
      "EventCode": "22",
      "EventKind": "event",
      "EventProvider": "Microsoft-Windows-Sysmon",
      "EventId": 22,
      "EventSeverity": "Info",
      "Type": "dns",
      "HostName": "dt-b0766s3",
      "Platform": "windows",
      "Raw": "Dns query:\nRuleName: -\nUtcTime: 2024-04-16 15:04:32.329\nProcessGuid: {80ef01db-9374-661e-5412-000000006500}\nProcessId: 15756\nQueryName: mobile.events.data.microsoft.com\nQueryStatus: 0\nQueryResults: type:  5 mobile.events.data.trafficmanager.net;type:  5 onedscolprdeus15.eastus.cloudapp.azure.com;::ffff:20.42.73.28;\nImage: C:\\Program Files (x86)\\Microsoft Office\\root\\Office16\\EXCEL.EXE\nUser: HALFMOONCLUB\\abuddle"
    },
    {
      "EventCode": "16384",
      "EventKind": "event",
      "EventProvider": "Microsoft-Windows-Security-SPP",
      "EventId": 16384,
      "EventSeverity": null,
      "Type": "application",
      "HostName": "dt-61mql52",
      "Platform": "windows",
      "Raw": "Successfully scheduled Software Protection service for re-start at 2124-03-23T15:04:33Z. Reason: RulesEngine."
    },
    {
      "EventCode": "1",
      "EventKind": "event",
      "EventProvider": "Microsoft-Windows-Sysmon",
      "EventId": 1,
      "EventSeverity": "Info",
      "Type": "process",
      "HostName": "dt-94kln02",
      "Platform": "windows",
      "Raw": "Process Create:\nRuleName: -\nUtcTime: 2024-04-16 15:04:33.958\nProcessGuid: {9c5f91b7-9381-661e-aa09-000000004d00}\nProcessId: 11176\nImage: C:\\Windows\\System32\\tasklist.exe\nFileVersion: 10.0.19041.1 (WinBuild.160101.0800)\nDescription: Lists the current running tasks\nProduct: Microsoft速 Windows速 Operating System\nCompany: Microsoft Corporation\nOriginalFileName: tasklist.exe\nCommandLine: tasklist  \nCurrentDirectory: C:\\WINDOWS\\system32\\\nUser: NT AUTHORITY\\SYSTEM\nLogonGuid: {9c5f91b7-780c-661e-e703-000000000000}\nLogonId: 0x3E7\nTerminalSessionId: 0\nIntegrityLevel: System\nHashes: MD5=D0A49A170E13D7F6AEBBEFED9DF88AAA,SHA256=BE7241A74FE9A9D30E0631E41533A362B21C8F7AAE3E5B6AD319CC15C024EC3F,IMPHASH=4C8D21C644C980DB3FF94E27BAD14C18\nParentProcessGuid: {9c5f91b7-9381-661e-a809-000000004d00}\nParentProcessId: 10224\nParentImage: C:\\Windows\\System32\\cmd.exe\nParentCommandLine: \"cmd.exe\" /C \"  tasklist | find \"3744\" \" \nParentUser: NT AUTHORITY\\SYSTEM"
    },
    {
      "EventCode": "1",
      "EventKind": "event",
      "EventProvider": "Microsoft-Windows-Sysmon",
      "EventId": 1,
      "EventSeverity": "Info",
      "Type": "process",
      "HostName": "dt-dz666s3",
      "Platform": "windows",
      "Raw": "Process Create:\nRuleName: -\nUtcTime: 2024-04-16 15:04:33.434\nProcessGuid: {e05839ab-9381-661e-4777-020000009c00}\nProcessId: 22164\nImage: C:\\Program Files\\Dell\\SupportAssistAgent\\bin\\FrameworkAgents\\SupportAssistInstaller.exe\nFileVersion: 3.13.2.14\nDescription:  \nProduct: -\nCompany: Dell Inc.\nOriginalFileName: SupportAssistInstaller.exe\nCommandLine:  \"silent\"\nCurrentDirectory: C:\\Program Files\\Dell\\SupportAssistAgent\\bin\\FrameworkAgents\\\nUser: HALFMOONCLUB\\asewell\nLogonGuid: {e05839ab-5cba-6619-52ef-190400000000}\nLogonId: 0x419EF52\nTerminalSessionId: 1\nIntegrityLevel: Medium\nHashes: MD5=91D2641162A5393C61591FE12608CB7F,SHA256=6BB3BAB8454F42E5F65F4612EF589FFDD9D60BC307E1DA0926E8EAD7778C37F0,IMPHASH=00000000000000000000000000000000\nParentProcessGuid: {e05839ab-21d8-6617-3d01-000000009c00}\nParentProcessId: 1532\nParentImage: C:\\Program Files\\Dell\\SupportAssistAgent\\bin\\SupportAssistAgent.exe\nParentCommandLine: \"C:\\Program Files\\Dell\\SupportAssistAgent\\bin\\SupportAssistAgent.exe\"\nParentUser: NT AUTHORITY\\SYSTEM"
    },
    {
      "EventCode": "4688",
      "EventKind": "event",
      "EventProvider": "Microsoft-Windows-Security-Auditing",
      "EventId": 4688,
      "EventSeverity": "Info",
      "Type": "process",
      "HostName": "dt-dz666s3",
      "Platform": "windows",
