      "Raw": "A new process has been created.\n\nCreator Subject:\n\tSecurity ID:\t\tS-1-5-18\n\tAccount Name:\t\tHM-IPS-DB$\n\tAccount Domain:\t\tHALFMOONCLUB\n\tLogon ID:\t\t0x3E7\n\nTarget Subject:\n\tSecurity ID:\t\tS-1-0-0\n\tAccount Name:\t\t-\n\tAccount Domain:\t\t-\n\tLogon ID:\t\t0x0\n\nProcess Information:\n\tNew Process ID:\t\t0x2010\n\tNew Process Name:\tC:\\Windows\\System32\\sc.exe\n\tToken Elevation Type:\t%%1936\n\tMandatory Label:\t\tS-1-16-16384\n\tCreator Process ID:\t0x55c\n\tCreator Process Name:\tC:\\Windows\\System32\\cmd.exe\n\tProcess Command Line:\t\n\nToken Elevation Type indicates the type of token that was assigned to the new process in accordance with User Account Control policy.\n\nType 1 is a full token with no privileges removed or groups disabled.  A full token is only used if User Account Control is disabled or if the user is the built-in Administrator account or a service account.\n\nType 2 is an elevated token with no privileges removed or groups disabled.  An elevated token is used when User Account Control is enabled and the user chooses to start the program using Run as administrator.  An elevated token is also used when an application is configured to always require administrative privilege or to always require maximum privilege, and the user is a member of the Administrators group.\n\nType 3 is a limited token with administrative privileges removed and administrative groups disabled.  The limited token is used when User Account Control is enabled, the application does not require administrative privilege, and the user does not choose to start the program using Run as administrator."
    },
    {
      "EventCode": "22",
      "EventKind": "event",
      "EventProvider": "Microsoft-Windows-Sysmon",
      "EventId": 22,
      "EventSeverity": "Info",
      "Type": "dns",
      "HostName": "dt-8ybmn02",
      "Platform": "windows",
      "Raw": "Dns query:\nRuleName: -\nUtcTime: 2024-04-16 15:04:39.994\nProcessGuid: {f8976308-9387-661e-a70a-000000007100}\nProcessId: 11600\nQueryName: login.microsoftonline.com\nQueryStatus: 0\nQueryResults: type:  5 login.mso.msidentity.com;type:  5 ak.privatelink.msidentity.com;type:  5 www.tm.ak.prd.aadg.trafficmanager.net;::ffff:40.126.24.81;::ffff:40.126.24.83;::ffff:40.126.24.84;::ffff:40.126.24.148;::ffff:40.126.24.149;::ffff:20.190.152.19;::ffff:20.190.152.20;::ffff:20.190.152.21;\nImage: C:\\Windows\\System32\\backgroundTaskHost.exe\nUser: HALFMOONCLUB\\ymiller"
    },
    {
      "EventCode": "7",
      "EventKind": "event",
      "EventProvider": "Microsoft-Windows-Sysmon",
      "EventId": 7,
      "EventSeverity": "Info",
      "Type": "process",
      "HostName": "dt-dz666s3",
      "Platform": "windows",
      "Raw": "Image loaded:\nRuleName: -\nUtcTime: 2024-04-16 15:04:41.627\nProcessGuid: {e05839ab-9389-661e-4a77-020000009c00}\nProcessId: 14884\nImage: C:\\Windows\\SysWOW64\\msiexec.exe\nImageLoaded: C:\\Windows\\Installer\\MSI5D2C.tmp\nFileVersion: 29.0.111\nDescription: SetAllUsers\nProduct: InstallShield\nCompany: Flexera\nOriginalFileName: SetAllUsers.dll\nHashes: MD5=A3EB9F540BDE891D9D2E28FB901A1D5E,SHA256=97143BA76BD65C8DEE43DA06AD1063741A97FC64EFD3788E1257CF9D80E827F1,IMPHASH=59BA78CFE43D798E2FB1609C8AEC3F36\nSigned: true\nSignature: Flexera Software LLC\nSignatureStatus: Valid\nUser: HALFMOONCLUB\\asewell"
    },
    {
      "EventCode": "7",
      "EventKind": "event",
      "EventProvider": "Microsoft-Windows-Sysmon",
      "EventId": 7,
      "EventSeverity": "Info",
      "Type": "process",
      "HostName": "dt-dz666s3",
      "Platform": "windows",
      "Raw": "Image loaded:\nRuleName: -\nUtcTime: 2024-04-16 15:04:41.580\nProcessGuid: {e05839ab-9389-661e-5477-020000009c00}\nProcessId: 8436\nImage: C:\\Users\\CALLCE~1\\AppData\\Local\\Temp\\{59BC039B-3E41-482D-A43A-22D12B14507E}\\_is5B45.exe\nImageLoaded: C:\\Users\\CALLCE~1\\AppData\\Local\\Temp\\{59BC039B-3E41-482D-A43A-22D12B14507E}\\_is5B45.exe\nFileVersion: 29.0.111\nDescription: InstallShield (R) 64-bit Setup Engine\nProduct: InstallShield\nCompany: Flexera\nOriginalFileName: ISBEW64.exe\nHashes: MD5=28857F9A5DC8AF367E533076267F5B4D,SHA256=9523EE07E5591102B16B48A9D7059DDAEF997ADABAC0430D1C2A660D5A45E4EE,IMPHASH=AF87F2D4093D000899EF9689785EC528\nSigned: true\nSignature: Flexera Software LLC\nSignatureStatus: Valid\nUser: HALFMOONCLUB\\asewell"
    },
    {
      "EventCode": "1",
      "EventKind": "event",
      "EventProvider": "Microsoft-Windows-Sysmon",
      "EventId": 1,
      "EventSeverity": "Info",
      "Type": "process",
      "HostName": "dt-dz666s3",
      "Platform": "windows",
      "Raw": "Process Create:\nRuleName: -\nUtcTime: 2024-04-16 15:04:41.587\nProcessGuid: {e05839ab-9389-661e-5477-020000009c00}\nProcessId: 8436\nImage: C:\\Users\\CALLCE~1\\AppData\\Local\\Temp\\{59BC039B-3E41-482D-A43A-22D12B14507E}\\_is5B45.exe\nFileVersion: 29.0.111\nDescription: InstallShield (R) 64-bit Setup Engine\nProduct: InstallShield\nCompany: Flexera\nOriginalFileName: ISBEW64.exe\nCommandLine: C:\\Users\\CALLCE~1\\AppData\\Local\\Temp\\{59BC039B-3E41-482D-A43A-22D12B14507E}\\_is5B45.exe {EFB7539B-24F3-46B6-AF6E-3B021B51EFEF}:{22FF90D0-41D9-4A0C-8BCD-447D65FBC51F}\nCurrentDirectory: C:\\Windows\\SysWOW64\\\nUser: HALFMOONCLUB\\asewell\nLogonGuid: {e05839ab-5cba-6619-52ef-190400000000}\nLogonId: 0x419EF52\nTerminalSessionId: 1\nIntegrityLevel: Medium\nHashes: MD5=28857F9A5DC8AF367E533076267F5B4D,SHA256=9523EE07E5591102B16B48A9D7059DDAEF997ADABAC0430D1C2A660D5A45E4EE,IMPHASH=AF87F2D4093D000899EF9689785EC528\nParentProcessGuid: {e05839ab-9389-661e-4a77-020000009c00}\nParentProcessId: 14884\nParentImage: C:\\Windows\\SysWOW64\\msiexec.exe\nParentCommandLine: C:\\Windows\\syswow64\\MsiExec.exe -Embedding 2D3BDC20BEC56D2F142D54EDEB167938\nParentUser: HALFMOONCLUB\\asewell"
    },
    {
      "EventCode": "7",
      "EventKind": "event",
      "EventProvider": "Microsoft-Windows-Sysmon",
      "EventId": 7,
      "EventSeverity": "Info",
      "Type": "process",
      "HostName": "dt-dz666s3",
      "Platform": "windows",
      "Raw": "Image loaded:\nRuleName: -\nUtcTime: 2024-04-16 15:04:41.564\nProcessGuid: {e05839ab-9389-661e-5377-020000009c00}\nProcessId: 18700\nImage: C:\\Users\\CALLCE~1\\AppData\\Local\\Temp\\{59BC039B-3E41-482D-A43A-22D12B14507E}\\_is5B45.exe\nImageLoaded: C:\\Users\\CALLCE~1\\AppData\\Local\\Temp\\{59BC039B-3E41-482D-A43A-22D12B14507E}\\_is5B45.exe\nFileVersion: 29.0.111\nDescription: InstallShield (R) 64-bit Setup Engine\nProduct: InstallShield\nCompany: Flexera\nOriginalFileName: ISBEW64.exe\nHashes: MD5=28857F9A5DC8AF367E533076267F5B4D,SHA256=9523EE07E5591102B16B48A9D7059DDAEF997ADABAC0430D1C2A660D5A45E4EE,IMPHASH=AF87F2D4093D000899EF9689785EC528\nSigned: true\nSignature: Flexera Software LLC\nSignatureStatus: Valid\nUser: HALFMOONCLUB\\asewell"
    },
    {
      "EventCode": "1",
      "EventKind": "event",
      "EventProvider": "Microsoft-Windows-Sysmon",
      "EventId": 1,
      "EventSeverity": "Info",
      "Type": "process",
      "HostName": "dt-dz666s3",
      "Platform": "windows",
      "Raw": "Process Create:\nRuleName: -\nUtcTime: 2024-04-16 15:04:41.568\nProcessGuid: {e05839ab-9389-661e-5377-020000009c00}\nProcessId: 18700\nImage: C:\\Users\\CALLCE~1\\AppData\\Local\\Temp\\{59BC039B-3E41-482D-A43A-22D12B14507E}\\_is5B45.exe\nFileVersion: 29.0.111\nDescription: InstallShield (R) 64-bit Setup Engine\nProduct: InstallShield\nCompany: Flexera\nOriginalFileName: ISBEW64.exe\nCommandLine: C:\\Users\\CALLCE~1\\AppData\\Local\\Temp\\{59BC039B-3E41-482D-A43A-22D12B14507E}\\_is5B45.exe {EFB7539B-24F3-46B6-AF6E-3B021B51EFEF}:{5180C7BF-1776-4E0F-9F07-13F3A7B4F343}\nCurrentDirectory: C:\\Windows\\SysWOW64\\\nUser: HALFMOONCLUB\\asewell\nLogonGuid: {e05839ab-5cba-6619-52ef-190400000000}\nLogonId: 0x419EF52\nTerminalSessionId: 1\nIntegrityLevel: Medium\nHashes: MD5=28857F9A5DC8AF367E533076267F5B4D,SHA256=9523EE07E5591102B16B48A9D7059DDAEF997ADABAC0430D1C2A660D5A45E4EE,IMPHASH=AF87F2D4093D000899EF9689785EC528\nParentProcessGuid: {e05839ab-9389-661e-4a77-020000009c00}\nParentProcessId: 14884\nParentImage: C:\\Windows\\SysWOW64\\msiexec.exe\nParentCommandLine: C:\\Windows\\syswow64\\MsiExec.exe -Embedding 2D3BDC20BEC56D2F142D54EDEB167938\nParentUser: HALFMOONCLUB\\asewell"
    },
    {
      "EventCode": "7",
      "EventKind": "event",
      "EventProvider": "Microsoft-Windows-Sysmon",
      "EventId": 7,
      "EventSeverity": "Info",
      "Type": "process",
      "HostName": "dt-dz666s3",
      "Platform": "windows",
      "Raw": "Image loaded:\nRuleName: -\nUtcTime: 2024-04-16 15:04:41.444\nProcessGuid: {e05839ab-9389-661e-4a77-020000009c00}\nProcessId: 14884\nImage: C:\\Windows\\SysWOW64\\msiexec.exe\nImageLoaded: C:\\Users\\CALLCE~1\\AppData\\Local\\Temp\\{59BC039B-3E41-482D-A43A-22D12B14507E}\\_isres_0x0409.dll\nFileVersion: 29.0.111\nDescription: InstallShield (R) Dialog Resources\nProduct: InstallShield\nCompany: Flexera\nOriginalFileName: _IsRes.dll\nHashes: MD5=8AFDAE8FE83D1A813B54E48230AED2DB,SHA256=D79FC7FDC396927DAC03419EEA2F9A326C920A094074EB070ACA712CDF0629C6,IMPHASH=67AF700C4A8D04FAB208836E7A191C41\nSigned: true\nSignature: Flexera Software LLC\nSignatureStatus: Valid\nUser: HALFMOONCLUB\\asewell"
    },
    {
      "EventCode": "7",
      "EventKind": "event",
      "EventProvider": "Microsoft-Windows-Sysmon",
      "EventId": 7,
      "EventSeverity": "Info",
      "Type": "process",
      "HostName": "dt-dz666s3",
      "Platform": "windows",
      "Raw": "Image loaded:\nRuleName: -\nUtcTime: 2024-04-16 15:04:41.444\nProcessGuid: {e05839ab-9389-661e-4a77-020000009c00}\nProcessId: 14884\nImage: C:\\Windows\\SysWOW64\\msiexec.exe\nImageLoaded: C:\\Users\\CALLCE~1\\AppData\\Local\\Temp\\{59BC039B-3E41-482D-A43A-22D12B14507E}\\_isres_0x0409.dll\nFileVersion: 29.0.111\nDescription: InstallShield (R) Dialog Resources\nProduct: InstallShield\nCompany: Flexera\nOriginalFileName: _IsRes.dll\nHashes: MD5=8AFDAE8FE83D1A813B54E48230AED2DB,SHA256=D79FC7FDC396927DAC03419EEA2F9A326C920A094074EB070ACA712CDF0629C6,IMPHASH=67AF700C4A8D04FAB208836E7A191C41\nSigned: true\nSignature: Flexera Software LLC\nSignatureStatus: Valid\nUser: HALFMOONCLUB\\asewell"
    },
    {
      "EventCode": "7",
      "EventKind": "event",
      "EventProvider": "Microsoft-Windows-Sysmon",
      "EventId": 7,
      "EventSeverity": "Info",
      "Type": "process",
      "HostName": "dt-dz666s3",
      "Platform": "windows",
      "Raw": "Image loaded:\nRuleName: -\nUtcTime: 2024-04-16 15:04:41.460\nProcessGuid: {e05839ab-9389-661e-5077-020000009c00}\nProcessId: 10916\nImage: C:\\Users\\CALLCE~1\\AppData\\Local\\Temp\\{59BC039B-3E41-482D-A43A-22D12B14507E}\\_is5B45.exe\nImageLoaded: C:\\Users\\CALLCE~1\\AppData\\Local\\Temp\\{59BC039B-3E41-482D-A43A-22D12B14507E}\\_is5B45.exe\nFileVersion: 29.0.111\nDescription: InstallShield (R) 64-bit Setup Engine\nProduct: InstallShield\nCompany: Flexera\nOriginalFileName: ISBEW64.exe\nHashes: MD5=28857F9A5DC8AF367E533076267F5B4D,SHA256=9523EE07E5591102B16B48A9D7059DDAEF997ADABAC0430D1C2A660D5A45E4EE,IMPHASH=AF87F2D4093D000899EF9689785EC528\nSigned: true\nSignature: Flexera Software LLC\nSignatureStatus: Valid\nUser: HALFMOONCLUB\\asewell"
    },
    {
      "EventCode": "7",
      "EventKind": "event",
      "EventProvider": "Microsoft-Windows-Sysmon",
      "EventId": 7,
      "EventSeverity": "Info",
      "Type": "process",
      "HostName": "dt-dz666s3",
      "Platform": "windows",
      "Raw": "Image loaded:\nRuleName: -\nUtcTime: 2024-04-16 15:04:41.476\nProcessGuid: {e05839ab-9389-661e-5177-020000009c00}\nProcessId: 17480\nImage: C:\\Users\\CALLCE~1\\AppData\\Local\\Temp\\{59BC039B-3E41-482D-A43A-22D12B14507E}\\_is5B45.exe\nImageLoaded: C:\\Users\\CALLCE~1\\AppData\\Local\\Temp\\{59BC039B-3E41-482D-A43A-22D12B14507E}\\_is5B45.exe\nFileVersion: 29.0.111\nDescription: InstallShield (R) 64-bit Setup Engine\nProduct: InstallShield\nCompany: Flexera\nOriginalFileName: ISBEW64.exe\nHashes: MD5=28857F9A5DC8AF367E533076267F5B4D,SHA256=9523EE07E5591102B16B48A9D7059DDAEF997ADABAC0430D1C2A660D5A45E4EE,IMPHASH=AF87F2D4093D000899EF9689785EC528\nSigned: true\nSignature: Flexera Software LLC\nSignatureStatus: Valid\nUser: HALFMOONCLUB\\asewell"
    },
    {
      "EventCode": "7",
      "EventKind": "event",
      "EventProvider": "Microsoft-Windows-Sysmon",
      "EventId": 7,
      "EventSeverity": "Info",
      "Type": "process",
      "HostName": "dt-dz666s3",
      "Platform": "windows",
      "Raw": "Image loaded:\nRuleName: -\nUtcTime: 2024-04-16 15:04:41.491\nProcessGuid: {e05839ab-9389-661e-5277-020000009c00}\nProcessId: 11908\nImage: C:\\Users\\CALLCE~1\\AppData\\Local\\Temp\\{59BC039B-3E41-482D-A43A-22D12B14507E}\\_is5B45.exe\nImageLoaded: C:\\Users\\CALLCE~1\\AppData\\Local\\Temp\\{59BC039B-3E41-482D-A43A-22D12B14507E}\\_is5B45.exe\nFileVersion: 29.0.111\nDescription: InstallShield (R) 64-bit Setup Engine\nProduct: InstallShield\nCompany: Flexera\nOriginalFileName: ISBEW64.exe\nHashes: MD5=28857F9A5DC8AF367E533076267F5B4D,SHA256=9523EE07E5591102B16B48A9D7059DDAEF997ADABAC0430D1C2A660D5A45E4EE,IMPHASH=AF87F2D4093D000899EF9689785EC528\nSigned: true\nSignature: Flexera Software LLC\nSignatureStatus: Valid\nUser: HALFMOONCLUB\\asewell"
    },
    {
      "EventCode": "1",
      "EventKind": "event",
      "EventProvider": "Microsoft-Windows-Sysmon",
      "EventId": 1,
      "EventSeverity": "Info",
      "Type": "process",
      "HostName": "dt-dz666s3",
      "Platform": "windows",
      "Raw": "Process Create:\nRuleName: -\nUtcTime: 2024-04-16 15:04:41.463\nProcessGuid: {e05839ab-9389-661e-5077-020000009c00}\nProcessId: 10916\nImage: C:\\Users\\CALLCE~1\\AppData\\Local\\Temp\\{59BC039B-3E41-482D-A43A-22D12B14507E}\\_is5B45.exe\nFileVersion: 29.0.111\nDescription: InstallShield (R) 64-bit Setup Engine\nProduct: InstallShield\nCompany: Flexera\nOriginalFileName: ISBEW64.exe\nCommandLine: C:\\Users\\CALLCE~1\\AppData\\Local\\Temp\\{59BC039B-3E41-482D-A43A-22D12B14507E}\\_is5B45.exe {EFB7539B-24F3-46B6-AF6E-3B021B51EFEF}:{7F5B7F44-A103-46C3-8E9F-5CB5CD863235}\nCurrentDirectory: C:\\Windows\\SysWOW64\\\nUser: HALFMOONCLUB\\asewell\nLogonGuid: {e05839ab-5cba-6619-52ef-190400000000}\nLogonId: 0x419EF52\nTerminalSessionId: 1\nIntegrityLevel: Medium\nHashes: MD5=28857F9A5DC8AF367E533076267F5B4D,SHA256=9523EE07E5591102B16B48A9D7059DDAEF997ADABAC0430D1C2A660D5A45E4EE,IMPHASH=AF87F2D4093D000899EF9689785EC528\nParentProcessGuid: {e05839ab-9389-661e-4a77-020000009c00}\nParentProcessId: 14884\nParentImage: C:\\Windows\\SysWOW64\\msiexec.exe\nParentCommandLine: C:\\Windows\\syswow64\\MsiExec.exe -Embedding 2D3BDC20BEC56D2F142D54EDEB167938\nParentUser: HALFMOONCLUB\\asewell"
    },
    {
      "EventCode": "1",
      "EventKind": "event",
      "EventProvider": "Microsoft-Windows-Sysmon",
      "EventId": 1,
      "EventSeverity": "Info",
      "Type": "process",
      "HostName": "dt-dz666s3",
      "Platform": "windows",
      "Raw": "Process Create:\nRuleName: -\nUtcTime: 2024-04-16 15:04:41.484\nProcessGuid: {e05839ab-9389-661e-5177-020000009c00}\nProcessId: 17480\nImage: C:\\Users\\CALLCE~1\\AppData\\Local\\Temp\\{59BC039B-3E41-482D-A43A-22D12B14507E}\\_is5B45.exe\nFileVersion: 29.0.111\nDescription: InstallShield (R) 64-bit Setup Engine\nProduct: InstallShield\nCompany: Flexera\nOriginalFileName: ISBEW64.exe\nCommandLine: C:\\Users\\CALLCE~1\\AppData\\Local\\Temp\\{59BC039B-3E41-482D-A43A-22D12B14507E}\\_is5B45.exe {EFB7539B-24F3-46B6-AF6E-3B021B51EFEF}:{B64C07D9-8CC1-4F35-ADDC-BA66F6D628F1}\nCurrentDirectory: C:\\Windows\\SysWOW64\\\nUser: HALFMOONCLUB\\asewell\nLogonGuid: {e05839ab-5cba-6619-52ef-190400000000}\nLogonId: 0x419EF52\nTerminalSessionId: 1\nIntegrityLevel: Medium\nHashes: MD5=28857F9A5DC8AF367E533076267F5B4D,SHA256=9523EE07E5591102B16B48A9D7059DDAEF997ADABAC0430D1C2A660D5A45E4EE,IMPHASH=AF87F2D4093D000899EF9689785EC528\nParentProcessGuid: {e05839ab-9389-661e-4a77-020000009c00}\nParentProcessId: 14884\nParentImage: C:\\Windows\\SysWOW64\\msiexec.exe\nParentCommandLine: C:\\Windows\\syswow64\\MsiExec.exe -Embedding 2D3BDC20BEC56D2F142D54EDEB167938\nParentUser: HALFMOONCLUB\\asewell"
    },
    {
      "EventCode": "1",
      "EventKind": "event",
      "EventProvider": "Microsoft-Windows-Sysmon",
      "EventId": 1,
      "EventSeverity": "Info",
      "Type": "process",
      "HostName": "dt-dz666s3",
      "Platform": "windows",
      "Raw": "Process Create:\nRuleName: -\nUtcTime: 2024-04-16 15:04:41.502\nProcessGuid: {e05839ab-9389-661e-5277-020000009c00}\nProcessId: 11908\nImage: C:\\Users\\CALLCE~1\\AppData\\Local\\Temp\\{59BC039B-3E41-482D-A43A-22D12B14507E}\\_is5B45.exe\nFileVersion: 29.0.111\nDescription: InstallShield (R) 64-bit Setup Engine\nProduct: InstallShield\nCompany: Flexera\nOriginalFileName: ISBEW64.exe\nCommandLine: C:\\Users\\CALLCE~1\\AppData\\Local\\Temp\\{59BC039B-3E41-482D-A43A-22D12B14507E}\\_is5B45.exe {EFB7539B-24F3-46B6-AF6E-3B021B51EFEF}:{BF672C8C-4457-4A7D-BFE8-B11D1BD3DEE3}\nCurrentDirectory: C:\\Windows\\SysWOW64\\\nUser: HALFMOONCLUB\\asewell\nLogonGuid: {e05839ab-5cba-6619-52ef-190400000000}\nLogonId: 0x419EF52\nTerminalSessionId: 1\nIntegrityLevel: Medium\nHashes: MD5=28857F9A5DC8AF367E533076267F5B4D,SHA256=9523EE07E5591102B16B48A9D7059DDAEF997ADABAC0430D1C2A660D5A45E4EE,IMPHASH=AF87F2D4093D000899EF9689785EC528\nParentProcessGuid: {e05839ab-9389-661e-4a77-020000009c00}\nParentProcessId: 14884\nParentImage: C:\\Windows\\SysWOW64\\msiexec.exe\nParentCommandLine: C:\\Windows\\syswow64\\MsiExec.exe -Embedding 2D3BDC20BEC56D2F142D54EDEB167938\nParentUser: HALFMOONCLUB\\asewell"
    },
    {
      "EventCode": "7",
      "EventKind": "event",
      "EventProvider": "Microsoft-Windows-Sysmon",
      "EventId": 7,
      "EventSeverity": "Info",
      "Type": "process",
      "HostName": "dt-dz666s3",
      "Platform": "windows",
      "Raw": "Image loaded:\nRuleName: -\nUtcTime: 2024-04-16 15:04:41.355\nProcessGuid: {e05839ab-9389-661e-4f77-020000009c00}\nProcessId: 18156\nImage: C:\\Users\\CALLCE~1\\AppData\\Local\\Temp\\{59BC039B-3E41-482D-A43A-22D12B14507E}\\_is5B45.exe\nImageLoaded: C:\\Users\\CALLCE~1\\AppData\\Local\\Temp\\{59BC039B-3E41-482D-A43A-22D12B14507E}\\_is5B45.exe\nFileVersion: 29.0.111\nDescription: InstallShield (R) 64-bit Setup Engine\nProduct: InstallShield\nCompany: Flexera\nOriginalFileName: ISBEW64.exe\nHashes: MD5=28857F9A5DC8AF367E533076267F5B4D,SHA256=9523EE07E5591102B16B48A9D7059DDAEF997ADABAC0430D1C2A660D5A45E4EE,IMPHASH=AF87F2D4093D000899EF9689785EC528\nSigned: true\nSignature: Flexera Software LLC\nSignatureStatus: Valid\nUser: HALFMOONCLUB\\asewell"
    },
    {
      "EventCode": "7",
      "EventKind": "event",
      "EventProvider": "Microsoft-Windows-Sysmon",
      "EventId": 7,
      "EventSeverity": "Info",
      "Type": "process",
      "HostName": "dt-dz666s3",
      "Platform": "windows",
      "Raw": "Image loaded:\nRuleName: -\nUtcTime: 2024-04-16 15:04:41.403\nProcessGuid: {e05839ab-9389-661e-4a77-020000009c00}\nProcessId: 14884\nImage: C:\\Windows\\SysWOW64\\msiexec.exe\nImageLoaded: C:\\Users\\CALLCE~1\\AppData\\Local\\Temp\\{59BC039B-3E41-482D-A43A-22D12B14507E}\\ISRT.dll\nFileVersion: 29.0.111\nDescription: InstallShield (R) RunTime DLL\nProduct: InstallShield\nCompany: Flexera\nOriginalFileName: ISRT.dll\nHashes: MD5=FF43031211486580947F25F293B8125B,SHA256=423D365B5737F925019C17B478A515B488CC55EA990E6EBEB9A77CDC7E2279E0,IMPHASH=B649B7CD1479EFFFCD4934B4CD5CA6CD\nSigned: true\nSignature: Flexera Software LLC\nSignatureStatus: Valid\nUser: HALFMOONCLUB\\asewell"
    },
    {
      "EventCode": "7",
      "EventKind": "event",
      "EventProvider": "Microsoft-Windows-Sysmon",
      "EventId": 7,
      "EventSeverity": "Info",
      "Type": "process",
      "HostName": "dt-dz666s3",
      "Platform": "windows",
      "Raw": "Image loaded:\nRuleName: -\nUtcTime: 2024-04-16 15:04:41.323\nProcessGuid: {e05839ab-9389-661e-4d77-020000009c00}\nProcessId: 10656\nImage: C:\\Users\\CALLCE~1\\AppData\\Local\\Temp\\{59BC039B-3E41-482D-A43A-22D12B14507E}\\_is5B45.exe\nImageLoaded: C:\\Users\\CALLCE~1\\AppData\\Local\\Temp\\{59BC039B-3E41-482D-A43A-22D12B14507E}\\_is5B45.exe\nFileVersion: 29.0.111\nDescription: InstallShield (R) 64-bit Setup Engine\nProduct: InstallShield\nCompany: Flexera\nOriginalFileName: ISBEW64.exe\nHashes: MD5=28857F9A5DC8AF367E533076267F5B4D,SHA256=9523EE07E5591102B16B48A9D7059DDAEF997ADABAC0430D1C2A660D5A45E4EE,IMPHASH=AF87F2D4093D000899EF9689785EC528\nSigned: true\nSignature: Flexera Software LLC\nSignatureStatus: Valid\nUser: HALFMOONCLUB\\asewell"
    },
    {
      "EventCode": "7",
      "EventKind": "event",
      "EventProvider": "Microsoft-Windows-Sysmon",
      "EventId": 7,
      "EventSeverity": "Info",
      "Type": "process",
      "HostName": "dt-dz666s3",
      "Platform": "windows",
      "Raw": "Image loaded:\nRuleName: -\nUtcTime: 2024-04-16 15:04:41.339\nProcessGuid: {e05839ab-9389-661e-4e77-020000009c00}\nProcessId: 1796\nImage: C:\\Users\\CALLCE~1\\AppData\\Local\\Temp\\{59BC039B-3E41-482D-A43A-22D12B14507E}\\_is5B45.exe\nImageLoaded: C:\\Users\\CALLCE~1\\AppData\\Local\\Temp\\{59BC039B-3E41-482D-A43A-22D12B14507E}\\_is5B45.exe\nFileVersion: 29.0.111\nDescription: InstallShield (R) 64-bit Setup Engine\nProduct: InstallShield\nCompany: Flexera\nOriginalFileName: ISBEW64.exe\nHashes: MD5=28857F9A5DC8AF367E533076267F5B4D,SHA256=9523EE07E5591102B16B48A9D7059DDAEF997ADABAC0430D1C2A660D5A45E4EE,IMPHASH=AF87F2D4093D000899EF9689785EC528\nSigned: true\nSignature: Flexera Software LLC\nSignatureStatus: Valid\nUser: HALFMOONCLUB\\asewell"
    },
    {
      "EventCode": "1",
      "EventKind": "event",
      "EventProvider": "Microsoft-Windows-Sysmon",
      "EventId": 1,
      "EventSeverity": "Info",
      "Type": "process",
      "HostName": "dt-dz666s3",
      "Platform": "windows",
      "Raw": "Process Create:\nRuleName: -\nUtcTime: 2024-04-16 15:04:41.323\nProcessGuid: {e05839ab-9389-661e-4d77-020000009c00}\nProcessId: 10656\nImage: C:\\Users\\CALLCE~1\\AppData\\Local\\Temp\\{59BC039B-3E41-482D-A43A-22D12B14507E}\\_is5B45.exe\nFileVersion: 29.0.111\nDescription: InstallShield (R) 64-bit Setup Engine\nProduct: InstallShield\nCompany: Flexera\nOriginalFileName: ISBEW64.exe\nCommandLine: C:\\Users\\CALLCE~1\\AppData\\Local\\Temp\\{59BC039B-3E41-482D-A43A-22D12B14507E}\\_is5B45.exe {EFB7539B-24F3-46B6-AF6E-3B021B51EFEF}:{C3BC9D9E-B5CC-41A7-9752-43F5BD75ACCB}\nCurrentDirectory: C:\\Windows\\SysWOW64\\\nUser: HALFMOONCLUB\\asewell\nLogonGuid: {e05839ab-5cba-6619-52ef-190400000000}\nLogonId: 0x419EF52\nTerminalSessionId: 1\nIntegrityLevel: Medium\nHashes: MD5=28857F9A5DC8AF367E533076267F5B4D,SHA256=9523EE07E5591102B16B48A9D7059DDAEF997ADABAC0430D1C2A660D5A45E4EE,IMPHASH=AF87F2D4093D000899EF9689785EC528\nParentProcessGuid: {e05839ab-9389-661e-4a77-020000009c00}\nParentProcessId: 14884\nParentImage: C:\\Windows\\SysWOW64\\msiexec.exe\nParentCommandLine: C:\\Windows\\syswow64\\MsiExec.exe -Embedding 2D3BDC20BEC56D2F142D54EDEB167938\nParentUser: HALFMOONCLUB\\asewell"
    },
    {
      "EventCode": "1",
      "EventKind": "event",
      "EventProvider": "Microsoft-Windows-Sysmon",
      "EventId": 1,
      "EventSeverity": "Info",
      "Type": "process",
      "HostName": "dt-dz666s3",
      "Platform": "windows",
      "Raw": "Process Create:\nRuleName: -\nUtcTime: 2024-04-16 15:04:41.340\nProcessGuid: {e05839ab-9389-661e-4e77-020000009c00}\nProcessId: 1796\nImage: C:\\Users\\CALLCE~1\\AppData\\Local\\Temp\\{59BC039B-3E41-482D-A43A-22D12B14507E}\\_is5B45.exe\nFileVersion: 29.0.111\nDescription: InstallShield (R) 64-bit Setup Engine\nProduct: InstallShield\nCompany: Flexera\nOriginalFileName: ISBEW64.exe\nCommandLine: C:\\Users\\CALLCE~1\\AppData\\Local\\Temp\\{59BC039B-3E41-482D-A43A-22D12B14507E}\\_is5B45.exe {EFB7539B-24F3-46B6-AF6E-3B021B51EFEF}:{7B507764-68F8-41BF-AD11-388DEA4523A1}\nCurrentDirectory: C:\\Windows\\SysWOW64\\\nUser: HALFMOONCLUB\\asewell\nLogonGuid: {e05839ab-5cba-6619-52ef-190400000000}\nLogonId: 0x419EF52\nTerminalSessionId: 1\nIntegrityLevel: Medium\nHashes: MD5=28857F9A5DC8AF367E533076267F5B4D,SHA256=9523EE07E5591102B16B48A9D7059DDAEF997ADABAC0430D1C2A660D5A45E4EE,IMPHASH=AF87F2D4093D000899EF9689785EC528\nParentProcessGuid: {e05839ab-9389-661e-4a77-020000009c00}\nParentProcessId: 14884\nParentImage: C:\\Windows\\SysWOW64\\msiexec.exe\nParentCommandLine: C:\\Windows\\syswow64\\MsiExec.exe -Embedding 2D3BDC20BEC56D2F142D54EDEB167938\nParentUser: HALFMOONCLUB\\asewell"
    },
    {
      "EventCode": "1",
      "EventKind": "event",
      "EventProvider": "Microsoft-Windows-Sysmon",
      "EventId": 1,
      "EventSeverity": "Info",
      "Type": "process",
      "HostName": "dt-dz666s3",
      "Platform": "windows",
      "Raw": "Process Create:\nRuleName: -\nUtcTime: 2024-04-16 15:04:41.358\nProcessGuid: {e05839ab-9389-661e-4f77-020000009c00}\nProcessId: 18156\nImage: C:\\Users\\CALLCE~1\\AppData\\Local\\Temp\\{59BC039B-3E41-482D-A43A-22D12B14507E}\\_is5B45.exe\nFileVersion: 29.0.111\nDescription: InstallShield (R) 64-bit Setup Engine\nProduct: InstallShield\nCompany: Flexera\nOriginalFileName: ISBEW64.exe\nCommandLine: C:\\Users\\CALLCE~1\\AppData\\Local\\Temp\\{59BC039B-3E41-482D-A43A-22D12B14507E}\\_is5B45.exe {EFB7539B-24F3-46B6-AF6E-3B021B51EFEF}:{1A6C1DAE-A6B7-40A6-A1C5-CA6D5AE66C9D}\nCurrentDirectory: C:\\Windows\\SysWOW64\\\nUser: HALFMOONCLUB\\asewell\nLogonGuid: {e05839ab-5cba-6619-52ef-190400000000}\nLogonId: 0x419EF52\nTerminalSessionId: 1\nIntegrityLevel: Medium\nHashes: MD5=28857F9A5DC8AF367E533076267F5B4D,SHA256=9523EE07E5591102B16B48A9D7059DDAEF997ADABAC0430D1C2A660D5A45E4EE,IMPHASH=AF87F2D4093D000899EF9689785EC528\nParentProcessGuid: {e05839ab-9389-661e-4a77-020000009c00}\nParentProcessId: 14884\nParentImage: C:\\Windows\\SysWOW64\\msiexec.exe\nParentCommandLine: C:\\Windows\\syswow64\\MsiExec.exe -Embedding 2D3BDC20BEC56D2F142D54EDEB167938\nParentUser: HALFMOONCLUB\\asewell"
    },
    {
      "EventCode": "7",
      "EventKind": "event",
      "EventProvider": "Microsoft-Windows-Sysmon",
      "EventId": 7,
      "EventSeverity": "Info",
      "Type": "process",
      "HostName": "dt-dz666s3",
      "Platform": "windows",
      "Raw": "Image loaded:\nRuleName: -\nUtcTime: 2024-04-16 15:04:41.276\nProcessGuid: {e05839ab-9389-661e-4b77-020000009c00}\nProcessId: 22292\nImage: C:\\Users\\CALLCE~1\\AppData\\Local\\Temp\\{59BC039B-3E41-482D-A43A-22D12B14507E}\\_is5B45.exe\nImageLoaded: C:\\Users\\CALLCE~1\\AppData\\Local\\Temp\\{59BC039B-3E41-482D-A43A-22D12B14507E}\\_is5B45.exe\nFileVersion: 29.0.111\nDescription: InstallShield (R) 64-bit Setup Engine\nProduct: InstallShield\nCompany: Flexera\nOriginalFileName: ISBEW64.exe\nHashes: MD5=28857F9A5DC8AF367E533076267F5B4D,SHA256=9523EE07E5591102B16B48A9D7059DDAEF997ADABAC0430D1C2A660D5A45E4EE,IMPHASH=AF87F2D4093D000899EF9689785EC528\nSigned: true\nSignature: Flexera Software LLC\nSignatureStatus: Valid\nUser: HALFMOONCLUB\\asewell"
    },
    {
      "EventCode": "7",
      "EventKind": "event",
      "EventProvider": "Microsoft-Windows-Sysmon",
      "EventId": 7,
      "EventSeverity": "Info",
      "Type": "process",
      "HostName": "dt-dz666s3",
      "Platform": "windows",
      "Raw": "Image loaded:\nRuleName: -\nUtcTime: 2024-04-16 15:04:41.308\nProcessGuid: {e05839ab-9389-661e-4c77-020000009c00}\nProcessId: 11336\nImage: C:\\Users\\CALLCE~1\\AppData\\Local\\Temp\\{59BC039B-3E41-482D-A43A-22D12B14507E}\\_is5B45.exe\nImageLoaded: C:\\Users\\CALLCE~1\\AppData\\Local\\Temp\\{59BC039B-3E41-482D-A43A-22D12B14507E}\\_is5B45.exe\nFileVersion: 29.0.111\nDescription: InstallShield (R) 64-bit Setup Engine\nProduct: InstallShield\nCompany: Flexera\nOriginalFileName: ISBEW64.exe\nHashes: MD5=28857F9A5DC8AF367E533076267F5B4D,SHA256=9523EE07E5591102B16B48A9D7059DDAEF997ADABAC0430D1C2A660D5A45E4EE,IMPHASH=AF87F2D4093D000899EF9689785EC528\nSigned: true\nSignature: Flexera Software LLC\nSignatureStatus: Valid\nUser: HALFMOONCLUB\\asewell"
    },
    {
      "EventCode": "1",
      "EventKind": "event",
      "EventProvider": "Microsoft-Windows-Sysmon",
      "EventId": 1,
      "EventSeverity": "Info",
      "Type": "process",
      "HostName": "dt-dz666s3",
      "Platform": "windows",
      "Raw": "Process Create:\nRuleName: -\nUtcTime: 2024-04-16 15:04:41.261\nProcessGuid: {e05839ab-9389-661e-4b77-020000009c00}\nProcessId: 22292\nImage: C:\\Users\\CALLCE~1\\AppData\\Local\\Temp\\{59BC039B-3E41-482D-A43A-22D12B14507E}\\_is5B45.exe\nFileVersion: 29.0.111\nDescription: InstallShield (R) 64-bit Setup Engine\nProduct: InstallShield\nCompany: Flexera\nOriginalFileName: ISBEW64.exe\nCommandLine: C:\\Users\\CALLCE~1\\AppData\\Local\\Temp\\{59BC039B-3E41-482D-A43A-22D12B14507E}\\_is5B45.exe {EFB7539B-24F3-46B6-AF6E-3B021B51EFEF}:{D2B2177E-2269-4190-B31E-667360B2074A}\nCurrentDirectory: C:\\Windows\\SysWOW64\\\nUser: HALFMOONCLUB\\asewell\nLogonGuid: {e05839ab-5cba-6619-52ef-190400000000}\nLogonId: 0x419EF52\nTerminalSessionId: 1\nIntegrityLevel: Medium\nHashes: MD5=28857F9A5DC8AF367E533076267F5B4D,SHA256=9523EE07E5591102B16B48A9D7059DDAEF997ADABAC0430D1C2A660D5A45E4EE,IMPHASH=AF87F2D4093D000899EF9689785EC528\nParentProcessGuid: {e05839ab-9389-661e-4a77-020000009c00}\nParentProcessId: 14884\nParentImage: C:\\Windows\\SysWOW64\\msiexec.exe\nParentCommandLine: C:\\Windows\\syswow64\\MsiExec.exe -Embedding 2D3BDC20BEC56D2F142D54EDEB167938\nParentUser: HALFMOONCLUB\\asewell"
    },
    {
      "EventCode": "1",
      "EventKind": "event",
      "EventProvider": "Microsoft-Windows-Sysmon",
      "EventId": 1,
      "EventSeverity": "Info",
      "Type": "process",
      "HostName": "dt-dz666s3",
      "Platform": "windows",
      "Raw": "Process Create:\nRuleName: -\nUtcTime: 2024-04-16 15:04:41.306\nProcessGuid: {e05839ab-9389-661e-4c77-020000009c00}\nProcessId: 11336\nImage: C:\\Users\\CALLCE~1\\AppData\\Local\\Temp\\{59BC039B-3E41-482D-A43A-22D12B14507E}\\_is5B45.exe\nFileVersion: 29.0.111\nDescription: InstallShield (R) 64-bit Setup Engine\nProduct: InstallShield\nCompany: Flexera\nOriginalFileName: ISBEW64.exe\nCommandLine: C:\\Users\\CALLCE~1\\AppData\\Local\\Temp\\{59BC039B-3E41-482D-A43A-22D12B14507E}\\_is5B45.exe {EFB7539B-24F3-46B6-AF6E-3B021B51EFEF}:{E72C4BB3-5315-47C2-897A-280D0B33B2CE}\nCurrentDirectory: C:\\Windows\\SysWOW64\\\nUser: HALFMOONCLUB\\asewell\nLogonGuid: {e05839ab-5cba-6619-52ef-190400000000}\nLogonId: 0x419EF52\nTerminalSessionId: 1\nIntegrityLevel: Medium\nHashes: MD5=28857F9A5DC8AF367E533076267F5B4D,SHA256=9523EE07E5591102B16B48A9D7059DDAEF997ADABAC0430D1C2A660D5A45E4EE,IMPHASH=AF87F2D4093D000899EF9689785EC528\nParentProcessGuid: {e05839ab-9389-661e-4a77-020000009c00}\nParentProcessId: 14884\nParentImage: C:\\Windows\\SysWOW64\\msiexec.exe\nParentCommandLine: C:\\Windows\\syswow64\\MsiExec.exe -Embedding 2D3BDC20BEC56D2F142D54EDEB167938\nParentUser: HALFMOONCLUB\\asewell"
    },
    {
      "EventCode": "1",
      "EventKind": "event",
      "EventProvider": "Microsoft-Windows-Sysmon",
      "EventId": 1,
      "EventSeverity": "Info",
      "Type": "process",
      "HostName": "dt-dz666s3",
      "Platform": "windows",
      "Raw": "Process Create:\nRuleName: -\nUtcTime: 2024-04-16 15:04:40.865\nProcessGuid: {e05839ab-9388-661e-4977-020000009c00}\nProcessId: 22252\nImage: C:\\Windows\\System32\\msiexec.exe\nFileVersion: 5.0.19041.3636 (WinBuild.160101.0800)\nDescription: Windows速 installer\nProduct: Windows Installer - Unicode\nCompany: Microsoft Corporation\nOriginalFileName: msiexec.exe\nCommandLine: C:\\Windows\\system32\\msiexec.exe /V\nCurrentDirectory: C:\\Windows\\system32\\\nUser: NT AUTHORITY\\SYSTEM\nLogonGuid: {e05839ab-2144-6617-e703-000000000000}\nLogonId: 0x3E7\nTerminalSessionId: 0\nIntegrityLevel: System\nHashes: MD5=3A8464F2CECDF1D89430C64237949F20,SHA256=8CA4B8B7A2F8E6E7D1DF1AE46437FC252CD9C4B78CA3C7ADCAB721BD0F68B358,IMPHASH=0990A9500FF8DF93E0E059EE13E7C796\nParentProcessGuid: {e05839ab-2144-6617-0a00-000000009c00}\nParentProcessId: 1104\nParentImage: C:\\Windows\\System32\\services.exe\nParentCommandLine: C:\\Windows\\system32\\services.exe\nParentUser: NT AUTHORITY\\SYSTEM"
    },
    {
      "EventCode": "7",
      "EventKind": "event",
      "EventProvider": "Microsoft-Windows-Sysmon",
      "EventId": 7,
      "EventSeverity": "Info",
      "Type": "process",
      "HostName": "dt-dz666s3",
      "Platform": "windows",
      "Raw": "Image loaded:\nRuleName: -\nUtcTime: 2024-04-16 15:04:41.093\nProcessGuid: {e05839ab-9389-661e-4a77-020000009c00}\nProcessId: 14884\nImage: C:\\Windows\\SysWOW64\\msiexec.exe\nImageLoaded: C:\\Windows\\Installer\\MSI5AC8.tmp\nFileVersion: 29.0.0.111\nDescription: SFHelper.dll Module\nProduct: InstallShield\nCompany: Flexera\nOriginalFileName: SFHelper.dll\nHashes: MD5=913B6675436BF50376F6A56A396E18D2,SHA256=74248F11D83559298AEF0396F1D44E3F55F02DFEF82C8A3B0678138D65989FD7,IMPHASH=7A187856EA968B34A00269E9F96BD2C9\nSigned: true\nSignature: Flexera Software LLC\nSignatureStatus: Valid\nUser: HALFMOONCLUB\\asewell"
    },
    {
      "EventCode": "1",
      "EventKind": "event",
      "EventProvider": "Microsoft-Windows-Sysmon",
      "EventId": 1,
      "EventSeverity": "Info",
      "Type": "process",
      "HostName": "dt-dz666s3",
      "Platform": "windows",
      "Raw": "Process Create:\nRuleName: -\nUtcTime: 2024-04-16 15:04:41.038\nProcessGuid: {e05839ab-9389-661e-4a77-020000009c00}\nProcessId: 14884\nImage: C:\\Windows\\SysWOW64\\msiexec.exe\nFileVersion: 5.0.19041.3636 (WinBuild.160101.0800)\nDescription: Windows速 installer\nProduct: Windows Installer - Unicode\nCompany: Microsoft Corporation\nOriginalFileName: msiexec.exe\nCommandLine: C:\\Windows\\syswow64\\MsiExec.exe -Embedding 2D3BDC20BEC56D2F142D54EDEB167938\nCurrentDirectory: C:\\Windows\\SysWOW64\\\nUser: HALFMOONCLUB\\asewell\nLogonGuid: {e05839ab-5cba-6619-52ef-190400000000}\nLogonId: 0x419EF52\nTerminalSessionId: 1\nIntegrityLevel: Medium\nHashes: MD5=898277AC5894C4E1412A49040053B0D3,SHA256=445A2E800DC68DF89ABF713F3B4B632D40AE6310EF3660B42D974BB582426BC5,IMPHASH=E4E40938E4BF6C66424859ED02171C41\nParentProcessGuid: {e05839ab-9388-661e-4977-020000009c00}\nParentProcessId: 22252\nParentImage: C:\\Windows\\System32\\msiexec.exe\nParentCommandLine: C:\\Windows\\system32\\msiexec.exe /V\nParentUser: NT AUTHORITY\\SYSTEM"
    },
    {
      "EventCode": "4688",
      "EventKind": "event",
      "EventProvider": "Microsoft-Windows-Security-Auditing",
      "EventId": 4688,
      "EventSeverity": "Info",
      "Type": "process",
      "HostName": "dt-dz666s3",
      "Platform": "windows",
      "Raw": "A new process has been created.\n\nCreator Subject:\n\tSecurity ID:\t\tS-1-5-21-1202660629-1563985344-839522115-1676\n\tAccount Name:\t\tASEWELL\n\tAccount Domain:\t\tHALFMOONCLUB\n\tLogon ID:\t\t0x419EF52\n\nTarget Subject:\n\tSecurity ID:\t\tS-1-0-0\n\tAccount Name:\t\t-\n\tAccount Domain:\t\t-\n\tLogon ID:\t\t0x0\n\nProcess Information:\n\tNew Process ID:\t\t0x490c\n\tNew Process Name:\tC:\\Users\\CALLCE~1\\AppData\\Local\\Temp\\{59BC039B-3E41-482D-A43A-22D12B14507E}\\_is5B45.exe\n\tToken Elevation Type:\t%%1936\n\tMandatory Label:\t\tS-1-16-8192\n\tCreator Process ID:\t0x3a24\n\tCreator Process Name:\tC:\\Windows\\SysWOW64\\msiexec.exe\n\tProcess Command Line:\t\n\nToken Elevation Type indicates the type of token that was assigned to the new process in accordance with User Account Control policy.\n\nType 1 is a full token with no privileges removed or groups disabled.  A full token is only used if User Account Control is disabled or if the user is the built-in Administrator account or a service account.\n\nType 2 is an elevated token with no privileges removed or groups disabled.  An elevated token is used when User Account Control is enabled and the user chooses to start the program using Run as administrator.  An elevated token is also used when an application is configured to always require administrative privilege or to always require maximum privilege, and the user is a member of the Administrators group.\n\nType 3 is a limited token with administrative privileges removed and administrative groups disabled.  The limited token is used when User Account Control is enabled, the application does not require administrative privilege, and the user does not choose to start the program using Run as administrator."
    },
    {
      "EventCode": "4688",
      "EventKind": "event",
      "EventProvider": "Microsoft-Windows-Security-Auditing",
      "EventId": 4688,
      "EventSeverity": "Info",
      "Type": "process",
      "HostName": "dt-dz666s3",
      "Platform": "windows",
      "Raw": "A new process has been created.\n\nCreator Subject:\n\tSecurity ID:\t\tS-1-5-21-1202660629-1563985344-839522115-1676\n\tAccount Name:\t\tASEWELL\n\tAccount Domain:\t\tHALFMOONCLUB\n\tLogon ID:\t\t0x419EF52\n\nTarget Subject:\n\tSecurity ID:\t\tS-1-0-0\n\tAccount Name:\t\t-\n\tAccount Domain:\t\t-\n\tLogon ID:\t\t0x0\n\nProcess Information:\n\tNew Process ID:\t\t0x20f4\n\tNew Process Name:\tC:\\Users\\CALLCE~1\\AppData\\Local\\Temp\\{59BC039B-3E41-482D-A43A-22D12B14507E}\\_is5B45.exe\n\tToken Elevation Type:\t%%1936\n\tMandatory Label:\t\tS-1-16-8192\n\tCreator Process ID:\t0x3a24\n\tCreator Process Name:\tC:\\Windows\\SysWOW64\\msiexec.exe\n\tProcess Command Line:\t\n\nToken Elevation Type indicates the type of token that was assigned to the new process in accordance with User Account Control policy.\n\nType 1 is a full token with no privileges removed or groups disabled.  A full token is only used if User Account Control is disabled or if the user is the built-in Administrator account or a service account.\n\nType 2 is an elevated token with no privileges removed or groups disabled.  An elevated token is used when User Account Control is enabled and the user chooses to start the program using Run as administrator.  An elevated token is also used when an application is configured to always require administrative privilege or to always require maximum privilege, and the user is a member of the Administrators group.\n\nType 3 is a limited token with administrative privileges removed and administrative groups disabled.  The limited token is used when User Account Control is enabled, the application does not require administrative privilege, and the user does not choose to start the program using Run as administrator."
    },
    {
      "EventCode": "1",
      "EventKind": "event",
      "EventProvider": "Microsoft-Windows-Sysmon",
      "EventId": 1,
      "EventSeverity": "Info",
      "Type": "process",
      "HostName": "dt-dz666s3",
      "Platform": "windows",
      "Raw": "Process Create:\nRuleName: -\nUtcTime: 2024-04-16 15:04:40.805\nProcessGuid: {e05839ab-9388-661e-4877-020000009c00}\nProcessId: 9548\nImage: C:\\Windows\\System32\\msiexec.exe\nFileVersion: 5.0.19041.3636 (WinBuild.160101.0800)\nDescription: Windows速 installer\nProduct: Windows Installer - Unicode\nCompany: Microsoft Corporation\nOriginalFileName: msiexec.exe\nCommandLine: \"msiexec.exe\"  /i \"C:\\Users\\Callcenter1\\AppData\\Local\\Temp\\SupportAssistAgent\\d9943b03-8299-4554-873c-99e90150a87b\\SupportAssistx64-4.0.2.59780.msi\"  /qn REBOOT=ReallySuppress /norestart\nCurrentDirectory: C:\\Program Files\\Dell\\SupportAssistAgent\\bin\\FrameworkAgents\\\nUser: HALFMOONCLUB\\asewell\nLogonGuid: {e05839ab-5cba-6619-52ef-190400000000}\nLogonId: 0x419EF52\nTerminalSessionId: 1\nIntegrityLevel: Medium\nHashes: MD5=3A8464F2CECDF1D89430C64237949F20,SHA256=8CA4B8B7A2F8E6E7D1DF1AE46437FC252CD9C4B78CA3C7ADCAB721BD0F68B358,IMPHASH=0990A9500FF8DF93E0E059EE13E7C796\nParentProcessGuid: {e05839ab-9381-661e-4777-020000009c00}\nParentProcessId: 22164\nParentImage: C:\\Program Files\\Dell\\SupportAssistAgent\\bin\\FrameworkAgents\\SupportAssistInstaller.exe\nParentCommandLine:  \"silent\"\nParentUser: HALFMOONCLUB\\asewell"
    },
    {
      "EventCode": "4688",
      "EventKind": "event",
      "EventProvider": "Microsoft-Windows-Security-Auditing",
      "EventId": 4688,
      "EventSeverity": "Info",
      "Type": "process",
      "HostName": "dt-dz666s3",
      "Platform": "windows",
      "Raw": "A new process has been created.\n\nCreator Subject:\n\tSecurity ID:\t\tS-1-5-21-1202660629-1563985344-839522115-1676\n\tAccount Name:\t\tASEWELL\n\tAccount Domain:\t\tHALFMOONCLUB\n\tLogon ID:\t\t0x419EF52\n\nTarget Subject:\n\tSecurity ID:\t\tS-1-0-0\n\tAccount Name:\t\t-\n\tAccount Domain:\t\t-\n\tLogon ID:\t\t0x0\n\nProcess Information:\n\tNew Process ID:\t\t0x2e84\n\tNew Process Name:\tC:\\Users\\CALLCE~1\\AppData\\Local\\Temp\\{59BC039B-3E41-482D-A43A-22D12B14507E}\\_is5B45.exe\n\tToken Elevation Type:\t%%1936\n\tMandatory Label:\t\tS-1-16-8192\n\tCreator Process ID:\t0x3a24\n\tCreator Process Name:\tC:\\Windows\\SysWOW64\\msiexec.exe\n\tProcess Command Line:\t\n\nToken Elevation Type indicates the type of token that was assigned to the new process in accordance with User Account Control policy.\n\nType 1 is a full token with no privileges removed or groups disabled.  A full token is only used if User Account Control is disabled or if the user is the built-in Administrator account or a service account.\n\nType 2 is an elevated token with no privileges removed or groups disabled.  An elevated token is used when User Account Control is enabled and the user chooses to start the program using Run as administrator.  An elevated token is also used when an application is configured to always require administrative privilege or to always require maximum privilege, and the user is a member of the Administrators group.\n\nType 3 is a limited token with administrative privileges removed and administrative groups disabled.  The limited token is used when User Account Control is enabled, the application does not require administrative privilege, and the user does not choose to start the program using Run as administrator."
    },
    {
      "EventCode": "4688",
      "EventKind": "event",
      "EventProvider": "Microsoft-Windows-Security-Auditing",
      "EventId": 4688,
      "EventSeverity": "Info",
      "Type": "process",
      "HostName": "dt-dz666s3",
      "Platform": "windows",
      "Raw": "A new process has been created.\n\nCreator Subject:\n\tSecurity ID:\t\tS-1-5-21-1202660629-1563985344-839522115-1676\n\tAccount Name:\t\tASEWELL\n\tAccount Domain:\t\tHALFMOONCLUB\n\tLogon ID:\t\t0x419EF52\n\nTarget Subject:\n\tSecurity ID:\t\tS-1-0-0\n\tAccount Name:\t\t-\n\tAccount Domain:\t\t-\n\tLogon ID:\t\t0x0\n\nProcess Information:\n\tNew Process ID:\t\t0x704\n\tNew Process Name:\tC:\\Users\\CALLCE~1\\AppData\\Local\\Temp\\{59BC039B-3E41-482D-A43A-22D12B14507E}\\_is5B45.exe\n\tToken Elevation Type:\t%%1936\n\tMandatory Label:\t\tS-1-16-8192\n\tCreator Process ID:\t0x3a24\n\tCreator Process Name:\tC:\\Windows\\SysWOW64\\msiexec.exe\n\tProcess Command Line:\t\n\nToken Elevation Type indicates the type of token that was assigned to the new process in accordance with User Account Control policy.\n\nType 1 is a full token with no privileges removed or groups disabled.  A full token is only used if User Account Control is disabled or if the user is the built-in Administrator account or a service account.\n\nType 2 is an elevated token with no privileges removed or groups disabled.  An elevated token is used when User Account Control is enabled and the user chooses to start the program using Run as administrator.  An elevated token is also used when an application is configured to always require administrative privilege or to always require maximum privilege, and the user is a member of the Administrators group.\n\nType 3 is a limited token with administrative privileges removed and administrative groups disabled.  The limited token is used when User Account Control is enabled, the application does not require administrative privilege, and the user does not choose to start the program using Run as administrator."
    },
    {
      "EventCode": "4688",
      "EventKind": "event",
      "EventProvider": "Microsoft-Windows-Security-Auditing",
      "EventId": 4688,
      "EventSeverity": "Info",
      "Type": "process",
      "HostName": "dt-dz666s3",
      "Platform": "windows",
      "Raw": "A new process has been created.\n\nCreator Subject:\n\tSecurity ID:\t\tS-1-5-21-1202660629-1563985344-839522115-1676\n\tAccount Name:\t\tASEWELL\n\tAccount Domain:\t\tHALFMOONCLUB\n\tLogon ID:\t\t0x419EF52\n\nTarget Subject:\n\tSecurity ID:\t\tS-1-0-0\n\tAccount Name:\t\t-\n\tAccount Domain:\t\t-\n\tLogon ID:\t\t0x0\n\nProcess Information:\n\tNew Process ID:\t\t0x46ec\n\tNew Process Name:\tC:\\Users\\CALLCE~1\\AppData\\Local\\Temp\\{59BC039B-3E41-482D-A43A-22D12B14507E}\\_is5B45.exe\n\tToken Elevation Type:\t%%1936\n\tMandatory Label:\t\tS-1-16-8192\n\tCreator Process ID:\t0x3a24\n\tCreator Process Name:\tC:\\Windows\\SysWOW64\\msiexec.exe\n\tProcess Command Line:\t\n\nToken Elevation Type indicates the type of token that was assigned to the new process in accordance with User Account Control policy.\n\nType 1 is a full token with no privileges removed or groups disabled.  A full token is only used if User Account Control is disabled or if the user is the built-in Administrator account or a service account.\n\nType 2 is an elevated token with no privileges removed or groups disabled.  An elevated token is used when User Account Control is enabled and the user chooses to start the program using Run as administrator.  An elevated token is also used when an application is configured to always require administrative privilege or to always require maximum privilege, and the user is a member of the Administrators group.\n\nType 3 is a limited token with administrative privileges removed and administrative groups disabled.  The limited token is used when User Account Control is enabled, the application does not require administrative privilege, and the user does not choose to start the program using Run as administrator."
    },
    {
      "EventCode": "4688",
      "EventKind": "event",
      "EventProvider": "Microsoft-Windows-Security-Auditing",
      "EventId": 4688,
      "EventSeverity": "Info",
      "Type": "process",
      "HostName": "dt-dz666s3",
      "Platform": "windows",
      "Raw": "A new process has been created.\n\nCreator Subject:\n\tSecurity ID:\t\tS-1-5-21-1202660629-1563985344-839522115-1676\n\tAccount Name:\t\tASEWELL\n\tAccount Domain:\t\tHALFMOONCLUB\n\tLogon ID:\t\t0x419EF52\n\nTarget Subject:\n\tSecurity ID:\t\tS-1-0-0\n\tAccount Name:\t\t-\n\tAccount Domain:\t\t-\n\tLogon ID:\t\t0x0\n\nProcess Information:\n\tNew Process ID:\t\t0x2aa4\n\tNew Process Name:\tC:\\Users\\CALLCE~1\\AppData\\Local\\Temp\\{59BC039B-3E41-482D-A43A-22D12B14507E}\\_is5B45.exe\n\tToken Elevation Type:\t%%1936\n\tMandatory Label:\t\tS-1-16-8192\n\tCreator Process ID:\t0x3a24\n\tCreator Process Name:\tC:\\Windows\\SysWOW64\\msiexec.exe\n\tProcess Command Line:\t\n\nToken Elevation Type indicates the type of token that was assigned to the new process in accordance with User Account Control policy.\n\nType 1 is a full token with no privileges removed or groups disabled.  A full token is only used if User Account Control is disabled or if the user is the built-in Administrator account or a service account.\n\nType 2 is an elevated token with no privileges removed or groups disabled.  An elevated token is used when User Account Control is enabled and the user chooses to start the program using Run as administrator.  An elevated token is also used when an application is configured to always require administrative privilege or to always require maximum privilege, and the user is a member of the Administrators group.\n\nType 3 is a limited token with administrative privileges removed and administrative groups disabled.  The limited token is used when User Account Control is enabled, the application does not require administrative privilege, and the user does not choose to start the program using Run as administrator."
    },
    {
      "EventCode": "4688",
      "EventKind": "event",
      "EventProvider": "Microsoft-Windows-Security-Auditing",
      "EventId": 4688,
      "EventSeverity": "Info",
      "Type": "process",
      "HostName": "dt-dz666s3",
      "Platform": "windows",
