      "Raw": "A new process has been created.\n\nCreator Subject:\n\tSecurity ID:\t\tS-1-5-18\n\tAccount Name:\t\tAMR-R914WKAF$\n\tAccount Domain:\t\tWORKGROUP\n\tLogon ID:\t\t0x3E7\n\nTarget Subject:\n\tSecurity ID:\t\tS-1-12-1-363732827-1311197420-2308658865-4106321090\n\tAccount Name:\t\tJill.Higgins\n\tAccount Domain:\t\tAMR\n\tLogon ID:\t\t0x35BF6D\n\nProcess Information:\n\tNew Process ID:\t\t0x675c\n\tNew Process Name:\tC:\\Windows\\Lenovo\\ImController\\PluginHost86\\Lenovo.Modern.ImController.PluginHost.Device.exe\n\tToken Elevation Type:\tTokenElevationTypeDefault (1)\n\tMandatory Label:\t\tS-1-16-8192\n\tCreator Process ID:\t0x1750\n\tCreator Process Name:\tC:\\Windows\\Lenovo\\ImController\\Service\\Lenovo.Modern.ImController.exe\n\tProcess Command Line:\t\n\nToken Elevation Type indicates the type of token that was assigned to the new process in accordance with User Account Control policy.\n\nType 1 is a full token with no privileges removed or groups disabled.  A full token is only used if User Account Control is disabled or if the user is the built-in Administrator account or a service account.\n\nType 2 is an elevated token with no privileges removed or groups disabled.  An elevated token is used when User Account Control is enabled and the user chooses to start the program using Run as administrator.  An elevated token is also used when an application is configured to always require administrative privilege or to always require maximum privilege, and the user is a member of the Administrators group.\n\nType 3 is a limited token with administrative privileges removed and administrative groups disabled.  The limited token is used when User Account Control is enabled, the application does not require administrative privilege, and the user does not choose to start the program using Run as administrator."
    },
    {
      "EventCode": "1",
      "EventKind": "event",
      "EventProvider": "Microsoft-Windows-Sysmon",
      "EventId": 1,
      "EventSeverity": "Info",
      "Type": "process",
      "HostName": "lt-gm-2g9khg3",
      "Platform": "windows",
      "Raw": "Process Create:\nRuleName: -\nUtcTime: 2024-04-16 15:04:50.457\nProcessGuid: {8095a848-9392-661e-db08-00000000cc01}\nProcessId: 1248\nImage: C:\\Windows\\System32\\tasklist.exe\nFileVersion: 10.0.19041.1 (WinBuild.160101.0800)\nDescription: Lists the current running tasks\nProduct: Microsoft速 Windows速 Operating System\nCompany: Microsoft Corporation\nOriginalFileName: tasklist.exe\nCommandLine: tasklist  \nCurrentDirectory: C:\\WINDOWS\\system32\\\nUser: NT AUTHORITY\\SYSTEM\nLogonGuid: {8095a848-7153-661e-e703-000000000000}\nLogonId: 0x3E7\nTerminalSessionId: 0\nIntegrityLevel: System\nHashes: MD5=D0A49A170E13D7F6AEBBEFED9DF88AAA,SHA256=BE7241A74FE9A9D30E0631E41533A362B21C8F7AAE3E5B6AD319CC15C024EC3F,IMPHASH=4C8D21C644C980DB3FF94E27BAD14C18\nParentProcessGuid: {8095a848-9392-661e-d908-00000000cc01}\nParentProcessId: 3636\nParentImage: C:\\Windows\\System32\\cmd.exe\nParentCommandLine: \"cmd.exe\" /C \"  tasklist | find \"4320\" \" \nParentUser: NT AUTHORITY\\SYSTEM"
    },
    {
      "EventCode": "5857",
      "EventKind": "event",
      "EventProvider": "Microsoft-Windows-WMI-Activity",
      "EventId": 5857,
      "EventSeverity": "Info",
      "Type": "wmi-activity",
      "HostName": "lt-gm-2g9khg3",
      "Platform": "windows",
      "Raw": "SppProvider provider started with result code 0x0. HostProcess = wmiprvse.exe; ProcessID = 5752; ProviderPath = %SystemRoot%\\System32\\sppwmi.dll"
    },
    {
      "EventCode": "4688",
      "EventKind": "event",
      "EventProvider": "Microsoft-Windows-Security-Auditing",
      "EventId": 4688,
      "EventSeverity": "Info",
      "Type": "process",
      "HostName": "amr-r914wkaf",
      "Platform": "windows",
      "Raw": "A new process has been created.\n\nCreator Subject:\n\tSecurity ID:\t\tS-1-5-18\n\tAccount Name:\t\tAMR-R914WKAF$\n\tAccount Domain:\t\tWORKGROUP\n\tLogon ID:\t\t0x3E7\n\nTarget Subject:\n\tSecurity ID:\t\tS-1-12-1-363732827-1311197420-2308658865-4106321090\n\tAccount Name:\t\tJill.Higgins\n\tAccount Domain:\t\tAMR\n\tLogon ID:\t\t0x35BF6D\n\nProcess Information:\n\tNew Process ID:\t\t0x4e7c\n\tNew Process Name:\tC:\\Windows\\Lenovo\\ImController\\PluginHost86\\Lenovo.Modern.ImController.PluginHost.Device.exe\n\tToken Elevation Type:\tTokenElevationTypeDefault (1)\n\tMandatory Label:\t\tS-1-16-8192\n\tCreator Process ID:\t0x1750\n\tCreator Process Name:\tC:\\Windows\\Lenovo\\ImController\\Service\\Lenovo.Modern.ImController.exe\n\tProcess Command Line:\t\n\nToken Elevation Type indicates the type of token that was assigned to the new process in accordance with User Account Control policy.\n\nType 1 is a full token with no privileges removed or groups disabled.  A full token is only used if User Account Control is disabled or if the user is the built-in Administrator account or a service account.\n\nType 2 is an elevated token with no privileges removed or groups disabled.  An elevated token is used when User Account Control is enabled and the user chooses to start the program using Run as administrator.  An elevated token is also used when an application is configured to always require administrative privilege or to always require maximum privilege, and the user is a member of the Administrators group.\n\nType 3 is a limited token with administrative privileges removed and administrative groups disabled.  The limited token is used when User Account Control is enabled, the application does not require administrative privilege, and the user does not choose to start the program using Run as administrator."
    },
    {
      "EventCode": "5857",
      "EventKind": "event",
      "EventProvider": "Microsoft-Windows-WMI-Activity",
      "EventId": 5857,
      "EventSeverity": "Info",
      "Type": "wmi-activity",
      "HostName": "lt-gm-2g9khg3",
      "Platform": "windows",
      "Raw": "CIMWin32a provider started with result code 0x0. HostProcess = wmiprvse.exe; ProcessID = 5752; ProviderPath = %systemroot%\\system32\\wbem\\wmipcima.dll"
    },
    {
      "EventCode": "1",
      "EventKind": "event",
      "EventProvider": "Microsoft-Windows-Sysmon",
      "EventId": 1,
      "EventSeverity": "Info",
      "Type": "process",
      "HostName": "lt-gm-2g9khg3",
      "Platform": "windows",
      "Raw": "Process Create:\nRuleName: -\nUtcTime: 2024-04-16 15:04:48.341\nProcessGuid: {8095a848-9390-661e-d308-00000000cc01}\nProcessId: 788\nImage: C:\\Windows\\System32\\sppsvc.exe\nFileVersion: 10.0.19041.4291 (WinBuild.160101.0800)\nDescription: Microsoft Software Protection Platform Service\nProduct: Microsoft速 Windows速 Operating System\nCompany: Microsoft Corporation\nOriginalFileName: sppsvc.exe\nCommandLine: C:\\WINDOWS\\system32\\sppsvc.exe\nCurrentDirectory: C:\\WINDOWS\nUser: NT AUTHORITY\\NETWORK SERVICE\nLogonGuid: {8095a848-7153-661e-e403-000000000000}\nLogonId: 0x3E4\nTerminalSessionId: 0\nIntegrityLevel: System\nHashes: MD5=857D1B1DC912709AC4F8C04F4110FDF9,SHA256=D5099F013D0673E42916C831085B3CC41B904580A00ADA175BD3900A22FE5D36,IMPHASH=865C812E4E3E6E8C398A0757574C8DA3\nParentProcessGuid: {8095a848-7153-661e-0a00-00000000cc01}\nParentProcessId: 924\nParentImage: C:\\Windows\\System32\\services.exe\nParentCommandLine: C:\\WINDOWS\\system32\\services.exe\nParentUser: NT AUTHORITY\\SYSTEM"
    },
    {
      "EventCode": "1",
      "EventKind": "event",
      "EventProvider": "Microsoft-Windows-Sysmon",
      "EventId": 1,
      "EventSeverity": "Info",
      "Type": "process",
      "HostName": "lt-gm-2g9khg3",
      "Platform": "windows",
      "Raw": "Process Create:\nRuleName: -\nUtcTime: 2024-04-16 15:04:47.942\nProcessGuid: {8095a848-938f-661e-d208-00000000cc01}\nProcessId: 7384\nImage: C:\\Windows\\System32\\svchost.exe\nFileVersion: 10.0.19041.3636 (WinBuild.160101.0800)\nDescription: Host Process for Windows Services\nProduct: Microsoft速 Windows速 Operating System\nCompany: Microsoft Corporation\nOriginalFileName: svchost.exe\nCommandLine: C:\\WINDOWS\\system32\\svchost.exe -k netsvcs -p -s wuauserv\nCurrentDirectory: C:\\WINDOWS\\system32\\\nUser: NT AUTHORITY\\SYSTEM\nLogonGuid: {8095a848-7153-661e-e703-000000000000}\nLogonId: 0x3E7\nTerminalSessionId: 0\nIntegrityLevel: System\nHashes: MD5=145DCF6706EEEA5B066885EE17964C09,SHA256=F13DE58416730D210DAB465B242E9C949FB0A0245EEF45B07C381F0C6C8A43C3,IMPHASH=247B9220E5D9B720A82B2C8B5069AD69\nParentProcessGuid: {8095a848-7153-661e-0a00-00000000cc01}\nParentProcessId: 924\nParentImage: C:\\Windows\\System32\\services.exe\nParentCommandLine: C:\\WINDOWS\\system32\\services.exe\nParentUser: NT AUTHORITY\\SYSTEM"
    },
    {
      "EventCode": "4688",
      "EventKind": "event",
      "EventProvider": "Microsoft-Windows-Security-Auditing",
      "EventId": 4688,
      "EventSeverity": "Info",
      "Type": "process",
      "HostName": "lt-gm-2g9khg3",
      "Platform": "windows",
      "Raw": "A new process has been created.\n\nCreator Subject:\n\tSecurity ID:\t\tS-1-5-18\n\tAccount Name:\t\tLT-GM-2G9KHG3$\n\tAccount Domain:\t\tHALFMOONCLUB\n\tLogon ID:\t\t0x3E7\n\nTarget Subject:\n\tSecurity ID:\t\tS-1-0-0\n\tAccount Name:\t\tLT-GM-2G9KHG3$\n\tAccount Domain:\t\tHALFMOONCLUB\n\tLogon ID:\t\t0x3E4\n\nProcess Information:\n\tNew Process ID:\t\t0x314\n\tNew Process Name:\tC:\\Windows\\System32\\sppsvc.exe\n\tToken Elevation Type:\t%%1936\n\tMandatory Label:\t\tS-1-16-16384\n\tCreator Process ID:\t0x39c\n\tCreator Process Name:\tC:\\Windows\\System32\\services.exe\n\tProcess Command Line:\t\n\nToken Elevation Type indicates the type of token that was assigned to the new process in accordance with User Account Control policy.\n\nType 1 is a full token with no privileges removed or groups disabled.  A full token is only used if User Account Control is disabled or if the user is the built-in Administrator account or a service account.\n\nType 2 is an elevated token with no privileges removed or groups disabled.  An elevated token is used when User Account Control is enabled and the user chooses to start the program using Run as administrator.  An elevated token is also used when an application is configured to always require administrative privilege or to always require maximum privilege, and the user is a member of the Administrators group.\n\nType 3 is a limited token with administrative privileges removed and administrative groups disabled.  The limited token is used when User Account Control is enabled, the application does not require administrative privilege, and the user does not choose to start the program using Run as administrator."
    },
    {
      "EventCode": "4672",
      "EventKind": "event",
      "EventProvider": "Microsoft-Windows-Security-Auditing",
      "EventId": 4672,
      "EventSeverity": "Info",
      "Type": "iam",
      "HostName": "lt-gm-2g9khg3",
      "Platform": "windows",
      "Raw": "Special privileges assigned to new logon.\n\nSubject:\n\tSecurity ID:\t\tS-1-5-18\n\tAccount Name:\t\tSYSTEM\n\tAccount Domain:\t\tNT AUTHORITY\n\tLogon ID:\t\t0x3E7\n\nPrivileges:\t\tSeAssignPrimaryTokenPrivilege\n\t\t\tSeTcbPrivilege\n\t\t\tSeSecurityPrivilege\n\t\t\tSeTakeOwnershipPrivilege\n\t\t\tSeLoadDriverPrivilege\n\t\t\tSeBackupPrivilege\n\t\t\tSeRestorePrivilege\n\t\t\tSeDebugPrivilege\n\t\t\tSeAuditPrivilege\n\t\t\tSeSystemEnvironmentPrivilege\n\t\t\tSeImpersonatePrivilege\n\t\t\tSeDelegateSessionUserImpersonatePrivilege"
    },
    {
      "EventCode": "4624",
      "EventKind": "event",
      "EventProvider": "Microsoft-Windows-Security-Auditing",
      "EventId": 4624,
      "EventSeverity": "Info",
      "Type": "authentication",
      "HostName": "lt-gm-2g9khg3",
      "Platform": "windows",
      "Raw": "An account was successfully logged on.\n\nSubject:\n\tSecurity ID:\t\tS-1-5-18\n\tAccount Name:\t\tLT-GM-2G9KHG3$\n\tAccount Domain:\t\tHALFMOONCLUB\n\tLogon ID:\t\t0x3E7\n\nLogon Information:\n\tLogon Type:\t\t5\n\tRestricted Admin Mode:\t-\n\tVirtual Account:\t\tNo\n\tElevated Token:\t\tYes\n\nImpersonation Level:\t\tImpersonation\n\nNew Logon:\n\tSecurity ID:\t\tS-1-5-18\n\tAccount Name:\t\tSYSTEM\n\tAccount Domain:\t\tNT AUTHORITY\n\tLogon ID:\t\t0x3E7\n\tLinked Logon ID:\t\t0x0\n\tNetwork Account Name:\t-\n\tNetwork Account Domain:\t-\n\tLogon GUID:\t\t{00000000-0000-0000-0000-000000000000}\n\nProcess Information:\n\tProcess ID:\t\t0x39c\n\tProcess Name:\t\tC:\\Windows\\System32\\services.exe\n\nNetwork Information:\n\tWorkstation Name:\t-\n\tSource Network Address:\t-\n\tSource Port:\t\t-\n\nDetailed Authentication Information:\n\tLogon Process:\t\tAdvapi  \n\tAuthentication Package:\tNegotiate\n\tTransited Services:\t-\n\tPackage Name (NTLM only):\t-\n\tKey Length:\t\t0\n\nThis event is generated when a logon session is created. It is generated on the computer that was accessed.\n\nThe subject fields indicate the account on the local system which requested the logon. This is most commonly a service such as the Server service, or a local process such as Winlogon.exe or Services.exe.\n\nThe logon type field indicates the kind of logon that occurred. The most common types are 2 (interactive) and 3 (network).\n\nThe New Logon fields indicate the account for whom the new logon was created, i.e. the account that was logged on.\n\nThe network fields indicate where a remote logon request originated. Workstation name is not always available and may be left blank in some cases.\n\nThe impersonation level field indicates the extent to which a process in the logon session can impersonate.\n\nThe authentication information fields provide detailed information about this specific logon request.\n\t- Logon GUID is a unique identifier that can be used to correlate this event with a KDC event.\n\t- Transited services indicate which intermediate services have participated in this logon request.\n\t- Package name indicates which sub-protocol was used among the NTLM protocols.\n\t- Key length indicates the length of the generated session key. This will be 0 if no session key was requested."
    },
    {
      "EventCode": "4627",
      "EventKind": "event",
      "EventProvider": "Microsoft-Windows-Security-Auditing",
      "EventId": 4627,
      "EventSeverity": "Info",
      "Type": "Group Membership",
      "HostName": "lt-gm-2g9khg3",
      "Platform": "windows",
      "Raw": "Group membership information.\n\nSubject:\n\tSecurity ID:\t\tS-1-5-18\n\tAccount Name:\t\tLT-GM-2G9KHG3$\n\tAccount Domain:\t\tHALFMOONCLUB\n\tLogon ID:\t\t0x3E7\n\nLogon Type:\t\t\t5\n\nNew Logon:\n\tSecurity ID:\t\tS-1-5-18\n\tAccount Name:\t\tSYSTEM\n\tAccount Domain:\t\tNT AUTHORITY\n\tLogon ID:\t\t0x3E7\n\nEvent in sequence:\t\t1 of 1\n\nGroup Membership:\t\t\t\n\t\t%{S-1-5-32-544}\n\t\t%{S-1-1-0}\n\t\t%{S-1-5-11}\n\t\t%{S-1-16-16384}\n\nThe subject fields indicate the account on the local system which requested the logon. This is most commonly a service such as the Server service, or a local process such as Winlogon.exe or Services.exe.\n\nThe logon type field indicates the kind of logon that occurred. The most common types are 2 (interactive) and 3 (network).\n\nThe New Logon fields indicate the account for whom the new logon was created, i.e. the account that was logged on.\n\nThis event is generated when the Audit Group Membership subcategory is configured.  The Logon ID field can be used to correlate this event with the corresponding user logon event as well as to any other security audit events generated during this logon session."
    },
    {
      "EventCode": "16394",
      "EventKind": "event",
      "EventProvider": "Microsoft-Windows-Security-SPP",
      "EventId": 16394,
      "EventSeverity": null,
      "Type": "application",
      "HostName": "lt-gm-2g9khg3",
      "Platform": "windows",
      "Raw": "Offline downlevel migration succeeded."
    },
    {
      "EventCode": "3",
      "EventKind": "event",
      "EventProvider": "Microsoft-Windows-Sysmon",
      "EventId": 3,
      "EventSeverity": "Info",
      "Type": "network",
      "HostName": "lt-gm-2g9khg3",
      "Platform": "windows",
      "Raw": "Network connection detected:\nRuleName: -\nUtcTime: 2024-04-16 15:04:46.127\nProcessGuid: {8095a848-7155-661e-5b00-00000000cc01}\nProcessId: 4248\nImage: C:\\Program Files (x86)\\Kaseya\\THRN1004098186172340\\Endpoint\\KaseyaEndpoint.exe\nUser: NT AUTHORITY\\SYSTEM\nProtocol: tcp\nInitiated: true\nSourceIsIpv6: false\nSourceIp: 10.1.2.81\nSourceHostname: LT-GM-2G9KHG3.halfmoonclub.com\nSourcePort: 50543\nSourcePortName: -\nDestinationIsIpv6: false\nDestinationIp: 198.168.31.58\nDestinationHostname: 198.168.31.58.thrivecloud.io\nDestinationPort: 5721\nDestinationPortName: -"
    },
    {
      "EventCode": "7",
      "EventKind": "event",
      "EventProvider": "Microsoft-Windows-Sysmon",
      "EventId": 7,
      "EventSeverity": "Info",
      "Type": "process",
      "HostName": "lt-gm-2g9khg3",
      "Platform": "windows",
      "Raw": "Image loaded:\nRuleName: -\nUtcTime: 2024-04-16 15:04:46.892\nProcessGuid: {8095a848-938e-661e-d108-00000000cc01}\nProcessId: 11000\nImage: C:\\ProgramData\\Kaseya\\Data\\task\\smpm_pmclient\\PmClient.exe\nImageLoaded: C:\\ProgramData\\Kaseya\\Data\\task\\smpm_pmclient\\PmClient.dll\nFileVersion: 1.0.32.0\nDescription: PmClient\nProduct: VSA Software Management\nCompany: Kaseya\nOriginalFileName: PmClient.dll\nHashes: MD5=98CB1826B8D862468F09852BD498E6AD,SHA256=FED1D23EE56672472E2C9BBB677A2B3071AB1B8E2B1CB9FD9F6366684E4932DE,IMPHASH=00000000000000000000000000000000\nSigned: true\nSignature: KASEYA HOLDINGS INC.\nSignatureStatus: Valid\nUser: NT AUTHORITY\\SYSTEM"
    },
    {
      "EventCode": "7",
      "EventKind": "event",
      "EventProvider": "Microsoft-Windows-Sysmon",
      "EventId": 7,
      "EventSeverity": "Info",
      "Type": "process",
      "HostName": "lt-gm-2g9khg3",
      "Platform": "windows",
      "Raw": "Image loaded:\nRuleName: -\nUtcTime: 2024-04-16 15:04:46.892\nProcessGuid: {8095a848-938e-661e-d108-00000000cc01}\nProcessId: 11000\nImage: C:\\ProgramData\\Kaseya\\Data\\task\\smpm_pmclient\\PmClient.exe\nImageLoaded: C:\\ProgramData\\Kaseya\\Data\\task\\smpm_pmclient\\PmClient.dll\nFileVersion: 1.0.32.0\nDescription: PmClient\nProduct: VSA Software Management\nCompany: Kaseya\nOriginalFileName: PmClient.dll\nHashes: MD5=98CB1826B8D862468F09852BD498E6AD,SHA256=FED1D23EE56672472E2C9BBB677A2B3071AB1B8E2B1CB9FD9F6366684E4932DE,IMPHASH=00000000000000000000000000000000\nSigned: true\nSignature: KASEYA HOLDINGS INC.\nSignatureStatus: Valid\nUser: NT AUTHORITY\\SYSTEM"
    },
    {
      "EventCode": "1",
      "EventKind": "event",
      "EventProvider": "Microsoft-Windows-Sysmon",
      "EventId": 1,
      "EventSeverity": "Info",
      "Type": "process",
      "HostName": "lt-gm-2g9khg3",
      "Platform": "windows",
      "Raw": "Process Create:\nRuleName: -\nUtcTime: 2024-04-16 15:04:46.514\nProcessGuid: {8095a848-938e-661e-d108-00000000cc01}\nProcessId: 11000\nImage: C:\\ProgramData\\Kaseya\\Data\\task\\smpm_pmclient\\PmClient.exe\nFileVersion: 1.0.32.0\nDescription: PmClient\nProduct: VSA Software Management\nCompany: Kaseya\nOriginalFileName: PmClient.dll\nCommandLine: \"C:\\ProgramData\\Kaseya\\Data\\task\\smpm_pmclient\\PmClient.exe\" ScanForApplicable --CorrelationId 6d6cdeed-7030-4fc5-a776-cde94e72348a_D1060519-17C1-888D-DF0C-FD9E290EB705 --Verbose --LogDir C:\\ProgramData\\Kaseya\\Log\\Endpoint\\Instance_THRN1004098186172340\\Tasks\\SM.pmclient_PmClient_StartScan_245739640580804-YTZ3JIQGOB --ExecutionTimeout 00:30:00 --ResultDir C:\\ProgramData\\Kaseya\\Data\\task\\smpm_pmclient\\results\\6d6cdeed-7030-4fc5-a776-cde94e72348a_D1060519-17C1-888D-DF0C-FD9E290EB705 --IgnorePendingReboot\nCurrentDirectory: C:\\WINDOWS\\system32\\\nUser: NT AUTHORITY\\SYSTEM\nLogonGuid: {8095a848-7153-661e-e703-000000000000}\nLogonId: 0x3E7\nTerminalSessionId: 0\nIntegrityLevel: System\nHashes: MD5=33580F431EBDE33F75DA7E9CFC934856,SHA256=ECCE0D412E5724D40BF4404AE90857A4DB6B8F6C971A6E920815F271B2D8E6D7,IMPHASH=8541289AD805913417662883D15A837D\nParentProcessGuid: {8095a848-938d-661e-cf08-00000000cc01}\nParentProcessId: 10728\nParentImage: C:\\Program Files (x86)\\Kaseya\\THRN1004098186172340\\Endpoint\\KaseyaTaskRunnerx64.exe\nParentCommandLine: \"C:\\Program Files (x86)\\Kaseya\\THRN1004098186172340\\Endpoint\\KaseyaTaskRunnerx64.exe\" C:/WINDOWS/TEMP/Kaseya/KaseyaEndpoint/MXJAD6GY7AXMNBRE -scriptParamFilePath C:/WINDOWS/TEMP/Kaseya/KaseyaEndpoint/EE6SJWXBKX5GDBQD.scriptparams AgentTask 50541 0 0 SM.pmclient_PmClient_StartScan_245739640580804-YTZ3JIQGOB 8fff5b30-23e5-4d8b-8f26-7aad12315b61 1 THRN1004098186172340\nParentUser: NT AUTHORITY\\SYSTEM"
    },
    {
      "EventCode": "7",
      "EventKind": "event",
      "EventProvider": "Microsoft-Windows-Sysmon",
      "EventId": 7,
      "EventSeverity": "Info",
      "Type": "process",
      "HostName": "lt-gm-2g9khg3",
      "Platform": "windows",
      "Raw": "Image loaded:\nRuleName: -\nUtcTime: 2024-04-16 15:04:46.517\nProcessGuid: {8095a848-938e-661e-d108-00000000cc01}\nProcessId: 11000\nImage: C:\\ProgramData\\Kaseya\\Data\\task\\smpm_pmclient\\PmClient.exe\nImageLoaded: C:\\ProgramData\\Kaseya\\Data\\task\\smpm_pmclient\\PmClient.exe\nFileVersion: 1.0.32.0\nDescription: PmClient\nProduct: VSA Software Management\nCompany: Kaseya\nOriginalFileName: PmClient.dll\nHashes: MD5=33580F431EBDE33F75DA7E9CFC934856,SHA256=ECCE0D412E5724D40BF4404AE90857A4DB6B8F6C971A6E920815F271B2D8E6D7,IMPHASH=8541289AD805913417662883D15A837D\nSigned: true\nSignature: KASEYA HOLDINGS INC.\nSignatureStatus: Valid\nUser: NT AUTHORITY\\SYSTEM"
    },
    {
      "EventCode": "1",
      "EventKind": "event",
      "EventProvider": "Microsoft-Windows-Sysmon",
      "EventId": 1,
      "EventSeverity": "Info",
      "Type": "process",
      "HostName": "lt-gm-2g9khg3",
      "Platform": "windows",
      "Raw": "Process Create:\nRuleName: -\nUtcTime: 2024-04-16 15:04:45.701\nProcessGuid: {8095a848-938d-661e-cf08-00000000cc01}\nProcessId: 10728\nImage: C:\\Program Files (x86)\\Kaseya\\THRN1004098186172340\\Endpoint\\KaseyaTaskRunnerx64.exe\nFileVersion: 9.5.8810.7824\nDescription: KaseyaTaskRunnerx64.exe\nProduct: Kaseya\nCompany: Kaseya International Limited\nOriginalFileName: KaseyaTaskRunnerx64.exe\nCommandLine: \"C:\\Program Files (x86)\\Kaseya\\THRN1004098186172340\\Endpoint\\KaseyaTaskRunnerx64.exe\" C:/WINDOWS/TEMP/Kaseya/KaseyaEndpoint/MXJAD6GY7AXMNBRE -scriptParamFilePath C:/WINDOWS/TEMP/Kaseya/KaseyaEndpoint/EE6SJWXBKX5GDBQD.scriptparams AgentTask 50541 0 0 SM.pmclient_PmClient_StartScan_245739640580804-YTZ3JIQGOB 8fff5b30-23e5-4d8b-8f26-7aad12315b61 1 THRN1004098186172340\nCurrentDirectory: C:\\WINDOWS\\system32\\\nUser: NT AUTHORITY\\SYSTEM\nLogonGuid: {8095a848-7153-661e-e703-000000000000}\nLogonId: 0x3E7\nTerminalSessionId: 0\nIntegrityLevel: System\nHashes: MD5=0E154143C43B09920A36E9ABDFA02997,SHA256=D7678FFB3CB25ECAC04B3334FAB82E0A9B7687C3B28FA03609A87065A10048C6,IMPHASH=9E1CFF41ADF63C9898CDFB7EE74B19C3\nParentProcessGuid: {8095a848-7155-661e-5b00-00000000cc01}\nParentProcessId: 4248\nParentImage: C:\\Program Files (x86)\\Kaseya\\THRN1004098186172340\\Endpoint\\KaseyaEndpoint.exe\nParentCommandLine: \"C:\\Program Files (x86)\\Kaseya\\THRN1004098186172340\\Endpoint\\KaseyaEndpoint.exe\"\nParentUser: NT AUTHORITY\\SYSTEM"
    },
    {
      "EventCode": "4624",
      "EventKind": "event",
      "EventProvider": "Microsoft-Windows-Security-Auditing",
      "EventId": 4624,
      "EventSeverity": "Info",
      "Type": "authentication",
      "HostName": "desktop-5msf03l",
      "Platform": "windows",
      "Raw": "An account was successfully logged on.\n\nSubject:\n\tSecurity ID:\t\tS-1-5-18\n\tAccount Name:\t\tDESKTOP-5MSF03L$\n\tAccount Domain:\t\tSHDC\n\tLogon ID:\t\t0x3E7\n\nLogon Information:\n\tLogon Type:\t\t5\n\tRestricted Admin Mode:\t-\n\tVirtual Account:\t\tNo\n\tElevated Token:\t\tYes\n\nImpersonation Level:\t\tImpersonation\n\nNew Logon:\n\tSecurity ID:\t\tS-1-5-18\n\tAccount Name:\t\tSYSTEM\n\tAccount Domain:\t\tNT AUTHORITY\n\tLogon ID:\t\t0x3E7\n\tLinked Logon ID:\t\t0x0\n\tNetwork Account Name:\t-\n\tNetwork Account Domain:\t-\n\tLogon GUID:\t\t{00000000-0000-0000-0000-000000000000}\n\nProcess Information:\n\tProcess ID:\t\t0x4ec\n\tProcess Name:\t\tC:\\Windows\\System32\\services.exe\n\nNetwork Information:\n\tWorkstation Name:\t-\n\tSource Network Address:\t-\n\tSource Port:\t\t-\n\nDetailed Authentication Information:\n\tLogon Process:\t\tAdvapi  \n\tAuthentication Package:\tNegotiate\n\tTransited Services:\t-\n\tPackage Name (NTLM only):\t-\n\tKey Length:\t\t0\n\nThis event is generated when a logon session is created. It is generated on the computer that was accessed.\n\nThe subject fields indicate the account on the local system which requested the logon. This is most commonly a service such as the Server service, or a local process such as Winlogon.exe or Services.exe.\n\nThe logon type field indicates the kind of logon that occurred. The most common types are 2 (interactive) and 3 (network).\n\nThe New Logon fields indicate the account for whom the new logon was created, i.e. the account that was logged on.\n\nThe network fields indicate where a remote logon request originated. Workstation name is not always available and may be left blank in some cases.\n\nThe impersonation level field indicates the extent to which a process in the logon session can impersonate.\n\nThe authentication information fields provide detailed information about this specific logon request.\n\t- Logon GUID is a unique identifier that can be used to correlate this event with a KDC event.\n\t- Transited services indicate which intermediate services have participated in this logon request.\n\t- Package name indicates which sub-protocol was used among the NTLM protocols.\n\t- Key length indicates the length of the generated session key. This will be 0 if no session key was requested."
    },
    {
      "EventCode": "4688",
      "EventKind": "event",
      "EventProvider": "Microsoft-Windows-Security-Auditing",
      "EventId": 4688,
      "EventSeverity": "Info",
      "Type": "process",
      "HostName": "lt-gm-2g9khg3",
      "Platform": "windows",
      "Raw": "A new process has been created.\n\nCreator Subject:\n\tSecurity ID:\t\tS-1-5-18\n\tAccount Name:\t\tLT-GM-2G9KHG3$\n\tAccount Domain:\t\tHALFMOONCLUB\n\tLogon ID:\t\t0x3E7\n\nTarget Subject:\n\tSecurity ID:\t\tS-1-0-0\n\tAccount Name:\t\t-\n\tAccount Domain:\t\t-\n\tLogon ID:\t\t0x0\n\nProcess Information:\n\tNew Process ID:\t\t0x2af8\n\tNew Process Name:\tC:\\ProgramData\\Kaseya\\Data\\task\\smpm_pmclient\\PmClient.exe\n\tToken Elevation Type:\t%%1936\n\tMandatory Label:\t\tS-1-16-16384\n\tCreator Process ID:\t0x29e8\n\tCreator Process Name:\tC:\\Program Files (x86)\\Kaseya\\THRN1004098186172340\\Endpoint\\KaseyaTaskRunnerx64.exe\n\tProcess Command Line:\t\n\nToken Elevation Type indicates the type of token that was assigned to the new process in accordance with User Account Control policy.\n\nType 1 is a full token with no privileges removed or groups disabled.  A full token is only used if User Account Control is disabled or if the user is the built-in Administrator account or a service account.\n\nType 2 is an elevated token with no privileges removed or groups disabled.  An elevated token is used when User Account Control is enabled and the user chooses to start the program using Run as administrator.  An elevated token is also used when an application is configured to always require administrative privilege or to always require maximum privilege, and the user is a member of the Administrators group.\n\nType 3 is a limited token with administrative privileges removed and administrative groups disabled.  The limited token is used when User Account Control is enabled, the application does not require administrative privilege, and the user does not choose to start the program using Run as administrator."
    },
    {
      "EventCode": "4688",
      "EventKind": "event",
      "EventProvider": "Microsoft-Windows-Security-Auditing",
      "EventId": 4688,
      "EventSeverity": "Info",
      "Type": "process",
      "HostName": "lt-gm-2g9khg3",
      "Platform": "windows",
      "Raw": "A new process has been created.\n\nCreator Subject:\n\tSecurity ID:\t\tS-1-5-18\n\tAccount Name:\t\tLT-GM-2G9KHG3$\n\tAccount Domain:\t\tHALFMOONCLUB\n\tLogon ID:\t\t0x3E7\n\nTarget Subject:\n\tSecurity ID:\t\tS-1-0-0\n\tAccount Name:\t\t-\n\tAccount Domain:\t\t-\n\tLogon ID:\t\t0x0\n\nProcess Information:\n\tNew Process ID:\t\t0x29e8\n\tNew Process Name:\tC:\\Program Files (x86)\\Kaseya\\THRN1004098186172340\\Endpoint\\KaseyaTaskRunnerx64.exe\n\tToken Elevation Type:\t%%1936\n\tMandatory Label:\t\tS-1-16-16384\n\tCreator Process ID:\t0x1098\n\tCreator Process Name:\tC:\\Program Files (x86)\\Kaseya\\THRN1004098186172340\\Endpoint\\KaseyaEndpoint.exe\n\tProcess Command Line:\t\n\nToken Elevation Type indicates the type of token that was assigned to the new process in accordance with User Account Control policy.\n\nType 1 is a full token with no privileges removed or groups disabled.  A full token is only used if User Account Control is disabled or if the user is the built-in Administrator account or a service account.\n\nType 2 is an elevated token with no privileges removed or groups disabled.  An elevated token is used when User Account Control is enabled and the user chooses to start the program using Run as administrator.  An elevated token is also used when an application is configured to always require administrative privilege or to always require maximum privilege, and the user is a member of the Administrators group.\n\nType 3 is a limited token with administrative privileges removed and administrative groups disabled.  The limited token is used when User Account Control is enabled, the application does not require administrative privilege, and the user does not choose to start the program using Run as administrator."
    },
    {
      "EventCode": "3",
      "EventKind": "event",
      "EventProvider": "Microsoft-Windows-Sysmon",
      "EventId": 3,
      "EventSeverity": "Info",
      "Type": "network",
      "HostName": "lt-gm-2g9khg3",
      "Platform": "windows",
      "Raw": "Network connection detected:\nRuleName: -\nUtcTime: 2024-04-16 15:04:42.810\nProcessGuid: {8095a848-7155-661e-5b00-00000000cc01}\nProcessId: 4248\nImage: C:\\Program Files (x86)\\Kaseya\\THRN1004098186172340\\Endpoint\\KaseyaEndpoint.exe\nUser: NT AUTHORITY\\SYSTEM\nProtocol: tcp\nInitiated: true\nSourceIsIpv6: false\nSourceIp: 10.1.2.81\nSourceHostname: LT-GM-2G9KHG3.halfmoonclub.com\nSourcePort: 50540\nSourcePortName: -\nDestinationIsIpv6: false\nDestinationIp: 198.168.31.58\nDestinationHostname: 198.168.31.58.thrivecloud.io\nDestinationPort: 5721\nDestinationPortName: -"
    },
    {
      "EventCode": "3",
      "EventKind": "event",
      "EventProvider": "Microsoft-Windows-Sysmon",
      "EventId": 3,
      "EventSeverity": "Info",
      "Type": "network",
      "HostName": "lt-gm-2g9khg3",
      "Platform": "windows",
      "Raw": "Network connection detected:\nRuleName: -\nUtcTime: 2024-04-16 15:04:42.134\nProcessGuid: {8095a848-7155-661e-5b00-00000000cc01}\nProcessId: 4248\nImage: C:\\Program Files (x86)\\Kaseya\\THRN1004098186172340\\Endpoint\\KaseyaEndpoint.exe\nUser: NT AUTHORITY\\SYSTEM\nProtocol: tcp\nInitiated: true\nSourceIsIpv6: false\nSourceIp: 10.1.2.81\nSourceHostname: LT-GM-2G9KHG3.halfmoonclub.com\nSourcePort: 50539\nSourcePortName: -\nDestinationIsIpv6: false\nDestinationIp: 198.168.31.58\nDestinationHostname: 198.168.31.58.thrivecloud.io\nDestinationPort: 5721\nDestinationPortName: -"
    },
    {
      "EventCode": "53504",
      "EventKind": "event",
      "EventProvider": "Microsoft-Windows-PowerShell",
      "EventId": 0,
      "EventSeverity": "Open (async)",
      "Type": "powershell",
      "HostName": "hm-ips-db",
      "Platform": "windows",
      "Raw": null
    },
    {
      "EventCode": "4688",
      "EventKind": "event",
      "EventProvider": "Microsoft-Windows-Security-Auditing",
      "EventId": 4688,
      "EventSeverity": "Info",
      "Type": "process",
      "HostName": "hm-ips-db",
      "Platform": "windows",
      "Raw": "A new process has been created.\n\nCreator Subject:\n\tSecurity ID:\t\tS-1-5-18\n\tAccount Name:\t\tHM-IPS-DB$\n\tAccount Domain:\t\tHALFMOONCLUB\n\tLogon ID:\t\t0x3E7\n\nTarget Subject:\n\tSecurity ID:\t\tS-1-0-0\n\tAccount Name:\t\t-\n\tAccount Domain:\t\t-\n\tLogon ID:\t\t0x0\n\nProcess Information:\n\tNew Process ID:\t\t0x1dc4\n\tNew Process Name:\tC:\\Windows\\System32\\WindowsPowerShell\\v1.0\\powershell.exe\n\tToken Elevation Type:\t%%1936\n\tMandatory Label:\t\tS-1-16-16384\n\tCreator Process ID:\t0x27bc\n\tCreator Process Name:\tC:\\Windows\\System32\\cmd.exe\n\tProcess Command Line:\t\n\nToken Elevation Type indicates the type of token that was assigned to the new process in accordance with User Account Control policy.\n\nType 1 is a full token with no privileges removed or groups disabled.  A full token is only used if User Account Control is disabled or if the user is the built-in Administrator account or a service account.\n\nType 2 is an elevated token with no privileges removed or groups disabled.  An elevated token is used when User Account Control is enabled and the user chooses to start the program using Run as administrator.  An elevated token is also used when an application is configured to always require administrative privilege or to always require maximum privilege, and the user is a member of the Administrators group.\n\nType 3 is a limited token with administrative privileges removed and administrative groups disabled.  The limited token is used when User Account Control is enabled, the application does not require administrative privilege, and the user does not choose to start the program using Run as administrator."
    },
    {
      "EventCode": "5857",
      "EventKind": "event",
      "EventProvider": "Microsoft-Windows-WMI-Activity",
      "EventId": 5857,
      "EventSeverity": "Info",
      "Type": "wmi-activity",
      "HostName": "dt-fz666s3",
      "Platform": "windows",
      "Raw": "WmiPerfInst provider started with result code 0x0. HostProcess = wmiprvse.exe; ProcessID = 6308; ProviderPath = C:\\Windows\\System32\\wbem\\WmiPerfInst.dll"
    },
    {
      "EventCode": "5857",
      "EventKind": "event",
      "EventProvider": "Microsoft-Windows-WMI-Activity",
      "EventId": 5857,
      "EventSeverity": "Info",
      "Type": "wmi-activity",
      "HostName": "dt-fz666s3",
      "Platform": "windows",
      "Raw": "Provider_PlatformBios provider started with result code 0x0. HostProcess = wmiprvse.exe; ProcessID = 7908; ProviderPath = %systemroot%\\system32\\wbem\\wmiprov.dll"
    },
    {
      "EventCode": "4688",
      "EventKind": "event",
      "EventProvider": "Microsoft-Windows-Security-Auditing",
      "EventId": 4688,
      "EventSeverity": "Info",
      "Type": "process",
      "HostName": "hm-ips-db",
      "Platform": "windows",
      "Raw": "A new process has been created.\n\nCreator Subject:\n\tSecurity ID:\t\tS-1-5-18\n\tAccount Name:\t\tHM-IPS-DB$\n\tAccount Domain:\t\tHALFMOONCLUB\n\tLogon ID:\t\t0x3E7\n\nTarget Subject:\n\tSecurity ID:\t\tS-1-0-0\n\tAccount Name:\t\t-\n\tAccount Domain:\t\t-\n\tLogon ID:\t\t0x0\n\nProcess Information:\n\tNew Process ID:\t\t0x14cc\n\tNew Process Name:\tC:\\Windows\\System32\\sc.exe\n\tToken Elevation Type:\t%%1936\n\tMandatory Label:\t\tS-1-16-16384\n\tCreator Process ID:\t0x1028\n\tCreator Process Name:\tC:\\Windows\\System32\\cmd.exe\n\tProcess Command Line:\t\n\nToken Elevation Type indicates the type of token that was assigned to the new process in accordance with User Account Control policy.\n\nType 1 is a full token with no privileges removed or groups disabled.  A full token is only used if User Account Control is disabled or if the user is the built-in Administrator account or a service account.\n\nType 2 is an elevated token with no privileges removed or groups disabled.  An elevated token is used when User Account Control is enabled and the user chooses to start the program using Run as administrator.  An elevated token is also used when an application is configured to always require administrative privilege or to always require maximum privilege, and the user is a member of the Administrators group.\n\nType 3 is a limited token with administrative privileges removed and administrative groups disabled.  The limited token is used when User Account Control is enabled, the application does not require administrative privilege, and the user does not choose to start the program using Run as administrator."
    },
    {
      "EventCode": "4672",
      "EventKind": "event",
      "EventProvider": "Microsoft-Windows-Security-Auditing",
      "EventId": 4672,
      "EventSeverity": "Info",
      "Type": "iam",
      "HostName": "dt-fz666s3",
      "Platform": "windows",
      "Raw": "Special privileges assigned to new logon.\n\nSubject:\n\tSecurity ID:\t\tS-1-5-18\n\tAccount Name:\t\tSYSTEM\n\tAccount Domain:\t\tNT AUTHORITY\n\tLogon ID:\t\t0x3E7\n\nPrivileges:\t\tSeAssignPrimaryTokenPrivilege\n\t\t\tSeTcbPrivilege\n\t\t\tSeSecurityPrivilege\n\t\t\tSeTakeOwnershipPrivilege\n\t\t\tSeLoadDriverPrivilege\n\t\t\tSeBackupPrivilege\n\t\t\tSeRestorePrivilege\n\t\t\tSeDebugPrivilege\n\t\t\tSeAuditPrivilege\n\t\t\tSeSystemEnvironmentPrivilege\n\t\t\tSeImpersonatePrivilege\n\t\t\tSeDelegateSessionUserImpersonatePrivilege"
    },
    {
      "EventCode": "4688",
      "EventKind": "event",
      "EventProvider": "Microsoft-Windows-Security-Auditing",
      "EventId": 4688,
      "EventSeverity": "Info",
      "Type": "process",
      "HostName": "dt-fz666s3",
      "Platform": "windows",
      "Raw": "A new process has been created.\n\nCreator Subject:\n\tSecurity ID:\t\tS-1-5-18\n\tAccount Name:\t\tDT-FZ666S3$\n\tAccount Domain:\t\tHALFMOONCLUB\n\tLogon ID:\t\t0x3E7\n\nTarget Subject:\n\tSecurity ID:\t\tS-1-0-0\n\tAccount Name:\t\t-\n\tAccount Domain:\t\t-\n\tLogon ID:\t\t0x0\n\nProcess Information:\n\tNew Process ID:\t\t0x2700\n\tNew Process Name:\tC:\\Windows\\System32\\wbem\\WmiApSrv.exe\n\tToken Elevation Type:\t%%1936\n\tMandatory Label:\t\tS-1-16-16384\n\tCreator Process ID:\t0x438\n\tCreator Process Name:\tC:\\Windows\\System32\\services.exe\n\tProcess Command Line:\t\n\nToken Elevation Type indicates the type of token that was assigned to the new process in accordance with User Account Control policy.\n\nType 1 is a full token with no privileges removed or groups disabled.  A full token is only used if User Account Control is disabled or if the user is the built-in Administrator account or a service account.\n\nType 2 is an elevated token with no privileges removed or groups disabled.  An elevated token is used when User Account Control is enabled and the user chooses to start the program using Run as administrator.  An elevated token is also used when an application is configured to always require administrative privilege or to always require maximum privilege, and the user is a member of the Administrators group.\n\nType 3 is a limited token with administrative privileges removed and administrative groups disabled.  The limited token is used when User Account Control is enabled, the application does not require administrative privilege, and the user does not choose to start the program using Run as administrator."
    },
    {
      "EventCode": "5857",
      "EventKind": "event",
      "EventProvider": "Microsoft-Windows-WMI-Activity",
      "EventId": 5857,
      "EventSeverity": "Info",
      "Type": "wmi-activity",
      "HostName": "dt-fz666s3",
      "Platform": "windows",
      "Raw": "WMIProv provider started with result code 0x0. HostProcess = wmiprvse.exe; ProcessID = 6032; ProviderPath = %systemroot%\\system32\\wbem\\wmiprov.dll"
    },
    {
      "EventCode": "4627",
      "EventKind": "event",
      "EventProvider": "Microsoft-Windows-Security-Auditing",
      "EventId": 4627,
      "EventSeverity": "Info",
      "Type": "Group Membership",
      "HostName": "dt-fz666s3",
      "Platform": "windows",
      "Raw": "Group membership information.\n\nSubject:\n\tSecurity ID:\t\tS-1-5-18\n\tAccount Name:\t\tDT-FZ666S3$\n\tAccount Domain:\t\tHALFMOONCLUB\n\tLogon ID:\t\t0x3E7\n\nLogon Type:\t\t\t5\n\nNew Logon:\n\tSecurity ID:\t\tS-1-5-18\n\tAccount Name:\t\tSYSTEM\n\tAccount Domain:\t\tNT AUTHORITY\n\tLogon ID:\t\t0x3E7\n\nEvent in sequence:\t\t1 of 1\n\nGroup Membership:\t\t\t\n\t\t%{S-1-5-32-544}\n\t\t%{S-1-1-0}\n\t\t%{S-1-5-11}\n\t\t%{S-1-16-16384}\n\nThe subject fields indicate the account on the local system which requested the logon. This is most commonly a service such as the Server service, or a local process such as Winlogon.exe or Services.exe.\n\nThe logon type field indicates the kind of logon that occurred. The most common types are 2 (interactive) and 3 (network).\n\nThe New Logon fields indicate the account for whom the new logon was created, i.e. the account that was logged on.\n\nThis event is generated when the Audit Group Membership subcategory is configured.  The Logon ID field can be used to correlate this event with the corresponding user logon event as well as to any other security audit events generated during this logon session."
    },
    {
      "EventCode": "4688",
      "EventKind": "event",
      "EventProvider": "Microsoft-Windows-Security-Auditing",
      "EventId": 4688,
      "EventSeverity": "Info",
      "Type": "process",
      "HostName": "dt-fz666s3",
      "Platform": "windows",
      "Raw": "A new process has been created.\n\nCreator Subject:\n\tSecurity ID:\t\tS-1-5-18\n\tAccount Name:\t\tDT-FZ666S3$\n\tAccount Domain:\t\tHALFMOONCLUB\n\tLogon ID:\t\t0x3E7\n\nTarget Subject:\n\tSecurity ID:\t\tS-1-0-0\n\tAccount Name:\t\tDT-FZ666S3$\n\tAccount Domain:\t\tHALFMOONCLUB\n\tLogon ID:\t\t0x3E4\n\nProcess Information:\n\tNew Process ID:\t\t0x1ee4\n\tNew Process Name:\tC:\\Windows\\System32\\wbem\\WmiPrvSE.exe\n\tToken Elevation Type:\t%%1936\n\tMandatory Label:\t\tS-1-16-16384\n\tCreator Process ID:\t0x4c0\n\tCreator Process Name:\tC:\\Windows\\System32\\svchost.exe\n\tProcess Command Line:\t\n\nToken Elevation Type indicates the type of token that was assigned to the new process in accordance with User Account Control policy.\n\nType 1 is a full token with no privileges removed or groups disabled.  A full token is only used if User Account Control is disabled or if the user is the built-in Administrator account or a service account.\n\nType 2 is an elevated token with no privileges removed or groups disabled.  An elevated token is used when User Account Control is enabled and the user chooses to start the program using Run as administrator.  An elevated token is also used when an application is configured to always require administrative privilege or to always require maximum privilege, and the user is a member of the Administrators group.\n\nType 3 is a limited token with administrative privileges removed and administrative groups disabled.  The limited token is used when User Account Control is enabled, the application does not require administrative privilege, and the user does not choose to start the program using Run as administrator."
    },
    {
      "EventCode": "4624",
      "EventKind": "event",
      "EventProvider": "Microsoft-Windows-Security-Auditing",
      "EventId": 4624,
      "EventSeverity": "Info",
      "Type": "authentication",
      "HostName": "dt-fz666s3",
      "Platform": "windows",
