      "Raw": "A new process has been created.\n\nCreator Subject:\n\tSecurity ID:\t\tS-1-5-18\n\tAccount Name:\t\tDT-DZ666S3$\n\tAccount Domain:\t\tHALFMOONCLUB\n\tLogon ID:\t\t0x3E7\n\nTarget Subject:\n\tSecurity ID:\t\tS-1-5-21-1202660629-1563985344-839522115-1676\n\tAccount Name:\t\tASEWELL\n\tAccount Domain:\t\tHALFMOONCLUB\n\tLogon ID:\t\t0x419EF52\n\nProcess Information:\n\tNew Process ID:\t\t0x5694\n\tNew Process Name:\tC:\\Program Files\\Dell\\SupportAssistAgent\\bin\\FrameworkAgents\\SupportAssistInstaller.exe\n\tToken Elevation Type:\t%%1936\n\tMandatory Label:\t\tS-1-16-8192\n\tCreator Process ID:\t0x5fc\n\tCreator Process Name:\tC:\\Program Files\\Dell\\SupportAssistAgent\\bin\\SupportAssistAgent.exe\n\tProcess Command Line:\t\n\nToken Elevation Type indicates the type of token that was assigned to the new process in accordance with User Account Control policy.\n\nType 1 is a full token with no privileges removed or groups disabled.  A full token is only used if User Account Control is disabled or if the user is the built-in Administrator account or a service account.\n\nType 2 is an elevated token with no privileges removed or groups disabled.  An elevated token is used when User Account Control is enabled and the user chooses to start the program using Run as administrator.  An elevated token is also used when an application is configured to always require administrative privilege or to always require maximum privilege, and the user is a member of the Administrators group.\n\nType 3 is a limited token with administrative privileges removed and administrative groups disabled.  The limited token is used when User Account Control is enabled, the application does not require administrative privilege, and the user does not choose to start the program using Run as administrator."
    },
    {
      "EventCode": "5857",
      "EventKind": "event",
      "EventProvider": "Microsoft-Windows-WMI-Activity",
      "EventId": 5857,
      "EventSeverity": "Info",
      "Type": "wmi-activity",
      "HostName": "dt-6ntfvd3",
      "Platform": "windows",
      "Raw": "WMIProv provider started with result code 0x0. HostProcess = wmiprvse.exe; ProcessID = 6532; ProviderPath = %systemroot%\\system32\\wbem\\wmiprov.dll"
    },
    {
      "EventCode": "5857",
      "EventKind": "event",
      "EventProvider": "Microsoft-Windows-WMI-Activity",
      "EventId": 5857,
      "EventSeverity": "Info",
      "Type": "wmi-activity",
      "HostName": "dt-6ntfvd3",
      "Platform": "windows",
      "Raw": "WmiPerfInst provider started with result code 0x0. HostProcess = wmiprvse.exe; ProcessID = 9704; ProviderPath = C:\\Windows\\System32\\wbem\\WmiPerfInst.dll"
    },
    {
      "EventCode": "1",
      "EventKind": "event",
      "EventProvider": "Microsoft-Windows-Sysmon",
      "EventId": 1,
      "EventSeverity": "Info",
      "Type": "process",
      "HostName": "dt-mxl4180p51",
      "Platform": "windows",
      "Raw": "Process Create:\nRuleName: -\nUtcTime: 2024-04-16 15:04:34.034\nProcessGuid: {b12883fc-9382-661e-e405-000000006900}\nProcessId: 8448\nImage: C:\\Windows\\System32\\sc.exe\nFileVersion: 10.0.19041.1 (WinBuild.160101.0800)\nDescription: Service Control Manager Configuration Tool\nProduct: Microsoft速 Windows速 Operating System\nCompany: Microsoft Corporation\nOriginalFileName: sc.exe\nCommandLine: sc  queryex type= service \nCurrentDirectory: C:\\WINDOWS\\system32\\\nUser: NT AUTHORITY\\SYSTEM\nLogonGuid: {b12883fc-9093-661e-e703-000000000000}\nLogonId: 0x3E7\nTerminalSessionId: 0\nIntegrityLevel: System\nHashes: MD5=3FB5CF71F7E7EB49790CB0E663434D80,SHA256=41F067C3A11B02FE39947F9EBA68AE5C7CB5BD1872A6009A4CD1506554A9ABA9,IMPHASH=803254E010814E69947095A2725B2AFD\nParentProcessGuid: {b12883fc-9381-661e-e205-000000006900}\nParentProcessId: 10760\nParentImage: C:\\Windows\\System32\\cmd.exe\nParentCommandLine: \"cmd.exe\" /C \"sc queryex type= service | find /i \"apache2\"\"\nParentUser: NT AUTHORITY\\SYSTEM"
    },
    {
      "EventCode": "1",
      "EventKind": "event",
      "EventProvider": "Microsoft-Windows-Sysmon",
      "EventId": 1,
      "EventSeverity": "Info",
      "Type": "process",
      "HostName": "dt-mxl4180p51",
      "Platform": "windows",
      "Raw": "Process Create:\nRuleName: -\nUtcTime: 2024-04-16 15:04:33.328\nProcessGuid: {b12883fc-9381-661e-e005-000000006900}\nProcessId: 10560\nImage: C:\\Windows\\System32\\sc.exe\nFileVersion: 10.0.19041.1 (WinBuild.160101.0800)\nDescription: Service Control Manager Configuration Tool\nProduct: Microsoft速 Windows速 Operating System\nCompany: Microsoft Corporation\nOriginalFileName: sc.exe\nCommandLine: sc  queryex type= service \nCurrentDirectory: C:\\WINDOWS\\system32\\\nUser: NT AUTHORITY\\SYSTEM\nLogonGuid: {b12883fc-9093-661e-e703-000000000000}\nLogonId: 0x3E7\nTerminalSessionId: 0\nIntegrityLevel: System\nHashes: MD5=3FB5CF71F7E7EB49790CB0E663434D80,SHA256=41F067C3A11B02FE39947F9EBA68AE5C7CB5BD1872A6009A4CD1506554A9ABA9,IMPHASH=803254E010814E69947095A2725B2AFD\nParentProcessGuid: {b12883fc-9381-661e-de05-000000006900}\nParentProcessId: 10524\nParentImage: C:\\Windows\\System32\\cmd.exe\nParentCommandLine: \"cmd.exe\" /C \"sc queryex type= service | find /i \"w3svc\"\"\nParentUser: NT AUTHORITY\\SYSTEM"
    },
    {
      "EventCode": "4688",
      "EventKind": "event",
      "EventProvider": "Microsoft-Windows-Security-Auditing",
      "EventId": 4688,
      "EventSeverity": "Info",
      "Type": "process",
      "HostName": "dt-mxl4180p51",
      "Platform": "windows",
      "Raw": "A new process has been created.\n\nCreator Subject:\n\tSecurity ID:\t\tS-1-5-18\n\tAccount Name:\t\tDT-MXL4180P51$\n\tAccount Domain:\t\tHALFMOONCLUB\n\tLogon ID:\t\t0x3E7\n\nTarget Subject:\n\tSecurity ID:\t\tS-1-0-0\n\tAccount Name:\t\t-\n\tAccount Domain:\t\t-\n\tLogon ID:\t\t0x0\n\nProcess Information:\n\tNew Process ID:\t\t0x2940\n\tNew Process Name:\tC:\\Windows\\System32\\sc.exe\n\tToken Elevation Type:\t%%1936\n\tMandatory Label:\t\tS-1-16-16384\n\tCreator Process ID:\t0x291c\n\tCreator Process Name:\tC:\\Windows\\System32\\cmd.exe\n\tProcess Command Line:\t\n\nToken Elevation Type indicates the type of token that was assigned to the new process in accordance with User Account Control policy.\n\nType 1 is a full token with no privileges removed or groups disabled.  A full token is only used if User Account Control is disabled or if the user is the built-in Administrator account or a service account.\n\nType 2 is an elevated token with no privileges removed or groups disabled.  An elevated token is used when User Account Control is enabled and the user chooses to start the program using Run as administrator.  An elevated token is also used when an application is configured to always require administrative privilege or to always require maximum privilege, and the user is a member of the Administrators group.\n\nType 3 is a limited token with administrative privileges removed and administrative groups disabled.  The limited token is used when User Account Control is enabled, the application does not require administrative privilege, and the user does not choose to start the program using Run as administrator."
    },
    {
      "EventCode": "19",
      "EventKind": "event",
      "EventProvider": "Intel-SST-OED",
      "EventId": 19,
      "EventSeverity": "Opcode for FW and Driver errors.",
      "Type": "system",
      "HostName": "lt-6jskfb3",
      "Platform": "windows",
      "Raw": "Check the remaining resource budget. Module exceeds resource budget, failed to AllocateFwCps, STATUS = Insufficient system resources exist to complete the API.."
    },
    {
      "EventCode": "1",
      "EventKind": "event",
      "EventProvider": "Microsoft-Windows-Sysmon",
      "EventId": 1,
      "EventSeverity": "Info",
      "Type": "process",
      "HostName": "dt-10766s3",
      "Platform": "windows",
      "Raw": "Process Create:\nRuleName: -\nUtcTime: 2024-04-16 15:04:32.571\nProcessGuid: {2753ddd3-9380-661e-025b-000000003700}\nProcessId: 2036\nImage: C:\\Windows\\System32\\tasklist.exe\nFileVersion: 10.0.19041.1 (WinBuild.160101.0800)\nDescription: Lists the current running tasks\nProduct: Microsoft速 Windows速 Operating System\nCompany: Microsoft Corporation\nOriginalFileName: tasklist.exe\nCommandLine: tasklist  \nCurrentDirectory: C:\\Windows\\system32\\\nUser: NT AUTHORITY\\SYSTEM\nLogonGuid: {2753ddd3-4857-661d-e703-000000000000}\nLogonId: 0x3E7\nTerminalSessionId: 0\nIntegrityLevel: System\nHashes: MD5=D0A49A170E13D7F6AEBBEFED9DF88AAA,SHA256=BE7241A74FE9A9D30E0631E41533A362B21C8F7AAE3E5B6AD319CC15C024EC3F,IMPHASH=4C8D21C644C980DB3FF94E27BAD14C18\nParentProcessGuid: {2753ddd3-9380-661e-005b-000000003700}\nParentProcessId: 22644\nParentImage: C:\\Windows\\System32\\cmd.exe\nParentCommandLine: \"cmd.exe\" /C \"  tasklist | find \"4460\" \" \nParentUser: NT AUTHORITY\\SYSTEM"
    },
    {
      "EventCode": "4688",
      "EventKind": "event",
      "EventProvider": "Microsoft-Windows-Security-Auditing",
      "EventId": 4688,
      "EventSeverity": "Info",
      "Type": "process",
      "HostName": "dt-mxl41708hd",
      "Platform": "windows",
      "Raw": "A new process has been created.\n\nCreator Subject:\n\tSecurity ID:\t\tS-1-5-21-1202660629-1563985344-839522115-2185\n\tAccount Name:\t\tmaintenance\n\tAccount Domain:\t\tHALFMOONCLUB\n\tLogon ID:\t\t0x1B4ECB\n\nTarget Subject:\n\tSecurity ID:\t\tS-1-0-0\n\tAccount Name:\t\t-\n\tAccount Domain:\t\t-\n\tLogon ID:\t\t0x0\n\nProcess Information:\n\tNew Process ID:\t\t0x1abc\n\tNew Process Name:\tC:\\Program Files (x86)\\Internet Explorer\\iexplore.exe\n\tToken Elevation Type:\t%%1936\n\tMandatory Label:\t\tS-1-16-8192\n\tCreator Process ID:\t0x32b8\n\tCreator Process Name:\tC:\\Program Files\\Internet Explorer\\iexplore.exe\n\tProcess Command Line:\t\n\nToken Elevation Type indicates the type of token that was assigned to the new process in accordance with User Account Control policy.\n\nType 1 is a full token with no privileges removed or groups disabled.  A full token is only used if User Account Control is disabled or if the user is the built-in Administrator account or a service account.\n\nType 2 is an elevated token with no privileges removed or groups disabled.  An elevated token is used when User Account Control is enabled and the user chooses to start the program using Run as administrator.  An elevated token is also used when an application is configured to always require administrative privilege or to always require maximum privilege, and the user is a member of the Administrators group.\n\nType 3 is a limited token with administrative privileges removed and administrative groups disabled.  The limited token is used when User Account Control is enabled, the application does not require administrative privilege, and the user does not choose to start the program using Run as administrator."
    },
    {
      "EventCode": "3",
      "EventKind": "event",
      "EventProvider": "Microsoft-Windows-Sysmon",
      "EventId": 3,
      "EventSeverity": "Info",
      "Type": "network",
      "HostName": "dt-mxl41708hd",
      "Platform": "windows",
      "Raw": "Network connection detected:\nRuleName: -\nUtcTime: 2024-04-16 15:04:38.425\nProcessGuid: {00000000-0000-0000-0000-000000000000}\nProcessId: 9904\nImage: <unknown process>\nUser: -\nProtocol: tcp\nInitiated: true\nSourceIsIpv6: false\nSourceIp: 172.16.9.70\nSourceHostname: DT-MXL41708HD.halfmoonclub.com\nSourcePort: 53380\nSourcePortName: -\nDestinationIsIpv6: false\nDestinationIp: 147.154.39.77\nDestinationHostname: -\nDestinationPort: 443\nDestinationPortName: https"
    },
    {
      "EventCode": "3",
      "EventKind": "event",
      "EventProvider": "Microsoft-Windows-Sysmon",
      "EventId": 3,
      "EventSeverity": "Info",
      "Type": "network",
      "HostName": "dt-mxl41708hd",
      "Platform": "windows",
      "Raw": "Network connection detected:\nRuleName: -\nUtcTime: 2024-04-16 15:04:38.425\nProcessGuid: {00000000-0000-0000-0000-000000000000}\nProcessId: 9904\nImage: <unknown process>\nUser: -\nProtocol: tcp\nInitiated: true\nSourceIsIpv6: false\nSourceIp: 172.16.9.70\nSourceHostname: DT-MXL41708HD.halfmoonclub.com\nSourcePort: 53379\nSourcePortName: -\nDestinationIsIpv6: false\nDestinationIp: 147.154.39.77\nDestinationHostname: -\nDestinationPort: 443\nDestinationPortName: https"
    },
    {
      "EventCode": "3",
      "EventKind": "event",
      "EventProvider": "Microsoft-Windows-Sysmon",
      "EventId": 3,
      "EventSeverity": "Info",
      "Type": "network",
      "HostName": "dt-mxl41708hd",
      "Platform": "windows",
      "Raw": "Network connection detected:\nRuleName: -\nUtcTime: 2024-04-16 15:04:39.166\nProcessGuid: {00000000-0000-0000-0000-000000000000}\nProcessId: 14040\nImage: <unknown process>\nUser: -\nProtocol: tcp\nInitiated: true\nSourceIsIpv6: false\nSourceIp: 172.16.9.70\nSourceHostname: DT-MXL41708HD.halfmoonclub.com\nSourcePort: 53382\nSourcePortName: -\nDestinationIsIpv6: false\nDestinationIp: 147.154.39.77\nDestinationHostname: -\nDestinationPort: 443\nDestinationPortName: https"
    },
    {
      "EventCode": "3",
      "EventKind": "event",
      "EventProvider": "Microsoft-Windows-Sysmon",
      "EventId": 3,
      "EventSeverity": "Info",
      "Type": "network",
      "HostName": "dt-mxl41708hd",
      "Platform": "windows",
      "Raw": "Network connection detected:\nRuleName: -\nUtcTime: 2024-04-16 15:04:39.169\nProcessGuid: {00000000-0000-0000-0000-000000000000}\nProcessId: 14040\nImage: <unknown process>\nUser: -\nProtocol: tcp\nInitiated: true\nSourceIsIpv6: false\nSourceIp: 172.16.9.70\nSourceHostname: DT-MXL41708HD.halfmoonclub.com\nSourcePort: 53381\nSourcePortName: -\nDestinationIsIpv6: false\nDestinationIp: 147.154.39.77\nDestinationHostname: -\nDestinationPort: 443\nDestinationPortName: https"
    },
    {
      "EventCode": "3",
      "EventKind": "event",
      "EventProvider": "Microsoft-Windows-Sysmon",
      "EventId": 3,
      "EventSeverity": "Info",
      "Type": "network",
      "HostName": "dt-mxl41708hd",
      "Platform": "windows",
      "Raw": "Network connection detected:\nRuleName: -\nUtcTime: 2024-04-16 15:04:37.455\nProcessGuid: {00000000-0000-0000-0000-000000000000}\nProcessId: 13488\nImage: <unknown process>\nUser: -\nProtocol: tcp\nInitiated: true\nSourceIsIpv6: false\nSourceIp: 172.16.9.70\nSourceHostname: DT-MXL41708HD.halfmoonclub.com\nSourcePort: 53378\nSourcePortName: -\nDestinationIsIpv6: false\nDestinationIp: 147.154.39.77\nDestinationHostname: -\nDestinationPort: 443\nDestinationPortName: https"
    },
    {
      "EventCode": "3",
      "EventKind": "event",
      "EventProvider": "Microsoft-Windows-Sysmon",
      "EventId": 3,
      "EventSeverity": "Info",
      "Type": "network",
      "HostName": "dt-mxl41708hd",
      "Platform": "windows",
      "Raw": "Network connection detected:\nRuleName: -\nUtcTime: 2024-04-16 15:04:37.456\nProcessGuid: {00000000-0000-0000-0000-000000000000}\nProcessId: 13488\nImage: <unknown process>\nUser: -\nProtocol: tcp\nInitiated: true\nSourceIsIpv6: false\nSourceIp: 172.16.9.70\nSourceHostname: DT-MXL41708HD.halfmoonclub.com\nSourcePort: 53377\nSourcePortName: -\nDestinationIsIpv6: false\nDestinationIp: 147.154.39.77\nDestinationHostname: -\nDestinationPort: 443\nDestinationPortName: https"
    },
    {
      "EventCode": "4688",
      "EventKind": "event",
      "EventProvider": "Microsoft-Windows-Security-Auditing",
      "EventId": 4688,
      "EventSeverity": "Info",
      "Type": "process",
      "HostName": "hm-ips-db",
      "Platform": "windows",
      "Raw": "A new process has been created.\n\nCreator Subject:\n\tSecurity ID:\t\tS-1-5-18\n\tAccount Name:\t\tHM-IPS-DB$\n\tAccount Domain:\t\tHALFMOONCLUB\n\tLogon ID:\t\t0x3E7\n\nTarget Subject:\n\tSecurity ID:\t\tS-1-0-0\n\tAccount Name:\t\t-\n\tAccount Domain:\t\t-\n\tLogon ID:\t\t0x0\n\nProcess Information:\n\tNew Process ID:\t\t0x21a8\n\tNew Process Name:\tC:\\Windows\\System32\\wbem\\WMIC.exe\n\tToken Elevation Type:\t%%1936\n\tMandatory Label:\t\tS-1-16-16384\n\tCreator Process ID:\t0x2710\n\tCreator Process Name:\tC:\\Windows\\System32\\cmd.exe\n\tProcess Command Line:\t\n\nToken Elevation Type indicates the type of token that was assigned to the new process in accordance with User Account Control policy.\n\nType 1 is a full token with no privileges removed or groups disabled.  A full token is only used if User Account Control is disabled or if the user is the built-in Administrator account or a service account.\n\nType 2 is an elevated token with no privileges removed or groups disabled.  An elevated token is used when User Account Control is enabled and the user chooses to start the program using Run as administrator.  An elevated token is also used when an application is configured to always require administrative privilege or to always require maximum privilege, and the user is a member of the Administrators group.\n\nType 3 is a limited token with administrative privileges removed and administrative groups disabled.  The limited token is used when User Account Control is enabled, the application does not require administrative privilege, and the user does not choose to start the program using Run as administrator."
    },
    {
      "EventCode": "4688",
      "EventKind": "event",
      "EventProvider": "Microsoft-Windows-Security-Auditing",
      "EventId": 4688,
      "EventSeverity": "Info",
      "Type": "process",
      "HostName": "hm-ips-db",
      "Platform": "windows",
      "Raw": "A new process has been created.\n\nCreator Subject:\n\tSecurity ID:\t\tS-1-5-18\n\tAccount Name:\t\tHM-IPS-DB$\n\tAccount Domain:\t\tHALFMOONCLUB\n\tLogon ID:\t\t0x3E7\n\nTarget Subject:\n\tSecurity ID:\t\tS-1-0-0\n\tAccount Name:\t\t-\n\tAccount Domain:\t\t-\n\tLogon ID:\t\t0x0\n\nProcess Information:\n\tNew Process ID:\t\t0x1390\n\tNew Process Name:\tC:\\Windows\\System32\\wbem\\WMIC.exe\n\tToken Elevation Type:\t%%1936\n\tMandatory Label:\t\tS-1-16-16384\n\tCreator Process ID:\t0xad4\n\tCreator Process Name:\tC:\\Windows\\System32\\cmd.exe\n\tProcess Command Line:\t\n\nToken Elevation Type indicates the type of token that was assigned to the new process in accordance with User Account Control policy.\n\nType 1 is a full token with no privileges removed or groups disabled.  A full token is only used if User Account Control is disabled or if the user is the built-in Administrator account or a service account.\n\nType 2 is an elevated token with no privileges removed or groups disabled.  An elevated token is used when User Account Control is enabled and the user chooses to start the program using Run as administrator.  An elevated token is also used when an application is configured to always require administrative privilege or to always require maximum privilege, and the user is a member of the Administrators group.\n\nType 3 is a limited token with administrative privileges removed and administrative groups disabled.  The limited token is used when User Account Control is enabled, the application does not require administrative privilege, and the user does not choose to start the program using Run as administrator."
    },
    {
      "EventCode": "3",
      "EventKind": "event",
      "EventProvider": "Microsoft-Windows-Sysmon",
      "EventId": 3,
      "EventSeverity": "Info",
      "Type": "network",
      "HostName": "dt-h3c4gt3",
      "Platform": "windows",
      "Raw": "Network connection detected:\nRuleName: -\nUtcTime: 2024-04-16 15:04:29.552\nProcessGuid: {3dbb3b77-85c6-661e-3106-000000003d00}\nProcessId: 980\nImage: C:\\Program Files (x86)\\Java\\jre-1.8\\bin\\jp2launcher.exe\nUser: HALFMOONCLUB\\nblack\nProtocol: tcp\nInitiated: true\nSourceIsIpv6: false\nSourceIp: 172.16.30.43\nSourceHostname: DT-H3C4GT3.halfmoonclub.com\nSourcePort: 52682\nSourcePortName: -\nDestinationIsIpv6: false\nDestinationIp: 147.154.39.77\nDestinationHostname: -\nDestinationPort: 443\nDestinationPortName: https"
    },
    {
      "EventCode": "24",
      "EventKind": "event",
      "EventProvider": "Microsoft-Windows-Sysmon",
      "EventId": 24,
      "EventSeverity": "Info",
      "Type": "clipboard",
      "HostName": "dt-45s3vh3",
      "Platform": "windows",
      "Raw": "Clipboard changed:\nRuleName: -\nUtcTime: 2024-04-16 15:04:31.966\nProcessGuid: {6c0bc284-8ba7-661e-8b0c-000000004d00}\nProcessId: 8908\nImage: C:\\Program Files\\Microsoft Office\\root\\Office16\\EXCEL.EXE\nSession: 1\nClientInfo: user: HALFMOONCLUB\\ambrown\nHashes: MD5=F5DBBE21B25EBFA5A2B1AEF678B4CB24,SHA256=2C2B4CF1A44E6822D6895F02E3899FED9B638C84E3D723AB1A351D9E8B29A745,IMPHASH=00000000000000000000000000000000\nArchived: true\nUser: HALFMOONCLUB\\ambrown"
    },
    {
      "EventCode": "4634",
      "EventKind": "event",
      "EventProvider": "Microsoft-Windows-Security-Auditing",
      "EventId": 4634,
      "EventSeverity": "Info",
      "Type": "authentication",
      "HostName": "hm-ad-02",
      "Platform": "windows",
      "Raw": "An account was logged off.\n\nSubject:\n\tSecurity ID:\t\tS-1-5-21-1202660629-1563985344-839522115-8706\n\tAccount Name:\t\tsbroodie\n\tAccount Domain:\t\tHALFMOONCLUB\n\tLogon ID:\t\t0x335A5329\n\nLogon Type:\t\t\t3\n\nThis event is generated when a logon session is destroyed. It may be positively correlated with a logon event using the Logon ID value. Logon IDs are only unique between reboots on the same computer."
    },
    {
      "EventCode": "4634",
      "EventKind": "event",
      "EventProvider": "Microsoft-Windows-Security-Auditing",
      "EventId": 4634,
      "EventSeverity": "Info",
      "Type": "authentication",
      "HostName": "hm-ad-02",
      "Platform": "windows",
      "Raw": "An account was logged off.\n\nSubject:\n\tSecurity ID:\t\tS-1-5-21-1202660629-1563985344-839522115-8706\n\tAccount Name:\t\tsbroodie\n\tAccount Domain:\t\tHALFMOONCLUB\n\tLogon ID:\t\t0x335A532E\n\nLogon Type:\t\t\t3\n\nThis event is generated when a logon session is destroyed. It may be positively correlated with a logon event using the Logon ID value. Logon IDs are only unique between reboots on the same computer."
    },
    {
      "EventCode": "4634",
      "EventKind": "event",
      "EventProvider": "Microsoft-Windows-Security-Auditing",
      "EventId": 4634,
      "EventSeverity": "Info",
      "Type": "authentication",
      "HostName": "hm-ad-02",
      "Platform": "windows",
      "Raw": "An account was logged off.\n\nSubject:\n\tSecurity ID:\t\tS-1-5-21-1202660629-1563985344-839522115-8706\n\tAccount Name:\t\tsbroodie\n\tAccount Domain:\t\tHALFMOONCLUB\n\tLogon ID:\t\t0x335A5324\n\nLogon Type:\t\t\t3\n\nThis event is generated when a logon session is destroyed. It may be positively correlated with a logon event using the Logon ID value. Logon IDs are only unique between reboots on the same computer."
    },
    {
      "EventCode": "4627",
      "EventKind": "event",
      "EventProvider": "Microsoft-Windows-Security-Auditing",
      "EventId": 4627,
      "EventSeverity": "Info",
      "Type": "Group Membership",
      "HostName": "hm-ad-02",
      "Platform": "windows",
      "Raw": "Group membership information.\n\nSubject:\n\tSecurity ID:\t\tS-1-0-0\n\tAccount Name:\t\t-\n\tAccount Domain:\t\t-\n\tLogon ID:\t\t0x0\n\nLogon Type:\t\t\t3\n\nNew Logon:\n\tSecurity ID:\t\tS-1-5-21-1202660629-1563985344-839522115-8706\n\tAccount Name:\t\tsbroodie\n\tAccount Domain:\t\tHALFMOONCLUB\n\tLogon ID:\t\t0x335A532E\n\nEvent in sequence:\t\t1 of 1\n\nGroup Membership:\t\t\t\n\t\t%{S-1-5-21-1202660629-1563985344-839522115-513}\n\t\t%{S-1-1-0}\n\t\t%{S-1-5-32-545}\n\t\t%{S-1-5-32-554}\n\t\t%{S-1-5-2}\n\t\t%{S-1-5-11}\n\t\t%{S-1-5-15}\n\t\t%{S-1-5-21-1202660629-1563985344-839522115-6648}\n\t\t%{S-1-5-21-1202660629-1563985344-839522115-8611}\n\t\t%{S-1-5-21-1202660629-1563985344-839522115-1111}\n\t\t%{S-1-5-21-1202660629-1563985344-839522115-7630}\n\t\t%{S-1-5-21-1202660629-1563985344-839522115-1672}\n\t\t%{S-1-5-21-1202660629-1563985344-839522115-6669}\n\t\t%{S-1-5-21-1202660629-1563985344-839522115-8688}\n\t\t%{S-1-5-21-1202660629-1563985344-839522115-8704}\n\t\t%{S-1-5-21-1202660629-1563985344-839522115-7608}\n\t\t%{S-1-5-21-1202660629-1563985344-839522115-8702}\n\t\t%{S-1-5-21-1202660629-1563985344-839522115-1611}\n\t\t%{S-1-5-64-10}\n\t\t%{S-1-16-8448}\n\nThe subject fields indicate the account on the local system which requested the logon. This is most commonly a service such as the Server service, or a local process such as Winlogon.exe or Services.exe.\n\nThe logon type field indicates the kind of logon that occurred. The most common types are 2 (interactive) and 3 (network).\n\nThe New Logon fields indicate the account for whom the new logon was created, i.e. the account that was logged on.\n\nThis event is generated when the Audit Group Membership subcategory is configured.  The Logon ID field can be used to correlate this event with the corresponding user logon event as well as to any other security audit events generated during this logon session."
    },
    {
      "EventCode": "4624",
      "EventKind": "event",
      "EventProvider": "Microsoft-Windows-Security-Auditing",
      "EventId": 4624,
      "EventSeverity": "Info",
      "Type": "authentication",
      "HostName": "hm-ad-02",
      "Platform": "windows",
      "Raw": "An account was successfully logged on.\n\nSubject:\n\tSecurity ID:\t\tS-1-0-0\n\tAccount Name:\t\t-\n\tAccount Domain:\t\t-\n\tLogon ID:\t\t0x0\n\nLogon Information:\n\tLogon Type:\t\t3\n\tRestricted Admin Mode:\t-\n\tVirtual Account:\t\tNo\n\tElevated Token:\t\tYes\n\nImpersonation Level:\t\tImpersonation\n\nNew Logon:\n\tSecurity ID:\t\tS-1-5-21-1202660629-1563985344-839522115-8706\n\tAccount Name:\t\tsbroodie\n\tAccount Domain:\t\tHALFMOONCLUB\n\tLogon ID:\t\t0x335A532E\n\tLinked Logon ID:\t\t0x0\n\tNetwork Account Name:\t-\n\tNetwork Account Domain:\t-\n\tLogon GUID:\t\t{00000000-0000-0000-0000-000000000000}\n\nProcess Information:\n\tProcess ID:\t\t0x0\n\tProcess Name:\t\t-\n\nNetwork Information:\n\tWorkstation Name:\tDT-10766S3\n\tSource Network Address:\t-\n\tSource Port:\t\t-\n\nDetailed Authentication Information:\n\tLogon Process:\t\tNtLmSsp \n\tAuthentication Package:\tNTLM\n\tTransited Services:\t-\n\tPackage Name (NTLM only):\tNTLM V2\n\tKey Length:\t\t128\n\nThis event is generated when a logon session is created. It is generated on the computer that was accessed.\n\nThe subject fields indicate the account on the local system which requested the logon. This is most commonly a service such as the Server service, or a local process such as Winlogon.exe or Services.exe.\n\nThe logon type field indicates the kind of logon that occurred. The most common types are 2 (interactive) and 3 (network).\n\nThe New Logon fields indicate the account for whom the new logon was created, i.e. the account that was logged on.\n\nThe network fields indicate where a remote logon request originated. Workstation name is not always available and may be left blank in some cases.\n\nThe impersonation level field indicates the extent to which a process in the logon session can impersonate.\n\nThe authentication information fields provide detailed information about this specific logon request.\n\t- Logon GUID is a unique identifier that can be used to correlate this event with a KDC event.\n\t- Transited services indicate which intermediate services have participated in this logon request.\n\t- Package name indicates which sub-protocol was used among the NTLM protocols.\n\t- Key length indicates the length of the generated session key. This will be 0 if no session key was requested."
    },
    {
      "EventCode": "4624",
      "EventKind": "event",
      "EventProvider": "Microsoft-Windows-Security-Auditing",
      "EventId": 4624,
      "EventSeverity": "Info",
      "Type": "authentication",
      "HostName": "hm-ad-02",
      "Platform": "windows",
      "Raw": "An account was successfully logged on.\n\nSubject:\n\tSecurity ID:\t\tS-1-0-0\n\tAccount Name:\t\t-\n\tAccount Domain:\t\t-\n\tLogon ID:\t\t0x0\n\nLogon Information:\n\tLogon Type:\t\t3\n\tRestricted Admin Mode:\t-\n\tVirtual Account:\t\tNo\n\tElevated Token:\t\tYes\n\nImpersonation Level:\t\tImpersonation\n\nNew Logon:\n\tSecurity ID:\t\tS-1-5-21-1202660629-1563985344-839522115-8706\n\tAccount Name:\t\tsbroodie\n\tAccount Domain:\t\tHALFMOONCLUB\n\tLogon ID:\t\t0x335A5329\n\tLinked Logon ID:\t\t0x0\n\tNetwork Account Name:\t-\n\tNetwork Account Domain:\t-\n\tLogon GUID:\t\t{00000000-0000-0000-0000-000000000000}\n\nProcess Information:\n\tProcess ID:\t\t0x0\n\tProcess Name:\t\t-\n\nNetwork Information:\n\tWorkstation Name:\tDT-10766S3\n\tSource Network Address:\t-\n\tSource Port:\t\t-\n\nDetailed Authentication Information:\n\tLogon Process:\t\tNtLmSsp \n\tAuthentication Package:\tNTLM\n\tTransited Services:\t-\n\tPackage Name (NTLM only):\tNTLM V2\n\tKey Length:\t\t128\n\nThis event is generated when a logon session is created. It is generated on the computer that was accessed.\n\nThe subject fields indicate the account on the local system which requested the logon. This is most commonly a service such as the Server service, or a local process such as Winlogon.exe or Services.exe.\n\nThe logon type field indicates the kind of logon that occurred. The most common types are 2 (interactive) and 3 (network).\n\nThe New Logon fields indicate the account for whom the new logon was created, i.e. the account that was logged on.\n\nThe network fields indicate where a remote logon request originated. Workstation name is not always available and may be left blank in some cases.\n\nThe impersonation level field indicates the extent to which a process in the logon session can impersonate.\n\nThe authentication information fields provide detailed information about this specific logon request.\n\t- Logon GUID is a unique identifier that can be used to correlate this event with a KDC event.\n\t- Transited services indicate which intermediate services have participated in this logon request.\n\t- Package name indicates which sub-protocol was used among the NTLM protocols.\n\t- Key length indicates the length of the generated session key. This will be 0 if no session key was requested."
    },
    {
      "EventCode": "4627",
      "EventKind": "event",
      "EventProvider": "Microsoft-Windows-Security-Auditing",
      "EventId": 4627,
      "EventSeverity": "Info",
      "Type": "Group Membership",
      "HostName": "hm-ad-02",
      "Platform": "windows",
      "Raw": "Group membership information.\n\nSubject:\n\tSecurity ID:\t\tS-1-0-0\n\tAccount Name:\t\t-\n\tAccount Domain:\t\t-\n\tLogon ID:\t\t0x0\n\nLogon Type:\t\t\t3\n\nNew Logon:\n\tSecurity ID:\t\tS-1-5-21-1202660629-1563985344-839522115-8706\n\tAccount Name:\t\tsbroodie\n\tAccount Domain:\t\tHALFMOONCLUB\n\tLogon ID:\t\t0x335A5329\n\nEvent in sequence:\t\t1 of 1\n\nGroup Membership:\t\t\t\n\t\t%{S-1-5-21-1202660629-1563985344-839522115-513}\n\t\t%{S-1-1-0}\n\t\t%{S-1-5-32-545}\n\t\t%{S-1-5-32-554}\n\t\t%{S-1-5-2}\n\t\t%{S-1-5-11}\n\t\t%{S-1-5-15}\n\t\t%{S-1-5-21-1202660629-1563985344-839522115-6648}\n\t\t%{S-1-5-21-1202660629-1563985344-839522115-8611}\n\t\t%{S-1-5-21-1202660629-1563985344-839522115-1111}\n\t\t%{S-1-5-21-1202660629-1563985344-839522115-7630}\n\t\t%{S-1-5-21-1202660629-1563985344-839522115-1672}\n\t\t%{S-1-5-21-1202660629-1563985344-839522115-6669}\n\t\t%{S-1-5-21-1202660629-1563985344-839522115-8688}\n\t\t%{S-1-5-21-1202660629-1563985344-839522115-8704}\n\t\t%{S-1-5-21-1202660629-1563985344-839522115-7608}\n\t\t%{S-1-5-21-1202660629-1563985344-839522115-8702}\n\t\t%{S-1-5-21-1202660629-1563985344-839522115-1611}\n\t\t%{S-1-5-64-10}\n\t\t%{S-1-16-8448}\n\nThe subject fields indicate the account on the local system which requested the logon. This is most commonly a service such as the Server service, or a local process such as Winlogon.exe or Services.exe.\n\nThe logon type field indicates the kind of logon that occurred. The most common types are 2 (interactive) and 3 (network).\n\nThe New Logon fields indicate the account for whom the new logon was created, i.e. the account that was logged on.\n\nThis event is generated when the Audit Group Membership subcategory is configured.  The Logon ID field can be used to correlate this event with the corresponding user logon event as well as to any other security audit events generated during this logon session."
    },
    {
      "EventCode": "4624",
      "EventKind": "event",
      "EventProvider": "Microsoft-Windows-Security-Auditing",
      "EventId": 4624,
      "EventSeverity": "Info",
      "Type": "authentication",
      "HostName": "hm-ad-02",
      "Platform": "windows",
      "Raw": "An account was successfully logged on.\n\nSubject:\n\tSecurity ID:\t\tS-1-0-0\n\tAccount Name:\t\t-\n\tAccount Domain:\t\t-\n\tLogon ID:\t\t0x0\n\nLogon Information:\n\tLogon Type:\t\t3\n\tRestricted Admin Mode:\t-\n\tVirtual Account:\t\tNo\n\tElevated Token:\t\tYes\n\nImpersonation Level:\t\tImpersonation\n\nNew Logon:\n\tSecurity ID:\t\tS-1-5-21-1202660629-1563985344-839522115-8706\n\tAccount Name:\t\tsbroodie\n\tAccount Domain:\t\tHALFMOONCLUB\n\tLogon ID:\t\t0x335A5324\n\tLinked Logon ID:\t\t0x0\n\tNetwork Account Name:\t-\n\tNetwork Account Domain:\t-\n\tLogon GUID:\t\t{00000000-0000-0000-0000-000000000000}\n\nProcess Information:\n\tProcess ID:\t\t0x0\n\tProcess Name:\t\t-\n\nNetwork Information:\n\tWorkstation Name:\tDT-10766S3\n\tSource Network Address:\t-\n\tSource Port:\t\t-\n\nDetailed Authentication Information:\n\tLogon Process:\t\tNtLmSsp \n\tAuthentication Package:\tNTLM\n\tTransited Services:\t-\n\tPackage Name (NTLM only):\tNTLM V2\n\tKey Length:\t\t128\n\nThis event is generated when a logon session is created. It is generated on the computer that was accessed.\n\nThe subject fields indicate the account on the local system which requested the logon. This is most commonly a service such as the Server service, or a local process such as Winlogon.exe or Services.exe.\n\nThe logon type field indicates the kind of logon that occurred. The most common types are 2 (interactive) and 3 (network).\n\nThe New Logon fields indicate the account for whom the new logon was created, i.e. the account that was logged on.\n\nThe network fields indicate where a remote logon request originated. Workstation name is not always available and may be left blank in some cases.\n\nThe impersonation level field indicates the extent to which a process in the logon session can impersonate.\n\nThe authentication information fields provide detailed information about this specific logon request.\n\t- Logon GUID is a unique identifier that can be used to correlate this event with a KDC event.\n\t- Transited services indicate which intermediate services have participated in this logon request.\n\t- Package name indicates which sub-protocol was used among the NTLM protocols.\n\t- Key length indicates the length of the generated session key. This will be 0 if no session key was requested."
    },
    {
      "EventCode": "4627",
      "EventKind": "event",
      "EventProvider": "Microsoft-Windows-Security-Auditing",
      "EventId": 4627,
      "EventSeverity": "Info",
      "Type": "Group Membership",
      "HostName": "hm-ad-02",
      "Platform": "windows",
      "Raw": "Group membership information.\n\nSubject:\n\tSecurity ID:\t\tS-1-0-0\n\tAccount Name:\t\t-\n\tAccount Domain:\t\t-\n\tLogon ID:\t\t0x0\n\nLogon Type:\t\t\t3\n\nNew Logon:\n\tSecurity ID:\t\tS-1-5-21-1202660629-1563985344-839522115-8706\n\tAccount Name:\t\tsbroodie\n\tAccount Domain:\t\tHALFMOONCLUB\n\tLogon ID:\t\t0x335A5324\n\nEvent in sequence:\t\t1 of 1\n\nGroup Membership:\t\t\t\n\t\t%{S-1-5-21-1202660629-1563985344-839522115-513}\n\t\t%{S-1-1-0}\n\t\t%{S-1-5-32-545}\n\t\t%{S-1-5-32-554}\n\t\t%{S-1-5-2}\n\t\t%{S-1-5-11}\n\t\t%{S-1-5-15}\n\t\t%{S-1-5-21-1202660629-1563985344-839522115-6648}\n\t\t%{S-1-5-21-1202660629-1563985344-839522115-8611}\n\t\t%{S-1-5-21-1202660629-1563985344-839522115-1111}\n\t\t%{S-1-5-21-1202660629-1563985344-839522115-7630}\n\t\t%{S-1-5-21-1202660629-1563985344-839522115-1672}\n\t\t%{S-1-5-21-1202660629-1563985344-839522115-6669}\n\t\t%{S-1-5-21-1202660629-1563985344-839522115-8688}\n\t\t%{S-1-5-21-1202660629-1563985344-839522115-8704}\n\t\t%{S-1-5-21-1202660629-1563985344-839522115-7608}\n\t\t%{S-1-5-21-1202660629-1563985344-839522115-8702}\n\t\t%{S-1-5-21-1202660629-1563985344-839522115-1611}\n\t\t%{S-1-5-64-10}\n\t\t%{S-1-16-8448}\n\nThe subject fields indicate the account on the local system which requested the logon. This is most commonly a service such as the Server service, or a local process such as Winlogon.exe or Services.exe.\n\nThe logon type field indicates the kind of logon that occurred. The most common types are 2 (interactive) and 3 (network).\n\nThe New Logon fields indicate the account for whom the new logon was created, i.e. the account that was logged on.\n\nThis event is generated when the Audit Group Membership subcategory is configured.  The Logon ID field can be used to correlate this event with the corresponding user logon event as well as to any other security audit events generated during this logon session."
    },
    {
      "EventCode": "5145",
      "EventKind": "event",
      "EventProvider": "Microsoft-Windows-Security-Auditing",
      "EventId": 5145,
      "EventSeverity": "Info",
      "Type": "Detailed File Share",
      "HostName": "hm-ad-02",
      "Platform": "windows",
      "Raw": "A network share object was checked to see whether client can be granted desired access.\n\t\nSubject:\n\tSecurity ID:\t\tS-1-5-21-1202660629-1563985344-839522115-8706\n\tAccount Name:\t\tsbroodie\n\tAccount Domain:\t\tHALFMOONCLUB\n\tLogon ID:\t\t0x335A50B8\n\nNetwork Information:\t\n\tObject Type:\t\tFile\n\tSource Address:\t\t10.10.20.1\n\tSource Port:\t\t56593\n\t\nShare Information:\n\tShare Name:\t\t\\\\*\\IPC$\n\tShare Path:\t\t\n\tRelative Target Name:\tspoolss\n\nAccess Request Information:\n\tAccess Mask:\t\t0x12019F\n\tAccesses:\t\tREAD_CONTROL\n\t\t\t\tSYNCHRONIZE\n\t\t\t\tReadData (or ListDirectory)\n\t\t\t\tWriteData (or AddFile)\n\t\t\t\tAppendData (or AddSubdirectory or CreatePipeInstance)\n\t\t\t\tReadEA\n\t\t\t\tWriteEA\n\t\t\t\tReadAttributes\n\t\t\t\tWriteAttributes\n\t\t\t\t\nAccess Check Results:\n\t-"
    },
    {
      "EventCode": "4688",
      "EventKind": "event",
      "EventProvider": "Microsoft-Windows-Security-Auditing",
      "EventId": 4688,
      "EventSeverity": "Info",
      "Type": "process",
      "HostName": "dt-2ua4032hcm",
      "Platform": "windows",
      "Raw": "A new process has been created.\n\nCreator Subject:\n\tSecurity ID:\t\tS-1-5-18\n\tAccount Name:\t\tDT-2UA4032HCM$\n\tAccount Domain:\t\tHALFMOONCLUB\n\tLogon ID:\t\t0x3E7\n\nTarget Subject:\n\tSecurity ID:\t\tS-1-5-21-1202660629-1563985344-839522115-6062\n\tAccount Name:\t\tjfox\n\tAccount Domain:\t\tHALFMOONCLUB\n\tLogon ID:\t\t0x4C266B3\n\nProcess Information:\n\tNew Process ID:\t\t0x3934\n\tNew Process Name:\tC:\\Windows\\System32\\SearchProtocolHost.exe\n\tToken Elevation Type:\t%%1936\n\tMandatory Label:\t\tS-1-16-8192\n\tCreator Process ID:\t0x17e8\n\tCreator Process Name:\tC:\\Windows\\System32\\SearchIndexer.exe\n\tProcess Command Line:\t\n\nToken Elevation Type indicates the type of token that was assigned to the new process in accordance with User Account Control policy.\n\nType 1 is a full token with no privileges removed or groups disabled.  A full token is only used if User Account Control is disabled or if the user is the built-in Administrator account or a service account.\n\nType 2 is an elevated token with no privileges removed or groups disabled.  An elevated token is used when User Account Control is enabled and the user chooses to start the program using Run as administrator.  An elevated token is also used when an application is configured to always require administrative privilege or to always require maximum privilege, and the user is a member of the Administrators group.\n\nType 3 is a limited token with administrative privileges removed and administrative groups disabled.  The limited token is used when User Account Control is enabled, the application does not require administrative privilege, and the user does not choose to start the program using Run as administrator."
    },
    {
      "EventCode": "5145",
      "EventKind": "event",
      "EventProvider": "Microsoft-Windows-Security-Auditing",
      "EventId": 5145,
      "EventSeverity": "Info",
      "Type": "Detailed File Share",
      "HostName": "nas1w2k",
      "Platform": "windows",
      "Raw": "A network share object was checked to see whether client can be granted desired access.\n\t\nSubject:\n\tSecurity ID:\t\tS-1-5-21-1202660629-1563985344-839522115-7714\n\tAccount Name:\t\taevangelist\n\tAccount Domain:\t\tHALFMOONCLUB\n\tLogon ID:\t\t0xD18EC932\n\nNetwork Information:\t\n\tObject Type:\t\tFile\n\tSource Address:\t\t10.10.20.1\n\tSource Port:\t\t49884\n\t\nShare Information:\n\tShare Name:\t\t\\\\*\\Reservations_Information\n\tShare Path:\t\t\\??\\D:\\Shares\\Public1\\Reservations_Information\n\tRelative Target Name:\tIndividuals\\8. AUGUST 2024\n\nAccess Request Information:\n\tAccess Mask:\t\t0x100081\n\tAccesses:\t\tSYNCHRONIZE\n\t\t\t\tReadData (or ListDirectory)\n\t\t\t\tReadAttributes\n\t\t\t\t\nAccess Check Results:\n\tSYNCHRONIZE:\tGranted by\tD:(A;OICI;FA;;;WD)\n\t\t\t\tReadData (or ListDirectory):\tGranted by\tD:(A;OICI;FA;;;WD)\n\t\t\t\tReadAttributes:\tGranted by\tD:(A;OICI;FA;;;WD)\n\t\t\t\t"
    },
    {
      "EventCode": "5145",
      "EventKind": "event",
      "EventProvider": "Microsoft-Windows-Security-Auditing",
      "EventId": 5145,
      "EventSeverity": "Info",
      "Type": "Detailed File Share",
      "HostName": "nas1w2k",
      "Platform": "windows",
      "Raw": "A network share object was checked to see whether client can be granted desired access.\n\t\nSubject:\n\tSecurity ID:\t\tS-1-5-21-1202660629-1563985344-839522115-7714\n\tAccount Name:\t\taevangelist\n\tAccount Domain:\t\tHALFMOONCLUB\n\tLogon ID:\t\t0xD18EC932\n\nNetwork Information:\t\n\tObject Type:\t\tFile\n\tSource Address:\t\t10.10.20.1\n\tSource Port:\t\t49884\n\t\nShare Information:\n\tShare Name:\t\t\\\\*\\Reservations_Information\n\tShare Path:\t\t\\??\\D:\\Shares\\Public1\\Reservations_Information\n\tRelative Target Name:\tIndividuals\\8. AUGUST 2024\\August 9, 2024\n\nAccess Request Information:\n\tAccess Mask:\t\t0x100081\n\tAccesses:\t\tSYNCHRONIZE\n\t\t\t\tReadData (or ListDirectory)\n\t\t\t\tReadAttributes\n\t\t\t\t\nAccess Check Results:\n\tSYNCHRONIZE:\tGranted by\tD:(A;OICI;FA;;;WD)\n\t\t\t\tReadData (or ListDirectory):\tGranted by\tD:(A;OICI;FA;;;WD)\n\t\t\t\tReadAttributes:\tGranted by\tD:(A;OICI;FA;;;WD)\n\t\t\t\t"
    },
    {
      "EventCode": "5145",
      "EventKind": "event",
      "EventProvider": "Microsoft-Windows-Security-Auditing",
      "EventId": 5145,
      "EventSeverity": "Info",
      "Type": "Detailed File Share",
      "HostName": "nas1w2k",
      "Platform": "windows",
      "Raw": "A network share object was checked to see whether client can be granted desired access.\n\t\nSubject:\n\tSecurity ID:\t\tS-1-5-21-1202660629-1563985344-839522115-7714\n\tAccount Name:\t\taevangelist\n\tAccount Domain:\t\tHALFMOONCLUB\n\tLogon ID:\t\t0xD18EC932\n\nNetwork Information:\t\n\tObject Type:\t\tFile\n\tSource Address:\t\t10.10.20.1\n\tSource Port:\t\t49884\n\t\nShare Information:\n\tShare Name:\t\t\\\\*\\Reservations_Information\n\tShare Path:\t\t\\??\\D:\\Shares\\Public1\\Reservations_Information\n\tRelative Target Name:\tIndividuals\\8. AUGUST 2024\\August 9, 2024\\Gray Lori\n\nAccess Request Information:\n\tAccess Mask:\t\t0x100081\n\tAccesses:\t\tSYNCHRONIZE\n\t\t\t\tReadData (or ListDirectory)\n\t\t\t\tReadAttributes\n\t\t\t\t\nAccess Check Results:\n\tSYNCHRONIZE:\tGranted by\tD:(A;OICI;FA;;;WD)\n\t\t\t\tReadData (or ListDirectory):\tGranted by\tD:(A;OICI;FA;;;WD)\n\t\t\t\tReadAttributes:\tGranted by\tD:(A;OICI;FA;;;WD)\n\t\t\t\t"
    },
    {
      "EventCode": "5145",
      "EventKind": "event",
      "EventProvider": "Microsoft-Windows-Security-Auditing",
      "EventId": 5145,
      "EventSeverity": "Info",
      "Type": "Detailed File Share",
      "HostName": "nas1w2k",
      "Platform": "windows",
      "Raw": "A network share object was checked to see whether client can be granted desired access.\n\t\nSubject:\n\tSecurity ID:\t\tS-1-5-21-1202660629-1563985344-839522115-1711\n\tAccount Name:\t\tdwilliams\n\tAccount Domain:\t\tHALFMOONCLUB\n\tLogon ID:\t\t0xD1425814\n\nNetwork Information:\t\n\tObject Type:\t\tFile\n\tSource Address:\t\t10.10.20.1\n\tSource Port:\t\t55864\n\t\nShare Information:\n\tShare Name:\t\t\\\\*\\Reservations_Information\n\tShare Path:\t\t\\??\\D:\\Shares\\Public1\\Reservations_Information\n\tRelative Target Name:\tIndividuals\\4. APRIL 2024\\April 12, 2024\\Wolf Alon\\Alon Wolfe - April 12-15, 2024.pdf\n\nAccess Request Information:\n\tAccess Mask:\t\t0x80\n\tAccesses:\t\tReadAttributes\n\t\t\t\t\nAccess Check Results:\n\tReadAttributes:\tGranted by\tD:(A;OICI;FA;;;WD)\n\t\t\t\t"
    },
    {
      "EventCode": "5145",
      "EventKind": "event",
      "EventProvider": "Microsoft-Windows-Security-Auditing",
      "EventId": 5145,
      "EventSeverity": "Info",
      "Type": "Detailed File Share",
      "HostName": "hm-ad-02",
      "Platform": "windows",
      "Raw": "A network share object was checked to see whether client can be granted desired access.\n\t\nSubject:\n\tSecurity ID:\t\tS-1-5-21-1202660629-1563985344-839522115-8706\n\tAccount Name:\t\tsbroodie\n\tAccount Domain:\t\tHALFMOONCLUB\n\tLogon ID:\t\t0x335A50B8\n\nNetwork Information:\t\n\tObject Type:\t\tFile\n\tSource Address:\t\t10.10.20.1\n\tSource Port:\t\t56593\n\t\nShare Information:\n\tShare Name:\t\t\\\\*\\IPC$\n\tShare Path:\t\t\n\tRelative Target Name:\tspoolss\n\nAccess Request Information:\n\tAccess Mask:\t\t0x12019F\n\tAccesses:\t\tREAD_CONTROL\n\t\t\t\tSYNCHRONIZE\n\t\t\t\tReadData (or ListDirectory)\n\t\t\t\tWriteData (or AddFile)\n\t\t\t\tAppendData (or AddSubdirectory or CreatePipeInstance)\n\t\t\t\tReadEA\n\t\t\t\tWriteEA\n\t\t\t\tReadAttributes\n\t\t\t\tWriteAttributes\n\t\t\t\t\nAccess Check Results:\n\t-"
    },
    {
      "EventCode": "5145",
      "EventKind": "event",
      "EventProvider": "Microsoft-Windows-Security-Auditing",
      "EventId": 5145,
      "EventSeverity": "Info",
      "Type": "Detailed File Share",
      "HostName": "hm-ad-02",
      "Platform": "windows",
      "Raw": "A network share object was checked to see whether client can be granted desired access.\n\t\nSubject:\n\tSecurity ID:\t\tS-1-5-21-1202660629-1563985344-839522115-8706\n\tAccount Name:\t\tsbroodie\n\tAccount Domain:\t\tHALFMOONCLUB\n\tLogon ID:\t\t0x335A50B8\n\nNetwork Information:\t\n\tObject Type:\t\tFile\n\tSource Address:\t\t10.10.20.1\n\tSource Port:\t\t56593\n\t\nShare Information:\n\tShare Name:\t\t\\\\*\\IPC$\n\tShare Path:\t\t\n\tRelative Target Name:\tspoolss\n\nAccess Request Information:\n\tAccess Mask:\t\t0x12019F\n\tAccesses:\t\tREAD_CONTROL\n\t\t\t\tSYNCHRONIZE\n\t\t\t\tReadData (or ListDirectory)\n\t\t\t\tWriteData (or AddFile)\n\t\t\t\tAppendData (or AddSubdirectory or CreatePipeInstance)\n\t\t\t\tReadEA\n\t\t\t\tWriteEA\n\t\t\t\tReadAttributes\n\t\t\t\tWriteAttributes\n\t\t\t\t\nAccess Check Results:\n\t-"
    },
    {
      "EventCode": "4634",
      "EventKind": "event",
      "EventProvider": "Microsoft-Windows-Security-Auditing",
      "EventId": 4634,
      "EventSeverity": "Info",
      "Type": "authentication",
      "HostName": "hm-ad-02",
      "Platform": "windows",
      "Raw": "An account was logged off.\n\nSubject:\n\tSecurity ID:\t\tS-1-5-21-1202660629-1563985344-839522115-8706\n\tAccount Name:\t\tsbroodie\n\tAccount Domain:\t\tHALFMOONCLUB\n\tLogon ID:\t\t0x335A51DE\n\nLogon Type:\t\t\t3\n\nThis event is generated when a logon session is destroyed. It may be positively correlated with a logon event using the Logon ID value. Logon IDs are only unique between reboots on the same computer."
    },
    {
      "EventCode": "4634",
      "EventKind": "event",
      "EventProvider": "Microsoft-Windows-Security-Auditing",
      "EventId": 4634,
      "EventSeverity": "Info",
      "Type": "authentication",
      "HostName": "hm-ad-02",
      "Platform": "windows",
      "Raw": "An account was logged off.\n\nSubject:\n\tSecurity ID:\t\tS-1-5-21-1202660629-1563985344-839522115-8706\n\tAccount Name:\t\tsbroodie\n\tAccount Domain:\t\tHALFMOONCLUB\n\tLogon ID:\t\t0x335A519E\n\nLogon Type:\t\t\t3\n\nThis event is generated when a logon session is destroyed. It may be positively correlated with a logon event using the Logon ID value. Logon IDs are only unique between reboots on the same computer."
    },
    {
      "EventCode": "4634",
      "EventKind": "event",
      "EventProvider": "Microsoft-Windows-Security-Auditing",
      "EventId": 4634,
      "EventSeverity": "Info",
      "Type": "authentication",
      "HostName": "hm-ad-02",
      "Platform": "windows",
      "Raw": "An account was logged off.\n\nSubject:\n\tSecurity ID:\t\tS-1-5-21-1202660629-1563985344-839522115-8706\n\tAccount Name:\t\tsbroodie\n\tAccount Domain:\t\tHALFMOONCLUB\n\tLogon ID:\t\t0x335A51A2\n\nLogon Type:\t\t\t3\n\nThis event is generated when a logon session is destroyed. It may be positively correlated with a logon event using the Logon ID value. Logon IDs are only unique between reboots on the same computer."
    },
    {
      "EventCode": "4627",
      "EventKind": "event",
      "EventProvider": "Microsoft-Windows-Security-Auditing",
      "EventId": 4627,
      "EventSeverity": "Info",
      "Type": "Group Membership",
      "HostName": "hm-ad-02",
      "Platform": "windows",
