      "Raw": "An account was logged off.\n\nSubject:\n\tSecurity ID:\t\tS-1-5-21-1202660629-1563985344-839522115-5890\n\tAccount Name:\t\tjlawrence\n\tAccount Domain:\t\tHALFMOONCLUB\n\tLogon ID:\t\t0x3358A470\n\nLogon Type:\t\t\t3\n\nThis event is generated when a logon session is destroyed. It may be positively correlated with a logon event using the Logon ID value. Logon IDs are only unique between reboots on the same computer."
    },
    {
      "EventCode": "1",
      "EventKind": "event",
      "EventProvider": "Microsoft-Windows-Sysmon",
      "EventId": 1,
      "EventSeverity": "Info",
      "Type": "process",
      "HostName": "dt-mxl4171rjd",
      "Platform": "windows",
      "Raw": "Process Create:\nRuleName: -\nUtcTime: 2024-04-16 15:04:29.865\nProcessGuid: {b12883fc-937d-661e-6d3a-000000006c00}\nProcessId: 11052\nImage: C:\\Program Files\\Mozilla Firefox\\firefox.exe\nFileVersion: 124.0.2\nDescription: Firefox\nProduct: Firefox\nCompany: Mozilla Corporation\nOriginalFileName: firefox.exe\nCommandLine: \"C:\\Program Files\\Mozilla Firefox\\firefox.exe\" -contentproc --channel=1828 -parentBuildID 20240401114208 -prefsHandle 1788 -prefMapHandle 1772 -prefsLen 21625 -prefMapSize 241893 -win32kLockedDown -appDir \"C:\\Program Files\\Mozilla Firefox\\browser\" - {133da030-5cf3-4a54-84f1-fd15390def7b} 12328 \"\\\\.\\pipe\\gecko-crash-server-pipe.12328\" socket\nCurrentDirectory: C:\\ProgramData\\Mozilla-1de4eec8-1241-4177-a864-e594e8d1fb38\\updates\\308046B0AF4A39CB\\\nUser: HALFMOONCLUB\\prshop\nLogonGuid: {b12883fc-2bd2-661d-5318-360000000000}\nLogonId: 0x361853\nTerminalSessionId: 1\nIntegrityLevel: Low\nHashes: MD5=470443E44566ECFC7AC2DDBEC240A73F,SHA256=006652DA0745D8672EC56598368C1F8A4896CD4A0AA5B61499D574870F94B705,IMPHASH=E31E631EB4720776371EA81CC5F35B09\nParentProcessGuid: {b12883fc-937a-661e-6c3a-000000006c00}\nParentProcessId: 12328\nParentImage: C:\\Program Files\\Mozilla Firefox\\firefox.exe\nParentCommandLine: \"C:\\Program Files\\Mozilla Firefox\\firefox.exe\" --MOZ_LOG sync,prependheader,timestamp,append,maxsize:1,Dump:5 --MOZ_LOG_FILE C:\\ProgramData\\Mozilla-1de4eec8-1241-4177-a864-e594e8d1fb38\\updates\\308046B0AF4A39CB\\backgroundupdate.moz_log --backgroundtask backgroundupdate\nParentUser: HALFMOONCLUB\\prshop"
    },
    {
      "EventCode": "22",
      "EventKind": "event",
      "EventProvider": "Microsoft-Windows-Sysmon",
      "EventId": 22,
      "EventSeverity": "Info",
      "Type": "dns",
      "HostName": "dt-4pfql52",
      "Platform": "windows",
      "Raw": "Dns query:\nRuleName: -\nUtcTime: 2024-04-16 15:04:29.621\nProcessGuid: {40ac0cbc-89c3-661e-7b00-000000005900}\nProcessId: 4248\nQueryName: dl.delivery.mp.microsoft.com\nQueryStatus: 0\nQueryResults: type:  5 dcat-nlu-fg-shim.trafficmanager.net;type:  5 msftstore.s.llnwi.net;::ffff:67.230.71.48;\nImage: C:\\Windows\\System32\\svchost.exe\nUser: NT AUTHORITY\\NETWORK SERVICE"
    },
    {
      "EventCode": "22",
      "EventKind": "event",
      "EventProvider": "Microsoft-Windows-Sysmon",
      "EventId": 22,
      "EventSeverity": "Info",
      "Type": "dns",
      "HostName": "dt-4pfql52",
      "Platform": "windows",
      "Raw": "Dns query:\nRuleName: -\nUtcTime: 2024-04-16 15:04:29.801\nProcessGuid: {40ac0cbc-89c3-661e-7b00-000000005900}\nProcessId: 4248\nQueryName: 4.tlu.dl.delivery.mp.microsoft.com\nQueryStatus: 0\nQueryResults: type:  5 msftstorebg.s.llnwi.net;67.230.71.48;\nImage: C:\\Windows\\System32\\svchost.exe\nUser: NT AUTHORITY\\NETWORK SERVICE"
    },
    {
      "EventCode": "44",
      "EventKind": "event",
      "EventProvider": "Microsoft-Windows-WindowsUpdateClient",
      "EventId": 44,
      "EventSeverity": "Download",
      "Type": "system",
      "HostName": "dt-4pfql52",
      "Platform": "windows",
      "Raw": "Windows Update started downloading an update."
    },
    {
      "EventCode": "44",
      "EventKind": "event",
      "EventProvider": "Microsoft-Windows-WindowsUpdateClient",
      "EventId": 44,
      "EventSeverity": "Download",
      "Type": "system",
      "HostName": "dt-4pfql52",
      "Platform": "windows",
      "Raw": "Windows Update started downloading an update."
    },
    {
      "EventCode": "3",
      "EventKind": "event",
      "EventProvider": "Microsoft-Windows-Sysmon",
      "EventId": 3,
      "EventSeverity": "Info",
      "Type": "network",
      "HostName": "dt-mxl4170thn",
      "Platform": "windows",
      "Raw": "Network connection detected:\nRuleName: -\nUtcTime: 2024-04-16 15:04:29.643\nProcessGuid: {b12883fc-f4a7-661d-5a10-000000008402}\nProcessId: 11772\nImage: C:\\Program Files (x86)\\Avaya\\Avaya one-X Attendant\\OSPC.exe\nUser: HALFMOONCLUB\\operator\nProtocol: tcp\nInitiated: true\nSourceIsIpv6: false\nSourceIp: 192.168.102.92\nSourceHostname: DT-MXL4170THN.halfmoonclub.com\nSourcePort: 54308\nSourcePortName: -\nDestinationIsIpv6: false\nDestinationIp: 192.168.102.92\nDestinationHostname: DT-MXL4170THN.halfmoonclub.com\nDestinationPort: 21099\nDestinationPortName: -"
    },
    {
      "EventCode": "3",
      "EventKind": "event",
      "EventProvider": "Microsoft-Windows-Sysmon",
      "EventId": 3,
      "EventSeverity": "Info",
      "Type": "network",
      "HostName": "dt-30kln02",
      "Platform": "windows",
      "Raw": "Network connection detected:\nRuleName: -\nUtcTime: 2024-04-16 15:04:30.055\nProcessGuid: {ac723764-9379-661e-0909-000000006100}\nProcessId: 9384\nImage: C:\\Program Files (x86)\\Java\\jre-1.8\\bin\\jp2launcher.exe\nUser: HALFMOONCLUB\\Spa12\nProtocol: tcp\nInitiated: true\nSourceIsIpv6: false\nSourceIp: 172.16.44.56\nSourceHostname: DT-30KLN02.halfmoonclub.com\nSourcePort: 53295\nSourcePortName: -\nDestinationIsIpv6: false\nDestinationIp: 147.154.39.77\nDestinationHostname: -\nDestinationPort: 443\nDestinationPortName: https"
    },
    {
      "EventCode": "3",
      "EventKind": "event",
      "EventProvider": "Microsoft-Windows-Sysmon",
      "EventId": 3,
      "EventSeverity": "Info",
      "Type": "network",
      "HostName": "dt-30kln02",
      "Platform": "windows",
      "Raw": "Network connection detected:\nRuleName: -\nUtcTime: 2024-04-16 15:04:30.649\nProcessGuid: {ac723764-9379-661e-0909-000000006100}\nProcessId: 9384\nImage: C:\\Program Files (x86)\\Java\\jre-1.8\\bin\\jp2launcher.exe\nUser: HALFMOONCLUB\\Spa12\nProtocol: tcp\nInitiated: true\nSourceIsIpv6: false\nSourceIp: 172.16.44.56\nSourceHostname: DT-30KLN02.halfmoonclub.com\nSourcePort: 53297\nSourcePortName: -\nDestinationIsIpv6: false\nDestinationIp: 192.229.211.108\nDestinationHostname: -\nDestinationPort: 80\nDestinationPortName: http"
    },
    {
      "EventCode": "22",
      "EventKind": "event",
      "EventProvider": "Microsoft-Windows-Sysmon",
      "EventId": 22,
      "EventSeverity": "Info",
      "Type": "dns",
      "HostName": "dt-30kln02",
      "Platform": "windows",
      "Raw": "Dns query:\nRuleName: -\nUtcTime: 2024-04-16 15:04:29.808\nProcessGuid: {ac723764-9379-661e-0909-000000006100}\nProcessId: 9384\nQueryName: hu09-oc-sc.oracleindustry.com\nQueryStatus: 0\nQueryResults: type:  5 hgbu01-prod-iad.oracleindustry.com;type:  5 hgbu01-prod-iad-cl01.oracleindustry.com;::ffff:147.154.39.77;\nImage: C:\\Program Files (x86)\\Java\\jre-1.8\\bin\\jp2launcher.exe\nUser: HALFMOONCLUB\\Spa12"
    },
    {
      "EventCode": "22",
      "EventKind": "event",
      "EventProvider": "Microsoft-Windows-Sysmon",
      "EventId": 22,
      "EventSeverity": "Info",
      "Type": "dns",
      "HostName": "dt-30kln02",
      "Platform": "windows",
      "Raw": "Dns query:\nRuleName: -\nUtcTime: 2024-04-16 15:04:30.031\nProcessGuid: {ac723764-9377-661e-0809-000000006100}\nProcessId: 8684\nQueryName: wpad\nQueryStatus: 9003\nQueryResults: -\nImage: C:\\Program Files (x86)\\Internet Explorer\\iexplore.exe\nUser: HALFMOONCLUB\\Spa12"
    },
    {
      "EventCode": "1",
      "EventKind": "event",
      "EventProvider": "Microsoft-Windows-Sysmon",
      "EventId": 1,
      "EventSeverity": "Info",
      "Type": "process",
      "HostName": "dt-mxl4170p25",
      "Platform": "windows",
      "Raw": "Process Create:\nRuleName: -\nUtcTime: 2024-04-16 15:04:30.322\nProcessGuid: {02edf6d4-937e-661e-abc7-010000006d01}\nProcessId: 12836\nImage: C:\\Program Files\\Microsoft OneDrive\\24.062.0326.0002\\FileCoAuth.exe\nFileVersion: 24.062.0326.0002\nDescription: Microsoft OneDriveFile Co-Authoring Executable\nProduct: Microsoft OneDrive\nCompany: Microsoft Corporation\nOriginalFileName: FileCoAuth.exe\nCommandLine: \"C:\\Program Files\\Microsoft OneDrive\\24.062.0326.0002\\FileCoAuth.exe\" -Embedding\nCurrentDirectory: C:\\Windows\\system32\\\nUser: HALFMOONCLUB\\kbell\nLogonGuid: {02edf6d4-8a92-6619-4c33-1c0000000000}\nLogonId: 0x1C334C\nTerminalSessionId: 1\nIntegrityLevel: Medium\nHashes: MD5=81760B03E5A2DCAE1E43975638819499,SHA256=CC6A40548C2E276AB8462FCDEF358BD79CFA994C9A9137C7D03C19D9EF0628C3,IMPHASH=642A71B36F2F7EC7EC610C7766108884\nParentProcessGuid: {02edf6d4-89f7-6619-0d00-000000006d01}\nParentProcessId: 896\nParentImage: C:\\Windows\\System32\\svchost.exe\nParentCommandLine: C:\\Windows\\system32\\svchost.exe -k DcomLaunch -p\nParentUser: NT AUTHORITY\\SYSTEM"
    },
    {
      "EventCode": "3",
      "EventKind": "event",
      "EventProvider": "Microsoft-Windows-Sysmon",
      "EventId": 3,
      "EventSeverity": "Info",
      "Type": "network",
      "HostName": "dt-1j48mr2",
      "Platform": "windows",
      "Raw": "Network connection detected:\nRuleName: -\nUtcTime: 2024-04-16 15:04:27.748\nProcessGuid: {e5c46c7e-7e5b-661e-8f02-000000006000}\nProcessId: 14420\nImage: C:\\Program Files\\WindowsApps\\MSTeams_24060.2623.2790.8046_x64__8wekyb3d8bbwe\\ms-teams.exe\nUser: HALFMOONCLUB\\dannmcneil\nProtocol: tcp\nInitiated: true\nSourceIsIpv6: false\nSourceIp: 172.16.43.6\nSourceHostname: DT-1J48MR2.halfmoonclub.com\nSourcePort: 53332\nSourcePortName: -\nDestinationIsIpv6: false\nDestinationIp: 20.44.10.123\nDestinationHostname: -\nDestinationPort: 443\nDestinationPortName: https"
    },
    {
      "EventCode": "22",
      "EventKind": "event",
      "EventProvider": "Microsoft-Windows-Sysmon",
      "EventId": 22,
      "EventSeverity": "Info",
      "Type": "dns",
      "HostName": "dt-1j48mr2",
      "Platform": "windows",
      "Raw": "Dns query:\nRuleName: -\nUtcTime: 2024-04-16 15:04:27.754\nProcessGuid: {e5c46c7e-7e5b-661e-8f02-000000006000}\nProcessId: 14420\nQueryName: teams.events.data.microsoft.com\nQueryStatus: 0\nQueryResults: type:  5 teams-events-data.trafficmanager.net;type:  5 onedscolprdcus05.centralus.cloudapp.azure.com;::ffff:20.44.10.123;\nImage: C:\\Program Files\\WindowsApps\\MSTeams_24060.2623.2790.8046_x64__8wekyb3d8bbwe\\ms-teams.exe\nUser: HALFMOONCLUB\\dannmcneil"
    },
    {
      "EventCode": "3",
      "EventKind": "event",
      "EventProvider": "Microsoft-Windows-Sysmon",
      "EventId": 3,
      "EventSeverity": "Info",
      "Type": "network",
      "HostName": "dt-6ntfvd3",
      "Platform": "windows",
      "Raw": "Network connection detected:\nRuleName: -\nUtcTime: 2024-04-16 15:04:28.973\nProcessGuid: {00000000-0000-0000-0000-000000000000}\nProcessId: 5956\nImage: <unknown process>\nUser: -\nProtocol: tcp\nInitiated: true\nSourceIsIpv6: false\nSourceIp: 172.16.220.38\nSourceHostname: DT-6NTFVD3.halfmoonclub.com\nSourcePort: 55106\nSourcePortName: -\nDestinationIsIpv6: false\nDestinationIp: 52.167.17.97\nDestinationHostname: -\nDestinationPort: 443\nDestinationPortName: https"
    },
    {
      "EventCode": "7",
      "EventKind": "event",
      "EventProvider": "Microsoft-Windows-Sysmon",
      "EventId": 7,
      "EventSeverity": "Info",
      "Type": "process",
      "HostName": "dt-50766s3",
      "Platform": "windows",
      "Raw": "Image loaded:\nRuleName: -\nUtcTime: 2024-04-16 15:04:30.017\nProcessGuid: {3f8ed041-937e-661e-8b1e-000000009a00}\nProcessId: 17752\nImage: C:\\Windows\\Temp\\{D124B507-9F4C-44D0-B17D-C8AC3B6A18A9}\\_isDB6E.exe\nImageLoaded: C:\\Windows\\Temp\\{D124B507-9F4C-44D0-B17D-C8AC3B6A18A9}\\_isDB6E.exe\nFileVersion: 28.0.759\nDescription: InstallShield (R) 64-bit Setup Engine\nProduct: InstallShield\nCompany: Flexera\nOriginalFileName: ISBEW64.exe\nHashes: MD5=A73F181849D157BFA4C802A54BE7BF06,SHA256=037F8DE004E6E6BFCBC9B719A6A9198C4397E4561CC0107108E00233F94886D0,IMPHASH=389EC99BB2390095922B9867F011907F\nSigned: true\nSignature: Flexera Software LLC\nSignatureStatus: Valid\nUser: NT AUTHORITY\\SYSTEM"
    },
    {
      "EventCode": "1",
      "EventKind": "event",
      "EventProvider": "Microsoft-Windows-Sysmon",
      "EventId": 1,
      "EventSeverity": "Info",
      "Type": "process",
      "HostName": "dt-50766s3",
      "Platform": "windows",
      "Raw": "Process Create:\nRuleName: -\nUtcTime: 2024-04-16 15:04:30.017\nProcessGuid: {3f8ed041-937e-661e-8b1e-000000009a00}\nProcessId: 17752\nImage: C:\\Windows\\Temp\\{D124B507-9F4C-44D0-B17D-C8AC3B6A18A9}\\_isDB6E.exe\nFileVersion: 28.0.759\nDescription: InstallShield (R) 64-bit Setup Engine\nProduct: InstallShield\nCompany: Flexera\nOriginalFileName: ISBEW64.exe\nCommandLine: C:\\Windows\\TEMP\\{D124B507-9F4C-44D0-B17D-C8AC3B6A18A9}\\_isDB6E.exe {EFB7539B-24F3-46B6-AF6E-3B021B51EFEF}:{0B386BB6-06FF-452E-83F5-2FEED486EFCA}\nCurrentDirectory: C:\\Windows\\SysWOW64\\\nUser: NT AUTHORITY\\SYSTEM\nLogonGuid: {3f8ed041-f0be-661d-e703-000000000000}\nLogonId: 0x3E7\nTerminalSessionId: 0\nIntegrityLevel: System\nHashes: MD5=A73F181849D157BFA4C802A54BE7BF06,SHA256=037F8DE004E6E6BFCBC9B719A6A9198C4397E4561CC0107108E00233F94886D0,IMPHASH=389EC99BB2390095922B9867F011907F\nParentProcessGuid: {3f8ed041-934c-661e-bb1d-000000009a00}\nParentProcessId: 13060\nParentImage: C:\\Windows\\SysWOW64\\msiexec.exe\nParentCommandLine: C:\\Windows\\syswow64\\MsiExec.exe -Embedding C8F80DC68DB9447AC30CF5C8CE307A4E E Global\\MSI0000\nParentUser: NT AUTHORITY\\SYSTEM"
    },
    {
      "EventCode": "7",
      "EventKind": "event",
      "EventProvider": "Microsoft-Windows-Sysmon",
      "EventId": 7,
      "EventSeverity": "Info",
      "Type": "process",
      "HostName": "dt-50766s3",
      "Platform": "windows",
      "Raw": "Image loaded:\nRuleName: -\nUtcTime: 2024-04-16 15:04:29.997\nProcessGuid: {3f8ed041-937e-661e-8a1e-000000009a00}\nProcessId: 15408\nImage: C:\\Windows\\Temp\\{D124B507-9F4C-44D0-B17D-C8AC3B6A18A9}\\_isDB6E.exe\nImageLoaded: C:\\Windows\\Temp\\{D124B507-9F4C-44D0-B17D-C8AC3B6A18A9}\\_isDB6E.exe\nFileVersion: 28.0.759\nDescription: InstallShield (R) 64-bit Setup Engine\nProduct: InstallShield\nCompany: Flexera\nOriginalFileName: ISBEW64.exe\nHashes: MD5=A73F181849D157BFA4C802A54BE7BF06,SHA256=037F8DE004E6E6BFCBC9B719A6A9198C4397E4561CC0107108E00233F94886D0,IMPHASH=389EC99BB2390095922B9867F011907F\nSigned: true\nSignature: Flexera Software LLC\nSignatureStatus: Valid\nUser: NT AUTHORITY\\SYSTEM"
    },
    {
      "EventCode": "1",
      "EventKind": "event",
      "EventProvider": "Microsoft-Windows-Sysmon",
      "EventId": 1,
      "EventSeverity": "Info",
      "Type": "process",
      "HostName": "dt-50766s3",
      "Platform": "windows",
      "Raw": "Process Create:\nRuleName: -\nUtcTime: 2024-04-16 15:04:30.002\nProcessGuid: {3f8ed041-937e-661e-8a1e-000000009a00}\nProcessId: 15408\nImage: C:\\Windows\\Temp\\{D124B507-9F4C-44D0-B17D-C8AC3B6A18A9}\\_isDB6E.exe\nFileVersion: 28.0.759\nDescription: InstallShield (R) 64-bit Setup Engine\nProduct: InstallShield\nCompany: Flexera\nOriginalFileName: ISBEW64.exe\nCommandLine: C:\\Windows\\TEMP\\{D124B507-9F4C-44D0-B17D-C8AC3B6A18A9}\\_isDB6E.exe {EFB7539B-24F3-46B6-AF6E-3B021B51EFEF}:{3FF17909-B5A3-4198-9819-71F09308A045}\nCurrentDirectory: C:\\Windows\\SysWOW64\\\nUser: NT AUTHORITY\\SYSTEM\nLogonGuid: {3f8ed041-f0be-661d-e703-000000000000}\nLogonId: 0x3E7\nTerminalSessionId: 0\nIntegrityLevel: System\nHashes: MD5=A73F181849D157BFA4C802A54BE7BF06,SHA256=037F8DE004E6E6BFCBC9B719A6A9198C4397E4561CC0107108E00233F94886D0,IMPHASH=389EC99BB2390095922B9867F011907F\nParentProcessGuid: {3f8ed041-934c-661e-bb1d-000000009a00}\nParentProcessId: 13060\nParentImage: C:\\Windows\\SysWOW64\\msiexec.exe\nParentCommandLine: C:\\Windows\\syswow64\\MsiExec.exe -Embedding C8F80DC68DB9447AC30CF5C8CE307A4E E Global\\MSI0000\nParentUser: NT AUTHORITY\\SYSTEM"
    },
    {
      "EventCode": "1",
      "EventKind": "event",
      "EventProvider": "Microsoft-Windows-Sysmon",
      "EventId": 1,
      "EventSeverity": "Info",
      "Type": "process",
      "HostName": "dt-50766s3",
      "Platform": "windows",
      "Raw": "Process Create:\nRuleName: -\nUtcTime: 2024-04-16 15:04:29.987\nProcessGuid: {3f8ed041-937d-661e-891e-000000009a00}\nProcessId: 9092\nImage: C:\\Windows\\Temp\\{D124B507-9F4C-44D0-B17D-C8AC3B6A18A9}\\_isDB6E.exe\nFileVersion: 28.0.759\nDescription: InstallShield (R) 64-bit Setup Engine\nProduct: InstallShield\nCompany: Flexera\nOriginalFileName: ISBEW64.exe\nCommandLine: C:\\Windows\\TEMP\\{D124B507-9F4C-44D0-B17D-C8AC3B6A18A9}\\_isDB6E.exe {EFB7539B-24F3-46B6-AF6E-3B021B51EFEF}:{E018D0EF-FC9D-4851-A6C0-7165C3F7B6B5}\nCurrentDirectory: C:\\Windows\\SysWOW64\\\nUser: NT AUTHORITY\\SYSTEM\nLogonGuid: {3f8ed041-f0be-661d-e703-000000000000}\nLogonId: 0x3E7\nTerminalSessionId: 0\nIntegrityLevel: System\nHashes: MD5=A73F181849D157BFA4C802A54BE7BF06,SHA256=037F8DE004E6E6BFCBC9B719A6A9198C4397E4561CC0107108E00233F94886D0,IMPHASH=389EC99BB2390095922B9867F011907F\nParentProcessGuid: {3f8ed041-934c-661e-bb1d-000000009a00}\nParentProcessId: 13060\nParentImage: C:\\Windows\\SysWOW64\\msiexec.exe\nParentCommandLine: C:\\Windows\\syswow64\\MsiExec.exe -Embedding C8F80DC68DB9447AC30CF5C8CE307A4E E Global\\MSI0000\nParentUser: NT AUTHORITY\\SYSTEM"
    },
    {
      "EventCode": "7",
      "EventKind": "event",
      "EventProvider": "Microsoft-Windows-Sysmon",
      "EventId": 7,
      "EventSeverity": "Info",
      "Type": "process",
      "HostName": "dt-50766s3",
      "Platform": "windows",
      "Raw": "Image loaded:\nRuleName: -\nUtcTime: 2024-04-16 15:04:29.987\nProcessGuid: {3f8ed041-937d-661e-891e-000000009a00}\nProcessId: 9092\nImage: C:\\Windows\\Temp\\{D124B507-9F4C-44D0-B17D-C8AC3B6A18A9}\\_isDB6E.exe\nImageLoaded: C:\\Windows\\Temp\\{D124B507-9F4C-44D0-B17D-C8AC3B6A18A9}\\_isDB6E.exe\nFileVersion: 28.0.759\nDescription: InstallShield (R) 64-bit Setup Engine\nProduct: InstallShield\nCompany: Flexera\nOriginalFileName: ISBEW64.exe\nHashes: MD5=A73F181849D157BFA4C802A54BE7BF06,SHA256=037F8DE004E6E6BFCBC9B719A6A9198C4397E4561CC0107108E00233F94886D0,IMPHASH=389EC99BB2390095922B9867F011907F\nSigned: true\nSignature: Flexera Software LLC\nSignatureStatus: Valid\nUser: NT AUTHORITY\\SYSTEM"
    },
    {
      "EventCode": "1",
      "EventKind": "event",
      "EventProvider": "Microsoft-Windows-Sysmon",
      "EventId": 1,
      "EventSeverity": "Info",
      "Type": "process",
      "HostName": "dt-50766s3",
      "Platform": "windows",
      "Raw": "Process Create:\nRuleName: -\nUtcTime: 2024-04-16 15:04:29.973\nProcessGuid: {3f8ed041-937d-661e-881e-000000009a00}\nProcessId: 21540\nImage: C:\\Windows\\Temp\\{D124B507-9F4C-44D0-B17D-C8AC3B6A18A9}\\_isDB6E.exe\nFileVersion: 28.0.759\nDescription: InstallShield (R) 64-bit Setup Engine\nProduct: InstallShield\nCompany: Flexera\nOriginalFileName: ISBEW64.exe\nCommandLine: C:\\Windows\\TEMP\\{D124B507-9F4C-44D0-B17D-C8AC3B6A18A9}\\_isDB6E.exe {EFB7539B-24F3-46B6-AF6E-3B021B51EFEF}:{6130FCCA-54B3-4B90-8A9D-5B64C24B00C6}\nCurrentDirectory: C:\\Windows\\SysWOW64\\\nUser: NT AUTHORITY\\SYSTEM\nLogonGuid: {3f8ed041-f0be-661d-e703-000000000000}\nLogonId: 0x3E7\nTerminalSessionId: 0\nIntegrityLevel: System\nHashes: MD5=A73F181849D157BFA4C802A54BE7BF06,SHA256=037F8DE004E6E6BFCBC9B719A6A9198C4397E4561CC0107108E00233F94886D0,IMPHASH=389EC99BB2390095922B9867F011907F\nParentProcessGuid: {3f8ed041-934c-661e-bb1d-000000009a00}\nParentProcessId: 13060\nParentImage: C:\\Windows\\SysWOW64\\msiexec.exe\nParentCommandLine: C:\\Windows\\syswow64\\MsiExec.exe -Embedding C8F80DC68DB9447AC30CF5C8CE307A4E E Global\\MSI0000\nParentUser: NT AUTHORITY\\SYSTEM"
    },
    {
      "EventCode": "7",
      "EventKind": "event",
      "EventProvider": "Microsoft-Windows-Sysmon",
      "EventId": 7,
      "EventSeverity": "Info",
      "Type": "process",
      "HostName": "dt-50766s3",
      "Platform": "windows",
      "Raw": "Image loaded:\nRuleName: -\nUtcTime: 2024-04-16 15:04:29.957\nProcessGuid: {3f8ed041-937d-661e-871e-000000009a00}\nProcessId: 20596\nImage: C:\\Windows\\Temp\\{D124B507-9F4C-44D0-B17D-C8AC3B6A18A9}\\_isDB6E.exe\nImageLoaded: C:\\Windows\\Temp\\{D124B507-9F4C-44D0-B17D-C8AC3B6A18A9}\\_isDB6E.exe\nFileVersion: 28.0.759\nDescription: InstallShield (R) 64-bit Setup Engine\nProduct: InstallShield\nCompany: Flexera\nOriginalFileName: ISBEW64.exe\nHashes: MD5=A73F181849D157BFA4C802A54BE7BF06,SHA256=037F8DE004E6E6BFCBC9B719A6A9198C4397E4561CC0107108E00233F94886D0,IMPHASH=389EC99BB2390095922B9867F011907F\nSigned: true\nSignature: Flexera Software LLC\nSignatureStatus: Valid\nUser: NT AUTHORITY\\SYSTEM"
    },
    {
      "EventCode": "7",
      "EventKind": "event",
      "EventProvider": "Microsoft-Windows-Sysmon",
      "EventId": 7,
      "EventSeverity": "Info",
      "Type": "process",
      "HostName": "dt-50766s3",
      "Platform": "windows",
      "Raw": "Image loaded:\nRuleName: -\nUtcTime: 2024-04-16 15:04:29.967\nProcessGuid: {3f8ed041-937d-661e-881e-000000009a00}\nProcessId: 21540\nImage: C:\\Windows\\Temp\\{D124B507-9F4C-44D0-B17D-C8AC3B6A18A9}\\_isDB6E.exe\nImageLoaded: C:\\Windows\\Temp\\{D124B507-9F4C-44D0-B17D-C8AC3B6A18A9}\\_isDB6E.exe\nFileVersion: 28.0.759\nDescription: InstallShield (R) 64-bit Setup Engine\nProduct: InstallShield\nCompany: Flexera\nOriginalFileName: ISBEW64.exe\nHashes: MD5=A73F181849D157BFA4C802A54BE7BF06,SHA256=037F8DE004E6E6BFCBC9B719A6A9198C4397E4561CC0107108E00233F94886D0,IMPHASH=389EC99BB2390095922B9867F011907F\nSigned: true\nSignature: Flexera Software LLC\nSignatureStatus: Valid\nUser: NT AUTHORITY\\SYSTEM"
    },
    {
      "EventCode": "1",
      "EventKind": "event",
      "EventProvider": "Microsoft-Windows-Sysmon",
      "EventId": 1,
      "EventSeverity": "Info",
      "Type": "process",
      "HostName": "dt-50766s3",
      "Platform": "windows",
      "Raw": "Process Create:\nRuleName: -\nUtcTime: 2024-04-16 15:04:29.915\nProcessGuid: {3f8ed041-937d-661e-861e-000000009a00}\nProcessId: 15340\nImage: C:\\Windows\\Temp\\{D124B507-9F4C-44D0-B17D-C8AC3B6A18A9}\\_isDB6E.exe\nFileVersion: 28.0.759\nDescription: InstallShield (R) 64-bit Setup Engine\nProduct: InstallShield\nCompany: Flexera\nOriginalFileName: ISBEW64.exe\nCommandLine: C:\\Windows\\TEMP\\{D124B507-9F4C-44D0-B17D-C8AC3B6A18A9}\\_isDB6E.exe {EFB7539B-24F3-46B6-AF6E-3B021B51EFEF}:{E2066E1D-2387-4F8B-B85A-395F401DD3D2}\nCurrentDirectory: C:\\Windows\\SysWOW64\\\nUser: NT AUTHORITY\\SYSTEM\nLogonGuid: {3f8ed041-f0be-661d-e703-000000000000}\nLogonId: 0x3E7\nTerminalSessionId: 0\nIntegrityLevel: System\nHashes: MD5=A73F181849D157BFA4C802A54BE7BF06,SHA256=037F8DE004E6E6BFCBC9B719A6A9198C4397E4561CC0107108E00233F94886D0,IMPHASH=389EC99BB2390095922B9867F011907F\nParentProcessGuid: {3f8ed041-934c-661e-bb1d-000000009a00}\nParentProcessId: 13060\nParentImage: C:\\Windows\\SysWOW64\\msiexec.exe\nParentCommandLine: C:\\Windows\\syswow64\\MsiExec.exe -Embedding C8F80DC68DB9447AC30CF5C8CE307A4E E Global\\MSI0000\nParentUser: NT AUTHORITY\\SYSTEM"
    },
    {
      "EventCode": "1",
      "EventKind": "event",
      "EventProvider": "Microsoft-Windows-Sysmon",
      "EventId": 1,
      "EventSeverity": "Info",
      "Type": "process",
      "HostName": "dt-50766s3",
      "Platform": "windows",
      "Raw": "Process Create:\nRuleName: -\nUtcTime: 2024-04-16 15:04:29.957\nProcessGuid: {3f8ed041-937d-661e-871e-000000009a00}\nProcessId: 20596\nImage: C:\\Windows\\Temp\\{D124B507-9F4C-44D0-B17D-C8AC3B6A18A9}\\_isDB6E.exe\nFileVersion: 28.0.759\nDescription: InstallShield (R) 64-bit Setup Engine\nProduct: InstallShield\nCompany: Flexera\nOriginalFileName: ISBEW64.exe\nCommandLine: C:\\Windows\\TEMP\\{D124B507-9F4C-44D0-B17D-C8AC3B6A18A9}\\_isDB6E.exe {EFB7539B-24F3-46B6-AF6E-3B021B51EFEF}:{78265381-25E4-4281-A14D-598964553D43}\nCurrentDirectory: C:\\Windows\\SysWOW64\\\nUser: NT AUTHORITY\\SYSTEM\nLogonGuid: {3f8ed041-f0be-661d-e703-000000000000}\nLogonId: 0x3E7\nTerminalSessionId: 0\nIntegrityLevel: System\nHashes: MD5=A73F181849D157BFA4C802A54BE7BF06,SHA256=037F8DE004E6E6BFCBC9B719A6A9198C4397E4561CC0107108E00233F94886D0,IMPHASH=389EC99BB2390095922B9867F011907F\nParentProcessGuid: {3f8ed041-934c-661e-bb1d-000000009a00}\nParentProcessId: 13060\nParentImage: C:\\Windows\\SysWOW64\\msiexec.exe\nParentCommandLine: C:\\Windows\\syswow64\\MsiExec.exe -Embedding C8F80DC68DB9447AC30CF5C8CE307A4E E Global\\MSI0000\nParentUser: NT AUTHORITY\\SYSTEM"
    },
    {
      "EventCode": "7",
      "EventKind": "event",
      "EventProvider": "Microsoft-Windows-Sysmon",
      "EventId": 7,
      "EventSeverity": "Info",
      "Type": "process",
      "HostName": "dt-50766s3",
      "Platform": "windows",
      "Raw": "Image loaded:\nRuleName: -\nUtcTime: 2024-04-16 15:04:29.909\nProcessGuid: {3f8ed041-937d-661e-861e-000000009a00}\nProcessId: 15340\nImage: C:\\Windows\\Temp\\{D124B507-9F4C-44D0-B17D-C8AC3B6A18A9}\\_isDB6E.exe\nImageLoaded: C:\\Windows\\Temp\\{D124B507-9F4C-44D0-B17D-C8AC3B6A18A9}\\_isDB6E.exe\nFileVersion: 28.0.759\nDescription: InstallShield (R) 64-bit Setup Engine\nProduct: InstallShield\nCompany: Flexera\nOriginalFileName: ISBEW64.exe\nHashes: MD5=A73F181849D157BFA4C802A54BE7BF06,SHA256=037F8DE004E6E6BFCBC9B719A6A9198C4397E4561CC0107108E00233F94886D0,IMPHASH=389EC99BB2390095922B9867F011907F\nSigned: true\nSignature: Flexera Software LLC\nSignatureStatus: Valid\nUser: NT AUTHORITY\\SYSTEM"
    },
    {
      "EventCode": "7",
      "EventKind": "event",
      "EventProvider": "Microsoft-Windows-Sysmon",
      "EventId": 7,
      "EventSeverity": "Info",
      "Type": "process",
      "HostName": "dt-50766s3",
      "Platform": "windows",
      "Raw": "Image loaded:\nRuleName: -\nUtcTime: 2024-04-16 15:04:29.921\nProcessGuid: {3f8ed041-934c-661e-bb1d-000000009a00}\nProcessId: 13060\nImage: C:\\Windows\\SysWOW64\\msiexec.exe\nImageLoaded: C:\\Windows\\Temp\\{D124B507-9F4C-44D0-B17D-C8AC3B6A18A9}\\ISRT.dll\nFileVersion: 28.0.759\nDescription: InstallShield (R) RunTime DLL\nProduct: InstallShield\nCompany: Flexera\nOriginalFileName: ISRT.dll\nHashes: MD5=AC59556EFCF722E2C6D494574E90CF1C,SHA256=05E4939FABED71A2FD49D183046FB50506B9F585FF19375032A4DFE1CC29A243,IMPHASH=B2D0C7A7DD27F99B99F47778BDFF5749\nSigned: true\nSignature: Flexera Software LLC\nSignatureStatus: Valid\nUser: NT AUTHORITY\\SYSTEM"
    },
    {
      "EventCode": "7",
      "EventKind": "event",
      "EventProvider": "Microsoft-Windows-Sysmon",
      "EventId": 7,
      "EventSeverity": "Info",
      "Type": "process",
      "HostName": "dt-50766s3",
      "Platform": "windows",
      "Raw": "Image loaded:\nRuleName: -\nUtcTime: 2024-04-16 15:04:29.947\nProcessGuid: {3f8ed041-934c-661e-bb1d-000000009a00}\nProcessId: 13060\nImage: C:\\Windows\\SysWOW64\\msiexec.exe\nImageLoaded: C:\\Windows\\Temp\\{D124B507-9F4C-44D0-B17D-C8AC3B6A18A9}\\_isres_0x0409.dll\nFileVersion: 28.0.759\nDescription: InstallShield (R) Dialog Resources\nProduct: InstallShield\nCompany: Flexera\nOriginalFileName: _IsRes.dll\nHashes: MD5=3039201ECB01D5C41EAB44378E97B4F0,SHA256=42CA9895558C6F521879B30850D8DF98659D3AAD7DFFAF2C2509A174C2F51F9D,IMPHASH=67AF700C4A8D04FAB208836E7A191C41\nSigned: true\nSignature: Flexera Software LLC\nSignatureStatus: Valid\nUser: NT AUTHORITY\\SYSTEM"
    },
    {
      "EventCode": "7",
      "EventKind": "event",
      "EventProvider": "Microsoft-Windows-Sysmon",
      "EventId": 7,
      "EventSeverity": "Info",
      "Type": "process",
      "HostName": "dt-50766s3",
      "Platform": "windows",
      "Raw": "Image loaded:\nRuleName: -\nUtcTime: 2024-04-16 15:04:29.947\nProcessGuid: {3f8ed041-934c-661e-bb1d-000000009a00}\nProcessId: 13060\nImage: C:\\Windows\\SysWOW64\\msiexec.exe\nImageLoaded: C:\\Windows\\Temp\\{D124B507-9F4C-44D0-B17D-C8AC3B6A18A9}\\_isres_0x0409.dll\nFileVersion: 28.0.759\nDescription: InstallShield (R) Dialog Resources\nProduct: InstallShield\nCompany: Flexera\nOriginalFileName: _IsRes.dll\nHashes: MD5=3039201ECB01D5C41EAB44378E97B4F0,SHA256=42CA9895558C6F521879B30850D8DF98659D3AAD7DFFAF2C2509A174C2F51F9D,IMPHASH=67AF700C4A8D04FAB208836E7A191C41\nSigned: true\nSignature: Flexera Software LLC\nSignatureStatus: Valid\nUser: NT AUTHORITY\\SYSTEM"
    },
    {
      "EventCode": "1",
      "EventKind": "event",
      "EventProvider": "Microsoft-Windows-Sysmon",
      "EventId": 1,
      "EventSeverity": "Info",
      "Type": "process",
      "HostName": "dt-50766s3",
      "Platform": "windows",
      "Raw": "Process Create:\nRuleName: -\nUtcTime: 2024-04-16 15:04:29.900\nProcessGuid: {3f8ed041-937d-661e-851e-000000009a00}\nProcessId: 6624\nImage: C:\\Windows\\Temp\\{D124B507-9F4C-44D0-B17D-C8AC3B6A18A9}\\_isDB6E.exe\nFileVersion: 28.0.759\nDescription: InstallShield (R) 64-bit Setup Engine\nProduct: InstallShield\nCompany: Flexera\nOriginalFileName: ISBEW64.exe\nCommandLine: C:\\Windows\\TEMP\\{D124B507-9F4C-44D0-B17D-C8AC3B6A18A9}\\_isDB6E.exe {EFB7539B-24F3-46B6-AF6E-3B021B51EFEF}:{6086BECE-1EE6-4EED-90DA-C44456E5F9F2}\nCurrentDirectory: C:\\Windows\\SysWOW64\\\nUser: NT AUTHORITY\\SYSTEM\nLogonGuid: {3f8ed041-f0be-661d-e703-000000000000}\nLogonId: 0x3E7\nTerminalSessionId: 0\nIntegrityLevel: System\nHashes: MD5=A73F181849D157BFA4C802A54BE7BF06,SHA256=037F8DE004E6E6BFCBC9B719A6A9198C4397E4561CC0107108E00233F94886D0,IMPHASH=389EC99BB2390095922B9867F011907F\nParentProcessGuid: {3f8ed041-934c-661e-bb1d-000000009a00}\nParentProcessId: 13060\nParentImage: C:\\Windows\\SysWOW64\\msiexec.exe\nParentCommandLine: C:\\Windows\\syswow64\\MsiExec.exe -Embedding C8F80DC68DB9447AC30CF5C8CE307A4E E Global\\MSI0000\nParentUser: NT AUTHORITY\\SYSTEM"
    },
    {
      "EventCode": "7",
      "EventKind": "event",
      "EventProvider": "Microsoft-Windows-Sysmon",
      "EventId": 7,
      "EventSeverity": "Info",
      "Type": "process",
      "HostName": "dt-50766s3",
      "Platform": "windows",
      "Raw": "Image loaded:\nRuleName: -\nUtcTime: 2024-04-16 15:04:29.899\nProcessGuid: {3f8ed041-937d-661e-851e-000000009a00}\nProcessId: 6624\nImage: C:\\Windows\\Temp\\{D124B507-9F4C-44D0-B17D-C8AC3B6A18A9}\\_isDB6E.exe\nImageLoaded: C:\\Windows\\Temp\\{D124B507-9F4C-44D0-B17D-C8AC3B6A18A9}\\_isDB6E.exe\nFileVersion: 28.0.759\nDescription: InstallShield (R) 64-bit Setup Engine\nProduct: InstallShield\nCompany: Flexera\nOriginalFileName: ISBEW64.exe\nHashes: MD5=A73F181849D157BFA4C802A54BE7BF06,SHA256=037F8DE004E6E6BFCBC9B719A6A9198C4397E4561CC0107108E00233F94886D0,IMPHASH=389EC99BB2390095922B9867F011907F\nSigned: true\nSignature: Flexera Software LLC\nSignatureStatus: Valid\nUser: NT AUTHORITY\\SYSTEM"
    },
    {
      "EventCode": "1",
      "EventKind": "event",
      "EventProvider": "Microsoft-Windows-Sysmon",
      "EventId": 1,
      "EventSeverity": "Info",
      "Type": "process",
      "HostName": "dt-50766s3",
      "Platform": "windows",
      "Raw": "Process Create:\nRuleName: -\nUtcTime: 2024-04-16 15:04:29.874\nProcessGuid: {3f8ed041-937d-661e-831e-000000009a00}\nProcessId: 13876\nImage: C:\\Windows\\Temp\\{D124B507-9F4C-44D0-B17D-C8AC3B6A18A9}\\_isDB6E.exe\nFileVersion: 28.0.759\nDescription: InstallShield (R) 64-bit Setup Engine\nProduct: InstallShield\nCompany: Flexera\nOriginalFileName: ISBEW64.exe\nCommandLine: C:\\Windows\\TEMP\\{D124B507-9F4C-44D0-B17D-C8AC3B6A18A9}\\_isDB6E.exe {EFB7539B-24F3-46B6-AF6E-3B021B51EFEF}:{8E40C4A1-197F-400D-BBDE-76F3A9842E6B}\nCurrentDirectory: C:\\Windows\\SysWOW64\\\nUser: NT AUTHORITY\\SYSTEM\nLogonGuid: {3f8ed041-f0be-661d-e703-000000000000}\nLogonId: 0x3E7\nTerminalSessionId: 0\nIntegrityLevel: System\nHashes: MD5=A73F181849D157BFA4C802A54BE7BF06,SHA256=037F8DE004E6E6BFCBC9B719A6A9198C4397E4561CC0107108E00233F94886D0,IMPHASH=389EC99BB2390095922B9867F011907F\nParentProcessGuid: {3f8ed041-934c-661e-bb1d-000000009a00}\nParentProcessId: 13060\nParentImage: C:\\Windows\\SysWOW64\\msiexec.exe\nParentCommandLine: C:\\Windows\\syswow64\\MsiExec.exe -Embedding C8F80DC68DB9447AC30CF5C8CE307A4E E Global\\MSI0000\nParentUser: NT AUTHORITY\\SYSTEM"
    },
    {
      "EventCode": "1",
      "EventKind": "event",
      "EventProvider": "Microsoft-Windows-Sysmon",
      "EventId": 1,
      "EventSeverity": "Info",
      "Type": "process",
      "HostName": "dt-50766s3",
      "Platform": "windows",
      "Raw": "Process Create:\nRuleName: -\nUtcTime: 2024-04-16 15:04:29.887\nProcessGuid: {3f8ed041-937d-661e-841e-000000009a00}\nProcessId: 13752\nImage: C:\\Windows\\Temp\\{D124B507-9F4C-44D0-B17D-C8AC3B6A18A9}\\_isDB6E.exe\nFileVersion: 28.0.759\nDescription: InstallShield (R) 64-bit Setup Engine\nProduct: InstallShield\nCompany: Flexera\nOriginalFileName: ISBEW64.exe\nCommandLine: C:\\Windows\\TEMP\\{D124B507-9F4C-44D0-B17D-C8AC3B6A18A9}\\_isDB6E.exe {EFB7539B-24F3-46B6-AF6E-3B021B51EFEF}:{1C8D7135-8C3D-4985-90EF-49DB5A409394}\nCurrentDirectory: C:\\Windows\\SysWOW64\\\nUser: NT AUTHORITY\\SYSTEM\nLogonGuid: {3f8ed041-f0be-661d-e703-000000000000}\nLogonId: 0x3E7\nTerminalSessionId: 0\nIntegrityLevel: System\nHashes: MD5=A73F181849D157BFA4C802A54BE7BF06,SHA256=037F8DE004E6E6BFCBC9B719A6A9198C4397E4561CC0107108E00233F94886D0,IMPHASH=389EC99BB2390095922B9867F011907F\nParentProcessGuid: {3f8ed041-934c-661e-bb1d-000000009a00}\nParentProcessId: 13060\nParentImage: C:\\Windows\\SysWOW64\\msiexec.exe\nParentCommandLine: C:\\Windows\\syswow64\\MsiExec.exe -Embedding C8F80DC68DB9447AC30CF5C8CE307A4E E Global\\MSI0000\nParentUser: NT AUTHORITY\\SYSTEM"
    },
    {
      "EventCode": "7",
      "EventKind": "event",
      "EventProvider": "Microsoft-Windows-Sysmon",
      "EventId": 7,
      "EventSeverity": "Info",
      "Type": "process",
      "HostName": "dt-50766s3",
      "Platform": "windows",
      "Raw": "Image loaded:\nRuleName: -\nUtcTime: 2024-04-16 15:04:29.869\nProcessGuid: {3f8ed041-937d-661e-831e-000000009a00}\nProcessId: 13876\nImage: C:\\Windows\\Temp\\{D124B507-9F4C-44D0-B17D-C8AC3B6A18A9}\\_isDB6E.exe\nImageLoaded: C:\\Windows\\Temp\\{D124B507-9F4C-44D0-B17D-C8AC3B6A18A9}\\_isDB6E.exe\nFileVersion: 28.0.759\nDescription: InstallShield (R) 64-bit Setup Engine\nProduct: InstallShield\nCompany: Flexera\nOriginalFileName: ISBEW64.exe\nHashes: MD5=A73F181849D157BFA4C802A54BE7BF06,SHA256=037F8DE004E6E6BFCBC9B719A6A9198C4397E4561CC0107108E00233F94886D0,IMPHASH=389EC99BB2390095922B9867F011907F\nSigned: true\nSignature: Flexera Software LLC\nSignatureStatus: Valid\nUser: NT AUTHORITY\\SYSTEM"
    },
    {
      "EventCode": "7",
      "EventKind": "event",
      "EventProvider": "Microsoft-Windows-Sysmon",
      "EventId": 7,
      "EventSeverity": "Info",
      "Type": "process",
      "HostName": "dt-50766s3",
      "Platform": "windows",
      "Raw": "Image loaded:\nRuleName: -\nUtcTime: 2024-04-16 15:04:29.879\nProcessGuid: {3f8ed041-937d-661e-841e-000000009a00}\nProcessId: 13752\nImage: C:\\Windows\\Temp\\{D124B507-9F4C-44D0-B17D-C8AC3B6A18A9}\\_isDB6E.exe\nImageLoaded: C:\\Windows\\Temp\\{D124B507-9F4C-44D0-B17D-C8AC3B6A18A9}\\_isDB6E.exe\nFileVersion: 28.0.759\nDescription: InstallShield (R) 64-bit Setup Engine\nProduct: InstallShield\nCompany: Flexera\nOriginalFileName: ISBEW64.exe\nHashes: MD5=A73F181849D157BFA4C802A54BE7BF06,SHA256=037F8DE004E6E6BFCBC9B719A6A9198C4397E4561CC0107108E00233F94886D0,IMPHASH=389EC99BB2390095922B9867F011907F\nSigned: true\nSignature: Flexera Software LLC\nSignatureStatus: Valid\nUser: NT AUTHORITY\\SYSTEM"
    },
    {
      "EventCode": "1",
      "EventKind": "event",
      "EventProvider": "Microsoft-Windows-Sysmon",
      "EventId": 1,
      "EventSeverity": "Info",
      "Type": "process",
      "HostName": "dt-50766s3",
      "Platform": "windows",
      "Raw": "Process Create:\nRuleName: -\nUtcTime: 2024-04-16 15:04:29.858\nProcessGuid: {3f8ed041-937d-661e-821e-000000009a00}\nProcessId: 6648\nImage: C:\\Windows\\Temp\\{D124B507-9F4C-44D0-B17D-C8AC3B6A18A9}\\_isDB6E.exe\nFileVersion: 28.0.759\nDescription: InstallShield (R) 64-bit Setup Engine\nProduct: InstallShield\nCompany: Flexera\nOriginalFileName: ISBEW64.exe\nCommandLine: C:\\Windows\\TEMP\\{D124B507-9F4C-44D0-B17D-C8AC3B6A18A9}\\_isDB6E.exe {EFB7539B-24F3-46B6-AF6E-3B021B51EFEF}:{BBCD21A1-857B-4B8F-AA02-F8809F4B6AC0}\nCurrentDirectory: C:\\Windows\\SysWOW64\\\nUser: NT AUTHORITY\\SYSTEM\nLogonGuid: {3f8ed041-f0be-661d-e703-000000000000}\nLogonId: 0x3E7\nTerminalSessionId: 0\nIntegrityLevel: System\nHashes: MD5=A73F181849D157BFA4C802A54BE7BF06,SHA256=037F8DE004E6E6BFCBC9B719A6A9198C4397E4561CC0107108E00233F94886D0,IMPHASH=389EC99BB2390095922B9867F011907F\nParentProcessGuid: {3f8ed041-934c-661e-bb1d-000000009a00}\nParentProcessId: 13060\nParentImage: C:\\Windows\\SysWOW64\\msiexec.exe\nParentCommandLine: C:\\Windows\\syswow64\\MsiExec.exe -Embedding C8F80DC68DB9447AC30CF5C8CE307A4E E Global\\MSI0000\nParentUser: NT AUTHORITY\\SYSTEM"
    },
    {
      "EventCode": "7",
      "EventKind": "event",
      "EventProvider": "Microsoft-Windows-Sysmon",
      "EventId": 7,
      "EventSeverity": "Info",
      "Type": "process",
      "HostName": "dt-50766s3",
      "Platform": "windows",
      "Raw": "Image loaded:\nRuleName: -\nUtcTime: 2024-04-16 15:04:29.859\nProcessGuid: {3f8ed041-937d-661e-821e-000000009a00}\nProcessId: 6648\nImage: C:\\Windows\\Temp\\{D124B507-9F4C-44D0-B17D-C8AC3B6A18A9}\\_isDB6E.exe\nImageLoaded: C:\\Windows\\Temp\\{D124B507-9F4C-44D0-B17D-C8AC3B6A18A9}\\_isDB6E.exe\nFileVersion: 28.0.759\nDescription: InstallShield (R) 64-bit Setup Engine\nProduct: InstallShield\nCompany: Flexera\nOriginalFileName: ISBEW64.exe\nHashes: MD5=A73F181849D157BFA4C802A54BE7BF06,SHA256=037F8DE004E6E6BFCBC9B719A6A9198C4397E4561CC0107108E00233F94886D0,IMPHASH=389EC99BB2390095922B9867F011907F\nSigned: true\nSignature: Flexera Software LLC\nSignatureStatus: Valid\nUser: NT AUTHORITY\\SYSTEM"
    },
    {
      "EventCode": "7040",
      "EventKind": "event",
      "EventProvider": "Service Control Manager",
      "EventId": 7040,
      "EventSeverity": null,
      "Type": "system",
      "HostName": "dt-50766s3",
      "Platform": "windows",
      "Raw": "The start type of the Dell Client Management Service service was changed from auto start to disabled."
    },
    {
      "EventCode": "4688",
      "EventKind": "event",
      "EventProvider": "Microsoft-Windows-Security-Auditing",
      "EventId": 4688,
      "EventSeverity": "Info",
      "Type": "process",
      "HostName": "dt-50766s3",
      "Platform": "windows",
      "Raw": "A new process has been created.\n\nCreator Subject:\n\tSecurity ID:\t\tS-1-5-18\n\tAccount Name:\t\tDT-50766S3$\n\tAccount Domain:\t\tHALFMOONCLUB\n\tLogon ID:\t\t0x3E7\n\nTarget Subject:\n\tSecurity ID:\t\tS-1-0-0\n\tAccount Name:\t\t-\n\tAccount Domain:\t\t-\n\tLogon ID:\t\t0x0\n\nProcess Information:\n\tNew Process ID:\t\t0x4558\n\tNew Process Name:\tC:\\Windows\\Temp\\{D124B507-9F4C-44D0-B17D-C8AC3B6A18A9}\\_isDB6E.exe\n\tToken Elevation Type:\t%%1936\n\tMandatory Label:\t\tS-1-16-16384\n\tCreator Process ID:\t0x3304\n\tCreator Process Name:\tC:\\Windows\\SysWOW64\\msiexec.exe\n\tProcess Command Line:\t\n\nToken Elevation Type indicates the type of token that was assigned to the new process in accordance with User Account Control policy.\n\nType 1 is a full token with no privileges removed or groups disabled.  A full token is only used if User Account Control is disabled or if the user is the built-in Administrator account or a service account.\n\nType 2 is an elevated token with no privileges removed or groups disabled.  An elevated token is used when User Account Control is enabled and the user chooses to start the program using Run as administrator.  An elevated token is also used when an application is configured to always require administrative privilege or to always require maximum privilege, and the user is a member of the Administrators group.\n\nType 3 is a limited token with administrative privileges removed and administrative groups disabled.  The limited token is used when User Account Control is enabled, the application does not require administrative privilege, and the user does not choose to start the program using Run as administrator."
    },
    {
      "EventCode": "4688",
      "EventKind": "event",
      "EventProvider": "Microsoft-Windows-Security-Auditing",
      "EventId": 4688,
      "EventSeverity": "Info",
      "Type": "process",
      "HostName": "dt-50766s3",
      "Platform": "windows",
      "Raw": "A new process has been created.\n\nCreator Subject:\n\tSecurity ID:\t\tS-1-5-18\n\tAccount Name:\t\tDT-50766S3$\n\tAccount Domain:\t\tHALFMOONCLUB\n\tLogon ID:\t\t0x3E7\n\nTarget Subject:\n\tSecurity ID:\t\tS-1-0-0\n\tAccount Name:\t\t-\n\tAccount Domain:\t\t-\n\tLogon ID:\t\t0x0\n\nProcess Information:\n\tNew Process ID:\t\t0x3c30\n\tNew Process Name:\tC:\\Windows\\Temp\\{D124B507-9F4C-44D0-B17D-C8AC3B6A18A9}\\_isDB6E.exe\n\tToken Elevation Type:\t%%1936\n\tMandatory Label:\t\tS-1-16-16384\n\tCreator Process ID:\t0x3304\n\tCreator Process Name:\tC:\\Windows\\SysWOW64\\msiexec.exe\n\tProcess Command Line:\t\n\nToken Elevation Type indicates the type of token that was assigned to the new process in accordance with User Account Control policy.\n\nType 1 is a full token with no privileges removed or groups disabled.  A full token is only used if User Account Control is disabled or if the user is the built-in Administrator account or a service account.\n\nType 2 is an elevated token with no privileges removed or groups disabled.  An elevated token is used when User Account Control is enabled and the user chooses to start the program using Run as administrator.  An elevated token is also used when an application is configured to always require administrative privilege or to always require maximum privilege, and the user is a member of the Administrators group.\n\nType 3 is a limited token with administrative privileges removed and administrative groups disabled.  The limited token is used when User Account Control is enabled, the application does not require administrative privilege, and the user does not choose to start the program using Run as administrator."
    },
    {
      "EventCode": "4688",
      "EventKind": "event",
      "EventProvider": "Microsoft-Windows-Security-Auditing",
      "EventId": 4688,
      "EventSeverity": "Info",
      "Type": "process",
      "HostName": "dt-50766s3",
      "Platform": "windows",
      "Raw": "A new process has been created.\n\nCreator Subject:\n\tSecurity ID:\t\tS-1-5-18\n\tAccount Name:\t\tDT-50766S3$\n\tAccount Domain:\t\tHALFMOONCLUB\n\tLogon ID:\t\t0x3E7\n\nTarget Subject:\n\tSecurity ID:\t\tS-1-0-0\n\tAccount Name:\t\t-\n\tAccount Domain:\t\t-\n\tLogon ID:\t\t0x0\n\nProcess Information:\n\tNew Process ID:\t\t0x5074\n\tNew Process Name:\tC:\\Windows\\Temp\\{D124B507-9F4C-44D0-B17D-C8AC3B6A18A9}\\_isDB6E.exe\n\tToken Elevation Type:\t%%1936\n\tMandatory Label:\t\tS-1-16-16384\n\tCreator Process ID:\t0x3304\n\tCreator Process Name:\tC:\\Windows\\SysWOW64\\msiexec.exe\n\tProcess Command Line:\t\n\nToken Elevation Type indicates the type of token that was assigned to the new process in accordance with User Account Control policy.\n\nType 1 is a full token with no privileges removed or groups disabled.  A full token is only used if User Account Control is disabled or if the user is the built-in Administrator account or a service account.\n\nType 2 is an elevated token with no privileges removed or groups disabled.  An elevated token is used when User Account Control is enabled and the user chooses to start the program using Run as administrator.  An elevated token is also used when an application is configured to always require administrative privilege or to always require maximum privilege, and the user is a member of the Administrators group.\n\nType 3 is a limited token with administrative privileges removed and administrative groups disabled.  The limited token is used when User Account Control is enabled, the application does not require administrative privilege, and the user does not choose to start the program using Run as administrator."
    },
    {
      "EventCode": "4688",
      "EventKind": "event",
      "EventProvider": "Microsoft-Windows-Security-Auditing",
      "EventId": 4688,
      "EventSeverity": "Info",
      "Type": "process",
      "HostName": "dt-50766s3",
      "Platform": "windows",
      "Raw": "A new process has been created.\n\nCreator Subject:\n\tSecurity ID:\t\tS-1-5-18\n\tAccount Name:\t\tDT-50766S3$\n\tAccount Domain:\t\tHALFMOONCLUB\n\tLogon ID:\t\t0x3E7\n\nTarget Subject:\n\tSecurity ID:\t\tS-1-0-0\n\tAccount Name:\t\t-\n\tAccount Domain:\t\t-\n\tLogon ID:\t\t0x0\n\nProcess Information:\n\tNew Process ID:\t\t0x5424\n\tNew Process Name:\tC:\\Windows\\Temp\\{D124B507-9F4C-44D0-B17D-C8AC3B6A18A9}\\_isDB6E.exe\n\tToken Elevation Type:\t%%1936\n\tMandatory Label:\t\tS-1-16-16384\n\tCreator Process ID:\t0x3304\n\tCreator Process Name:\tC:\\Windows\\SysWOW64\\msiexec.exe\n\tProcess Command Line:\t\n\nToken Elevation Type indicates the type of token that was assigned to the new process in accordance with User Account Control policy.\n\nType 1 is a full token with no privileges removed or groups disabled.  A full token is only used if User Account Control is disabled or if the user is the built-in Administrator account or a service account.\n\nType 2 is an elevated token with no privileges removed or groups disabled.  An elevated token is used when User Account Control is enabled and the user chooses to start the program using Run as administrator.  An elevated token is also used when an application is configured to always require administrative privilege or to always require maximum privilege, and the user is a member of the Administrators group.\n\nType 3 is a limited token with administrative privileges removed and administrative groups disabled.  The limited token is used when User Account Control is enabled, the application does not require administrative privilege, and the user does not choose to start the program using Run as administrator."
    },
    {
      "EventCode": "4688",
      "EventKind": "event",
      "EventProvider": "Microsoft-Windows-Security-Auditing",
      "EventId": 4688,
      "EventSeverity": "Info",
      "Type": "process",
      "HostName": "dt-50766s3",
      "Platform": "windows",
      "Raw": "A new process has been created.\n\nCreator Subject:\n\tSecurity ID:\t\tS-1-5-18\n\tAccount Name:\t\tDT-50766S3$\n\tAccount Domain:\t\tHALFMOONCLUB\n\tLogon ID:\t\t0x3E7\n\nTarget Subject:\n\tSecurity ID:\t\tS-1-0-0\n\tAccount Name:\t\t-\n\tAccount Domain:\t\t-\n\tLogon ID:\t\t0x0\n\nProcess Information:\n\tNew Process ID:\t\t0x2384\n\tNew Process Name:\tC:\\Windows\\Temp\\{D124B507-9F4C-44D0-B17D-C8AC3B6A18A9}\\_isDB6E.exe\n\tToken Elevation Type:\t%%1936\n\tMandatory Label:\t\tS-1-16-16384\n\tCreator Process ID:\t0x3304\n\tCreator Process Name:\tC:\\Windows\\SysWOW64\\msiexec.exe\n\tProcess Command Line:\t\n\nToken Elevation Type indicates the type of token that was assigned to the new process in accordance with User Account Control policy.\n\nType 1 is a full token with no privileges removed or groups disabled.  A full token is only used if User Account Control is disabled or if the user is the built-in Administrator account or a service account.\n\nType 2 is an elevated token with no privileges removed or groups disabled.  An elevated token is used when User Account Control is enabled and the user chooses to start the program using Run as administrator.  An elevated token is also used when an application is configured to always require administrative privilege or to always require maximum privilege, and the user is a member of the Administrators group.\n\nType 3 is a limited token with administrative privileges removed and administrative groups disabled.  The limited token is used when User Account Control is enabled, the application does not require administrative privilege, and the user does not choose to start the program using Run as administrator."
    },
    {
      "EventCode": "4688",
      "EventKind": "event",
      "EventProvider": "Microsoft-Windows-Security-Auditing",
      "EventId": 4688,
      "EventSeverity": "Info",
      "Type": "process",
      "HostName": "dt-50766s3",
      "Platform": "windows",
