      "Raw": "A new process has been created.\n\nCreator Subject:\n\tSecurity ID:\t\tS-1-5-18\n\tAccount Name:\t\tDT-50766S3$\n\tAccount Domain:\t\tHALFMOONCLUB\n\tLogon ID:\t\t0x3E7\n\nTarget Subject:\n\tSecurity ID:\t\tS-1-0-0\n\tAccount Name:\t\t-\n\tAccount Domain:\t\t-\n\tLogon ID:\t\t0x0\n\nProcess Information:\n\tNew Process ID:\t\t0x3bec\n\tNew Process Name:\tC:\\Windows\\Temp\\{D124B507-9F4C-44D0-B17D-C8AC3B6A18A9}\\_isDB6E.exe\n\tToken Elevation Type:\t%%1936\n\tMandatory Label:\t\tS-1-16-16384\n\tCreator Process ID:\t0x3304\n\tCreator Process Name:\tC:\\Windows\\SysWOW64\\msiexec.exe\n\tProcess Command Line:\t\n\nToken Elevation Type indicates the type of token that was assigned to the new process in accordance with User Account Control policy.\n\nType 1 is a full token with no privileges removed or groups disabled.  A full token is only used if User Account Control is disabled or if the user is the built-in Administrator account or a service account.\n\nType 2 is an elevated token with no privileges removed or groups disabled.  An elevated token is used when User Account Control is enabled and the user chooses to start the program using Run as administrator.  An elevated token is also used when an application is configured to always require administrative privilege or to always require maximum privilege, and the user is a member of the Administrators group.\n\nType 3 is a limited token with administrative privileges removed and administrative groups disabled.  The limited token is used when User Account Control is enabled, the application does not require administrative privilege, and the user does not choose to start the program using Run as administrator."
    },
    {
      "EventCode": "4688",
      "EventKind": "event",
      "EventProvider": "Microsoft-Windows-Security-Auditing",
      "EventId": 4688,
      "EventSeverity": "Info",
      "Type": "process",
      "HostName": "dt-50766s3",
      "Platform": "windows",
      "Raw": "A new process has been created.\n\nCreator Subject:\n\tSecurity ID:\t\tS-1-5-18\n\tAccount Name:\t\tDT-50766S3$\n\tAccount Domain:\t\tHALFMOONCLUB\n\tLogon ID:\t\t0x3E7\n\nTarget Subject:\n\tSecurity ID:\t\tS-1-0-0\n\tAccount Name:\t\t-\n\tAccount Domain:\t\t-\n\tLogon ID:\t\t0x0\n\nProcess Information:\n\tNew Process ID:\t\t0x19e0\n\tNew Process Name:\tC:\\Windows\\Temp\\{D124B507-9F4C-44D0-B17D-C8AC3B6A18A9}\\_isDB6E.exe\n\tToken Elevation Type:\t%%1936\n\tMandatory Label:\t\tS-1-16-16384\n\tCreator Process ID:\t0x3304\n\tCreator Process Name:\tC:\\Windows\\SysWOW64\\msiexec.exe\n\tProcess Command Line:\t\n\nToken Elevation Type indicates the type of token that was assigned to the new process in accordance with User Account Control policy.\n\nType 1 is a full token with no privileges removed or groups disabled.  A full token is only used if User Account Control is disabled or if the user is the built-in Administrator account or a service account.\n\nType 2 is an elevated token with no privileges removed or groups disabled.  An elevated token is used when User Account Control is enabled and the user chooses to start the program using Run as administrator.  An elevated token is also used when an application is configured to always require administrative privilege or to always require maximum privilege, and the user is a member of the Administrators group.\n\nType 3 is a limited token with administrative privileges removed and administrative groups disabled.  The limited token is used when User Account Control is enabled, the application does not require administrative privilege, and the user does not choose to start the program using Run as administrator."
    },
    {
      "EventCode": "4634",
      "EventKind": "event",
      "EventProvider": "Microsoft-Windows-Security-Auditing",
      "EventId": 4634,
      "EventSeverity": "Info",
      "Type": "authentication",
      "HostName": "dt-csxrl52",
      "Platform": "windows",
      "Raw": "An account was logged off.\n\nSubject:\n\tSecurity ID:\t\tS-1-5-21-1202660629-1563985344-839522115-2767\n\tAccount Name:\t\tSpa2\n\tAccount Domain:\t\tHALFMOONCLUB\n\tLogon ID:\t\t0x1A21061\n\nLogon Type:\t\t\t3\n\nThis event is generated when a logon session is destroyed. It may be positively correlated with a logon event using the Logon ID value. Logon IDs are only unique between reboots on the same computer."
    },
    {
      "EventCode": "4688",
      "EventKind": "event",
      "EventProvider": "Microsoft-Windows-Security-Auditing",
      "EventId": 4688,
      "EventSeverity": "Info",
      "Type": "process",
      "HostName": "dt-bocmn02",
      "Platform": "windows",
      "Raw": "A new process has been created.\n\nCreator Subject:\n\tSecurity ID:\t\tS-1-5-18\n\tAccount Name:\t\tDT-BOCMN02$\n\tAccount Domain:\t\tHALFMOONCLUB\n\tLogon ID:\t\t0x3E7\n\nTarget Subject:\n\tSecurity ID:\t\tS-1-0-0\n\tAccount Name:\t\t-\n\tAccount Domain:\t\t-\n\tLogon ID:\t\t0x0\n\nProcess Information:\n\tNew Process ID:\t\t0x1f98\n\tNew Process Name:\tC:\\Program Files (x86)\\CentraStage\\CagService.exe\n\tToken Elevation Type:\t%%1936\n\tMandatory Label:\t\tS-1-16-16384\n\tCreator Process ID:\t0x2d8\n\tCreator Process Name:\tC:\\Windows\\System32\\services.exe\n\tProcess Command Line:\t\n\nToken Elevation Type indicates the type of token that was assigned to the new process in accordance with User Account Control policy.\n\nType 1 is a full token with no privileges removed or groups disabled.  A full token is only used if User Account Control is disabled or if the user is the built-in Administrator account or a service account.\n\nType 2 is an elevated token with no privileges removed or groups disabled.  An elevated token is used when User Account Control is enabled and the user chooses to start the program using Run as administrator.  An elevated token is also used when an application is configured to always require administrative privilege or to always require maximum privilege, and the user is a member of the Administrators group.\n\nType 3 is a limited token with administrative privileges removed and administrative groups disabled.  The limited token is used when User Account Control is enabled, the application does not require administrative privilege, and the user does not choose to start the program using Run as administrator."
    },
    {
      "EventCode": "4688",
      "EventKind": "event",
      "EventProvider": "Microsoft-Windows-Security-Auditing",
      "EventId": 4688,
      "EventSeverity": "Info",
      "Type": "process",
      "HostName": "dt-mxl41708hd",
      "Platform": "windows",
      "Raw": "A new process has been created.\n\nCreator Subject:\n\tSecurity ID:\t\tS-1-5-21-1202660629-1563985344-839522115-2185\n\tAccount Name:\t\tmaintenance\n\tAccount Domain:\t\tHALFMOONCLUB\n\tLogon ID:\t\t0x1B4ECB\n\nTarget Subject:\n\tSecurity ID:\t\tS-1-0-0\n\tAccount Name:\t\t-\n\tAccount Domain:\t\t-\n\tLogon ID:\t\t0x0\n\nProcess Information:\n\tNew Process ID:\t\t0x26b0\n\tNew Process Name:\tC:\\Program Files (x86)\\Internet Explorer\\iexplore.exe\n\tToken Elevation Type:\t%%1936\n\tMandatory Label:\t\tS-1-16-8192\n\tCreator Process ID:\t0x32b8\n\tCreator Process Name:\tC:\\Program Files\\Internet Explorer\\iexplore.exe\n\tProcess Command Line:\t\n\nToken Elevation Type indicates the type of token that was assigned to the new process in accordance with User Account Control policy.\n\nType 1 is a full token with no privileges removed or groups disabled.  A full token is only used if User Account Control is disabled or if the user is the built-in Administrator account or a service account.\n\nType 2 is an elevated token with no privileges removed or groups disabled.  An elevated token is used when User Account Control is enabled and the user chooses to start the program using Run as administrator.  An elevated token is also used when an application is configured to always require administrative privilege or to always require maximum privilege, and the user is a member of the Administrators group.\n\nType 3 is a limited token with administrative privileges removed and administrative groups disabled.  The limited token is used when User Account Control is enabled, the application does not require administrative privilege, and the user does not choose to start the program using Run as administrator."
    },
    {
      "EventCode": "1",
      "EventKind": "event",
      "EventProvider": "Microsoft-Windows-Sysmon",
      "EventId": 1,
      "EventSeverity": "Info",
      "Type": "process",
      "HostName": "dt-mxl41708hd",
      "Platform": "windows",
      "Raw": "Process Create:\nRuleName: -\nUtcTime: 2024-04-16 15:04:30.129\nProcessGuid: {b12883fc-937e-661e-f6bb-00000000a800}\nProcessId: 13488\nImage: C:\\Program Files (x86)\\Internet Explorer\\iexplore.exe\nFileVersion: 11.00.19041.3636 (WinBuild.160101.0800)\nDescription: Internet Explorer\nProduct: Internet Explorer\nCompany: Microsoft Corporation\nOriginalFileName: IEXPLORE.EXE\nCommandLine: \"C:\\Program Files (x86)\\Internet Explorer\\IEXPLORE.EXE\" SCODEF:12984 CREDAT:82992 APPID:MSEdge.UserData.Profile1 /prefetch:2\nCurrentDirectory: C:\\Users\\maintenance\\Desktop\\\nUser: HALFMOONCLUB\\maintenance\nLogonGuid: {b12883fc-8c3d-6619-cb4e-1b0000000000}\nLogonId: 0x1B4ECB\nTerminalSessionId: 1\nIntegrityLevel: Medium\nHashes: MD5=4D52DFE6452FF34F3577D3E622FCBECD,SHA256=8BE630D01EF5A7ADDFBA5D3B375708C911924687092451E7E32A73AAB3902D08,IMPHASH=42648D091AF4DC000981DB1828BE9EA8\nParentProcessGuid: {b12883fc-fd1f-661b-ed58-00000000a800}\nParentProcessId: 12984\nParentImage: C:\\Program Files\\Internet Explorer\\iexplore.exe\nParentCommandLine: \"C:\\Program Files\\Internet Explorer\\iexplore.exe\" -dualengineadapter=\"C:\\Program Files (x86)\\Microsoft\\Edge\\Application\\123.0.2420.81\\dual_engine_adapter_x64.dll\" -dualenginepipe=5036 APPID:MSEdge.UserData.Profile1\nParentUser: HALFMOONCLUB\\maintenance"
    },
    {
      "EventCode": "1",
      "EventKind": "event",
      "EventProvider": "Microsoft-Windows-Sysmon",
      "EventId": 1,
      "EventSeverity": "Info",
      "Type": "process",
      "HostName": "dt-mxl41708hd",
      "Platform": "windows",
      "Raw": "Process Create:\nRuleName: -\nUtcTime: 2024-04-16 15:04:29.366\nProcessGuid: {b12883fc-937d-661e-f5bb-00000000a800}\nProcessId: 5304\nImage: C:\\Program Files (x86)\\Internet Explorer\\iexplore.exe\nFileVersion: 11.00.19041.3636 (WinBuild.160101.0800)\nDescription: Internet Explorer\nProduct: Internet Explorer\nCompany: Microsoft Corporation\nOriginalFileName: IEXPLORE.EXE\nCommandLine: \"C:\\Program Files (x86)\\Internet Explorer\\IEXPLORE.EXE\" SCODEF:12984 CREDAT:82990 APPID:MSEdge.UserData.Profile1 /prefetch:2\nCurrentDirectory: C:\\Users\\maintenance\\Desktop\\\nUser: HALFMOONCLUB\\maintenance\nLogonGuid: {b12883fc-8c3d-6619-cb4e-1b0000000000}\nLogonId: 0x1B4ECB\nTerminalSessionId: 1\nIntegrityLevel: Medium\nHashes: MD5=4D52DFE6452FF34F3577D3E622FCBECD,SHA256=8BE630D01EF5A7ADDFBA5D3B375708C911924687092451E7E32A73AAB3902D08,IMPHASH=42648D091AF4DC000981DB1828BE9EA8\nParentProcessGuid: {b12883fc-fd1f-661b-ed58-00000000a800}\nParentProcessId: 12984\nParentImage: C:\\Program Files\\Internet Explorer\\iexplore.exe\nParentCommandLine: \"C:\\Program Files\\Internet Explorer\\iexplore.exe\" -dualengineadapter=\"C:\\Program Files (x86)\\Microsoft\\Edge\\Application\\123.0.2420.81\\dual_engine_adapter_x64.dll\" -dualenginepipe=5036 APPID:MSEdge.UserData.Profile1\nParentUser: HALFMOONCLUB\\maintenance"
    },
    {
      "EventCode": "3",
      "EventKind": "event",
      "EventProvider": "Microsoft-Windows-Sysmon",
      "EventId": 3,
      "EventSeverity": "Info",
      "Type": "network",
      "HostName": "dt-mxl41708hd",
      "Platform": "windows",
      "Raw": "Network connection detected:\nRuleName: -\nUtcTime: 2024-04-16 15:04:34.463\nProcessGuid: {00000000-0000-0000-0000-000000000000}\nProcessId: 12716\nImage: <unknown process>\nUser: -\nProtocol: tcp\nInitiated: true\nSourceIsIpv6: false\nSourceIp: 172.16.9.70\nSourceHostname: DT-MXL41708HD.halfmoonclub.com\nSourcePort: 53369\nSourcePortName: -\nDestinationIsIpv6: false\nDestinationIp: 147.154.39.77\nDestinationHostname: -\nDestinationPort: 443\nDestinationPortName: https"
    },
    {
      "EventCode": "3",
      "EventKind": "event",
      "EventProvider": "Microsoft-Windows-Sysmon",
      "EventId": 3,
      "EventSeverity": "Info",
      "Type": "network",
      "HostName": "dt-mxl41708hd",
      "Platform": "windows",
      "Raw": "Network connection detected:\nRuleName: -\nUtcTime: 2024-04-16 15:04:34.460\nProcessGuid: {00000000-0000-0000-0000-000000000000}\nProcessId: 12716\nImage: <unknown process>\nUser: -\nProtocol: tcp\nInitiated: true\nSourceIsIpv6: false\nSourceIp: 172.16.9.70\nSourceHostname: DT-MXL41708HD.halfmoonclub.com\nSourcePort: 53368\nSourcePortName: -\nDestinationIsIpv6: false\nDestinationIp: 147.154.39.77\nDestinationHostname: -\nDestinationPort: 443\nDestinationPortName: https"
    },
    {
      "EventCode": "3",
      "EventKind": "event",
      "EventProvider": "Microsoft-Windows-Sysmon",
      "EventId": 3,
      "EventSeverity": "Info",
      "Type": "network",
      "HostName": "dt-mxl41708hd",
      "Platform": "windows",
      "Raw": "Network connection detected:\nRuleName: -\nUtcTime: 2024-04-16 15:04:35.199\nProcessGuid: {00000000-0000-0000-0000-000000000000}\nProcessId: 7580\nImage: <unknown process>\nUser: -\nProtocol: tcp\nInitiated: true\nSourceIsIpv6: false\nSourceIp: 172.16.9.70\nSourceHostname: DT-MXL41708HD.halfmoonclub.com\nSourcePort: 53370\nSourcePortName: -\nDestinationIsIpv6: false\nDestinationIp: 147.154.39.77\nDestinationHostname: -\nDestinationPort: 443\nDestinationPortName: https"
    },
    {
      "EventCode": "3",
      "EventKind": "event",
      "EventProvider": "Microsoft-Windows-Sysmon",
      "EventId": 3,
      "EventSeverity": "Info",
      "Type": "network",
      "HostName": "dt-mxl41708hd",
      "Platform": "windows",
      "Raw": "Network connection detected:\nRuleName: -\nUtcTime: 2024-04-16 15:04:35.199\nProcessGuid: {00000000-0000-0000-0000-000000000000}\nProcessId: 7580\nImage: <unknown process>\nUser: -\nProtocol: tcp\nInitiated: true\nSourceIsIpv6: false\nSourceIp: 172.16.9.70\nSourceHostname: DT-MXL41708HD.halfmoonclub.com\nSourcePort: 53371\nSourcePortName: -\nDestinationIsIpv6: false\nDestinationIp: 147.154.39.77\nDestinationHostname: -\nDestinationPort: 443\nDestinationPortName: https"
    },
    {
      "EventCode": "1",
      "EventKind": "event",
      "EventProvider": "Microsoft-Windows-Sysmon",
      "EventId": 1,
      "EventSeverity": "Info",
      "Type": "process",
      "HostName": "hm-ips-db",
      "Platform": "windows",
      "Raw": "Process Create:\nRuleName: -\nUtcTime: 2024-04-16 15:04:30.396\nProcessGuid: {56429cce-937e-661e-69c7-0d0000000d00}\nProcessId: 724\nImage: C:\\Windows\\System32\\WindowsPowerShell\\v1.0\\powershell.exe\nFileVersion: 10.0.17763.1 (WinBuild.160101.0800)\nDescription: Windows PowerShell\nProduct: Microsoft速 Windows速 Operating System\nCompany: Microsoft Corporation\nOriginalFileName: PowerShell.EXE\nCommandLine: powershell.exe  \"Get-ItemProperty HKLM:\\software\\microsoft\\windows\\currentversion\\uninstall\\* | select-object displayversion,displayname | format-table -autosize\" \nCurrentDirectory: C:\\Windows\\system32\\\nUser: NT AUTHORITY\\SYSTEM\nLogonGuid: {56429cce-7989-65cc-e703-000000000000}\nLogonId: 0x3E7\nTerminalSessionId: 0\nIntegrityLevel: System\nHashes: MD5=7353F60B1739074EB17C5F4DDDEFE239,SHA256=DE96A6E69944335375DC1AC238336066889D9FFC7D73628EF4FE1B1B160AB32C,IMPHASH=741776AACCFC5B71FF59832DCDCACE0F\nParentProcessGuid: {56429cce-937e-661e-67c7-0d0000000d00}\nParentProcessId: 8460\nParentImage: C:\\Windows\\System32\\cmd.exe\nParentCommandLine: \"cmd.exe\" /C \"powershell.exe \"Get-ItemProperty HKLM:\\software\\microsoft\\windows\\currentversion\\uninstall\\* | select-object displayversion,displayname | format-table -autosize\" | find /i \"sql server 2017\" | find /i \"database engine services\"\"\nParentUser: NT AUTHORITY\\SYSTEM"
    },
    {
      "EventCode": "53504",
      "EventKind": "event",
      "EventProvider": "Microsoft-Windows-PowerShell",
      "EventId": 0,
      "EventSeverity": "Open (async)",
      "Type": "powershell",
      "HostName": "hm-ips-db",
      "Platform": "windows",
      "Raw": null
    },
    {
      "EventCode": "3",
      "EventKind": "event",
      "EventProvider": "Microsoft-Windows-Sysmon",
      "EventId": 3,
      "EventSeverity": "Info",
      "Type": "network",
      "HostName": "dt-it-h2c4gt3",
      "Platform": "windows",
      "Raw": "Network connection detected:\nRuleName: -\nUtcTime: 2024-04-16 15:04:23.430\nProcessGuid: {6e55bd77-2e42-661d-eadb-000000000600}\nProcessId: 4088\nImage: C:\\Program Files (x86)\\LabTech Client\\LTClient.exe\nUser: HALFMOONCLUB\\bkerr\nProtocol: tcp\nInitiated: true\nSourceIsIpv6: false\nSourceIp: 10.10.1.102\nSourceHostname: DT-IT-H2C4GT3.halfmoonclub.com\nSourcePort: 60361\nSourcePortName: -\nDestinationIsIpv6: false\nDestinationIp: 207.210.121.207\nDestinationHostname: -\nDestinationPort: 443\nDestinationPortName: https"
    },
    {
      "EventCode": "5145",
      "EventKind": "event",
      "EventProvider": "Microsoft-Windows-Security-Auditing",
      "EventId": 5145,
      "EventSeverity": "Info",
      "Type": "Detailed File Share",
      "HostName": "nas1w2k",
      "Platform": "windows",
      "Raw": "A network share object was checked to see whether client can be granted desired access.\n\t\nSubject:\n\tSecurity ID:\t\tS-1-5-21-1202660629-1563985344-839522115-9248\n\tAccount Name:\t\tmevans\n\tAccount Domain:\t\tHALFMOONCLUB\n\tLogon ID:\t\t0xD2374DB7\n\nNetwork Information:\t\n\tObject Type:\t\tFile\n\tSource Address:\t\t10.10.20.1\n\tSource Port:\t\t58142\n\t\nShare Information:\n\tShare Name:\t\t\\\\*\\Public1\n\tShare Path:\t\t\\??\\D:\\Shares\\Public1\n\tRelative Target Name:\tButlers\n\nAccess Request Information:\n\tAccess Mask:\t\t0x80\n\tAccesses:\t\tReadAttributes\n\t\t\t\t\nAccess Check Results:\n\tReadAttributes:\tGranted by\tD:(A;;FA;;;WD)\n\t\t\t\t"
    },
    {
      "EventCode": "5145",
      "EventKind": "event",
      "EventProvider": "Microsoft-Windows-Security-Auditing",
      "EventId": 5145,
      "EventSeverity": "Info",
      "Type": "Detailed File Share",
      "HostName": "nas1w2k",
      "Platform": "windows",
      "Raw": "A network share object was checked to see whether client can be granted desired access.\n\t\nSubject:\n\tSecurity ID:\t\tS-1-5-21-1202660629-1563985344-839522115-9248\n\tAccount Name:\t\tmevans\n\tAccount Domain:\t\tHALFMOONCLUB\n\tLogon ID:\t\t0xD2374DB7\n\nNetwork Information:\t\n\tObject Type:\t\tFile\n\tSource Address:\t\t10.10.20.1\n\tSource Port:\t\t58142\n\t\nShare Information:\n\tShare Name:\t\t\\\\*\\Reservations_Information\n\tShare Path:\t\t\\??\\D:\\Shares\\Public1\\Reservations_Information\n\tRelative Target Name:\t\\\n\nAccess Request Information:\n\tAccess Mask:\t\t0x80\n\tAccesses:\t\tReadAttributes\n\t\t\t\t\nAccess Check Results:\n\tReadAttributes:\tGranted by\tD:(A;OICI;FA;;;WD)\n\t\t\t\t"
    },
    {
      "EventCode": "4634",
      "EventKind": "event",
      "EventProvider": "Microsoft-Windows-Security-Auditing",
      "EventId": 4634,
      "EventSeverity": "Info",
      "Type": "authentication",
      "HostName": "hm-ad-02",
      "Platform": "windows",
      "Raw": "An account was logged off.\n\nSubject:\n\tSecurity ID:\t\tS-1-5-21-1202660629-1563985344-839522115-2777\n\tAccount Name:\t\tsblake\n\tAccount Domain:\t\tHALFMOONCLUB\n\tLogon ID:\t\t0x3359D48C\n\nLogon Type:\t\t\t3\n\nThis event is generated when a logon session is destroyed. It may be positively correlated with a logon event using the Logon ID value. Logon IDs are only unique between reboots on the same computer."
    },
    {
      "EventCode": "4688",
      "EventKind": "event",
      "EventProvider": "Microsoft-Windows-Security-Auditing",
      "EventId": 4688,
      "EventSeverity": "Info",
      "Type": "process",
      "HostName": "dt-mxl4171rjd",
      "Platform": "windows",
      "Raw": "A new process has been created.\n\nCreator Subject:\n\tSecurity ID:\t\tS-1-5-21-1202660629-1563985344-839522115-2217\n\tAccount Name:\t\tprshop\n\tAccount Domain:\t\tHALFMOONCLUB\n\tLogon ID:\t\t0x361853\n\nTarget Subject:\n\tSecurity ID:\t\tS-1-0-0\n\tAccount Name:\t\t-\n\tAccount Domain:\t\t-\n\tLogon ID:\t\t0x0\n\nProcess Information:\n\tNew Process ID:\t\t0x2b2c\n\tNew Process Name:\tC:\\Program Files\\Mozilla Firefox\\firefox.exe\n\tToken Elevation Type:\t%%1936\n\tMandatory Label:\t\tS-1-16-4096\n\tCreator Process ID:\t0x3028\n\tCreator Process Name:\tC:\\Program Files\\Mozilla Firefox\\firefox.exe\n\tProcess Command Line:\t\n\nToken Elevation Type indicates the type of token that was assigned to the new process in accordance with User Account Control policy.\n\nType 1 is a full token with no privileges removed or groups disabled.  A full token is only used if User Account Control is disabled or if the user is the built-in Administrator account or a service account.\n\nType 2 is an elevated token with no privileges removed or groups disabled.  An elevated token is used when User Account Control is enabled and the user chooses to start the program using Run as administrator.  An elevated token is also used when an application is configured to always require administrative privilege or to always require maximum privilege, and the user is a member of the Administrators group.\n\nType 3 is a limited token with administrative privileges removed and administrative groups disabled.  The limited token is used when User Account Control is enabled, the application does not require administrative privilege, and the user does not choose to start the program using Run as administrator."
    },
    {
      "EventCode": "4688",
      "EventKind": "event",
      "EventProvider": "Microsoft-Windows-Security-Auditing",
      "EventId": 4688,
      "EventSeverity": "Info",
      "Type": "process",
      "HostName": "dt-mxl4180p51",
      "Platform": "windows",
      "Raw": "A new process has been created.\n\nCreator Subject:\n\tSecurity ID:\t\tS-1-5-18\n\tAccount Name:\t\tDT-MXL4180P51$\n\tAccount Domain:\t\tHALFMOONCLUB\n\tLogon ID:\t\t0x3E7\n\nTarget Subject:\n\tSecurity ID:\t\tS-1-0-0\n\tAccount Name:\t\t-\n\tAccount Domain:\t\t-\n\tLogon ID:\t\t0x0\n\nProcess Information:\n\tNew Process ID:\t\t0x2b8c\n\tNew Process Name:\tC:\\Windows\\System32\\sc.exe\n\tToken Elevation Type:\t%%1936\n\tMandatory Label:\t\tS-1-16-16384\n\tCreator Process ID:\t0x2fd8\n\tCreator Process Name:\tC:\\Windows\\System32\\cmd.exe\n\tProcess Command Line:\t\n\nToken Elevation Type indicates the type of token that was assigned to the new process in accordance with User Account Control policy.\n\nType 1 is a full token with no privileges removed or groups disabled.  A full token is only used if User Account Control is disabled or if the user is the built-in Administrator account or a service account.\n\nType 2 is an elevated token with no privileges removed or groups disabled.  An elevated token is used when User Account Control is enabled and the user chooses to start the program using Run as administrator.  An elevated token is also used when an application is configured to always require administrative privilege or to always require maximum privilege, and the user is a member of the Administrators group.\n\nType 3 is a limited token with administrative privileges removed and administrative groups disabled.  The limited token is used when User Account Control is enabled, the application does not require administrative privilege, and the user does not choose to start the program using Run as administrator."
    },
    {
      "EventCode": "4688",
      "EventKind": "event",
      "EventProvider": "Microsoft-Windows-Security-Auditing",
      "EventId": 4688,
      "EventSeverity": "Info",
      "Type": "process",
      "HostName": "dt-mxl4180p51",
      "Platform": "windows",
      "Raw": "A new process has been created.\n\nCreator Subject:\n\tSecurity ID:\t\tS-1-5-18\n\tAccount Name:\t\tDT-MXL4180P51$\n\tAccount Domain:\t\tHALFMOONCLUB\n\tLogon ID:\t\t0x3E7\n\nTarget Subject:\n\tSecurity ID:\t\tS-1-0-0\n\tAccount Name:\t\t-\n\tAccount Domain:\t\t-\n\tLogon ID:\t\t0x0\n\nProcess Information:\n\tNew Process ID:\t\t0x2050\n\tNew Process Name:\tC:\\Windows\\System32\\wbem\\WMIC.exe\n\tToken Elevation Type:\t%%1936\n\tMandatory Label:\t\tS-1-16-16384\n\tCreator Process ID:\t0x31a0\n\tCreator Process Name:\tC:\\Windows\\System32\\cmd.exe\n\tProcess Command Line:\t\n\nToken Elevation Type indicates the type of token that was assigned to the new process in accordance with User Account Control policy.\n\nType 1 is a full token with no privileges removed or groups disabled.  A full token is only used if User Account Control is disabled or if the user is the built-in Administrator account or a service account.\n\nType 2 is an elevated token with no privileges removed or groups disabled.  An elevated token is used when User Account Control is enabled and the user chooses to start the program using Run as administrator.  An elevated token is also used when an application is configured to always require administrative privilege or to always require maximum privilege, and the user is a member of the Administrators group.\n\nType 3 is a limited token with administrative privileges removed and administrative groups disabled.  The limited token is used when User Account Control is enabled, the application does not require administrative privilege, and the user does not choose to start the program using Run as administrator."
    },
    {
      "EventCode": "4688",
      "EventKind": "event",
      "EventProvider": "Microsoft-Windows-Security-Auditing",
      "EventId": 4688,
      "EventSeverity": "Info",
      "Type": "process",
      "HostName": "dt-mxl4180p51",
      "Platform": "windows",
      "Raw": "A new process has been created.\n\nCreator Subject:\n\tSecurity ID:\t\tS-1-5-18\n\tAccount Name:\t\tDT-MXL4180P51$\n\tAccount Domain:\t\tHALFMOONCLUB\n\tLogon ID:\t\t0x3E7\n\nTarget Subject:\n\tSecurity ID:\t\tS-1-0-0\n\tAccount Name:\t\t-\n\tAccount Domain:\t\t-\n\tLogon ID:\t\t0x0\n\nProcess Information:\n\tNew Process ID:\t\t0x2424\n\tNew Process Name:\tC:\\Windows\\System32\\net.exe\n\tToken Elevation Type:\t%%1936\n\tMandatory Label:\t\tS-1-16-16384\n\tCreator Process ID:\t0x3150\n\tCreator Process Name:\tC:\\Windows\\System32\\cmd.exe\n\tProcess Command Line:\t\n\nToken Elevation Type indicates the type of token that was assigned to the new process in accordance with User Account Control policy.\n\nType 1 is a full token with no privileges removed or groups disabled.  A full token is only used if User Account Control is disabled or if the user is the built-in Administrator account or a service account.\n\nType 2 is an elevated token with no privileges removed or groups disabled.  An elevated token is used when User Account Control is enabled and the user chooses to start the program using Run as administrator.  An elevated token is also used when an application is configured to always require administrative privilege or to always require maximum privilege, and the user is a member of the Administrators group.\n\nType 3 is a limited token with administrative privileges removed and administrative groups disabled.  The limited token is used when User Account Control is enabled, the application does not require administrative privilege, and the user does not choose to start the program using Run as administrator."
    },
    {
      "EventCode": "4634",
      "EventKind": "event",
      "EventProvider": "Microsoft-Windows-Security-Auditing",
      "EventId": 4634,
      "EventSeverity": "Info",
      "Type": "authentication",
      "HostName": "hm-ad-01",
      "Platform": "windows",
      "Raw": "An account was logged off.\n\nSubject:\n\tSecurity ID:\t\tS-1-5-21-1202660629-1563985344-839522115-5912\n\tAccount Name:\t\tabaker\n\tAccount Domain:\t\tHALFMOONCLUB\n\tLogon ID:\t\t0x487FC2CC6\n\nLogon Type:\t\t\t3\n\nThis event is generated when a logon session is destroyed. It may be positively correlated with a logon event using the Logon ID value. Logon IDs are only unique between reboots on the same computer."
    },
    {
      "EventCode": "1",
      "EventKind": "event",
      "EventProvider": "Microsoft-Windows-Sysmon",
      "EventId": 1,
      "EventSeverity": "Info",
      "Type": "process",
      "HostName": "dt-mxl4180p51",
      "Platform": "windows",
      "Raw": "Process Create:\nRuleName: -\nUtcTime: 2024-04-16 15:04:29.976\nProcessGuid: {b12883fc-937d-661e-cc05-000000006900}\nProcessId: 11148\nImage: C:\\Windows\\System32\\sc.exe\nFileVersion: 10.0.19041.1 (WinBuild.160101.0800)\nDescription: Service Control Manager Configuration Tool\nProduct: Microsoft速 Windows速 Operating System\nCompany: Microsoft Corporation\nOriginalFileName: sc.exe\nCommandLine: sc  queryex type= service \nCurrentDirectory: C:\\WINDOWS\\system32\\\nUser: NT AUTHORITY\\SYSTEM\nLogonGuid: {b12883fc-9093-661e-e703-000000000000}\nLogonId: 0x3E7\nTerminalSessionId: 0\nIntegrityLevel: System\nHashes: MD5=3FB5CF71F7E7EB49790CB0E663434D80,SHA256=41F067C3A11B02FE39947F9EBA68AE5C7CB5BD1872A6009A4CD1506554A9ABA9,IMPHASH=803254E010814E69947095A2725B2AFD\nParentProcessGuid: {b12883fc-937d-661e-ca05-000000006900}\nParentProcessId: 12248\nParentImage: C:\\Windows\\System32\\cmd.exe\nParentCommandLine: \"cmd.exe\" /C \"sc queryex type= service | find /i \"vmms\"\"\nParentUser: NT AUTHORITY\\SYSTEM"
    },
    {
      "EventCode": "1",
      "EventKind": "event",
      "EventProvider": "Microsoft-Windows-Sysmon",
      "EventId": 1,
      "EventSeverity": "Info",
      "Type": "process",
      "HostName": "dt-mxl4180p51",
      "Platform": "windows",
      "Raw": "Process Create:\nRuleName: -\nUtcTime: 2024-04-16 15:04:29.188\nProcessGuid: {b12883fc-937d-661e-c805-000000006900}\nProcessId: 8272\nImage: C:\\Windows\\System32\\wbem\\WMIC.exe\nFileVersion: 10.0.19041.3636 (WinBuild.160101.0800)\nDescription: WMI Commandline Utility\nProduct: Microsoft速 Windows速 Operating System\nCompany: Microsoft Corporation\nOriginalFileName: wmic.exe\nCommandLine: wmic  path win32_operatingsystem get caption \nCurrentDirectory: C:\\WINDOWS\\system32\\\nUser: NT AUTHORITY\\SYSTEM\nLogonGuid: {b12883fc-9093-661e-e703-000000000000}\nLogonId: 0x3E7\nTerminalSessionId: 0\nIntegrityLevel: System\nHashes: MD5=71E9A9FB929BBFF78EA4970FF7EB840D,SHA256=CD7AB08D987F6A2BFC7AFFA1C43C461CC483D8FBF40BCA0B31A6C6194EA9ABD4,IMPHASH=527C7C66CDD13D72D793BCA3A417BCBE\nParentProcessGuid: {b12883fc-937d-661e-c605-000000006900}\nParentProcessId: 12704\nParentImage: C:\\Windows\\System32\\cmd.exe\nParentCommandLine: \"cmd.exe\" /C \"wmic path win32_operatingsystem get caption | find /i \"server\"\"\nParentUser: NT AUTHORITY\\SYSTEM"
    },
    {
      "EventCode": "4663",
      "EventKind": "event",
      "EventProvider": "Microsoft-Windows-Security-Auditing",
      "EventId": 4663,
      "EventSeverity": "Info",
      "Type": "File System",
      "HostName": "shdc-goundjo",
      "Platform": "windows",
      "Raw": "An attempt was made to access an object.\n\nSubject:\n\tSecurity ID:\t\tS-1-5-18\n\tAccount Name:\t\tSHDC-GOUNDJO$\n\tAccount Domain:\t\tWORKGROUP\n\tLogon ID:\t\t0x3E7\n\nObject:\n\tObject Server:\t\tSecurity\n\tObject Type:\t\tFile\n\tObject Name:\t\tC:\\$WinREAgent\\Scratch\\Mount\\Windows\\servicing\\Packages\\winpe-srt-package-Wrapper~31bf3856ad364e35~amd64~es-ES~10.0.22621.2070.mum\n\tHandle ID:\t\t0x1608\n\tResource Attributes:\t\n\nProcess Information:\n\tProcess ID:\t\t0x65bc\n\tProcess Name:\t\tC:\\Windows\\UUS\\Packages\\Preview\\amd64\\wuaucltcore.exe\n\nAccess Request Information:\n\tAccesses:\t\tWriteAttributes\n\t\t\t\t\n\tAccess Mask:\t\t0x100"
    },
    {
      "EventCode": "4663",
      "EventKind": "event",
      "EventProvider": "Microsoft-Windows-Security-Auditing",
      "EventId": 4663,
      "EventSeverity": "Info",
      "Type": "File System",
      "HostName": "shdc-goundjo",
      "Platform": "windows",
      "Raw": "An attempt was made to access an object.\n\nSubject:\n\tSecurity ID:\t\tS-1-5-18\n\tAccount Name:\t\tSHDC-GOUNDJO$\n\tAccount Domain:\t\tWORKGROUP\n\tLogon ID:\t\t0x3E7\n\nObject:\n\tObject Server:\t\tSecurity\n\tObject Type:\t\tFile\n\tObject Name:\t\tC:\\$WinREAgent\\Scratch\\Mount\\Windows\\servicing\\Packages\\winpe-srt-package-Wrapper~31bf3856ad364e35~amd64~en-US~10.0.22621.2070.mum\n\tHandle ID:\t\t0x13c8\n\tResource Attributes:\t\n\nProcess Information:\n\tProcess ID:\t\t0x65bc\n\tProcess Name:\t\tC:\\Windows\\UUS\\Packages\\Preview\\amd64\\wuaucltcore.exe\n\nAccess Request Information:\n\tAccesses:\t\tWRITE_DAC\n\t\t\t\tWRITE_OWNER\n\t\t\t\t\n\tAccess Mask:\t\t0xC0000"
    },
    {
      "EventCode": "4663",
      "EventKind": "event",
      "EventProvider": "Microsoft-Windows-Security-Auditing",
      "EventId": 4663,
      "EventSeverity": "Info",
      "Type": "File System",
      "HostName": "shdc-goundjo",
      "Platform": "windows",
      "Raw": "An attempt was made to access an object.\n\nSubject:\n\tSecurity ID:\t\tS-1-5-18\n\tAccount Name:\t\tSHDC-GOUNDJO$\n\tAccount Domain:\t\tWORKGROUP\n\tLogon ID:\t\t0x3E7\n\nObject:\n\tObject Server:\t\tSecurity\n\tObject Type:\t\tFile\n\tObject Name:\t\tC:\\$WinREAgent\\Scratch\\Mount\\Windows\\servicing\\Packages\n\tHandle ID:\t\t0x10fc\n\tResource Attributes:\tS:AI\n\nProcess Information:\n\tProcess ID:\t\t0x65bc\n\tProcess Name:\t\tC:\\Windows\\UUS\\Packages\\Preview\\amd64\\wuaucltcore.exe\n\nAccess Request Information:\n\tAccesses:\t\tWriteData (or AddFile)\n\t\t\t\t\n\tAccess Mask:\t\t0x2"
    },
    {
      "EventCode": "4663",
      "EventKind": "event",
      "EventProvider": "Microsoft-Windows-Security-Auditing",
      "EventId": 4663,
      "EventSeverity": "Info",
      "Type": "File System",
      "HostName": "shdc-goundjo",
      "Platform": "windows",
      "Raw": "An attempt was made to access an object.\n\nSubject:\n\tSecurity ID:\t\tS-1-5-18\n\tAccount Name:\t\tSHDC-GOUNDJO$\n\tAccount Domain:\t\tWORKGROUP\n\tLogon ID:\t\t0x3E7\n\nObject:\n\tObject Server:\t\tSecurity\n\tObject Type:\t\tFile\n\tObject Name:\t\tC:\\$WinREAgent\\Scratch\\Mount\\Windows\\servicing\\Packages\n\tHandle ID:\t\t0x94c0\n\tResource Attributes:\tS:AI\n\nProcess Information:\n\tProcess ID:\t\t0x65bc\n\tProcess Name:\t\tC:\\Windows\\UUS\\Packages\\Preview\\amd64\\wuaucltcore.exe\n\nAccess Request Information:\n\tAccesses:\t\tWriteData (or AddFile)\n\t\t\t\t\n\tAccess Mask:\t\t0x2"
    },
    {
      "EventCode": "4663",
      "EventKind": "event",
      "EventProvider": "Microsoft-Windows-Security-Auditing",
      "EventId": 4663,
      "EventSeverity": "Info",
      "Type": "File System",
      "HostName": "shdc-goundjo",
      "Platform": "windows",
      "Raw": "An attempt was made to access an object.\n\nSubject:\n\tSecurity ID:\t\tS-1-5-18\n\tAccount Name:\t\tSHDC-GOUNDJO$\n\tAccount Domain:\t\tWORKGROUP\n\tLogon ID:\t\t0x3E7\n\nObject:\n\tObject Server:\t\tSecurity\n\tObject Type:\t\tFile\n\tObject Name:\t\tC:\\$WinREAgent\\Scratch\\Mount\\Windows\\servicing\\Packages\\winpe-srt-package-Wrapper~31bf3856ad364e35~amd64~en-US~10.0.22621.2070.mum\n\tHandle ID:\t\t0x13c8\n\tResource Attributes:\t\n\nProcess Information:\n\tProcess ID:\t\t0x65bc\n\tProcess Name:\t\tC:\\Windows\\UUS\\Packages\\Preview\\amd64\\wuaucltcore.exe\n\nAccess Request Information:\n\tAccesses:\t\tWriteAttributes\n\t\t\t\t\n\tAccess Mask:\t\t0x100"
    },
    {
      "EventCode": "4663",
      "EventKind": "event",
      "EventProvider": "Microsoft-Windows-Security-Auditing",
      "EventId": 4663,
      "EventSeverity": "Info",
      "Type": "File System",
      "HostName": "shdc-goundjo",
      "Platform": "windows",
      "Raw": "An attempt was made to access an object.\n\nSubject:\n\tSecurity ID:\t\tS-1-5-18\n\tAccount Name:\t\tSHDC-GOUNDJO$\n\tAccount Domain:\t\tWORKGROUP\n\tLogon ID:\t\t0x3E7\n\nObject:\n\tObject Server:\t\tSecurity\n\tObject Type:\t\tFile\n\tObject Name:\t\tC:\\$WinREAgent\\Scratch\\Mount\\Windows\\servicing\\Packages\n\tHandle ID:\t\t0x96a4\n\tResource Attributes:\tS:AI\n\nProcess Information:\n\tProcess ID:\t\t0x65bc\n\tProcess Name:\t\tC:\\Windows\\UUS\\Packages\\Preview\\amd64\\wuaucltcore.exe\n\nAccess Request Information:\n\tAccesses:\t\tWriteData (or AddFile)\n\t\t\t\t\n\tAccess Mask:\t\t0x2"
    },
    {
      "EventCode": "4663",
      "EventKind": "event",
      "EventProvider": "Microsoft-Windows-Security-Auditing",
      "EventId": 4663,
      "EventSeverity": "Info",
      "Type": "File System",
      "HostName": "shdc-goundjo",
      "Platform": "windows",
      "Raw": "An attempt was made to access an object.\n\nSubject:\n\tSecurity ID:\t\tS-1-5-18\n\tAccount Name:\t\tSHDC-GOUNDJO$\n\tAccount Domain:\t\tWORKGROUP\n\tLogon ID:\t\t0x3E7\n\nObject:\n\tObject Server:\t\tSecurity\n\tObject Type:\t\tFile\n\tObject Name:\t\tC:\\$WinREAgent\\Scratch\\Mount\\Windows\\servicing\\Packages\\winpe-srt-package-Wrapper~31bf3856ad364e35~amd64~el-GR~10.0.22621.2070.mum\n\tHandle ID:\t\t0x644\n\tResource Attributes:\t\n\nProcess Information:\n\tProcess ID:\t\t0x65bc\n\tProcess Name:\t\tC:\\Windows\\UUS\\Packages\\Preview\\amd64\\wuaucltcore.exe\n\nAccess Request Information:\n\tAccesses:\t\tWRITE_DAC\n\t\t\t\tWRITE_OWNER\n\t\t\t\t\n\tAccess Mask:\t\t0xC0000"
    },
    {
      "EventCode": "4663",
      "EventKind": "event",
      "EventProvider": "Microsoft-Windows-Security-Auditing",
      "EventId": 4663,
      "EventSeverity": "Info",
      "Type": "File System",
      "HostName": "shdc-goundjo",
      "Platform": "windows",
      "Raw": "An attempt was made to access an object.\n\nSubject:\n\tSecurity ID:\t\tS-1-5-18\n\tAccount Name:\t\tSHDC-GOUNDJO$\n\tAccount Domain:\t\tWORKGROUP\n\tLogon ID:\t\t0x3E7\n\nObject:\n\tObject Server:\t\tSecurity\n\tObject Type:\t\tFile\n\tObject Name:\t\tC:\\$WinREAgent\\Scratch\\Mount\\Windows\\servicing\\Packages\\winpe-srt-package-Wrapper~31bf3856ad364e35~amd64~de-DE~10.0.22621.2070.mum\n\tHandle ID:\t\t0x1160\n\tResource Attributes:\t\n\nProcess Information:\n\tProcess ID:\t\t0x65bc\n\tProcess Name:\t\tC:\\Windows\\UUS\\Packages\\Preview\\amd64\\wuaucltcore.exe\n\nAccess Request Information:\n\tAccesses:\t\tWRITE_DAC\n\t\t\t\tWRITE_OWNER\n\t\t\t\t\n\tAccess Mask:\t\t0xC0000"
    },
    {
      "EventCode": "4663",
      "EventKind": "event",
      "EventProvider": "Microsoft-Windows-Security-Auditing",
      "EventId": 4663,
      "EventSeverity": "Info",
      "Type": "File System",
      "HostName": "shdc-goundjo",
      "Platform": "windows",
      "Raw": "An attempt was made to access an object.\n\nSubject:\n\tSecurity ID:\t\tS-1-5-18\n\tAccount Name:\t\tSHDC-GOUNDJO$\n\tAccount Domain:\t\tWORKGROUP\n\tLogon ID:\t\t0x3E7\n\nObject:\n\tObject Server:\t\tSecurity\n\tObject Type:\t\tFile\n\tObject Name:\t\tC:\\$WinREAgent\\Scratch\\Mount\\Windows\\servicing\\Packages\n\tHandle ID:\t\t0x94c0\n\tResource Attributes:\tS:AI\n\nProcess Information:\n\tProcess ID:\t\t0x65bc\n\tProcess Name:\t\tC:\\Windows\\UUS\\Packages\\Preview\\amd64\\wuaucltcore.exe\n\nAccess Request Information:\n\tAccesses:\t\tWriteData (or AddFile)\n\t\t\t\t\n\tAccess Mask:\t\t0x2"
    },
    {
      "EventCode": "4663",
      "EventKind": "event",
      "EventProvider": "Microsoft-Windows-Security-Auditing",
      "EventId": 4663,
      "EventSeverity": "Info",
      "Type": "File System",
      "HostName": "shdc-goundjo",
      "Platform": "windows",
      "Raw": "An attempt was made to access an object.\n\nSubject:\n\tSecurity ID:\t\tS-1-5-18\n\tAccount Name:\t\tSHDC-GOUNDJO$\n\tAccount Domain:\t\tWORKGROUP\n\tLogon ID:\t\t0x3E7\n\nObject:\n\tObject Server:\t\tSecurity\n\tObject Type:\t\tFile\n\tObject Name:\t\tC:\\$WinREAgent\\Scratch\\Mount\\Windows\\servicing\\Packages\\winpe-srt-package-Wrapper~31bf3856ad364e35~amd64~el-GR~10.0.22621.2070.mum\n\tHandle ID:\t\t0x644\n\tResource Attributes:\t\n\nProcess Information:\n\tProcess ID:\t\t0x65bc\n\tProcess Name:\t\tC:\\Windows\\UUS\\Packages\\Preview\\amd64\\wuaucltcore.exe\n\nAccess Request Information:\n\tAccesses:\t\tWriteAttributes\n\t\t\t\t\n\tAccess Mask:\t\t0x100"
    },
    {
      "EventCode": "4663",
      "EventKind": "event",
      "EventProvider": "Microsoft-Windows-Security-Auditing",
      "EventId": 4663,
      "EventSeverity": "Info",
      "Type": "File System",
      "HostName": "shdc-goundjo",
      "Platform": "windows",
      "Raw": "An attempt was made to access an object.\n\nSubject:\n\tSecurity ID:\t\tS-1-5-18\n\tAccount Name:\t\tSHDC-GOUNDJO$\n\tAccount Domain:\t\tWORKGROUP\n\tLogon ID:\t\t0x3E7\n\nObject:\n\tObject Server:\t\tSecurity\n\tObject Type:\t\tFile\n\tObject Name:\t\tC:\\$WinREAgent\\Scratch\\Mount\\Windows\\servicing\\Packages\\winpe-srt-package-Wrapper~31bf3856ad364e35~amd64~de-DE~10.0.22621.2070.mum\n\tHandle ID:\t\t0x1160\n\tResource Attributes:\t\n\nProcess Information:\n\tProcess ID:\t\t0x65bc\n\tProcess Name:\t\tC:\\Windows\\UUS\\Packages\\Preview\\amd64\\wuaucltcore.exe\n\nAccess Request Information:\n\tAccesses:\t\tWriteAttributes\n\t\t\t\t\n\tAccess Mask:\t\t0x100"
    },
    {
      "EventCode": "4663",
      "EventKind": "event",
      "EventProvider": "Microsoft-Windows-Security-Auditing",
      "EventId": 4663,
      "EventSeverity": "Info",
      "Type": "File System",
      "HostName": "shdc-goundjo",
      "Platform": "windows",
      "Raw": "An attempt was made to access an object.\n\nSubject:\n\tSecurity ID:\t\tS-1-5-18\n\tAccount Name:\t\tSHDC-GOUNDJO$\n\tAccount Domain:\t\tWORKGROUP\n\tLogon ID:\t\t0x3E7\n\nObject:\n\tObject Server:\t\tSecurity\n\tObject Type:\t\tFile\n\tObject Name:\t\tC:\\$WinREAgent\\Scratch\\Mount\\Windows\\servicing\\Packages\n\tHandle ID:\t\t0x9174\n\tResource Attributes:\tS:AI\n\nProcess Information:\n\tProcess ID:\t\t0x65bc\n\tProcess Name:\t\tC:\\Windows\\UUS\\Packages\\Preview\\amd64\\wuaucltcore.exe\n\nAccess Request Information:\n\tAccesses:\t\tWriteData (or AddFile)\n\t\t\t\t\n\tAccess Mask:\t\t0x2"
    },
    {
      "EventCode": "4663",
      "EventKind": "event",
      "EventProvider": "Microsoft-Windows-Security-Auditing",
      "EventId": 4663,
      "EventSeverity": "Info",
      "Type": "File System",
      "HostName": "shdc-goundjo",
      "Platform": "windows",
      "Raw": "An attempt was made to access an object.\n\nSubject:\n\tSecurity ID:\t\tS-1-5-18\n\tAccount Name:\t\tSHDC-GOUNDJO$\n\tAccount Domain:\t\tWORKGROUP\n\tLogon ID:\t\t0x3E7\n\nObject:\n\tObject Server:\t\tSecurity\n\tObject Type:\t\tFile\n\tObject Name:\t\tC:\\$WinREAgent\\Scratch\\Mount\\Windows\\servicing\\Packages\\winpe-srt-package-Wrapper~31bf3856ad364e35~amd64~da-DK~10.0.22621.2070.mum\n\tHandle ID:\t\t0x1950\n\tResource Attributes:\t\n\nProcess Information:\n\tProcess ID:\t\t0x65bc\n\tProcess Name:\t\tC:\\Windows\\UUS\\Packages\\Preview\\amd64\\wuaucltcore.exe\n\nAccess Request Information:\n\tAccesses:\t\tWriteAttributes\n\t\t\t\t\n\tAccess Mask:\t\t0x100"
    },
    {
      "EventCode": "4663",
      "EventKind": "event",
      "EventProvider": "Microsoft-Windows-Security-Auditing",
      "EventId": 4663,
      "EventSeverity": "Info",
      "Type": "File System",
      "HostName": "shdc-goundjo",
      "Platform": "windows",
      "Raw": "An attempt was made to access an object.\n\nSubject:\n\tSecurity ID:\t\tS-1-5-18\n\tAccount Name:\t\tSHDC-GOUNDJO$\n\tAccount Domain:\t\tWORKGROUP\n\tLogon ID:\t\t0x3E7\n\nObject:\n\tObject Server:\t\tSecurity\n\tObject Type:\t\tFile\n\tObject Name:\t\tC:\\$WinREAgent\\Scratch\\Mount\\Windows\\servicing\\Packages\\winpe-srt-package-Wrapper~31bf3856ad364e35~amd64~da-DK~10.0.22621.2070.mum\n\tHandle ID:\t\t0x1950\n\tResource Attributes:\t\n\nProcess Information:\n\tProcess ID:\t\t0x65bc\n\tProcess Name:\t\tC:\\Windows\\UUS\\Packages\\Preview\\amd64\\wuaucltcore.exe\n\nAccess Request Information:\n\tAccesses:\t\tWRITE_DAC\n\t\t\t\tWRITE_OWNER\n\t\t\t\t\n\tAccess Mask:\t\t0xC0000"
    },
    {
      "EventCode": "4663",
      "EventKind": "event",
      "EventProvider": "Microsoft-Windows-Security-Auditing",
      "EventId": 4663,
      "EventSeverity": "Info",
      "Type": "File System",
      "HostName": "shdc-goundjo",
      "Platform": "windows",
      "Raw": "An attempt was made to access an object.\n\nSubject:\n\tSecurity ID:\t\tS-1-5-18\n\tAccount Name:\t\tSHDC-GOUNDJO$\n\tAccount Domain:\t\tWORKGROUP\n\tLogon ID:\t\t0x3E7\n\nObject:\n\tObject Server:\t\tSecurity\n\tObject Type:\t\tFile\n\tObject Name:\t\tC:\\$WinREAgent\\Scratch\\Mount\\Windows\\servicing\\Packages\\winpe-srt-package-Wrapper~31bf3856ad364e35~amd64~cs-CZ~10.0.22621.2070.mum\n\tHandle ID:\t\t0xad0\n\tResource Attributes:\t\n\nProcess Information:\n\tProcess ID:\t\t0x65bc\n\tProcess Name:\t\tC:\\Windows\\UUS\\Packages\\Preview\\amd64\\wuaucltcore.exe\n\nAccess Request Information:\n\tAccesses:\t\tWRITE_DAC\n\t\t\t\tWRITE_OWNER\n\t\t\t\t\n\tAccess Mask:\t\t0xC0000"
    },
    {
      "EventCode": "4663",
      "EventKind": "event",
      "EventProvider": "Microsoft-Windows-Security-Auditing",
      "EventId": 4663,
      "EventSeverity": "Info",
      "Type": "File System",
      "HostName": "shdc-goundjo",
      "Platform": "windows",
      "Raw": "An attempt was made to access an object.\n\nSubject:\n\tSecurity ID:\t\tS-1-5-18\n\tAccount Name:\t\tSHDC-GOUNDJO$\n\tAccount Domain:\t\tWORKGROUP\n\tLogon ID:\t\t0x3E7\n\nObject:\n\tObject Server:\t\tSecurity\n\tObject Type:\t\tFile\n\tObject Name:\t\tC:\\$WinREAgent\\Scratch\\Mount\\Windows\\servicing\\Packages\n\tHandle ID:\t\t0x96e4\n\tResource Attributes:\tS:AI\n\nProcess Information:\n\tProcess ID:\t\t0x65bc\n\tProcess Name:\t\tC:\\Windows\\UUS\\Packages\\Preview\\amd64\\wuaucltcore.exe\n\nAccess Request Information:\n\tAccesses:\t\tWriteData (or AddFile)\n\t\t\t\t\n\tAccess Mask:\t\t0x2"
    },
    {
      "EventCode": "4663",
      "EventKind": "event",
      "EventProvider": "Microsoft-Windows-Security-Auditing",
      "EventId": 4663,
      "EventSeverity": "Info",
      "Type": "File System",
      "HostName": "shdc-goundjo",
      "Platform": "windows",
      "Raw": "An attempt was made to access an object.\n\nSubject:\n\tSecurity ID:\t\tS-1-5-18\n\tAccount Name:\t\tSHDC-GOUNDJO$\n\tAccount Domain:\t\tWORKGROUP\n\tLogon ID:\t\t0x3E7\n\nObject:\n\tObject Server:\t\tSecurity\n\tObject Type:\t\tFile\n\tObject Name:\t\tC:\\$WinREAgent\\Scratch\\Mount\\Windows\\servicing\\Packages\\winpe-srt-package-Wrapper~31bf3856ad364e35~amd64~cs-CZ~10.0.22621.2070.mum\n\tHandle ID:\t\t0xad0\n\tResource Attributes:\t\n\nProcess Information:\n\tProcess ID:\t\t0x65bc\n\tProcess Name:\t\tC:\\Windows\\UUS\\Packages\\Preview\\amd64\\wuaucltcore.exe\n\nAccess Request Information:\n\tAccesses:\t\tWriteAttributes\n\t\t\t\t\n\tAccess Mask:\t\t0x100"
    }
  ],
  "HashKey": "6a039494938389f3d8323b6c93ad2ae2"
}