      "Raw": "Group membership information.\n\nSubject:\n\tSecurity ID:\t\tS-1-0-0\n\tAccount Name:\t\t-\n\tAccount Domain:\t\t-\n\tLogon ID:\t\t0x0\n\nLogon Type:\t\t\t3\n\nNew Logon:\n\tSecurity ID:\t\tS-1-5-21-1202660629-1563985344-839522115-5890\n\tAccount Name:\t\tjlawrence\n\tAccount Domain:\t\tHALFMOONCLUB.COM\n\tLogon ID:\t\t0x335A72EE\n\nEvent in sequence:\t\t1 of 1\n\nGroup Membership:\t\t\t\n\t\t%{S-1-5-21-1202660629-1563985344-839522115-513}\n\t\t%{S-1-1-0}\n\t\t%{S-1-5-32-544}\n\t\t%{S-1-5-32-545}\n\t\t%{S-1-5-32-554}\n\t\t%{S-1-5-2}\n\t\t%{S-1-5-11}\n\t\t%{S-1-5-15}\n\t\t%{S-1-5-21-1202660629-1563985344-839522115-6648}\n\t\t%{S-1-5-21-1202660629-1563985344-839522115-1111}\n\t\t%{S-1-5-21-1202660629-1563985344-839522115-6631}\n\t\t%{S-1-5-21-1202660629-1563985344-839522115-6642}\n\t\t%{S-1-5-21-1202660629-1563985344-839522115-1672}\n\t\t%{S-1-5-21-1202660629-1563985344-839522115-6669}\n\t\t%{S-1-5-21-1202660629-1563985344-839522115-8688}\n\t\t%{S-1-5-21-1202660629-1563985344-839522115-8702}\n\t\t%{S-1-5-21-1202660629-1563985344-839522115-1620}\n\t\t%{S-1-5-21-1202660629-1563985344-839522115-1611}\n\t\t%{S-1-5-21-1202660629-1563985344-839522115-512}\n\t\t%{S-1-18-1}\n\t\t%{S-1-5-21-1202660629-1563985344-839522115-572}\n\t\t%{S-1-16-12288}\n\nThe subject fields indicate the account on the local system which requested the logon. This is most commonly a service such as the Server service, or a local process such as Winlogon.exe or Services.exe.\n\nThe logon type field indicates the kind of logon that occurred. The most common types are 2 (interactive) and 3 (network).\n\nThe New Logon fields indicate the account for whom the new logon was created, i.e. the account that was logged on.\n\nThis event is generated when the Audit Group Membership subcategory is configured.  The Logon ID field can be used to correlate this event with the corresponding user logon event as well as to any other security audit events generated during this logon session."
    },
    {
      "EventCode": "4627",
      "EventKind": "event",
      "EventProvider": "Microsoft-Windows-Security-Auditing",
      "EventId": 4627,
      "EventSeverity": "Info",
      "Type": "Group Membership",
      "HostName": "hm-ad-02",
      "Platform": "windows",
      "Raw": "Group membership information.\n\nSubject:\n\tSecurity ID:\t\tS-1-0-0\n\tAccount Name:\t\t-\n\tAccount Domain:\t\t-\n\tLogon ID:\t\t0x0\n\nLogon Type:\t\t\t3\n\nNew Logon:\n\tSecurity ID:\t\tS-1-5-21-1202660629-1563985344-839522115-5890\n\tAccount Name:\t\tjlawrence\n\tAccount Domain:\t\tHALFMOONCLUB.COM\n\tLogon ID:\t\t0x335A72F4\n\nEvent in sequence:\t\t1 of 1\n\nGroup Membership:\t\t\t\n\t\t%{S-1-5-21-1202660629-1563985344-839522115-513}\n\t\t%{S-1-1-0}\n\t\t%{S-1-5-32-544}\n\t\t%{S-1-5-32-545}\n\t\t%{S-1-5-32-554}\n\t\t%{S-1-5-2}\n\t\t%{S-1-5-11}\n\t\t%{S-1-5-15}\n\t\t%{S-1-5-21-1202660629-1563985344-839522115-6648}\n\t\t%{S-1-5-21-1202660629-1563985344-839522115-1111}\n\t\t%{S-1-5-21-1202660629-1563985344-839522115-6631}\n\t\t%{S-1-5-21-1202660629-1563985344-839522115-6642}\n\t\t%{S-1-5-21-1202660629-1563985344-839522115-1672}\n\t\t%{S-1-5-21-1202660629-1563985344-839522115-6669}\n\t\t%{S-1-5-21-1202660629-1563985344-839522115-8688}\n\t\t%{S-1-5-21-1202660629-1563985344-839522115-8702}\n\t\t%{S-1-5-21-1202660629-1563985344-839522115-1620}\n\t\t%{S-1-5-21-1202660629-1563985344-839522115-1611}\n\t\t%{S-1-5-21-1202660629-1563985344-839522115-512}\n\t\t%{S-1-18-1}\n\t\t%{S-1-5-21-1202660629-1563985344-839522115-572}\n\t\t%{S-1-16-12288}\n\nThe subject fields indicate the account on the local system which requested the logon. This is most commonly a service such as the Server service, or a local process such as Winlogon.exe or Services.exe.\n\nThe logon type field indicates the kind of logon that occurred. The most common types are 2 (interactive) and 3 (network).\n\nThe New Logon fields indicate the account for whom the new logon was created, i.e. the account that was logged on.\n\nThis event is generated when the Audit Group Membership subcategory is configured.  The Logon ID field can be used to correlate this event with the corresponding user logon event as well as to any other security audit events generated during this logon session."
    },
    {
      "EventCode": "4624",
      "EventKind": "event",
      "EventProvider": "Microsoft-Windows-Security-Auditing",
      "EventId": 4624,
      "EventSeverity": "Info",
      "Type": "authentication",
      "HostName": "hm-ad-02",
      "Platform": "windows",
      "Raw": "An account was successfully logged on.\n\nSubject:\n\tSecurity ID:\t\tS-1-0-0\n\tAccount Name:\t\t-\n\tAccount Domain:\t\t-\n\tLogon ID:\t\t0x0\n\nLogon Information:\n\tLogon Type:\t\t3\n\tRestricted Admin Mode:\t-\n\tVirtual Account:\t\tNo\n\tElevated Token:\t\tYes\n\nImpersonation Level:\t\tDelegation\n\nNew Logon:\n\tSecurity ID:\t\tS-1-5-21-1202660629-1563985344-839522115-5890\n\tAccount Name:\t\tjlawrence\n\tAccount Domain:\t\tHALFMOONCLUB.COM\n\tLogon ID:\t\t0x335A72EE\n\tLinked Logon ID:\t\t0x0\n\tNetwork Account Name:\t-\n\tNetwork Account Domain:\t-\n\tLogon GUID:\t\t{5061d4f1-1f62-f6c9-254a-20f9a0d9ad0e}\n\nProcess Information:\n\tProcess ID:\t\t0x0\n\tProcess Name:\t\t-\n\nNetwork Information:\n\tWorkstation Name:\t-\n\tSource Network Address:\t10.10.20.1\n\tSource Port:\t\t49570\n\nDetailed Authentication Information:\n\tLogon Process:\t\tKerberos\n\tAuthentication Package:\tKerberos\n\tTransited Services:\t-\n\tPackage Name (NTLM only):\t-\n\tKey Length:\t\t0\n\nThis event is generated when a logon session is created. It is generated on the computer that was accessed.\n\nThe subject fields indicate the account on the local system which requested the logon. This is most commonly a service such as the Server service, or a local process such as Winlogon.exe or Services.exe.\n\nThe logon type field indicates the kind of logon that occurred. The most common types are 2 (interactive) and 3 (network).\n\nThe New Logon fields indicate the account for whom the new logon was created, i.e. the account that was logged on.\n\nThe network fields indicate where a remote logon request originated. Workstation name is not always available and may be left blank in some cases.\n\nThe impersonation level field indicates the extent to which a process in the logon session can impersonate.\n\nThe authentication information fields provide detailed information about this specific logon request.\n\t- Logon GUID is a unique identifier that can be used to correlate this event with a KDC event.\n\t- Transited services indicate which intermediate services have participated in this logon request.\n\t- Package name indicates which sub-protocol was used among the NTLM protocols.\n\t- Key length indicates the length of the generated session key. This will be 0 if no session key was requested."
    },
    {
      "EventCode": "4624",
      "EventKind": "event",
      "EventProvider": "Microsoft-Windows-Security-Auditing",
      "EventId": 4624,
      "EventSeverity": "Info",
      "Type": "authentication",
      "HostName": "hm-ad-02",
      "Platform": "windows",
      "Raw": "An account was successfully logged on.\n\nSubject:\n\tSecurity ID:\t\tS-1-0-0\n\tAccount Name:\t\t-\n\tAccount Domain:\t\t-\n\tLogon ID:\t\t0x0\n\nLogon Information:\n\tLogon Type:\t\t3\n\tRestricted Admin Mode:\t-\n\tVirtual Account:\t\tNo\n\tElevated Token:\t\tYes\n\nImpersonation Level:\t\tDelegation\n\nNew Logon:\n\tSecurity ID:\t\tS-1-5-21-1202660629-1563985344-839522115-5890\n\tAccount Name:\t\tjlawrence\n\tAccount Domain:\t\tHALFMOONCLUB.COM\n\tLogon ID:\t\t0x335A72F4\n\tLinked Logon ID:\t\t0x0\n\tNetwork Account Name:\t-\n\tNetwork Account Domain:\t-\n\tLogon GUID:\t\t{5061d4f1-1f62-f6c9-254a-20f9a0d9ad0e}\n\nProcess Information:\n\tProcess ID:\t\t0x0\n\tProcess Name:\t\t-\n\nNetwork Information:\n\tWorkstation Name:\t-\n\tSource Network Address:\t10.10.20.1\n\tSource Port:\t\t49571\n\nDetailed Authentication Information:\n\tLogon Process:\t\tKerberos\n\tAuthentication Package:\tKerberos\n\tTransited Services:\t-\n\tPackage Name (NTLM only):\t-\n\tKey Length:\t\t0\n\nThis event is generated when a logon session is created. It is generated on the computer that was accessed.\n\nThe subject fields indicate the account on the local system which requested the logon. This is most commonly a service such as the Server service, or a local process such as Winlogon.exe or Services.exe.\n\nThe logon type field indicates the kind of logon that occurred. The most common types are 2 (interactive) and 3 (network).\n\nThe New Logon fields indicate the account for whom the new logon was created, i.e. the account that was logged on.\n\nThe network fields indicate where a remote logon request originated. Workstation name is not always available and may be left blank in some cases.\n\nThe impersonation level field indicates the extent to which a process in the logon session can impersonate.\n\nThe authentication information fields provide detailed information about this specific logon request.\n\t- Logon GUID is a unique identifier that can be used to correlate this event with a KDC event.\n\t- Transited services indicate which intermediate services have participated in this logon request.\n\t- Package name indicates which sub-protocol was used among the NTLM protocols.\n\t- Key length indicates the length of the generated session key. This will be 0 if no session key was requested."
    },
    {
      "EventCode": "4672",
      "EventKind": "event",
      "EventProvider": "Microsoft-Windows-Security-Auditing",
      "EventId": 4672,
      "EventSeverity": "Info",
      "Type": "iam",
      "HostName": "hm-ad-02",
      "Platform": "windows",
      "Raw": "Special privileges assigned to new logon.\n\nSubject:\n\tSecurity ID:\t\tS-1-5-21-1202660629-1563985344-839522115-5890\n\tAccount Name:\t\tjlawrence\n\tAccount Domain:\t\tHALFMOONCLUB\n\tLogon ID:\t\t0x335A72EE\n\nPrivileges:\t\tSeSecurityPrivilege\n\t\t\tSeBackupPrivilege\n\t\t\tSeRestorePrivilege\n\t\t\tSeTakeOwnershipPrivilege\n\t\t\tSeDebugPrivilege\n\t\t\tSeSystemEnvironmentPrivilege\n\t\t\tSeLoadDriverPrivilege\n\t\t\tSeImpersonatePrivilege\n\t\t\tSeDelegateSessionUserImpersonatePrivilege\n\t\t\tSeEnableDelegationPrivilege"
    },
    {
      "EventCode": "4672",
      "EventKind": "event",
      "EventProvider": "Microsoft-Windows-Security-Auditing",
      "EventId": 4672,
      "EventSeverity": "Info",
      "Type": "iam",
      "HostName": "hm-ad-02",
      "Platform": "windows",
      "Raw": "Special privileges assigned to new logon.\n\nSubject:\n\tSecurity ID:\t\tS-1-5-21-1202660629-1563985344-839522115-5890\n\tAccount Name:\t\tjlawrence\n\tAccount Domain:\t\tHALFMOONCLUB\n\tLogon ID:\t\t0x335A72F4\n\nPrivileges:\t\tSeSecurityPrivilege\n\t\t\tSeBackupPrivilege\n\t\t\tSeRestorePrivilege\n\t\t\tSeTakeOwnershipPrivilege\n\t\t\tSeDebugPrivilege\n\t\t\tSeSystemEnvironmentPrivilege\n\t\t\tSeLoadDriverPrivilege\n\t\t\tSeImpersonatePrivilege\n\t\t\tSeDelegateSessionUserImpersonatePrivilege\n\t\t\tSeEnableDelegationPrivilege"
    },
    {
      "EventCode": "22",
      "EventKind": "event",
      "EventProvider": "Microsoft-Windows-Sysmon",
      "EventId": 22,
      "EventSeverity": "Info",
      "Type": "dns",
      "HostName": "dt-dz666s3",
      "Platform": "windows",
      "Raw": "Dns query:\nRuleName: -\nUtcTime: 2024-04-16 15:04:28.543\nProcessGuid: {e05839ab-9381-661e-4777-020000009c00}\nProcessId: 22164\nQueryName: dl.dell.com\nQueryStatus: 0\nQueryResults: type:  5 dl.dell.com-stls-dd.edgesuite.net;type:  5 dl.dell.com-stls-dd.edgesuite.net.globalredir.akadns.net;type:  5 a1996.dscw27.akamai.net;::ffff:23.205.165.149;::ffff:23.205.165.192;\nImage: C:\\Program Files\\Dell\\SupportAssistAgent\\bin\\FrameworkAgents\\SupportAssistInstaller.exe\nUser: HALFMOONCLUB\\asewell"
    },
    {
      "EventCode": "22",
      "EventKind": "event",
      "EventProvider": "Microsoft-Windows-Sysmon",
      "EventId": 22,
      "EventSeverity": "Info",
      "Type": "dns",
      "HostName": "dt-dz666s3",
      "Platform": "windows",
      "Raw": "Dns query:\nRuleName: -\nUtcTime: 2024-04-16 15:04:28.540\nProcessGuid: {e05839ab-9381-661e-4777-020000009c00}\nProcessId: 22164\nQueryName: dl.dell.com\nQueryStatus: 0\nQueryResults: type:  5 dl.dell.com-stls-dd.edgesuite.net;type:  5 dl.dell.com-stls-dd.edgesuite.net.globalredir.akadns.net;type:  5 a1996.dscw27.akamai.net;::ffff:23.205.165.149;::ffff:23.205.165.192;\nImage: C:\\Program Files\\Dell\\SupportAssistAgent\\bin\\FrameworkAgents\\SupportAssistInstaller.exe\nUser: HALFMOONCLUB\\asewell"
    },
    {
      "EventCode": "4770",
      "EventKind": "event",
      "EventProvider": "Microsoft-Windows-Security-Auditing",
      "EventId": 4770,
      "EventSeverity": "Info",
      "Type": "authentication",
      "HostName": "hm-ad-01",
      "Platform": "windows",
      "Raw": "A Kerberos service ticket was renewed.\n\nAccount Information:\n\tAccount Name:\t\tmvoluse@HALFMOONCLUB.COM\n\tAccount Domain:\t\tHALFMOONCLUB.COM\n\nService Information:\n\tService Name:\t\tkrbtgt\n\tService ID:\t\tS-1-5-21-1202660629-1563985344-839522115-502\n\nNetwork Information:\n\tClient Address:\t\t::ffff:10.10.20.25\n\tClient Port:\t\t65509\n\nAdditional Information:\n\tTicket Options:\t\t0x10002\n\tTicket Encryption Type:\t0x12\n\nTicket options and encryption types are defined in RFC 4120."
    },
    {
      "EventCode": "4688",
      "EventKind": "event",
      "EventProvider": "Microsoft-Windows-Security-Auditing",
      "EventId": 4688,
      "EventSeverity": "Info",
      "Type": "process",
      "HostName": "amr-r914wkaf",
      "Platform": "windows",
      "Raw": "A new process has been created.\n\nCreator Subject:\n\tSecurity ID:\t\tS-1-5-18\n\tAccount Name:\t\tAMR-R914WKAF$\n\tAccount Domain:\t\tWORKGROUP\n\tLogon ID:\t\t0x3E7\n\nTarget Subject:\n\tSecurity ID:\t\tS-1-12-1-363732827-1311197420-2308658865-4106321090\n\tAccount Name:\t\tJill.Higgins\n\tAccount Domain:\t\tAMR\n\tLogon ID:\t\t0x35BF6D\n\nProcess Information:\n\tNew Process ID:\t\t0x3638\n\tNew Process Name:\tC:\\Program Files\\WindowsApps\\MicrosoftTeams_24060.3102.2733.5911_x64__8wekyb3d8bbwe\\msteamsupdate.exe\n\tToken Elevation Type:\tTokenElevationTypeDefault (1)\n\tMandatory Label:\t\tS-1-16-8192\n\tCreator Process ID:\t0x5c8\n\tCreator Process Name:\tC:\\Windows\\System32\\svchost.exe\n\tProcess Command Line:\t\n\nToken Elevation Type indicates the type of token that was assigned to the new process in accordance with User Account Control policy.\n\nType 1 is a full token with no privileges removed or groups disabled.  A full token is only used if User Account Control is disabled or if the user is the built-in Administrator account or a service account.\n\nType 2 is an elevated token with no privileges removed or groups disabled.  An elevated token is used when User Account Control is enabled and the user chooses to start the program using Run as administrator.  An elevated token is also used when an application is configured to always require administrative privilege or to always require maximum privilege, and the user is a member of the Administrators group.\n\nType 3 is a limited token with administrative privileges removed and administrative groups disabled.  The limited token is used when User Account Control is enabled, the application does not require administrative privilege, and the user does not choose to start the program using Run as administrator."
    },
    {
      "EventCode": "4688",
      "EventKind": "event",
      "EventProvider": "Microsoft-Windows-Security-Auditing",
      "EventId": 4688,
      "EventSeverity": "Info",
      "Type": "process",
      "HostName": "hm-ips-db",
      "Platform": "windows",
      "Raw": "A new process has been created.\n\nCreator Subject:\n\tSecurity ID:\t\tS-1-5-18\n\tAccount Name:\t\tHM-IPS-DB$\n\tAccount Domain:\t\tHALFMOONCLUB\n\tLogon ID:\t\t0x3E7\n\nTarget Subject:\n\tSecurity ID:\t\tS-1-0-0\n\tAccount Name:\t\t-\n\tAccount Domain:\t\t-\n\tLogon ID:\t\t0x0\n\nProcess Information:\n\tNew Process ID:\t\t0x820\n\tNew Process Name:\tC:\\Windows\\System32\\net.exe\n\tToken Elevation Type:\t%%1936\n\tMandatory Label:\t\tS-1-16-16384\n\tCreator Process ID:\t0x16c8\n\tCreator Process Name:\tC:\\Windows\\System32\\cmd.exe\n\tProcess Command Line:\t\n\nToken Elevation Type indicates the type of token that was assigned to the new process in accordance with User Account Control policy.\n\nType 1 is a full token with no privileges removed or groups disabled.  A full token is only used if User Account Control is disabled or if the user is the built-in Administrator account or a service account.\n\nType 2 is an elevated token with no privileges removed or groups disabled.  An elevated token is used when User Account Control is enabled and the user chooses to start the program using Run as administrator.  An elevated token is also used when an application is configured to always require administrative privilege or to always require maximum privilege, and the user is a member of the Administrators group.\n\nType 3 is a limited token with administrative privileges removed and administrative groups disabled.  The limited token is used when User Account Control is enabled, the application does not require administrative privilege, and the user does not choose to start the program using Run as administrator."
    },
    {
      "EventCode": "5140",
      "EventKind": "event",
      "EventProvider": "Microsoft-Windows-Security-Auditing",
      "EventId": 5140,
      "EventSeverity": "Info",
      "Type": "File Share",
      "HostName": "hm-ips-db",
      "Platform": "windows",
      "Raw": "A network share object was accessed.\n\t\nSubject:\n\tSecurity ID:\t\tS-1-5-18\n\tAccount Name:\t\tHM-IPS-DB$\n\tAccount Domain:\t\tHALFMOONCLUB\n\tLogon ID:\t\t0x3E7\n\nNetwork Information:\t\n\tObject Type:\t\tFile\n\tSource Address:\t\t::1\n\tSource Port:\t\t51456\n\t\nShare Information:\n\tShare Name:\t\t\\\\*\\IPC$\n\tShare Path:\t\t\n\nAccess Request Information:\n\tAccess Mask:\t\t0x1\n\tAccesses:\t\tReadData (or ListDirectory)\n\t\t\t\t"
    },
    {
      "EventCode": "4688",
      "EventKind": "event",
      "EventProvider": "Microsoft-Windows-Security-Auditing",
      "EventId": 4688,
      "EventSeverity": "Info",
      "Type": "process",
      "HostName": "hm-ips-db",
      "Platform": "windows",
      "Raw": "A new process has been created.\n\nCreator Subject:\n\tSecurity ID:\t\tS-1-5-18\n\tAccount Name:\t\tHM-IPS-DB$\n\tAccount Domain:\t\tHALFMOONCLUB\n\tLogon ID:\t\t0x3E7\n\nTarget Subject:\n\tSecurity ID:\t\tS-1-0-0\n\tAccount Name:\t\t-\n\tAccount Domain:\t\t-\n\tLogon ID:\t\t0x0\n\nProcess Information:\n\tNew Process ID:\t\t0xc60\n\tNew Process Name:\tC:\\Windows\\System32\\wbem\\WMIC.exe\n\tToken Elevation Type:\t%%1936\n\tMandatory Label:\t\tS-1-16-16384\n\tCreator Process ID:\t0x1284\n\tCreator Process Name:\tC:\\Windows\\System32\\cmd.exe\n\tProcess Command Line:\t\n\nToken Elevation Type indicates the type of token that was assigned to the new process in accordance with User Account Control policy.\n\nType 1 is a full token with no privileges removed or groups disabled.  A full token is only used if User Account Control is disabled or if the user is the built-in Administrator account or a service account.\n\nType 2 is an elevated token with no privileges removed or groups disabled.  An elevated token is used when User Account Control is enabled and the user chooses to start the program using Run as administrator.  An elevated token is also used when an application is configured to always require administrative privilege or to always require maximum privilege, and the user is a member of the Administrators group.\n\nType 3 is a limited token with administrative privileges removed and administrative groups disabled.  The limited token is used when User Account Control is enabled, the application does not require administrative privilege, and the user does not choose to start the program using Run as administrator."
    },
    {
      "EventCode": "1",
      "EventKind": "event",
      "EventProvider": "Microsoft-Windows-Sysmon",
      "EventId": 1,
      "EventSeverity": "Info",
      "Type": "process",
      "HostName": "hm-ips-db",
      "Platform": "windows",
      "Raw": "Process Create:\nRuleName: -\nUtcTime: 2024-04-16 15:04:35.516\nProcessGuid: {56429cce-9383-661e-81c7-0d0000000d00}\nProcessId: 3168\nImage: C:\\Windows\\System32\\wbem\\WMIC.exe\nFileVersion: 10.0.17763.1 (WinBuild.160101.0800)\nDescription: WMI Commandline Utility\nProduct: Microsoft速 Windows速 Operating System\nCompany: Microsoft Corporation\nOriginalFileName: wmic.exe\nCommandLine: wmic  path win32_operatingsystem get caption \nCurrentDirectory: C:\\Windows\\system32\\\nUser: NT AUTHORITY\\SYSTEM\nLogonGuid: {56429cce-7989-65cc-e703-000000000000}\nLogonId: 0x3E7\nTerminalSessionId: 0\nIntegrityLevel: System\nHashes: MD5=390B2038C9ED2C94AB505921BC827FC7,SHA256=34C4ED50A3441BD7CB6411749771C637A8C18C791525D8FCB5AE71B0B1969BA6,IMPHASH=AF8CD6625FCE3244397EE550EFF4091E\nParentProcessGuid: {56429cce-9383-661e-7fc7-0d0000000d00}\nParentProcessId: 4740\nParentImage: C:\\Windows\\System32\\cmd.exe\nParentCommandLine: \"cmd.exe\" /C \"wmic path win32_operatingsystem get caption | find /i \"server\"\"\nParentUser: NT AUTHORITY\\SYSTEM"
    },
    {
      "EventCode": "1",
      "EventKind": "event",
      "EventProvider": "Microsoft-Windows-Sysmon",
      "EventId": 1,
      "EventSeverity": "Info",
      "Type": "process",
      "HostName": "hm-ips-db",
      "Platform": "windows",
      "Raw": "Process Create:\nRuleName: -\nUtcTime: 2024-04-16 15:04:34.898\nProcessGuid: {56429cce-9382-661e-7ec7-0d0000000d00}\nProcessId: 9628\nImage: C:\\Windows\\System32\\sc.exe\nFileVersion: 10.0.17763.1 (WinBuild.160101.0800)\nDescription: Service Control Manager Configuration Tool\nProduct: Microsoft速 Windows速 Operating System\nCompany: Microsoft Corporation\nOriginalFileName: sc.exe\nCommandLine: sc  queryex type= service\nCurrentDirectory: C:\\Windows\\system32\\\nUser: NT AUTHORITY\\SYSTEM\nLogonGuid: {56429cce-7989-65cc-e703-000000000000}\nLogonId: 0x3E7\nTerminalSessionId: 0\nIntegrityLevel: System\nHashes: MD5=ABB56882148DE65D53ABFC55544A49A8,SHA256=78097C7CD0E57902536C60B7FA17528C313DB20869E5F944223A0BA4C801D39B,IMPHASH=35A7FFDE18D444A92D32C8B2879450FF\nParentProcessGuid: {56429cce-9382-661e-7cc7-0d0000000d00}\nParentProcessId: 8436\nParentImage: C:\\Windows\\System32\\cmd.exe\nParentCommandLine: \"cmd.exe\" /C \"sc queryex type= service\"\nParentUser: NT AUTHORITY\\SYSTEM"
    },
    {
      "EventCode": "4688",
      "EventKind": "event",
      "EventProvider": "Microsoft-Windows-Security-Auditing",
      "EventId": 4688,
      "EventSeverity": "Info",
      "Type": "process",
      "HostName": "dt-mxl4180p51",
      "Platform": "windows",
      "Raw": "A new process has been created.\n\nCreator Subject:\n\tSecurity ID:\t\tS-1-5-18\n\tAccount Name:\t\tDT-MXL4180P51$\n\tAccount Domain:\t\tHALFMOONCLUB\n\tLogon ID:\t\t0x3E7\n\nTarget Subject:\n\tSecurity ID:\t\tS-1-0-0\n\tAccount Name:\t\t-\n\tAccount Domain:\t\t-\n\tLogon ID:\t\t0x0\n\nProcess Information:\n\tNew Process ID:\t\t0x3254\n\tNew Process Name:\tC:\\Windows\\System32\\WindowsPowerShell\\v1.0\\powershell.exe\n\tToken Elevation Type:\t%%1936\n\tMandatory Label:\t\tS-1-16-16384\n\tCreator Process ID:\t0x2954\n\tCreator Process Name:\tC:\\Windows\\System32\\cmd.exe\n\tProcess Command Line:\t\n\nToken Elevation Type indicates the type of token that was assigned to the new process in accordance with User Account Control policy.\n\nType 1 is a full token with no privileges removed or groups disabled.  A full token is only used if User Account Control is disabled or if the user is the built-in Administrator account or a service account.\n\nType 2 is an elevated token with no privileges removed or groups disabled.  An elevated token is used when User Account Control is enabled and the user chooses to start the program using Run as administrator.  An elevated token is also used when an application is configured to always require administrative privilege or to always require maximum privilege, and the user is a member of the Administrators group.\n\nType 3 is a limited token with administrative privileges removed and administrative groups disabled.  The limited token is used when User Account Control is enabled, the application does not require administrative privilege, and the user does not choose to start the program using Run as administrator."
    },
    {
      "EventCode": "53504",
      "EventKind": "event",
      "EventProvider": "Microsoft-Windows-PowerShell",
      "EventId": 0,
      "EventSeverity": "Open (async)",
      "Type": "powershell",
      "HostName": "dt-mxl4180p51",
      "Platform": "windows",
      "Raw": null
    },
    {
      "EventCode": "4702",
      "EventKind": "event",
      "EventProvider": "Microsoft-Windows-Security-Auditing",
      "EventId": 4702,
      "EventSeverity": "Info",
      "Type": "iam",
      "HostName": "dt-61mql52",
      "Platform": "windows",
      "Raw": "A scheduled task was updated.\n\nSubject:\n\tSecurity ID:\t\tS-1-5-20\n\tAccount Name:\t\tDT-61MQL52$\n\tAccount Domain:\t\tHALFMOONCLUB\n\tLogon ID:\t\t0x3E4\n\nTask Information:\n\tTask Name: \t\t\\Microsoft\\Windows\\SoftwareProtectionPlatform\\SvcRestartTask\n\tTask New Content: \t\t<?xml version=\"1.0\" encoding=\"UTF-16\"?>\n<Task version=\"1.6\" xmlns=\"http://schemas.microsoft.com/windows/2004/02/mit/task\">\n  <RegistrationInfo>\n    <Source>$(@%systemroot%\\system32\\sppc.dll,-200)</Source>\n    <Author>$(@%systemroot%\\system32\\sppc.dll,-200)</Author>\n    <Version>1.0</Version>\n    <Description>$(@%systemroot%\\system32\\sppc.dll,-201)</Description>\n    <URI>\\Microsoft\\Windows\\SoftwareProtectionPlatform\\SvcRestartTask</URI>\n    <SecurityDescriptor>D:P(A;;FA;;;SY)(A;;FA;;;BA)(A;;FA;;;S-1-5-80-123231216-2592883651-3715271367-3753151631-4175906628)(A;;FR;;;S-1-5-87-2912274048-3994893941-1669128114-1310430903-1263774323)</SecurityDescriptor>\n  </RegistrationInfo>\n  <Triggers>\n    <CalendarTrigger>\n      <StartBoundary>2124-03-23T15:04:33Z</StartBoundary>\n      <Enabled>true</Enabled>\n      <ScheduleByDay>\n        <DaysInterval>1</DaysInterval>\n      </ScheduleByDay>\n    </CalendarTrigger>\n  </Triggers>\n  <Principals>\n    <Principal id=\"NetworkService\">\n      <UserId>S-1-5-20</UserId>\n      <RunLevel>LeastPrivilege</RunLevel>\n    </Principal>\n  </Principals>\n  <Settings>\n    <MultipleInstancesPolicy>IgnoreNew</MultipleInstancesPolicy>\n    <DisallowStartIfOnBatteries>false</DisallowStartIfOnBatteries>\n    <StopIfGoingOnBatteries>false</StopIfGoingOnBatteries>\n    <AllowHardTerminate>false</AllowHardTerminate>\n    <StartWhenAvailable>true</StartWhenAvailable>\n    <RunOnlyIfNetworkAvailable>false</RunOnlyIfNetworkAvailable>\n    <IdleSettings>\n      <StopOnIdleEnd>true</StopOnIdleEnd>\n      <RestartOnIdle>false</RestartOnIdle>\n    </IdleSettings>\n    <AllowStartOnDemand>true</AllowStartOnDemand>\n    <Enabled>true</Enabled>\n    <Hidden>true</Hidden>\n    <RunOnlyIfIdle>false</RunOnlyIfIdle>\n    <DisallowStartOnRemoteAppSession>false</DisallowStartOnRemoteAppSession>\n    <UseUnifiedSchedulingEngine>true</UseUnifiedSchedulingEngine>\n    <WakeToRun>false</WakeToRun>\n    <ExecutionTimeLimit>PT0S</ExecutionTimeLimit>\n    <Priority>7</Priority>\n    <RestartOnFailure>\n      <Interval>PT1M</Interval>\n      <Count>3</Count>\n    </RestartOnFailure>\n  </Settings>\n  <Actions Context=\"NetworkService\">\n    <ComHandler>\n      <ClassId>{B1AEBB5D-EAD9-4476-B375-9C3ED9F32AFC}</ClassId>\n      <Data><![CDATA[timer]]></Data>\n    </ComHandler>\n  </Actions>\n</Task>\n\nOther Information:\n\tProcessCreationTime: \t\t19703248369750035\n\tClientProcessId: \t\t\t2856\n\tParentProcessId: \t\t\t996\n\tFQDN: \t\t0\n\t"
    },
    {
      "EventCode": "5145",
      "EventKind": "event",
      "EventProvider": "Microsoft-Windows-Security-Auditing",
      "EventId": 5145,
      "EventSeverity": "Info",
      "Type": "Detailed File Share",
      "HostName": "nas1w2k",
      "Platform": "windows",
      "Raw": "A network share object was checked to see whether client can be granted desired access.\n\t\nSubject:\n\tSecurity ID:\t\tS-1-5-21-1202660629-1563985344-839522115-7714\n\tAccount Name:\t\taevangelist\n\tAccount Domain:\t\tHALFMOONCLUB\n\tLogon ID:\t\t0xD18EC932\n\nNetwork Information:\t\n\tObject Type:\t\tFile\n\tSource Address:\t\t10.10.20.1\n\tSource Port:\t\t49884\n\t\nShare Information:\n\tShare Name:\t\t\\\\*\\Reservations_Information\n\tShare Path:\t\t\\??\\D:\\Shares\\Public1\\Reservations_Information\n\tRelative Target Name:\tIndividuals\\8. AUGUST 2024\\August 27, 2024\\Fenton Wendy\n\nAccess Request Information:\n\tAccess Mask:\t\t0x100081\n\tAccesses:\t\tSYNCHRONIZE\n\t\t\t\tReadData (or ListDirectory)\n\t\t\t\tReadAttributes\n\t\t\t\t\nAccess Check Results:\n\tSYNCHRONIZE:\tGranted by\tD:(A;OICI;FA;;;WD)\n\t\t\t\tReadData (or ListDirectory):\tGranted by\tD:(A;OICI;FA;;;WD)\n\t\t\t\tReadAttributes:\tGranted by\tD:(A;OICI;FA;;;WD)\n\t\t\t\t"
    },
    {
      "EventCode": "5145",
      "EventKind": "event",
      "EventProvider": "Microsoft-Windows-Security-Auditing",
      "EventId": 5145,
      "EventSeverity": "Info",
      "Type": "Detailed File Share",
      "HostName": "nas1w2k",
      "Platform": "windows",
      "Raw": "A network share object was checked to see whether client can be granted desired access.\n\t\nSubject:\n\tSecurity ID:\t\tS-1-5-21-1202660629-1563985344-839522115-7714\n\tAccount Name:\t\taevangelist\n\tAccount Domain:\t\tHALFMOONCLUB\n\tLogon ID:\t\t0xD18EC932\n\nNetwork Information:\t\n\tObject Type:\t\tFile\n\tSource Address:\t\t10.10.20.1\n\tSource Port:\t\t49884\n\t\nShare Information:\n\tShare Name:\t\t\\\\*\\Reservations_Information\n\tShare Path:\t\t\\??\\D:\\Shares\\Public1\\Reservations_Information\n\tRelative Target Name:\tIndividuals\\8. AUGUST 2024\\August 27, 2024\\Fenton Wendy\\Fenton Wendy\n\nAccess Request Information:\n\tAccess Mask:\t\t0x100081\n\tAccesses:\t\tSYNCHRONIZE\n\t\t\t\tReadData (or ListDirectory)\n\t\t\t\tReadAttributes\n\t\t\t\t\nAccess Check Results:\n\tSYNCHRONIZE:\tGranted by\tD:(A;OICI;FA;;;WD)\n\t\t\t\tReadData (or ListDirectory):\tGranted by\tD:(A;OICI;FA;;;WD)\n\t\t\t\tReadAttributes:\tGranted by\tD:(A;OICI;FA;;;WD)\n\t\t\t\t"
    },
    {
      "EventCode": "5145",
      "EventKind": "event",
      "EventProvider": "Microsoft-Windows-Security-Auditing",
      "EventId": 5145,
      "EventSeverity": "Info",
      "Type": "Detailed File Share",
      "HostName": "nas1w2k",
      "Platform": "windows",
      "Raw": "A network share object was checked to see whether client can be granted desired access.\n\t\nSubject:\n\tSecurity ID:\t\tS-1-5-21-1202660629-1563985344-839522115-7714\n\tAccount Name:\t\taevangelist\n\tAccount Domain:\t\tHALFMOONCLUB\n\tLogon ID:\t\t0xD18EC932\n\nNetwork Information:\t\n\tObject Type:\t\tFile\n\tSource Address:\t\t10.10.20.1\n\tSource Port:\t\t49884\n\t\nShare Information:\n\tShare Name:\t\t\\\\*\\Reservations_Information\n\tShare Path:\t\t\\??\\D:\\Shares\\Public1\\Reservations_Information\n\tRelative Target Name:\tIndividuals\\8. AUGUST 2024\\August 27, 2024\\Phipps Claudette\n\nAccess Request Information:\n\tAccess Mask:\t\t0x100081\n\tAccesses:\t\tSYNCHRONIZE\n\t\t\t\tReadData (or ListDirectory)\n\t\t\t\tReadAttributes\n\t\t\t\t\nAccess Check Results:\n\tSYNCHRONIZE:\tGranted by\tD:(A;OICI;FA;;;WD)\n\t\t\t\tReadData (or ListDirectory):\tGranted by\tD:(A;OICI;FA;;;WD)\n\t\t\t\tReadAttributes:\tGranted by\tD:(A;OICI;FA;;;WD)\n\t\t\t\t"
    },
    {
      "EventCode": "5145",
      "EventKind": "event",
      "EventProvider": "Microsoft-Windows-Security-Auditing",
      "EventId": 5145,
      "EventSeverity": "Info",
      "Type": "Detailed File Share",
      "HostName": "nas1w2k",
      "Platform": "windows",
      "Raw": "A network share object was checked to see whether client can be granted desired access.\n\t\nSubject:\n\tSecurity ID:\t\tS-1-5-21-1202660629-1563985344-839522115-7714\n\tAccount Name:\t\taevangelist\n\tAccount Domain:\t\tHALFMOONCLUB\n\tLogon ID:\t\t0xD18EC932\n\nNetwork Information:\t\n\tObject Type:\t\tFile\n\tSource Address:\t\t10.10.20.1\n\tSource Port:\t\t49884\n\t\nShare Information:\n\tShare Name:\t\t\\\\*\\Reservations_Information\n\tShare Path:\t\t\\??\\D:\\Shares\\Public1\\Reservations_Information\n\tRelative Target Name:\tIndividuals\\8. AUGUST 2024\\August 27, 2024\n\nAccess Request Information:\n\tAccess Mask:\t\t0x100081\n\tAccesses:\t\tSYNCHRONIZE\n\t\t\t\tReadData (or ListDirectory)\n\t\t\t\tReadAttributes\n\t\t\t\t\nAccess Check Results:\n\tSYNCHRONIZE:\tGranted by\tD:(A;OICI;FA;;;WD)\n\t\t\t\tReadData (or ListDirectory):\tGranted by\tD:(A;OICI;FA;;;WD)\n\t\t\t\tReadAttributes:\tGranted by\tD:(A;OICI;FA;;;WD)\n\t\t\t\t"
    },
    {
      "EventCode": "5145",
      "EventKind": "event",
      "EventProvider": "Microsoft-Windows-Security-Auditing",
      "EventId": 5145,
      "EventSeverity": "Info",
      "Type": "Detailed File Share",
      "HostName": "nas1w2k",
      "Platform": "windows",
      "Raw": "A network share object was checked to see whether client can be granted desired access.\n\t\nSubject:\n\tSecurity ID:\t\tS-1-5-21-1202660629-1563985344-839522115-7714\n\tAccount Name:\t\taevangelist\n\tAccount Domain:\t\tHALFMOONCLUB\n\tLogon ID:\t\t0xD18EC932\n\nNetwork Information:\t\n\tObject Type:\t\tFile\n\tSource Address:\t\t10.10.20.1\n\tSource Port:\t\t49884\n\t\nShare Information:\n\tShare Name:\t\t\\\\*\\Reservations_Information\n\tShare Path:\t\t\\??\\D:\\Shares\\Public1\\Reservations_Information\n\tRelative Target Name:\tIndividuals\\8. AUGUST 2024\\August 29, 2024\n\nAccess Request Information:\n\tAccess Mask:\t\t0x100081\n\tAccesses:\t\tSYNCHRONIZE\n\t\t\t\tReadData (or ListDirectory)\n\t\t\t\tReadAttributes\n\t\t\t\t\nAccess Check Results:\n\tSYNCHRONIZE:\tGranted by\tD:(A;OICI;FA;;;WD)\n\t\t\t\tReadData (or ListDirectory):\tGranted by\tD:(A;OICI;FA;;;WD)\n\t\t\t\tReadAttributes:\tGranted by\tD:(A;OICI;FA;;;WD)\n\t\t\t\t"
    },
    {
      "EventCode": "5857",
      "EventKind": "event",
      "EventProvider": "Microsoft-Windows-WMI-Activity",
      "EventId": 5857,
      "EventSeverity": "Info",
      "Type": "wmi-activity",
      "HostName": "dt-13c4gt3",
      "Platform": "windows",
      "Raw": "ProtectionManagement provider started with result code 0x0. HostProcess = wmiprvse.exe; ProcessID = 13396; ProviderPath = \"%ProgramData%\\Microsoft\\Windows Defender\\platform\\4.18.23050.9-0\\ProtectionManagement.dll\""
    },
    {
      "EventCode": "3",
      "EventKind": "event",
      "EventProvider": "Microsoft-Windows-Sysmon",
      "EventId": 3,
      "EventSeverity": "Info",
      "Type": "network",
      "HostName": "dt-13c4gt3",
      "Platform": "windows",
      "Raw": "Network connection detected:\nRuleName: -\nUtcTime: 2024-04-16 15:04:33.216\nProcessGuid: {fdaacf4d-7a37-661d-1503-000000007900}\nProcessId: 19028\nImage: C:\\Program Files\\Microsoft OneDrive\\24.062.0326.0002\\Microsoft.SharePoint.exe\nUser: HALFMOONCLUB\\frontdeskec\nProtocol: tcp\nInitiated: true\nSourceIsIpv6: false\nSourceIp: 172.16.21.5\nSourceHostname: DT-13C4GT3.halfmoonclub.com\nSourcePort: 65125\nSourcePortName: -\nDestinationIsIpv6: false\nDestinationIp: 20.189.173.3\nDestinationHostname: -\nDestinationPort: 443\nDestinationPortName: https"
    },
    {
      "EventCode": "22",
      "EventKind": "event",
      "EventProvider": "Microsoft-Windows-Sysmon",
      "EventId": 22,
      "EventSeverity": "Info",
      "Type": "dns",
      "HostName": "dt-2ua4032hmf",
      "Platform": "windows",
      "Raw": "Dns query:\nRuleName: -\nUtcTime: 2024-04-16 15:04:38.319\nProcessGuid: {b12883fc-937f-661e-88ba-00000000b600}\nProcessId: 2924\nQueryName: www.bing.com\nQueryStatus: 0\nQueryResults: type:  5 wwwprod.www-bing-com.akadns.net;type:  5 www-bing-com.dual-a-0001.a-msedge.net;type:  5 dual-a-0001.a-msedge.net;::ffff:204.79.197.200;::ffff:13.107.21.200;\nImage: C:\\Windows\\System32\\backgroundTaskHost.exe\nUser: HALFMOONCLUB\\kitchen"
    },
    {
      "EventCode": "22",
      "EventKind": "event",
      "EventProvider": "Microsoft-Windows-Sysmon",
      "EventId": 22,
      "EventSeverity": "Info",
      "Type": "dns",
      "HostName": "dt-3xxrl52",
      "Platform": "windows",
      "Raw": "Dns query:\nRuleName: -\nUtcTime: 2024-04-16 15:04:33.010\nProcessGuid: {ec5f0820-937f-661e-6606-00000000bf00}\nProcessId: 4284\nQueryName: login.microsoftonline.com\nQueryStatus: 0\nQueryResults: type:  5 login.mso.msidentity.com;type:  5 ak.privatelink.msidentity.com;type:  5 www.tm.ak.prd.aadg.trafficmanager.net;::ffff:40.126.24.81;::ffff:40.126.24.83;::ffff:40.126.24.84;::ffff:40.126.24.147;::ffff:40.126.24.148;::ffff:40.126.24.149;::ffff:20.190.152.20;::ffff:20.190.152.21;\nImage: C:\\Windows\\System32\\backgroundTaskHost.exe\nUser: HALFMOONCLUB\\tingram"
    },
    {
      "EventCode": "22",
      "EventKind": "event",
      "EventProvider": "Microsoft-Windows-Sysmon",
      "EventId": 22,
      "EventSeverity": "Info",
      "Type": "dns",
      "HostName": "dt-mxl4180ppd",
      "Platform": "windows",
      "Raw": "Dns query:\nRuleName: -\nUtcTime: 2024-04-16 15:04:33.258\nProcessGuid: {b12883fc-5a5f-661d-1403-000000007500}\nProcessId: 12780\nQueryName: outlook.office365.com\nQueryStatus: 0\nQueryResults: type:  5 ooc-g2.tm-4.office.com;type:  5 outlook.ms-acdc.office.com;type:  5 lyh-efz.ms-acdc.office.com;::ffff:52.96.173.210;::ffff:52.96.189.18;::ffff:40.97.230.178;::ffff:52.96.97.130;\nImage: C:\\Program Files\\Microsoft Office\\root\\Office16\\EXCEL.EXE\nUser: HALFMOONCLUB\\tmatthew"
    },
    {
      "EventCode": "3",
      "EventKind": "event",
      "EventProvider": "Microsoft-Windows-Sysmon",
      "EventId": 3,
      "EventSeverity": "Info",
      "Type": "network",
      "HostName": "hm-ifc-01",
      "Platform": "windows",
      "Raw": "Network connection detected:\nRuleName: -\nUtcTime: 2024-04-16 15:04:33.190\nProcessGuid: {64013f08-2a9e-6616-4b00-000000007000}\nProcessId: 3664\nImage: C:\\PROGRA~2\\MICROS~2\\OPERAI~1\\OperaIFCController.exe\nUser: NT AUTHORITY\\SYSTEM\nProtocol: tcp\nInitiated: true\nSourceIsIpv6: false\nSourceIp: 192.168.100.239\nSourceHostname: HM-IFC-01.halfmoonclub.com\nSourcePort: 55414\nSourcePortName: -\nDestinationIsIpv6: false\nDestinationIp: 147.154.39.77\nDestinationHostname: -\nDestinationPort: 443\nDestinationPortName: https"
    },
    {
      "EventCode": "4688",
      "EventKind": "event",
      "EventProvider": "Microsoft-Windows-Security-Auditing",
      "EventId": 4688,
      "EventSeverity": "Info",
      "Type": "process",
      "HostName": "hm-ips-db",
      "Platform": "windows",
      "Raw": "A new process has been created.\n\nCreator Subject:\n\tSecurity ID:\t\tS-1-5-18\n\tAccount Name:\t\tHM-IPS-DB$\n\tAccount Domain:\t\tHALFMOONCLUB\n\tLogon ID:\t\t0x3E7\n\nTarget Subject:\n\tSecurity ID:\t\tS-1-0-0\n\tAccount Name:\t\t-\n\tAccount Domain:\t\t-\n\tLogon ID:\t\t0x0\n\nProcess Information:\n\tNew Process ID:\t\t0x259c\n\tNew Process Name:\tC:\\Windows\\System32\\sc.exe\n\tToken Elevation Type:\t%%1936\n\tMandatory Label:\t\tS-1-16-16384\n\tCreator Process ID:\t0x20f4\n\tCreator Process Name:\tC:\\Windows\\System32\\cmd.exe\n\tProcess Command Line:\t\n\nToken Elevation Type indicates the type of token that was assigned to the new process in accordance with User Account Control policy.\n\nType 1 is a full token with no privileges removed or groups disabled.  A full token is only used if User Account Control is disabled or if the user is the built-in Administrator account or a service account.\n\nType 2 is an elevated token with no privileges removed or groups disabled.  An elevated token is used when User Account Control is enabled and the user chooses to start the program using Run as administrator.  An elevated token is also used when an application is configured to always require administrative privilege or to always require maximum privilege, and the user is a member of the Administrators group.\n\nType 3 is a limited token with administrative privileges removed and administrative groups disabled.  The limited token is used when User Account Control is enabled, the application does not require administrative privilege, and the user does not choose to start the program using Run as administrator."
    },
    {
      "EventCode": "4688",
      "EventKind": "event",
      "EventProvider": "Microsoft-Windows-Security-Auditing",
      "EventId": 4688,
      "EventSeverity": "Info",
      "Type": "process",
      "HostName": "hm-ips-db",
      "Platform": "windows",
      "Raw": "A new process has been created.\n\nCreator Subject:\n\tSecurity ID:\t\tS-1-5-18\n\tAccount Name:\t\tHM-IPS-DB$\n\tAccount Domain:\t\tHALFMOONCLUB\n\tLogon ID:\t\t0x3E7\n\nTarget Subject:\n\tSecurity ID:\t\tS-1-0-0\n\tAccount Name:\t\t-\n\tAccount Domain:\t\t-\n\tLogon ID:\t\t0x0\n\nProcess Information:\n\tNew Process ID:\t\t0x1838\n\tNew Process Name:\tC:\\Windows\\System32\\wbem\\WMIC.exe\n\tToken Elevation Type:\t%%1936\n\tMandatory Label:\t\tS-1-16-16384\n\tCreator Process ID:\t0x1c58\n\tCreator Process Name:\tC:\\Windows\\System32\\cmd.exe\n\tProcess Command Line:\t\n\nToken Elevation Type indicates the type of token that was assigned to the new process in accordance with User Account Control policy.\n\nType 1 is a full token with no privileges removed or groups disabled.  A full token is only used if User Account Control is disabled or if the user is the built-in Administrator account or a service account.\n\nType 2 is an elevated token with no privileges removed or groups disabled.  An elevated token is used when User Account Control is enabled and the user chooses to start the program using Run as administrator.  An elevated token is also used when an application is configured to always require administrative privilege or to always require maximum privilege, and the user is a member of the Administrators group.\n\nType 3 is a limited token with administrative privileges removed and administrative groups disabled.  The limited token is used when User Account Control is enabled, the application does not require administrative privilege, and the user does not choose to start the program using Run as administrator."
    },
    {
      "EventCode": "1",
      "EventKind": "event",
      "EventProvider": "Microsoft-Windows-Sysmon",
      "EventId": 1,
      "EventSeverity": "Info",
      "Type": "process",
      "HostName": "hm-ips-db",
      "Platform": "windows",
      "Raw": "Process Create:\nRuleName: -\nUtcTime: 2024-04-16 15:04:34.234\nProcessGuid: {56429cce-9382-661e-7bc7-0d0000000d00}\nProcessId: 6200\nImage: C:\\Windows\\System32\\wbem\\WMIC.exe\nFileVersion: 10.0.17763.1 (WinBuild.160101.0800)\nDescription: WMI Commandline Utility\nProduct: Microsoft速 Windows速 Operating System\nCompany: Microsoft Corporation\nOriginalFileName: wmic.exe\nCommandLine: wmic  path win32_operatingsystem get caption\nCurrentDirectory: C:\\Windows\\system32\\\nUser: NT AUTHORITY\\SYSTEM\nLogonGuid: {56429cce-7989-65cc-e703-000000000000}\nLogonId: 0x3E7\nTerminalSessionId: 0\nIntegrityLevel: System\nHashes: MD5=390B2038C9ED2C94AB505921BC827FC7,SHA256=34C4ED50A3441BD7CB6411749771C637A8C18C791525D8FCB5AE71B0B1969BA6,IMPHASH=AF8CD6625FCE3244397EE550EFF4091E\nParentProcessGuid: {56429cce-9382-661e-79c7-0d0000000d00}\nParentProcessId: 7256\nParentImage: C:\\Windows\\System32\\cmd.exe\nParentCommandLine: \"cmd.exe\" /C \"wmic path win32_operatingsystem get caption\"\nParentUser: NT AUTHORITY\\SYSTEM"
    },
    {
      "EventCode": "1",
      "EventKind": "event",
      "EventProvider": "Microsoft-Windows-Sysmon",
      "EventId": 1,
      "EventSeverity": "Info",
      "Type": "process",
      "HostName": "hm-ips-db",
      "Platform": "windows",
      "Raw": "Process Create:\nRuleName: -\nUtcTime: 2024-04-16 15:04:33.541\nProcessGuid: {56429cce-9381-661e-78c7-0d0000000d00}\nProcessId: 8616\nImage: C:\\Windows\\System32\\wbem\\WMIC.exe\nFileVersion: 10.0.17763.1 (WinBuild.160101.0800)\nDescription: WMI Commandline Utility\nProduct: Microsoft速 Windows速 Operating System\nCompany: Microsoft Corporation\nOriginalFileName: wmic.exe\nCommandLine: wmic  path win32_operatingsystem get caption\nCurrentDirectory: C:\\Windows\\system32\\\nUser: NT AUTHORITY\\SYSTEM\nLogonGuid: {56429cce-7989-65cc-e703-000000000000}\nLogonId: 0x3E7\nTerminalSessionId: 0\nIntegrityLevel: System\nHashes: MD5=390B2038C9ED2C94AB505921BC827FC7,SHA256=34C4ED50A3441BD7CB6411749771C637A8C18C791525D8FCB5AE71B0B1969BA6,IMPHASH=AF8CD6625FCE3244397EE550EFF4091E\nParentProcessGuid: {56429cce-9381-661e-76c7-0d0000000d00}\nParentProcessId: 10000\nParentImage: C:\\Windows\\System32\\cmd.exe\nParentCommandLine: \"cmd.exe\" /C \"wmic path win32_operatingsystem get caption\"\nParentUser: NT AUTHORITY\\SYSTEM"
    },
    {
      "EventCode": "4688",
      "EventKind": "event",
      "EventProvider": "Microsoft-Windows-Security-Auditing",
      "EventId": 4688,
      "EventSeverity": "Info",
      "Type": "process",
      "HostName": "dt-2ua4032hl6",
      "Platform": "windows",
      "Raw": "A new process has been created.\n\nCreator Subject:\n\tSecurity ID:\t\tS-1-5-18\n\tAccount Name:\t\tDT-2UA4032HL6$\n\tAccount Domain:\t\tHALFMOONCLUB\n\tLogon ID:\t\t0x3E7\n\nTarget Subject:\n\tSecurity ID:\t\tS-1-5-21-1202660629-1563985344-839522115-2200\n\tAccount Name:\t\tismith\n\tAccount Domain:\t\tHALFMOONCLUB\n\tLogon ID:\t\t0xC50986\n\nProcess Information:\n\tNew Process ID:\t\t0x3730\n\tNew Process Name:\tC:\\Users\\golfcourse1\\AppData\\Local\\Microsoft\\OneDrive\\24.055.0317.0002\\FileCoAuth.exe\n\tToken Elevation Type:\t%%1936\n\tMandatory Label:\t\tS-1-16-8192\n\tCreator Process ID:\t0x41c\n\tCreator Process Name:\tC:\\Windows\\System32\\svchost.exe\n\tProcess Command Line:\t\n\nToken Elevation Type indicates the type of token that was assigned to the new process in accordance with User Account Control policy.\n\nType 1 is a full token with no privileges removed or groups disabled.  A full token is only used if User Account Control is disabled or if the user is the built-in Administrator account or a service account.\n\nType 2 is an elevated token with no privileges removed or groups disabled.  An elevated token is used when User Account Control is enabled and the user chooses to start the program using Run as administrator.  An elevated token is also used when an application is configured to always require administrative privilege or to always require maximum privilege, and the user is a member of the Administrators group.\n\nType 3 is a limited token with administrative privileges removed and administrative groups disabled.  The limited token is used when User Account Control is enabled, the application does not require administrative privilege, and the user does not choose to start the program using Run as administrator."
    },
    {
      "EventCode": "1",
      "EventKind": "event",
      "EventProvider": "Microsoft-Windows-Sysmon",
      "EventId": 1,
      "EventSeverity": "Info",
      "Type": "process",
      "HostName": "dt-2ua4032hl6",
      "Platform": "windows",
      "Raw": "Process Create:\nRuleName: -\nUtcTime: 2024-04-16 15:04:33.492\nProcessGuid: {b12883fc-9381-661e-5031-010000003900}\nProcessId: 14128\nImage: C:\\Users\\golfcourse1\\AppData\\Local\\Microsoft\\OneDrive\\24.055.0317.0002\\FileCoAuth.exe\nFileVersion: 24.055.0317.0002\nDescription: Microsoft OneDriveFile Co-Authoring Executable\nProduct: Microsoft OneDrive\nCompany: Microsoft Corporation\nOriginalFileName: FileCoAuth.exe\nCommandLine: \"C:\\Users\\golfcourse1\\AppData\\Local\\Microsoft\\OneDrive\\24.055.0317.0002\\FileCoAuth.exe\" -Embedding\nCurrentDirectory: C:\\WINDOWS\\system32\\\nUser: HALFMOONCLUB\\ismith\nLogonGuid: {b12883fc-bf45-6616-8609-c50000000000}\nLogonId: 0xC50986\nTerminalSessionId: 1\nIntegrityLevel: Medium\nHashes: MD5=23A71BB8559400B969DCCBD4D59003F4,SHA256=B7ADBA359896FB5652E64ACA15BAE9ABC420AE5F4A87E4F44C758064707EF7A2,IMPHASH=642A71B36F2F7EC7EC610C7766108884\nParentProcessGuid: {b12883fc-365b-6616-0d00-000000003900}\nParentProcessId: 1052\nParentImage: C:\\Windows\\System32\\svchost.exe\nParentCommandLine: C:\\WINDOWS\\system32\\svchost.exe -k DcomLaunch -p\nParentUser: NT AUTHORITY\\SYSTEM"
    },
    {
      "EventCode": "5857",
      "EventKind": "event",
      "EventProvider": "Microsoft-Windows-WMI-Activity",
      "EventId": 5857,
      "EventSeverity": "Info",
      "Type": "wmi-activity",
      "HostName": "hm-rssrv-02",
      "Platform": "windows",
      "Raw": "Win32_WIN32_TERMINALSERVICE_Prov provider started with result code 0x0. HostProcess = wmiprvse.exe; ProcessID = 3432; ProviderPath = %SystemRoot%\\system32\\tscfgwmi.dll"
    },
    {
      "EventCode": "4688",
      "EventKind": "event",
      "EventProvider": "Microsoft-Windows-Security-Auditing",
      "EventId": 4688,
      "EventSeverity": "Info",
      "Type": "process",
      "HostName": "dt-mxl4180p51",
      "Platform": "windows",
