      "Raw": "A new process has been created.\n\nCreator Subject:\n\tSecurity ID:\t\tS-1-5-21-1202660629-1563985344-839522115-1676\n\tAccount Name:\t\tASEWELL\n\tAccount Domain:\t\tHALFMOONCLUB\n\tLogon ID:\t\t0x419EF52\n\nTarget Subject:\n\tSecurity ID:\t\tS-1-0-0\n\tAccount Name:\t\t-\n\tAccount Domain:\t\t-\n\tLogon ID:\t\t0x0\n\nProcess Information:\n\tNew Process ID:\t\t0x4448\n\tNew Process Name:\tC:\\Users\\CALLCE~1\\AppData\\Local\\Temp\\{59BC039B-3E41-482D-A43A-22D12B14507E}\\_is5B45.exe\n\tToken Elevation Type:\t%%1936\n\tMandatory Label:\t\tS-1-16-8192\n\tCreator Process ID:\t0x3a24\n\tCreator Process Name:\tC:\\Windows\\SysWOW64\\msiexec.exe\n\tProcess Command Line:\t\n\nToken Elevation Type indicates the type of token that was assigned to the new process in accordance with User Account Control policy.\n\nType 1 is a full token with no privileges removed or groups disabled.  A full token is only used if User Account Control is disabled or if the user is the built-in Administrator account or a service account.\n\nType 2 is an elevated token with no privileges removed or groups disabled.  An elevated token is used when User Account Control is enabled and the user chooses to start the program using Run as administrator.  An elevated token is also used when an application is configured to always require administrative privilege or to always require maximum privilege, and the user is a member of the Administrators group.\n\nType 3 is a limited token with administrative privileges removed and administrative groups disabled.  The limited token is used when User Account Control is enabled, the application does not require administrative privilege, and the user does not choose to start the program using Run as administrator."
    },
    {
      "EventCode": "4688",
      "EventKind": "event",
      "EventProvider": "Microsoft-Windows-Security-Auditing",
      "EventId": 4688,
      "EventSeverity": "Info",
      "Type": "process",
      "HostName": "dt-dz666s3",
      "Platform": "windows",
      "Raw": "A new process has been created.\n\nCreator Subject:\n\tSecurity ID:\t\tS-1-5-18\n\tAccount Name:\t\tDT-DZ666S3$\n\tAccount Domain:\t\tHALFMOONCLUB\n\tLogon ID:\t\t0x3E7\n\nTarget Subject:\n\tSecurity ID:\t\tS-1-0-0\n\tAccount Name:\t\t-\n\tAccount Domain:\t\t-\n\tLogon ID:\t\t0x0\n\nProcess Information:\n\tNew Process ID:\t\t0x56ec\n\tNew Process Name:\tC:\\Windows\\System32\\msiexec.exe\n\tToken Elevation Type:\t%%1936\n\tMandatory Label:\t\tS-1-16-16384\n\tCreator Process ID:\t0x450\n\tCreator Process Name:\tC:\\Windows\\System32\\services.exe\n\tProcess Command Line:\t\n\nToken Elevation Type indicates the type of token that was assigned to the new process in accordance with User Account Control policy.\n\nType 1 is a full token with no privileges removed or groups disabled.  A full token is only used if User Account Control is disabled or if the user is the built-in Administrator account or a service account.\n\nType 2 is an elevated token with no privileges removed or groups disabled.  An elevated token is used when User Account Control is enabled and the user chooses to start the program using Run as administrator.  An elevated token is also used when an application is configured to always require administrative privilege or to always require maximum privilege, and the user is a member of the Administrators group.\n\nType 3 is a limited token with administrative privileges removed and administrative groups disabled.  The limited token is used when User Account Control is enabled, the application does not require administrative privilege, and the user does not choose to start the program using Run as administrator."
    },
    {
      "EventCode": "4688",
      "EventKind": "event",
      "EventProvider": "Microsoft-Windows-Security-Auditing",
      "EventId": 4688,
      "EventSeverity": "Info",
      "Type": "process",
      "HostName": "dt-dz666s3",
      "Platform": "windows",
      "Raw": "A new process has been created.\n\nCreator Subject:\n\tSecurity ID:\t\tS-1-5-18\n\tAccount Name:\t\tDT-DZ666S3$\n\tAccount Domain:\t\tHALFMOONCLUB\n\tLogon ID:\t\t0x3E7\n\nTarget Subject:\n\tSecurity ID:\t\tS-1-5-21-1202660629-1563985344-839522115-1676\n\tAccount Name:\t\tASEWELL\n\tAccount Domain:\t\tHALFMOONCLUB\n\tLogon ID:\t\t0x419EF52\n\nProcess Information:\n\tNew Process ID:\t\t0x3a24\n\tNew Process Name:\tC:\\Windows\\SysWOW64\\msiexec.exe\n\tToken Elevation Type:\t%%1936\n\tMandatory Label:\t\tS-1-16-8192\n\tCreator Process ID:\t0x56ec\n\tCreator Process Name:\tC:\\Windows\\System32\\msiexec.exe\n\tProcess Command Line:\t\n\nToken Elevation Type indicates the type of token that was assigned to the new process in accordance with User Account Control policy.\n\nType 1 is a full token with no privileges removed or groups disabled.  A full token is only used if User Account Control is disabled or if the user is the built-in Administrator account or a service account.\n\nType 2 is an elevated token with no privileges removed or groups disabled.  An elevated token is used when User Account Control is enabled and the user chooses to start the program using Run as administrator.  An elevated token is also used when an application is configured to always require administrative privilege or to always require maximum privilege, and the user is a member of the Administrators group.\n\nType 3 is a limited token with administrative privileges removed and administrative groups disabled.  The limited token is used when User Account Control is enabled, the application does not require administrative privilege, and the user does not choose to start the program using Run as administrator."
    },
    {
      "EventCode": "4688",
      "EventKind": "event",
      "EventProvider": "Microsoft-Windows-Security-Auditing",
      "EventId": 4688,
      "EventSeverity": "Info",
      "Type": "process",
      "HostName": "dt-dz666s3",
      "Platform": "windows",
      "Raw": "A new process has been created.\n\nCreator Subject:\n\tSecurity ID:\t\tS-1-5-21-1202660629-1563985344-839522115-1676\n\tAccount Name:\t\tASEWELL\n\tAccount Domain:\t\tHALFMOONCLUB\n\tLogon ID:\t\t0x419EF52\n\nTarget Subject:\n\tSecurity ID:\t\tS-1-0-0\n\tAccount Name:\t\t-\n\tAccount Domain:\t\t-\n\tLogon ID:\t\t0x0\n\nProcess Information:\n\tNew Process ID:\t\t0x5714\n\tNew Process Name:\tC:\\Users\\CALLCE~1\\AppData\\Local\\Temp\\{59BC039B-3E41-482D-A43A-22D12B14507E}\\_is5B45.exe\n\tToken Elevation Type:\t%%1936\n\tMandatory Label:\t\tS-1-16-8192\n\tCreator Process ID:\t0x3a24\n\tCreator Process Name:\tC:\\Windows\\SysWOW64\\msiexec.exe\n\tProcess Command Line:\t\n\nToken Elevation Type indicates the type of token that was assigned to the new process in accordance with User Account Control policy.\n\nType 1 is a full token with no privileges removed or groups disabled.  A full token is only used if User Account Control is disabled or if the user is the built-in Administrator account or a service account.\n\nType 2 is an elevated token with no privileges removed or groups disabled.  An elevated token is used when User Account Control is enabled and the user chooses to start the program using Run as administrator.  An elevated token is also used when an application is configured to always require administrative privilege or to always require maximum privilege, and the user is a member of the Administrators group.\n\nType 3 is a limited token with administrative privileges removed and administrative groups disabled.  The limited token is used when User Account Control is enabled, the application does not require administrative privilege, and the user does not choose to start the program using Run as administrator."
    },
    {
      "EventCode": "4688",
      "EventKind": "event",
      "EventProvider": "Microsoft-Windows-Security-Auditing",
      "EventId": 4688,
      "EventSeverity": "Info",
      "Type": "process",
      "HostName": "dt-dz666s3",
      "Platform": "windows",
      "Raw": "A new process has been created.\n\nCreator Subject:\n\tSecurity ID:\t\tS-1-5-21-1202660629-1563985344-839522115-1676\n\tAccount Name:\t\tASEWELL\n\tAccount Domain:\t\tHALFMOONCLUB\n\tLogon ID:\t\t0x419EF52\n\nTarget Subject:\n\tSecurity ID:\t\tS-1-0-0\n\tAccount Name:\t\t-\n\tAccount Domain:\t\t-\n\tLogon ID:\t\t0x0\n\nProcess Information:\n\tNew Process ID:\t\t0x2c48\n\tNew Process Name:\tC:\\Users\\CALLCE~1\\AppData\\Local\\Temp\\{59BC039B-3E41-482D-A43A-22D12B14507E}\\_is5B45.exe\n\tToken Elevation Type:\t%%1936\n\tMandatory Label:\t\tS-1-16-8192\n\tCreator Process ID:\t0x3a24\n\tCreator Process Name:\tC:\\Windows\\SysWOW64\\msiexec.exe\n\tProcess Command Line:\t\n\nToken Elevation Type indicates the type of token that was assigned to the new process in accordance with User Account Control policy.\n\nType 1 is a full token with no privileges removed or groups disabled.  A full token is only used if User Account Control is disabled or if the user is the built-in Administrator account or a service account.\n\nType 2 is an elevated token with no privileges removed or groups disabled.  An elevated token is used when User Account Control is enabled and the user chooses to start the program using Run as administrator.  An elevated token is also used when an application is configured to always require administrative privilege or to always require maximum privilege, and the user is a member of the Administrators group.\n\nType 3 is a limited token with administrative privileges removed and administrative groups disabled.  The limited token is used when User Account Control is enabled, the application does not require administrative privilege, and the user does not choose to start the program using Run as administrator."
    },
    {
      "EventCode": "4688",
      "EventKind": "event",
      "EventProvider": "Microsoft-Windows-Security-Auditing",
      "EventId": 4688,
      "EventSeverity": "Info",
      "Type": "process",
      "HostName": "dt-dz666s3",
      "Platform": "windows",
      "Raw": "A new process has been created.\n\nCreator Subject:\n\tSecurity ID:\t\tS-1-5-21-1202660629-1563985344-839522115-1676\n\tAccount Name:\t\tASEWELL\n\tAccount Domain:\t\tHALFMOONCLUB\n\tLogon ID:\t\t0x419EF52\n\nTarget Subject:\n\tSecurity ID:\t\tS-1-0-0\n\tAccount Name:\t\t-\n\tAccount Domain:\t\t-\n\tLogon ID:\t\t0x0\n\nProcess Information:\n\tNew Process ID:\t\t0x29a0\n\tNew Process Name:\tC:\\Users\\CALLCE~1\\AppData\\Local\\Temp\\{59BC039B-3E41-482D-A43A-22D12B14507E}\\_is5B45.exe\n\tToken Elevation Type:\t%%1936\n\tMandatory Label:\t\tS-1-16-8192\n\tCreator Process ID:\t0x3a24\n\tCreator Process Name:\tC:\\Windows\\SysWOW64\\msiexec.exe\n\tProcess Command Line:\t\n\nToken Elevation Type indicates the type of token that was assigned to the new process in accordance with User Account Control policy.\n\nType 1 is a full token with no privileges removed or groups disabled.  A full token is only used if User Account Control is disabled or if the user is the built-in Administrator account or a service account.\n\nType 2 is an elevated token with no privileges removed or groups disabled.  An elevated token is used when User Account Control is enabled and the user chooses to start the program using Run as administrator.  An elevated token is also used when an application is configured to always require administrative privilege or to always require maximum privilege, and the user is a member of the Administrators group.\n\nType 3 is a limited token with administrative privileges removed and administrative groups disabled.  The limited token is used when User Account Control is enabled, the application does not require administrative privilege, and the user does not choose to start the program using Run as administrator."
    },
    {
      "EventCode": "1040",
      "EventKind": "event",
      "EventProvider": "MsiInstaller",
      "EventId": 1040,
      "EventSeverity": "Info",
      "Type": "application",
      "HostName": "dt-dz666s3",
      "Platform": "windows",
      "Raw": "Beginning a Windows Installer transaction: C:\\Users\\Callcenter1\\AppData\\Local\\Temp\\SupportAssistAgent\\d9943b03-8299-4554-873c-99e90150a87b\\SupportAssistx64-4.0.2.59780.msi. Client Process Id: 9548."
    },
    {
      "EventCode": "4688",
      "EventKind": "event",
      "EventProvider": "Microsoft-Windows-Security-Auditing",
      "EventId": 4688,
      "EventSeverity": "Info",
      "Type": "process",
      "HostName": "dt-dz666s3",
      "Platform": "windows",
      "Raw": "A new process has been created.\n\nCreator Subject:\n\tSecurity ID:\t\tS-1-5-21-1202660629-1563985344-839522115-1676\n\tAccount Name:\t\tASEWELL\n\tAccount Domain:\t\tHALFMOONCLUB\n\tLogon ID:\t\t0x419EF52\n\nTarget Subject:\n\tSecurity ID:\t\tS-1-0-0\n\tAccount Name:\t\t-\n\tAccount Domain:\t\t-\n\tLogon ID:\t\t0x0\n\nProcess Information:\n\tNew Process ID:\t\t0x254c\n\tNew Process Name:\tC:\\Windows\\System32\\msiexec.exe\n\tToken Elevation Type:\t%%1936\n\tMandatory Label:\t\tS-1-16-8192\n\tCreator Process ID:\t0x5694\n\tCreator Process Name:\tC:\\Program Files\\Dell\\SupportAssistAgent\\bin\\FrameworkAgents\\SupportAssistInstaller.exe\n\tProcess Command Line:\t\n\nToken Elevation Type indicates the type of token that was assigned to the new process in accordance with User Account Control policy.\n\nType 1 is a full token with no privileges removed or groups disabled.  A full token is only used if User Account Control is disabled or if the user is the built-in Administrator account or a service account.\n\nType 2 is an elevated token with no privileges removed or groups disabled.  An elevated token is used when User Account Control is enabled and the user chooses to start the program using Run as administrator.  An elevated token is also used when an application is configured to always require administrative privilege or to always require maximum privilege, and the user is a member of the Administrators group.\n\nType 3 is a limited token with administrative privileges removed and administrative groups disabled.  The limited token is used when User Account Control is enabled, the application does not require administrative privilege, and the user does not choose to start the program using Run as administrator."
    },
    {
      "EventCode": "4672",
      "EventKind": "event",
      "EventProvider": "Microsoft-Windows-Security-Auditing",
      "EventId": 4672,
      "EventSeverity": "Info",
      "Type": "iam",
      "HostName": "dt-dz666s3",
      "Platform": "windows",
      "Raw": "Special privileges assigned to new logon.\n\nSubject:\n\tSecurity ID:\t\tS-1-5-18\n\tAccount Name:\t\tSYSTEM\n\tAccount Domain:\t\tNT AUTHORITY\n\tLogon ID:\t\t0x3E7\n\nPrivileges:\t\tSeAssignPrimaryTokenPrivilege\n\t\t\tSeTcbPrivilege\n\t\t\tSeSecurityPrivilege\n\t\t\tSeTakeOwnershipPrivilege\n\t\t\tSeLoadDriverPrivilege\n\t\t\tSeBackupPrivilege\n\t\t\tSeRestorePrivilege\n\t\t\tSeDebugPrivilege\n\t\t\tSeAuditPrivilege\n\t\t\tSeSystemEnvironmentPrivilege\n\t\t\tSeImpersonatePrivilege\n\t\t\tSeDelegateSessionUserImpersonatePrivilege"
    },
    {
      "EventCode": "4624",
      "EventKind": "event",
      "EventProvider": "Microsoft-Windows-Security-Auditing",
      "EventId": 4624,
      "EventSeverity": "Info",
      "Type": "authentication",
      "HostName": "dt-dz666s3",
      "Platform": "windows",
      "Raw": "An account was successfully logged on.\n\nSubject:\n\tSecurity ID:\t\tS-1-5-18\n\tAccount Name:\t\tDT-DZ666S3$\n\tAccount Domain:\t\tHALFMOONCLUB\n\tLogon ID:\t\t0x3E7\n\nLogon Information:\n\tLogon Type:\t\t5\n\tRestricted Admin Mode:\t-\n\tVirtual Account:\t\tNo\n\tElevated Token:\t\tYes\n\nImpersonation Level:\t\tImpersonation\n\nNew Logon:\n\tSecurity ID:\t\tS-1-5-18\n\tAccount Name:\t\tSYSTEM\n\tAccount Domain:\t\tNT AUTHORITY\n\tLogon ID:\t\t0x3E7\n\tLinked Logon ID:\t\t0x0\n\tNetwork Account Name:\t-\n\tNetwork Account Domain:\t-\n\tLogon GUID:\t\t{00000000-0000-0000-0000-000000000000}\n\nProcess Information:\n\tProcess ID:\t\t0x450\n\tProcess Name:\t\tC:\\Windows\\System32\\services.exe\n\nNetwork Information:\n\tWorkstation Name:\t-\n\tSource Network Address:\t-\n\tSource Port:\t\t-\n\nDetailed Authentication Information:\n\tLogon Process:\t\tAdvapi  \n\tAuthentication Package:\tNegotiate\n\tTransited Services:\t-\n\tPackage Name (NTLM only):\t-\n\tKey Length:\t\t0\n\nThis event is generated when a logon session is created. It is generated on the computer that was accessed.\n\nThe subject fields indicate the account on the local system which requested the logon. This is most commonly a service such as the Server service, or a local process such as Winlogon.exe or Services.exe.\n\nThe logon type field indicates the kind of logon that occurred. The most common types are 2 (interactive) and 3 (network).\n\nThe New Logon fields indicate the account for whom the new logon was created, i.e. the account that was logged on.\n\nThe network fields indicate where a remote logon request originated. Workstation name is not always available and may be left blank in some cases.\n\nThe impersonation level field indicates the extent to which a process in the logon session can impersonate.\n\nThe authentication information fields provide detailed information about this specific logon request.\n\t- Logon GUID is a unique identifier that can be used to correlate this event with a KDC event.\n\t- Transited services indicate which intermediate services have participated in this logon request.\n\t- Package name indicates which sub-protocol was used among the NTLM protocols.\n\t- Key length indicates the length of the generated session key. This will be 0 if no session key was requested."
    },
    {
      "EventCode": "4627",
      "EventKind": "event",
      "EventProvider": "Microsoft-Windows-Security-Auditing",
      "EventId": 4627,
      "EventSeverity": "Info",
      "Type": "Group Membership",
      "HostName": "dt-dz666s3",
      "Platform": "windows",
      "Raw": "Group membership information.\n\nSubject:\n\tSecurity ID:\t\tS-1-5-18\n\tAccount Name:\t\tDT-DZ666S3$\n\tAccount Domain:\t\tHALFMOONCLUB\n\tLogon ID:\t\t0x3E7\n\nLogon Type:\t\t\t5\n\nNew Logon:\n\tSecurity ID:\t\tS-1-5-18\n\tAccount Name:\t\tSYSTEM\n\tAccount Domain:\t\tNT AUTHORITY\n\tLogon ID:\t\t0x3E7\n\nEvent in sequence:\t\t1 of 1\n\nGroup Membership:\t\t\t\n\t\t%{S-1-5-32-544}\n\t\t%{S-1-1-0}\n\t\t%{S-1-5-11}\n\t\t%{S-1-16-16384}\n\nThe subject fields indicate the account on the local system which requested the logon. This is most commonly a service such as the Server service, or a local process such as Winlogon.exe or Services.exe.\n\nThe logon type field indicates the kind of logon that occurred. The most common types are 2 (interactive) and 3 (network).\n\nThe New Logon fields indicate the account for whom the new logon was created, i.e. the account that was logged on.\n\nThis event is generated when the Audit Group Membership subcategory is configured.  The Logon ID field can be used to correlate this event with the corresponding user logon event as well as to any other security audit events generated during this logon session."
    },
    {
      "EventCode": "4688",
      "EventKind": "event",
      "EventProvider": "Microsoft-Windows-Security-Auditing",
      "EventId": 4688,
      "EventSeverity": "Info",
      "Type": "process",
      "HostName": "dt-dvjk8c2",
      "Platform": "windows",
      "Raw": "A new process has been created.\n\nCreator Subject:\n\tSecurity ID:\t\tS-1-5-18\n\tAccount Name:\t\tDT-DVJK8C2$\n\tAccount Domain:\t\tHALFMOONCLUB\n\tLogon ID:\t\t0x3E7\n\nTarget Subject:\n\tSecurity ID:\t\tS-1-5-19\n\tAccount Name:\t\tLOCAL SERVICE\n\tAccount Domain:\t\tNT AUTHORITY\n\tLogon ID:\t\t0x3E5\n\nProcess Information:\n\tNew Process ID:\t\t0x3194\n\tNew Process Name:\tC:\\Windows\\System32\\taskhostw.exe\n\tToken Elevation Type:\t%%1936\n\tMandatory Label:\t\tS-1-16-16384\n\tCreator Process ID:\t0x650\n\tCreator Process Name:\tC:\\Windows\\System32\\svchost.exe\n\tProcess Command Line:\t\n\nToken Elevation Type indicates the type of token that was assigned to the new process in accordance with User Account Control policy.\n\nType 1 is a full token with no privileges removed or groups disabled.  A full token is only used if User Account Control is disabled or if the user is the built-in Administrator account or a service account.\n\nType 2 is an elevated token with no privileges removed or groups disabled.  An elevated token is used when User Account Control is enabled and the user chooses to start the program using Run as administrator.  An elevated token is also used when an application is configured to always require administrative privilege or to always require maximum privilege, and the user is a member of the Administrators group.\n\nType 3 is a limited token with administrative privileges removed and administrative groups disabled.  The limited token is used when User Account Control is enabled, the application does not require administrative privilege, and the user does not choose to start the program using Run as administrator."
    },
    {
      "EventCode": "3",
      "EventKind": "event",
      "EventProvider": "Microsoft-Windows-Sysmon",
      "EventId": 3,
      "EventSeverity": "Info",
      "Type": "network",
      "HostName": "dt-30kln02",
      "Platform": "windows",
      "Raw": "Network connection detected:\nRuleName: -\nUtcTime: 2024-04-16 15:04:41.271\nProcessGuid: {ac723764-9385-661e-0a09-000000006100}\nProcessId: 11600\nImage: C:\\Program Files (x86)\\Java\\jre-1.8\\bin\\jp2launcher.exe\nUser: HALFMOONCLUB\\Spa12\nProtocol: tcp\nInitiated: true\nSourceIsIpv6: false\nSourceIp: 172.16.44.56\nSourceHostname: DT-30KLN02.halfmoonclub.com\nSourcePort: 53311\nSourcePortName: -\nDestinationIsIpv6: false\nDestinationIp: 192.229.211.108\nDestinationHostname: -\nDestinationPort: 80\nDestinationPortName: http"
    },
    {
      "EventCode": "3",
      "EventKind": "event",
      "EventProvider": "Microsoft-Windows-Sysmon",
      "EventId": 3,
      "EventSeverity": "Info",
      "Type": "network",
      "HostName": "dt-30kln02",
      "Platform": "windows",
      "Raw": "Network connection detected:\nRuleName: -\nUtcTime: 2024-04-16 15:04:40.555\nProcessGuid: {ac723764-9385-661e-0a09-000000006100}\nProcessId: 11600\nImage: C:\\Program Files (x86)\\Java\\jre-1.8\\bin\\jp2launcher.exe\nUser: HALFMOONCLUB\\Spa12\nProtocol: tcp\nInitiated: true\nSourceIsIpv6: false\nSourceIp: 172.16.44.56\nSourceHostname: DT-30KLN02.halfmoonclub.com\nSourcePort: 53310\nSourcePortName: -\nDestinationIsIpv6: false\nDestinationIp: 147.154.39.77\nDestinationHostname: -\nDestinationPort: 443\nDestinationPortName: https"
    },
    {
      "EventCode": "22",
      "EventKind": "event",
      "EventProvider": "Microsoft-Windows-Sysmon",
      "EventId": 22,
      "EventSeverity": "Info",
      "Type": "dns",
      "HostName": "dt-30kln02",
      "Platform": "windows",
      "Raw": "Dns query:\nRuleName: -\nUtcTime: 2024-04-16 15:04:40.446\nProcessGuid: {ac723764-9385-661e-0a09-000000006100}\nProcessId: 11600\nQueryName: hu09-oc-sc.oracleindustry.com\nQueryStatus: 0\nQueryResults: type:  5 hgbu01-prod-iad.oracleindustry.com;type:  5 hgbu01-prod-iad-cl01.oracleindustry.com;::ffff:147.154.39.77;\nImage: C:\\Program Files (x86)\\Java\\jre-1.8\\bin\\jp2launcher.exe\nUser: HALFMOONCLUB\\Spa12"
    },
    {
      "EventCode": "22",
      "EventKind": "event",
      "EventProvider": "Microsoft-Windows-Sysmon",
      "EventId": 22,
      "EventSeverity": "Info",
      "Type": "dns",
      "HostName": "dt-30kln02",
      "Platform": "windows",
      "Raw": "Dns query:\nRuleName: -\nUtcTime: 2024-04-16 15:04:41.270\nProcessGuid: {ac723764-9385-661e-0a09-000000006100}\nProcessId: 11600\nQueryName: ocsp.digicert.com\nQueryStatus: 0\nQueryResults: type:  5 ocsp.edge.digicert.com;type:  5 fp2e7a.wpc.2be4.phicdn.net;type:  5 fp2e7a.wpc.phicdn.net;::ffff:192.229.211.108;\nImage: C:\\Program Files (x86)\\Java\\jre-1.8\\bin\\jp2launcher.exe\nUser: HALFMOONCLUB\\Spa12"
    },
    {
      "EventCode": "1",
      "EventKind": "event",
      "EventProvider": "Microsoft-Windows-Sysmon",
      "EventId": 1,
      "EventSeverity": "Info",
      "Type": "process",
      "HostName": "dt-mxl41708hd",
      "Platform": "windows",
      "Raw": "Process Create:\nRuleName: -\nUtcTime: 2024-04-16 15:04:41.453\nProcessGuid: {b12883fc-9389-661e-ffbb-00000000a800}\nProcessId: 5328\nImage: C:\\Program Files (x86)\\Internet Explorer\\iexplore.exe\nFileVersion: 11.00.19041.3636 (WinBuild.160101.0800)\nDescription: Internet Explorer\nProduct: Internet Explorer\nCompany: Microsoft Corporation\nOriginalFileName: IEXPLORE.EXE\nCommandLine: \"C:\\Program Files (x86)\\Internet Explorer\\IEXPLORE.EXE\" SCODEF:12984 CREDAT:83010 APPID:MSEdge.UserData.Profile1 /prefetch:2\nCurrentDirectory: C:\\Users\\maintenance\\Desktop\\\nUser: HALFMOONCLUB\\maintenance\nLogonGuid: {b12883fc-8c3d-6619-cb4e-1b0000000000}\nLogonId: 0x1B4ECB\nTerminalSessionId: 1\nIntegrityLevel: Medium\nHashes: MD5=4D52DFE6452FF34F3577D3E622FCBECD,SHA256=8BE630D01EF5A7ADDFBA5D3B375708C911924687092451E7E32A73AAB3902D08,IMPHASH=42648D091AF4DC000981DB1828BE9EA8\nParentProcessGuid: {b12883fc-fd1f-661b-ed58-00000000a800}\nParentProcessId: 12984\nParentImage: C:\\Program Files\\Internet Explorer\\iexplore.exe\nParentCommandLine: \"C:\\Program Files\\Internet Explorer\\iexplore.exe\" -dualengineadapter=\"C:\\Program Files (x86)\\Microsoft\\Edge\\Application\\123.0.2420.81\\dual_engine_adapter_x64.dll\" -dualenginepipe=5036 APPID:MSEdge.UserData.Profile1\nParentUser: HALFMOONCLUB\\maintenance"
    },
    {
      "EventCode": "3",
      "EventKind": "event",
      "EventProvider": "Microsoft-Windows-Sysmon",
      "EventId": 3,
      "EventSeverity": "Info",
      "Type": "network",
      "HostName": "dt-mxl41708hd",
      "Platform": "windows",
      "Raw": "Network connection detected:\nRuleName: -\nUtcTime: 2024-04-16 15:04:46.937\nProcessGuid: {00000000-0000-0000-0000-000000000000}\nProcessId: 12420\nImage: <unknown process>\nUser: -\nProtocol: tcp\nInitiated: true\nSourceIsIpv6: false\nSourceIp: 172.16.9.70\nSourceHostname: DT-MXL41708HD.halfmoonclub.com\nSourcePort: 53394\nSourcePortName: -\nDestinationIsIpv6: false\nDestinationIp: 147.154.39.77\nDestinationHostname: -\nDestinationPort: 443\nDestinationPortName: https"
    },
    {
      "EventCode": "3",
      "EventKind": "event",
      "EventProvider": "Microsoft-Windows-Sysmon",
      "EventId": 3,
      "EventSeverity": "Info",
      "Type": "network",
      "HostName": "dt-mxl41708hd",
      "Platform": "windows",
      "Raw": "Network connection detected:\nRuleName: -\nUtcTime: 2024-04-16 15:04:46.936\nProcessGuid: {00000000-0000-0000-0000-000000000000}\nProcessId: 12420\nImage: <unknown process>\nUser: -\nProtocol: tcp\nInitiated: true\nSourceIsIpv6: false\nSourceIp: 172.16.9.70\nSourceHostname: DT-MXL41708HD.halfmoonclub.com\nSourcePort: 53395\nSourcePortName: -\nDestinationIsIpv6: false\nDestinationIp: 147.154.39.77\nDestinationHostname: -\nDestinationPort: 443\nDestinationPortName: https"
    },
    {
      "EventCode": "1",
      "EventKind": "event",
      "EventProvider": "Microsoft-Windows-Sysmon",
      "EventId": 1,
      "EventSeverity": "Info",
      "Type": "process",
      "HostName": "dt-mxl41708hd",
      "Platform": "windows",
      "Raw": "Process Create:\nRuleName: -\nUtcTime: 2024-04-16 15:04:40.720\nProcessGuid: {b12883fc-9388-661e-febb-00000000a800}\nProcessId: 5004\nImage: C:\\Program Files (x86)\\Internet Explorer\\iexplore.exe\nFileVersion: 11.00.19041.3636 (WinBuild.160101.0800)\nDescription: Internet Explorer\nProduct: Internet Explorer\nCompany: Microsoft Corporation\nOriginalFileName: IEXPLORE.EXE\nCommandLine: \"C:\\Program Files (x86)\\Internet Explorer\\IEXPLORE.EXE\" SCODEF:12984 CREDAT:83008 APPID:MSEdge.UserData.Profile1 /prefetch:2\nCurrentDirectory: C:\\Users\\maintenance\\Desktop\\\nUser: HALFMOONCLUB\\maintenance\nLogonGuid: {b12883fc-8c3d-6619-cb4e-1b0000000000}\nLogonId: 0x1B4ECB\nTerminalSessionId: 1\nIntegrityLevel: Medium\nHashes: MD5=4D52DFE6452FF34F3577D3E622FCBECD,SHA256=8BE630D01EF5A7ADDFBA5D3B375708C911924687092451E7E32A73AAB3902D08,IMPHASH=42648D091AF4DC000981DB1828BE9EA8\nParentProcessGuid: {b12883fc-fd1f-661b-ed58-00000000a800}\nParentProcessId: 12984\nParentImage: C:\\Program Files\\Internet Explorer\\iexplore.exe\nParentCommandLine: \"C:\\Program Files\\Internet Explorer\\iexplore.exe\" -dualengineadapter=\"C:\\Program Files (x86)\\Microsoft\\Edge\\Application\\123.0.2420.81\\dual_engine_adapter_x64.dll\" -dualenginepipe=5036 APPID:MSEdge.UserData.Profile1\nParentUser: HALFMOONCLUB\\maintenance"
    },
    {
      "EventCode": "4688",
      "EventKind": "event",
      "EventProvider": "Microsoft-Windows-Security-Auditing",
      "EventId": 4688,
      "EventSeverity": "Info",
      "Type": "process",
      "HostName": "dt-mxl41708hd",
      "Platform": "windows",
      "Raw": "A new process has been created.\n\nCreator Subject:\n\tSecurity ID:\t\tS-1-5-21-1202660629-1563985344-839522115-2185\n\tAccount Name:\t\tmaintenance\n\tAccount Domain:\t\tHALFMOONCLUB\n\tLogon ID:\t\t0x1B4ECB\n\nTarget Subject:\n\tSecurity ID:\t\tS-1-0-0\n\tAccount Name:\t\t-\n\tAccount Domain:\t\t-\n\tLogon ID:\t\t0x0\n\nProcess Information:\n\tNew Process ID:\t\t0x14d0\n\tNew Process Name:\tC:\\Program Files (x86)\\Internet Explorer\\iexplore.exe\n\tToken Elevation Type:\t%%1936\n\tMandatory Label:\t\tS-1-16-8192\n\tCreator Process ID:\t0x32b8\n\tCreator Process Name:\tC:\\Program Files\\Internet Explorer\\iexplore.exe\n\tProcess Command Line:\t\n\nToken Elevation Type indicates the type of token that was assigned to the new process in accordance with User Account Control policy.\n\nType 1 is a full token with no privileges removed or groups disabled.  A full token is only used if User Account Control is disabled or if the user is the built-in Administrator account or a service account.\n\nType 2 is an elevated token with no privileges removed or groups disabled.  An elevated token is used when User Account Control is enabled and the user chooses to start the program using Run as administrator.  An elevated token is also used when an application is configured to always require administrative privilege or to always require maximum privilege, and the user is a member of the Administrators group.\n\nType 3 is a limited token with administrative privileges removed and administrative groups disabled.  The limited token is used when User Account Control is enabled, the application does not require administrative privilege, and the user does not choose to start the program using Run as administrator."
    },
    {
      "EventCode": "4688",
      "EventKind": "event",
      "EventProvider": "Microsoft-Windows-Security-Auditing",
      "EventId": 4688,
      "EventSeverity": "Info",
      "Type": "process",
      "HostName": "dt-mxl41708hd",
      "Platform": "windows",
      "Raw": "A new process has been created.\n\nCreator Subject:\n\tSecurity ID:\t\tS-1-5-21-1202660629-1563985344-839522115-2185\n\tAccount Name:\t\tmaintenance\n\tAccount Domain:\t\tHALFMOONCLUB\n\tLogon ID:\t\t0x1B4ECB\n\nTarget Subject:\n\tSecurity ID:\t\tS-1-0-0\n\tAccount Name:\t\t-\n\tAccount Domain:\t\t-\n\tLogon ID:\t\t0x0\n\nProcess Information:\n\tNew Process ID:\t\t0x138c\n\tNew Process Name:\tC:\\Program Files (x86)\\Internet Explorer\\iexplore.exe\n\tToken Elevation Type:\t%%1936\n\tMandatory Label:\t\tS-1-16-8192\n\tCreator Process ID:\t0x32b8\n\tCreator Process Name:\tC:\\Program Files\\Internet Explorer\\iexplore.exe\n\tProcess Command Line:\t\n\nToken Elevation Type indicates the type of token that was assigned to the new process in accordance with User Account Control policy.\n\nType 1 is a full token with no privileges removed or groups disabled.  A full token is only used if User Account Control is disabled or if the user is the built-in Administrator account or a service account.\n\nType 2 is an elevated token with no privileges removed or groups disabled.  An elevated token is used when User Account Control is enabled and the user chooses to start the program using Run as administrator.  An elevated token is also used when an application is configured to always require administrative privilege or to always require maximum privilege, and the user is a member of the Administrators group.\n\nType 3 is a limited token with administrative privileges removed and administrative groups disabled.  The limited token is used when User Account Control is enabled, the application does not require administrative privilege, and the user does not choose to start the program using Run as administrator."
    },
    {
      "EventCode": "1",
      "EventKind": "event",
      "EventProvider": "Microsoft-Windows-Sysmon",
      "EventId": 1,
      "EventSeverity": "Info",
      "Type": "process",
      "HostName": "dt-8xzbd82",
      "Platform": "windows",
      "Raw": "Process Create:\nRuleName: -\nUtcTime: 2024-04-16 15:04:41.582\nProcessGuid: {f2b5c9ef-9389-661e-2581-000000009100}\nProcessId: 9032\nImage: C:\\Windows\\System32\\dllhost.exe\nFileVersion: 10.0.19041.3636 (WinBuild.160101.0800)\nDescription: COM Surrogate\nProduct: Microsoft速 Windows速 Operating System\nCompany: Microsoft Corporation\nOriginalFileName: dllhost.exe\nCommandLine: C:\\Windows\\system32\\DllHost.exe /Processid:{338B40F9-9D68-4B53-A793-6B9AA0C5F63B}\nCurrentDirectory: C:\\Windows\\system32\\\nUser: HALFMOONCLUB\\fstore\nLogonGuid: {f2b5c9ef-cee8-661b-ba13-f50300000000}\nLogonId: 0x3F513BA\nTerminalSessionId: 1\nIntegrityLevel: Medium\nHashes: MD5=DFE1E4B1B8714CBE1005EE9413C2BAE9,SHA256=0309834D40475CCD5A88C48F7FF5EC62E5C6798900357DD83665C3D0345124E0,IMPHASH=CF79FCE90FCED31836373F3E48251A5D\nParentProcessGuid: {f2b5c9ef-fc78-661a-0d00-000000009100}\nParentProcessId: 580\nParentImage: C:\\Windows\\System32\\svchost.exe\nParentCommandLine: C:\\Windows\\system32\\svchost.exe -k DcomLaunch -p\nParentUser: NT AUTHORITY\\SYSTEM"
    },
    {
      "EventCode": "1",
      "EventKind": "event",
      "EventProvider": "Microsoft-Windows-Sysmon",
      "EventId": 1,
      "EventSeverity": "Info",
      "Type": "process",
      "HostName": "dt-8xzbd82",
      "Platform": "windows",
      "Raw": "Process Create:\nRuleName: -\nUtcTime: 2024-04-16 15:04:41.002\nProcessGuid: {f2b5c9ef-9389-661e-2381-000000009100}\nProcessId: 12340\nImage: C:\\Windows\\System32\\LogonUI.exe\nFileVersion: 10.0.19041.1 (WinBuild.160101.0800)\nDescription: Windows Logon User Interface Host\nProduct: Microsoft速 Windows速 Operating System\nCompany: Microsoft Corporation\nOriginalFileName: logonui.exe\nCommandLine: \"LogonUI.exe\" /flags:0x0 /state0:0xa5de7055 /state1:0x41c64e6d\nCurrentDirectory: C:\\Windows\\system32\\\nUser: NT AUTHORITY\\SYSTEM\nLogonGuid: {f2b5c9ef-fc77-661a-e703-000000000000}\nLogonId: 0x3E7\nTerminalSessionId: 1\nIntegrityLevel: System\nHashes: MD5=893144FE49AA16124B5BD3034E79BBC6,SHA256=CF01E46C146699F6C0E3DD447043F59BC9438DBBCB9563AF6C60EBC6D82727F2,IMPHASH=B9B0B64B08B38276711093CA94348D39\nParentProcessGuid: {f2b5c9ef-fc77-661a-0b00-000000009100}\nParentProcessId: 968\nParentImage: C:\\Windows\\System32\\winlogon.exe\nParentCommandLine: winlogon.exe\nParentUser: NT AUTHORITY\\SYSTEM"
    },
    {
      "EventCode": "4688",
      "EventKind": "event",
      "EventProvider": "Microsoft-Windows-Security-Auditing",
      "EventId": 4688,
      "EventSeverity": "Info",
      "Type": "process",
      "HostName": "dt-8xzbd82",
      "Platform": "windows",
      "Raw": "A new process has been created.\n\nCreator Subject:\n\tSecurity ID:\t\tS-1-5-18\n\tAccount Name:\t\tDT-8XZBD82$\n\tAccount Domain:\t\tHALFMOONCLUB\n\tLogon ID:\t\t0x3E7\n\nTarget Subject:\n\tSecurity ID:\t\tS-1-0-0\n\tAccount Name:\t\t-\n\tAccount Domain:\t\t-\n\tLogon ID:\t\t0x0\n\nProcess Information:\n\tNew Process ID:\t\t0x3034\n\tNew Process Name:\tC:\\Windows\\System32\\LogonUI.exe\n\tToken Elevation Type:\t%%1936\n\tMandatory Label:\t\tS-1-16-16384\n\tCreator Process ID:\t0x3c8\n\tCreator Process Name:\tC:\\Windows\\System32\\winlogon.exe\n\tProcess Command Line:\t\n\nToken Elevation Type indicates the type of token that was assigned to the new process in accordance with User Account Control policy.\n\nType 1 is a full token with no privileges removed or groups disabled.  A full token is only used if User Account Control is disabled or if the user is the built-in Administrator account or a service account.\n\nType 2 is an elevated token with no privileges removed or groups disabled.  An elevated token is used when User Account Control is enabled and the user chooses to start the program using Run as administrator.  An elevated token is also used when an application is configured to always require administrative privilege or to always require maximum privilege, and the user is a member of the Administrators group.\n\nType 3 is a limited token with administrative privileges removed and administrative groups disabled.  The limited token is used when User Account Control is enabled, the application does not require administrative privilege, and the user does not choose to start the program using Run as administrator."
    },
    {
      "EventCode": "5140",
      "EventKind": "event",
      "EventProvider": "Microsoft-Windows-Security-Auditing",
      "EventId": 5140,
      "EventSeverity": "Info",
      "Type": "File Share",
      "HostName": "hm-ad-02",
      "Platform": "windows",
      "Raw": "A network share object was accessed.\n\t\nSubject:\n\tSecurity ID:\t\tS-1-5-21-1202660629-1563985344-839522115-6006\n\tAccount Name:\t\tDT-2UA4032HCM$\n\tAccount Domain:\t\tHALFMOONCLUB\n\tLogon ID:\t\t0x335ABCE9\n\nNetwork Information:\t\n\tObject Type:\t\tFile\n\tSource Address:\t\t10.10.20.1\n\tSource Port:\t\t54972\n\t\nShare Information:\n\tShare Name:\t\t\\\\*\\IPC$\n\tShare Path:\t\t\n\nAccess Request Information:\n\tAccess Mask:\t\t0x1\n\tAccesses:\t\tReadData (or ListDirectory)\n\t\t\t\t"
    },
    {
      "EventCode": "4627",
      "EventKind": "event",
      "EventProvider": "Microsoft-Windows-Security-Auditing",
      "EventId": 4627,
      "EventSeverity": "Info",
      "Type": "Group Membership",
      "HostName": "hm-ad-02",
      "Platform": "windows",
      "Raw": "Group membership information.\n\nSubject:\n\tSecurity ID:\t\tS-1-0-0\n\tAccount Name:\t\t-\n\tAccount Domain:\t\t-\n\tLogon ID:\t\t0x0\n\nLogon Type:\t\t\t3\n\nNew Logon:\n\tSecurity ID:\t\tS-1-5-21-1202660629-1563985344-839522115-7673\n\tAccount Name:\t\tDT-23C4GT3$\n\tAccount Domain:\t\tHALFMOONCLUB.COM\n\tLogon ID:\t\t0x335ABC78\n\nEvent in sequence:\t\t1 of 1\n\nGroup Membership:\t\t\t\n\t\t%{S-1-5-21-1202660629-1563985344-839522115-515}\n\t\t%{S-1-1-0}\n\t\t%{S-1-5-32-545}\n\t\t%{S-1-5-32-554}\n\t\t%{S-1-5-2}\n\t\t%{S-1-5-11}\n\t\t%{S-1-5-15}\n\t\t%{S-1-18-1}\n\t\t%{S-1-16-8448}\n\nThe subject fields indicate the account on the local system which requested the logon. This is most commonly a service such as the Server service, or a local process such as Winlogon.exe or Services.exe.\n\nThe logon type field indicates the kind of logon that occurred. The most common types are 2 (interactive) and 3 (network).\n\nThe New Logon fields indicate the account for whom the new logon was created, i.e. the account that was logged on.\n\nThis event is generated when the Audit Group Membership subcategory is configured.  The Logon ID field can be used to correlate this event with the corresponding user logon event as well as to any other security audit events generated during this logon session."
    },
    {
      "EventCode": "4624",
      "EventKind": "event",
      "EventProvider": "Microsoft-Windows-Security-Auditing",
      "EventId": 4624,
      "EventSeverity": "Info",
      "Type": "authentication",
      "HostName": "hm-ad-02",
      "Platform": "windows",
      "Raw": "An account was successfully logged on.\n\nSubject:\n\tSecurity ID:\t\tS-1-0-0\n\tAccount Name:\t\t-\n\tAccount Domain:\t\t-\n\tLogon ID:\t\t0x0\n\nLogon Information:\n\tLogon Type:\t\t3\n\tRestricted Admin Mode:\t-\n\tVirtual Account:\t\tNo\n\tElevated Token:\t\tYes\n\nImpersonation Level:\t\tDelegation\n\nNew Logon:\n\tSecurity ID:\t\tS-1-5-21-1202660629-1563985344-839522115-6006\n\tAccount Name:\t\tDT-2UA4032HCM$\n\tAccount Domain:\t\tHALFMOONCLUB.COM\n\tLogon ID:\t\t0x335ABCE9\n\tLinked Logon ID:\t\t0x0\n\tNetwork Account Name:\t-\n\tNetwork Account Domain:\t-\n\tLogon GUID:\t\t{900768ff-159a-b9b1-e3a0-48e9fb71c61d}\n\nProcess Information:\n\tProcess ID:\t\t0x0\n\tProcess Name:\t\t-\n\nNetwork Information:\n\tWorkstation Name:\t-\n\tSource Network Address:\t10.10.20.1\n\tSource Port:\t\t54972\n\nDetailed Authentication Information:\n\tLogon Process:\t\tKerberos\n\tAuthentication Package:\tKerberos\n\tTransited Services:\t-\n\tPackage Name (NTLM only):\t-\n\tKey Length:\t\t0\n\nThis event is generated when a logon session is created. It is generated on the computer that was accessed.\n\nThe subject fields indicate the account on the local system which requested the logon. This is most commonly a service such as the Server service, or a local process such as Winlogon.exe or Services.exe.\n\nThe logon type field indicates the kind of logon that occurred. The most common types are 2 (interactive) and 3 (network).\n\nThe New Logon fields indicate the account for whom the new logon was created, i.e. the account that was logged on.\n\nThe network fields indicate where a remote logon request originated. Workstation name is not always available and may be left blank in some cases.\n\nThe impersonation level field indicates the extent to which a process in the logon session can impersonate.\n\nThe authentication information fields provide detailed information about this specific logon request.\n\t- Logon GUID is a unique identifier that can be used to correlate this event with a KDC event.\n\t- Transited services indicate which intermediate services have participated in this logon request.\n\t- Package name indicates which sub-protocol was used among the NTLM protocols.\n\t- Key length indicates the length of the generated session key. This will be 0 if no session key was requested."
    },
    {
      "EventCode": "4627",
      "EventKind": "event",
      "EventProvider": "Microsoft-Windows-Security-Auditing",
      "EventId": 4627,
      "EventSeverity": "Info",
      "Type": "Group Membership",
      "HostName": "hm-ad-02",
      "Platform": "windows",
      "Raw": "Group membership information.\n\nSubject:\n\tSecurity ID:\t\tS-1-0-0\n\tAccount Name:\t\t-\n\tAccount Domain:\t\t-\n\tLogon ID:\t\t0x0\n\nLogon Type:\t\t\t3\n\nNew Logon:\n\tSecurity ID:\t\tS-1-5-21-1202660629-1563985344-839522115-6006\n\tAccount Name:\t\tDT-2UA4032HCM$\n\tAccount Domain:\t\tHALFMOONCLUB.COM\n\tLogon ID:\t\t0x335ABCE9\n\nEvent in sequence:\t\t1 of 1\n\nGroup Membership:\t\t\t\n\t\t%{S-1-5-21-1202660629-1563985344-839522115-515}\n\t\t%{S-1-1-0}\n\t\t%{S-1-5-32-545}\n\t\t%{S-1-5-32-554}\n\t\t%{S-1-5-2}\n\t\t%{S-1-5-11}\n\t\t%{S-1-5-15}\n\t\t%{S-1-5-21-1202660629-1563985344-839522115-8625}\n\t\t%{S-1-18-1}\n\t\t%{S-1-16-8448}\n\nThe subject fields indicate the account on the local system which requested the logon. This is most commonly a service such as the Server service, or a local process such as Winlogon.exe or Services.exe.\n\nThe logon type field indicates the kind of logon that occurred. The most common types are 2 (interactive) and 3 (network).\n\nThe New Logon fields indicate the account for whom the new logon was created, i.e. the account that was logged on.\n\nThis event is generated when the Audit Group Membership subcategory is configured.  The Logon ID field can be used to correlate this event with the corresponding user logon event as well as to any other security audit events generated during this logon session."
    },
    {
      "EventCode": "4624",
      "EventKind": "event",
      "EventProvider": "Microsoft-Windows-Security-Auditing",
      "EventId": 4624,
      "EventSeverity": "Info",
      "Type": "authentication",
      "HostName": "hm-ad-02",
      "Platform": "windows",
      "Raw": "An account was successfully logged on.\n\nSubject:\n\tSecurity ID:\t\tS-1-0-0\n\tAccount Name:\t\t-\n\tAccount Domain:\t\t-\n\tLogon ID:\t\t0x0\n\nLogon Information:\n\tLogon Type:\t\t3\n\tRestricted Admin Mode:\t-\n\tVirtual Account:\t\tNo\n\tElevated Token:\t\tYes\n\nImpersonation Level:\t\tImpersonation\n\nNew Logon:\n\tSecurity ID:\t\tS-1-5-21-1202660629-1563985344-839522115-7673\n\tAccount Name:\t\tDT-23C4GT3$\n\tAccount Domain:\t\tHALFMOONCLUB.COM\n\tLogon ID:\t\t0x335ABC78\n\tLinked Logon ID:\t\t0x0\n\tNetwork Account Name:\t-\n\tNetwork Account Domain:\t-\n\tLogon GUID:\t\t{dfc299e4-ec07-cdf4-ff19-fbf1f9ae7e49}\n\nProcess Information:\n\tProcess ID:\t\t0x0\n\tProcess Name:\t\t-\n\nNetwork Information:\n\tWorkstation Name:\t-\n\tSource Network Address:\t10.10.20.1\n\tSource Port:\t\t58859\n\nDetailed Authentication Information:\n\tLogon Process:\t\tKerberos\n\tAuthentication Package:\tKerberos\n\tTransited Services:\t-\n\tPackage Name (NTLM only):\t-\n\tKey Length:\t\t0\n\nThis event is generated when a logon session is created. It is generated on the computer that was accessed.\n\nThe subject fields indicate the account on the local system which requested the logon. This is most commonly a service such as the Server service, or a local process such as Winlogon.exe or Services.exe.\n\nThe logon type field indicates the kind of logon that occurred. The most common types are 2 (interactive) and 3 (network).\n\nThe New Logon fields indicate the account for whom the new logon was created, i.e. the account that was logged on.\n\nThe network fields indicate where a remote logon request originated. Workstation name is not always available and may be left blank in some cases.\n\nThe impersonation level field indicates the extent to which a process in the logon session can impersonate.\n\nThe authentication information fields provide detailed information about this specific logon request.\n\t- Logon GUID is a unique identifier that can be used to correlate this event with a KDC event.\n\t- Transited services indicate which intermediate services have participated in this logon request.\n\t- Package name indicates which sub-protocol was used among the NTLM protocols.\n\t- Key length indicates the length of the generated session key. This will be 0 if no session key was requested."
    },
    {
      "EventCode": "5857",
      "EventKind": "event",
      "EventProvider": "Microsoft-Windows-WMI-Activity",
      "EventId": 5857,
      "EventSeverity": "Info",
      "Type": "wmi-activity",
      "HostName": "hm-ad-02",
      "Platform": "windows",
      "Raw": "ProtectionManagement provider started with result code 0x0. HostProcess = wmiprvse.exe; ProcessID = 10412; ProviderPath = \"%ProgramData%\\Microsoft\\Windows Defender\\Platform\\4.18.24030.9-0\\ProtectionManagement.dll\""
    },
    {
      "EventCode": "3",
      "EventKind": "event",
      "EventProvider": "Microsoft-Windows-Sysmon",
      "EventId": 3,
      "EventSeverity": "Info",
      "Type": "network",
      "HostName": "hm-ifc-01",
      "Platform": "windows",
      "Raw": "Network connection detected:\nRuleName: -\nUtcTime: 2024-04-16 15:04:37.874\nProcessGuid: {64013f08-2a9e-6616-4b00-000000007000}\nProcessId: 3664\nImage: C:\\PROGRA~2\\MICROS~2\\OPERAI~1\\OperaIFCController.exe\nUser: NT AUTHORITY\\SYSTEM\nProtocol: tcp\nInitiated: true\nSourceIsIpv6: false\nSourceIp: 192.168.100.239\nSourceHostname: HM-IFC-01.halfmoonclub.com\nSourcePort: 55418\nSourcePortName: -\nDestinationIsIpv6: false\nDestinationIp: 147.154.39.77\nDestinationHostname: -\nDestinationPort: 443\nDestinationPortName: https"
    },
    {
      "EventCode": "7",
      "EventKind": "event",
      "EventProvider": "Microsoft-Windows-Sysmon",
      "EventId": 7,
      "EventSeverity": "Info",
      "Type": "process",
      "HostName": "hm-rsdb-01",
      "Platform": "windows",
      "Raw": "Image loaded:\nRuleName: -\nUtcTime: 2024-04-16 15:04:39.757\nProcessGuid: {F4D01C0E-91B3-65D5-2300-00000000F200}\nProcessId: 2364\nImage: D:\\Oracle\\product\\12.1.0\\dbhome_1\\BIN\\TNSLSNR.EXE\nImageLoaded: D:\\Oracle\\product\\12.1.0\\dbhome_1\\BIN\\oraspawn.dll\nFileVersion: 10.2.0.1.0\nDescription: Oracle Spawn\nProduct: -\nCompany: Oracle Corporation\nOriginalFileName: OraSpawn.dll\nHashes: MD5=5EAE9CE48EEE70FBBDFABC70C0C57B1C,SHA256=853A3479E1198D634FF863DC8816BC940AB7B46FE91A4B959A38B5CE0530AE56,IMPHASH=F806DBD4CDA3C6791496E454352EB185\nSigned: false\nSignature: -\nSignatureStatus: Unavailable\nUser: NT AUTHORITY\\SYSTEM"
    },
    {
      "EventCode": "7",
      "EventKind": "event",
      "EventProvider": "Microsoft-Windows-Sysmon",
      "EventId": 7,
      "EventSeverity": "Info",
      "Type": "process",
      "HostName": "hm-rsdb-01",
      "Platform": "windows",
      "Raw": "Image loaded:\nRuleName: -\nUtcTime: 2024-04-16 15:04:39.702\nProcessGuid: {F4D01C0E-91B3-65D5-2300-00000000F200}\nProcessId: 2364\nImage: D:\\Oracle\\product\\12.1.0\\dbhome_1\\BIN\\TNSLSNR.EXE\nImageLoaded: D:\\Oracle\\product\\12.1.0\\dbhome_1\\BIN\\oraspawn.dll\nFileVersion: 10.2.0.1.0\nDescription: Oracle Spawn\nProduct: -\nCompany: Oracle Corporation\nOriginalFileName: OraSpawn.dll\nHashes: MD5=5EAE9CE48EEE70FBBDFABC70C0C57B1C,SHA256=853A3479E1198D634FF863DC8816BC940AB7B46FE91A4B959A38B5CE0530AE56,IMPHASH=F806DBD4CDA3C6791496E454352EB185\nSigned: false\nSignature: -\nSignatureStatus: Unavailable\nUser: NT AUTHORITY\\SYSTEM"
    },
    {
      "EventCode": "4688",
      "EventKind": "event",
      "EventProvider": "Microsoft-Windows-Security-Auditing",
      "EventId": 4688,
      "EventSeverity": "Info",
      "Type": "process",
      "HostName": "dt-mxl4170p25",
      "Platform": "windows",
